..\\Parameters\\common_lib.h(65):       <hr/>\n
..\\Parameters\\common_lib.h(65):       </TD>\n
..\\Parameters\\common_lib.h(65):     </TR>\n
..\\Parameters\\common_lib.h(65):     \n
..\\Parameters\\common_lib.h(65):     <!-- Flight #1 -->\n
..\\Parameters\\common_lib.h(65):     <TR bgcolor="#EFF2F7">\n
..\\Parameters\\common_lib.h(65):       <TD width="5%" rowspan="2" align="left" valign="top">\n
..\\Parameters\\common_lib.h(65):     <b>\n
..\\Parameters\\common_lib.h(65):     <label><input type="checkbox" name="479" value="on" /></label></font></b>\n
..\\Parameters\\common_lib.h(65):     <input type="hidden" name="flightID" val
..\\Parameters\\common_lib.h(65): t=1291202ms: 8-byte chunked response overhead for "http://localhost:1080/cgi-bin/itinerary.pl" (RelFrameId=1.2, Internal ID=302)
..\\Parameters\\common_lib.h(65):     \r\n
..\\Parameters\\common_lib.h(65):     6000\r\n
..\\Parameters\\common_lib.h(65): t=1291202ms: 12279-byte chunked response body for "http://localhost:1080/cgi-bin/itinerary.pl" (RelFrameId=1.2, Internal ID=302)
..\\Parameters\\common_lib.h(65):     ue="2880537818-368878800-PK"  />\n
..\\Parameters\\common_lib.h(65):       </TD>\n
..\\Parameters\\common_lib.h(65):       <TD width="45%" valign="top">\n
..\\Parameters\\common_lib.h(65):           <b>&nbsp;&nbsp;2 First class tickets for :</b><br/>\n
..\\Parameters\\common_lib.h(65):           <center><table border="0" width="85%"><tr><td>\n
..\\Parameters\\common_lib.h(65):           <li><i>Pacha Kuznecov      <li><i>Kolia Sidorov\n
..\\Parameters\\common_lib.h(65):           <li><i></i>\n
..\\Parameters\\common_lib.h(65):           </td></tr></table></center>\n
..\\Parameters\\common_lib.h(65):       </TD>\n
..\\Parameters\\common_lib.h(65):       <TD width="5%" >.<br/>.<br/>.<br/>.</TD>\n
..\\Parameters\\common_lib.h(65):       <TD width="45%" valign=top><b>Invoice sent to:</b><br/>\n
..\\Parameters\\common_lib.h(65):           <center>\n
..\\Parameters\\common_lib.h(65):           <Table width="80%" cellspacing="0" > <tr> <td>\n
..\\Parameters\\common_lib.h(65):               Pacha Kuznecov\n
..\\Parameters\\common_lib.h(65):     <br/>\n
..\\Parameters\\common_lib.h(65):               Krasnaia<br/>\n
..\\Parameters\\common_lib.h(65):               Perm<br/>\n
..\\Parameters\\common_lib.h(65):               <br/>\n
..\\Parameters\\common_lib.h(65):               Total Charge: $ 4404 <BR/> (CC: x-7777)\n
..\\Parameters\\common_lib.h(65):           </td> </tr> </table>\n
..\\Parameters\\common_lib.h(65):           </center>\n
..\\Parameters\\common_lib.h(65):       </TD>\n
..\\Parameters\\common_lib.h(65):     </TR>\n
..\\Parameters\\common_lib.h(65):     <TR bgcolor="#EFF2F7">\n
..\\Parameters\\common_lib.h(65):       <TD COLSPAN="3">\n
..\\Parameters\\common_lib.h(65):       <b>Flight Details:</b><BR/>  <center>\n
..\\Parameters\\common_lib.h(65):       01/05/2023\n
..\\Parameters\\common_lib.h(65):      :  5pm : Flight 452 leaves Paris  for Portland.<br>  02/05/2023\n
..\\Parameters\\common_lib.h(65):      :  5pm : Flight 542 leaves Portland  for Paris.<br>  </center>\n
..\\Parameters\\common_lib.h(65):       </TD>\n
..\\Parameters\\common_lib.h(65):     </TR>\n
..\\Parameters\\common_lib.h(65):     \n
..\\Parameters\\common_lib.h(65):     <TR bgcolor="#EFF2F7">\n
..\\Parameters\\common_lib.h(65):       <TD COLSPAN="4">\n
..\\Parameters\\common_lib.h(65):       <hr/>\n
..\\Parameters\\common_lib.h(65):       </TD>\n
..\\Parameters\\common_lib.h(65):     </TR>\n
..\\Parameters\\common_lib.h(65):     \n
..\\Parameters\\common_lib.h(65):     <!-- Flight #1 -->\n
..\\Parameters\\common_lib.h(65):     <TR bgcolor="#EFF2F7">\n
..\\Parameters\\common_lib.h(65):       <TD width="5%" rowspan="2" align="left" valign="top">\n
..\\Parameters\\common_lib.h(65):     <b>\n
..\\Parameters\\common_lib.h(65):     <label><input type="checkbox" name="480" value="on" /></label></font></b>\n
..\\Parameters\\common_lib.h(65):     <input type="hidden" name="flightID" value="2880537818-369648200-PK"  />\n
..\\Parameters\\common_lib.h(65):       </TD>\n
..\\Parameters\\common_lib.h(65):       <TD width="45%" valign="top">\n
..\\Parameters\\common_lib.h(65):           <b>&nbsp;&nbsp;3 First class tickets for :</b><br/>\n
..\\Parameters\\common_lib.h(65):           <center><table border="0" width="85%"><tr><td>\n
..\\Parameters\\common_lib.h(65):           <li><i>Pacha Kuznecov      <li><i>Kolia Sidorov      <li><i>Ivan Ivanov\n
..\\Parameters\\common_lib.h(65):           <li><i></i>\n
..\\Parameters\\common_lib.h(65):           </td></tr></table></center>\n
..\\Parameters\\common_lib.h(65):       </TD>\n
..\\Parameters\\common_lib.h(65):       <TD width="5%" >.<br/>.<br/>.<br/>.</TD>\n
..\\Parameters\\common_lib.h(65):       <TD width="45%" valign=top><b>Invoice sent to:</b><br/>\n
..\\Parameters\\common_lib.h(65):           <center>\n
..\\Parameters\\common_lib.h(65):           <Table width="80%" cellspacing="0" > <tr> <td>\n
..\\Parameters\\common_lib.h(65):               Pacha Kuznecov\n
..\\Parameters\\common_lib.h(65):     <br/>\n
..\\Parameters\\common_lib.h(65):               Krasnaia<br/>\n
..\\Parameters\\common_lib.h(65):               Perm<br/>\n
..\\Parameters\\common_lib.h(65):               <br/>\n
..\\Parameters\\common_lib.h(65):               Total Charge: $ 6606 <BR/> (CC: x-7777)\n
..\\Parameters\\common_lib.h(65):           </td> </tr> </table>\n
..\\Parameters\\common_lib.h(65):           </center>\n
..\\Parameters\\common_lib.h(65):       </TD>\n
..\\Parameters\\common_lib.h(65):     </TR>\n
..\\Parameters\\common_lib.h(65):     <TR bgcolor="#EFF2F7">\n
..\\Parameters\\common_lib.h(65):       <TD COLSPAN="3">\n
..\\Parameters\\common_lib.h(65):       <b>Flight Details:</b><BR/>  <center>\n
..\\Parameters\\common_lib.h(65):       01/05/2023\n
..\\Parameters\\common_lib.h(65):      :  5pm : Flight 452 leaves Paris  for Portland.<br>  02/05/2023\n
..\\Parameters\\common_lib.h(65):      :  5pm : Flight 542 leaves Portland  for Paris.<br>  </center>\n
..\\Parameters\\common_lib.h(65):       </TD>\n
..\\Parameters\\common_lib.h(65):     </TR>\n
..\\Parameters\\common_lib.h(65):     \n
..\\Parameters\\common_lib.h(65):     <TR bgcolor="#EFF2F7">\n
..\\Parameters\\common_lib.h(65):       <TD COLSPAN="4">\n
..\\Parameters\\common_lib.h(65):       <hr/>\n
..\\Parameters\\common_lib.h(65):       </TD>\n
..\\Parameters\\common_lib.h(65):     </TR>\n
..\\Parameters\\common_lib.h(65):     <TR>\n
..\\Parameters\\common_lib.h(65):        <TD align="center" COLSPAN="4">\n
..\\Parameters\\common_lib.h(65):        <b>A total of 480 scheduled flights.</font></b>\n
..\\Parameters\\common_lib.h(65):        </TD>\n
..\\Parameters\\common_lib.h(65):     </TR>\n
..\\Parameters\\common_lib.h(65):     </TABLE>\n
..\\Parameters\\common_lib.h(65):     \n
..\\Parameters\\common_lib.h(65):     <TABLE WIDTH="87%" BORDER="0" CELLSPACING="0">\n
..\\Parameters\\common_lib.h(65):     <TR>\n
..\\Parameters\\common_lib.h(65):     <TD align="left" width="50%" >\n
..\\Parameters\\common_lib.h(65):     <input type="image" name="removeFlights" src="/WebTours/images/cancelreservation.gif" bord
..\\Parameters\\common_lib.h(65):     er="0" /></TD>\n
..\\Parameters\\common_lib.h(65):     <TD align="right" width="50%" >\n
..\\Parameters\\common_lib.h(65):     <input type="image" name="removeAllFlights" src="/WebTours/images/cancelallreservations.gi
..\\Parameters\\common_lib.h(65):     f" border="0" /></TD>\n
..\\Parameters\\common_lib.h(65):     </TABLE>\n
..\\Parameters\\common_lib.h(65):     \n
..\\Parameters\\common_lib.h(65):     <div><input type="hidden" name=".cgifields" value="127"  /><input type="hidden" name=".cgi
..\\Parameters\\common_lib.h(65):     fields" value="32"  /><input type="hidden" name=".cgifields" value="276"  /><input type="h
..\\Parameters\\common_lib.h(65):     idden" name=".cgifields" value="90"  /><input type="hidden" name=".cgifields" value="443" 
..\\Parameters\\common_lib.h(65):      /><input type="hidden" name=".cgifields" value="206"  /><input type="hidden" name=".cgifi
..\\Parameters\\common_lib.h(65):     elds" value="118"  /><input type="hidden" name=".cgifields" value="71"  /><input type="hid
..\\Parameters\\common_lib.h(65):     den" name=".cgifields" value="102"  /><input type="hidden" name=".cgifields" value="358"  
..\\Parameters\\common_lib.h(65):     /><input type="hidden" name=".cgifields" value="331"  /><input type="hidden" name=".cgifie
..\\Parameters\\common_lib.h(65):     lds" value="16"  /><input type="hidden" name=".cgifields" value="55"  /><input type="hidde
..\\Parameters\\common_lib.h(65):     n" name=".cgifields" value="84"  /><input type="hidden" name=".cgifields" value="233"  /><
..\\Parameters\\common_lib.h(65):     input type="hidden" name=".cgifields" value="437"  /><input type="hidden" name=".cgifields
..\\Parameters\\common_lib.h(65):     " value="463"  /><input type="hidden" name=".cgifields" value="259"  /><input type="hidden
..\\Parameters\\common_lib.h(65):     " name=".cgifields" value="194"  /><input type="hidden" name=".cgifields" value="57"  /><i
..\\Parameters\\common_lib.h(65):     nput type="hidden" name=".cgifields" value="458"  /><input type="hidden" name=".cgifields"
..\\Parameters\\common_lib.h(65):      value="424"  /><input type="hidden" name=".cgifields" value="368"  /><input type="hidden"
..\\Parameters\\common_lib.h(65):      name=".cgifields" value="451"  /><input type="hidden" name=".cgifields" value="220"  /><i
..\\Parameters\\common_lib.h(65):     nput type="hidden" name=".cgifields" value="454"  /><input type="hidden" name=".cgifields"
..\\Parameters\\common_lib.h(65):      value="316"  /><input type="hidden" name=".cgifields" value="163"  /><input type="hidden"
..\\Parameters\\common_lib.h(65):      name=".cgifields" value="395"  /><input type="hidden" name=".cgifields" value="89"  /><in
..\\Parameters\\common_lib.h(65):     put type="hidden" name=".cgifields" value="175"  /><input type="hidden" name=".cgifields" 
..\\Parameters\\common_lib.h(65):     value="31"  /><input type="hidden" name=".cgifields" value="35"  /><input type="hidden" na
..\\Parameters\\common_lib.h(65):     me=".cgifields" value="11"  /><input type="hidden" name=".cgifields" value="347"  /><input
..\\Parameters\\common_lib.h(65):      type="hidden" name=".cgifields" value="208"  /><input type="hidden" name=".cgifields" val
..\\Parameters\\common_lib.h(65):     ue="434"  /><input type="hidden" name=".cgifields" value="93"  /><input type="hidden" name
..\\Parameters\\common_lib.h(65):     =".cgifields" value="292"  /><input type="hidden" name=".cgifields" value="378"  /><input 
..\\Parameters\\common_lib.h(65):     type="hidden" name=".cgifields" value="325"  /><input type="hidden" name=".cgifields" valu
..\\Parameters\\common_lib.h(65):     e="29"  /><input type="hidden" name=".cgifields" value="350"  /><input type="hidden" name=
..\\Parameters\\common_lib.h(65):     ".cgifields" value="291"  /><input type="hidden" name=".cgifields" value="374"  /><input t
..\\Parameters\\common_lib.h(65):     ype="hidden" name=".cgifields" value="442"  /><input type="hidden" name=".cgifields" value
..\\Parameters\\common_lib.h(65):     ="199"  /><input type="hidden" name=".cgifields" value="114"  /><input type="hidden" name=
..\\Parameters\\common_lib.h(65):     ".cgifields" value="429"  /><input type="hidden" name=".cgifields" value="226"  /><input t
..\\Parameters\\common_lib.h(65):     ype="hidden" name=".cgifields" value="58"  /><input type="hidden" name=".cgifields" value=
..\\Parameters\\common_lib.h(65):     "211"  /><input type="hidden" name=".cgifields" value="153"  /><input type="hidden" name="
..\\Parameters\\common_lib.h(65):     .cgifields" value="15"  /><input type="hidden" name=".cgifields" value="431"  /><input typ
..\\Parameters\\common_lib.h(65):     e="hidden" name=".cgifields" value="382"  /><input type="hidden" name=".cgifields" value="
..\\Parameters\\common_lib.h(65):     337"  /><input type="hidden" name=".cgifields" value="409"  /><input type="hidden" name=".
..\\Parameters\\common_lib.h(65):     cgifields" value="101"  /><input type="hidden" name=".cgifields" value="73"  /><input type
..\\Parameters\\common_lib.h(65):     ="hidden" name=".cgifields" value="340"  /><input type="hidden" name=".cgifields" value="7
..\\Parameters\\common_lib.h(65):     6"  /><input type="hidden" name=".cgifields" value="311"  /><input type="hidden" name=".cg
..\\Parameters\\common_lib.h(65):     ifields" value="62"  /><input type="hidden" name=".cgifields" value="67"  /><input type="h
..\\Parameters\\common_lib.h(65):     idden" name=".cgifields" value="241"  /><input type="hidden" name=".cgifields" value="198"
..\\Parameters\\common_lib.h(65):       /><input type="hidden" name=".cgifields" value="139"  /><input type="hidden" name=".cgif
..\\Parameters\\common_lib.h(65):     ields" value="389"  /><input type="hidden" name=".cgifields" value="129"  /><input type="h
..\\Parameters\\common_lib.h(65):     idden" name=".cgifields" value="327"  /><input type="hidden" name=".cgifields" value="320"
..\\Parameters\\common_lib.h(65):       /><input type="hidden" name=".cgifields" value="418"  /><input type="hidden" name=".cgif
..\\Parameters\\common_lib.h(65):     ields" value="280"  /><input type="hidden" name=".cgifields" value="273"  /><input type="h
..\\Parameters\\common_lib.h(65):     idden" name=".cgifields" value="471"  /><input type="hidden" name=".cgifields" value="236"
..\\Parameters\\common_lib.h(65):       /><input type="hidden" name=".cgifields" value="465"  /><input type="hidden" name=".cgif
..\\Parameters\\common_lib.h(65):     ields" value="361"  /><input type="hidden" name=".cgifields" value="249"  /><input type="h
..\\Parameters\\common_lib.h(65):     idden" name=".cgifields" value="218"  /><input type="hidden" name=".cgifields" value="202"
..\\Parameters\\common_lib.h(65):       /><input type="hidden" name=".cgifields" value="168"  /><input type="hidden" name=".cgif
..\\Parameters\\common_lib.h(65):     ields" value="184"  /><input type="hidden" name=".cgifields" value="135"  /><input type="h
..\\Parameters\\common_lib.h(65):     idden" name=".cgifields" value="14"  /><input type="hidden" name=".cgifields" value="348" 
..\\Parameters\\common_lib.h(65):      /><input type="hidden" name=".cgifields" value="145"  /><input type="hidden" name=".cgifi
..\\Parameters\\common_lib.h(65):     elds" value="49"  /><input type="hidden" name=".cgifields" value="178"  /><input type="hid
..\\Parameters\\common_lib.h(65):     den" name=".cgifields" value="24"  /><input type="hidden" name=".cgifields" value="285"  /
..\\Parameters\\common_lib.h(65):     ><input type="hidden" name=".cgifields" value="140"  /><input type="hidden" name=".cgifiel
..\\Parameters\\common_lib.h(65):     ds" value="124"  /><input type="hidden" name=".cgifields" value="104"  /><input type="hidd
..\\Parameters\\common_lib.h(65):     en" name=".cgifields" value="131"  /><input type="hidden" name=".cgifields" value="412"  /
..\\Parameters\\common_lib.h(65):     ><input type="hidden" name=".cgifields" value="181"  /><input type="hidden" name=".cgifiel
..\\Parameters\\common_lib.h(65):     ds" value="385"  /><input type="hidden" name=".cgifields" value="234"  /><input type="hidd
..\\Parameters\\common_lib.h(65):     en" name=".cgifields" value="314"  /><input type="hidden" name=".cgifields" value="307"  /
..\\Parameters\\common_lib.h(65):     ><input type="hidden" name=".cgifields" value="154"  /><input type="hidden" name=".cgifiel
..\\Parameters\\common_lib.h(65):     ds" value="23"  /><input type="hidden" name=".cgifields" value="388"  /><input type="hidde
..\\Parameters\\common_lib.h(65):     n" name=".cgifields" value="364"  /><input type="hidden" name=".cgifields" value="96"  /><
..\\Parameters\\common_lib.h(65):     input type="hidden" name=".cgifields" value="355"  /><input type="hidden" name=".cgifields
..\\Parameters\\common_lib.h(65):     " value="479"  /><input type="hidden" name=".cgifields" value="159"  /><input type="hidden
..\\Parameters\\common_lib.h(65):     " name=".cgifields" value="326"  /><input type="hidden" name=".cgifields" value="160"  /><
..\\Parameters\\common_lib.h(65):     input type="hidden" name=".cgifields" value="47"  /><input type="hidden" name=".cgifields"
..\\Parameters\\common_lib.h(65):      value="367"  /><input type="hidden" name=".cgifields" value="8"  /><input type="hidden" n
..\\Parameters\\common_lib.h(65):     ame=".cgifields" value="98"  /><input type="hidden" name=".cgifields" value="335"  /><inpu
..\\Parameters\\common_lib.h(65):     t type="hidden" name=".cgifields" value="37"  /><input type="hidden" name=".cgifields" val
..\\Parameters\\common_lib.h(65):     ue="43"  /><input type="hidden" name=".cgifields" value="270"  /><input type="hidden" name
..\\Parameters\\common_lib.h(65):     =".cgifields" value="195"  /><input type="hidden" name=".cgifields" value="5"  /><input ty
..\\Parameters\\common_lib.h(65):     pe="hidden" name=".cgifields" value="391"  /><input type="hidden" name=".cgifields" value=
..\\Parameters\\common_lib.h(65):     "21"  /><input type="hidden" name=".cgifields" value="288"  /><input type="hidden" name=".
..\\Parameters\\common_lib.h(65):     cgifields" value="193"  /><input type="hidden" name=".cgifields" value="460"  /><input typ
..\\Parameters\\common_lib.h(65):     e="hidden" name=".cgifields" value="119"  /><input type="hidden" name=".cgifields" value="
..\\Parameters\\common_lib.h(65):     453"  /><input type="hidden" name=".cgifields" value="324"  /><input type="hidden" name=".
..\\Parameters\\common_lib.h(65):     cgifields" value="180"  /><input type="hidden" name=".cgifields" value="244"  /><input typ
..\\Parameters\\common_lib.h(65):     e="hidden" name=".cgifields" value="162"  /><input type="hidden" name=".cgifields" value="
..\\Parameters\\common_lib.h(65):     433"  /><input type="hidden" name=".cgifields" value="351"  /><input type="hidden" name=".
..\\Parameters\\common_lib.h(65):     cgifields" value="410"  /><input type="hidden" name=".cgifields" value="246"  /><input typ
..\\Parameters\\common_lib.h(65):     e="hidden" name=".cgifields" value="240"  /><input type="hidden" name=".cgifields" value="
..\\Parameters\\common_lib.h(65):     74"  /><input type="hidden" name=".cgifields" value="334"  /><input type="hidden" name=".c
..\\Parameters\\common_lib.h(65):     gifields" value="440"  /><input type="hidden" name=".cgifields" value="61"  /><input type=
..\\Parameters\\common_lib.h(65):     "hidden" name=".cgifields" value="230"  /><input type="hidden" name=".cgifields" value="29
..\\Parameters\\common_lib.h(65):     9"  /><input type="hidden" name=".cgifields" value="115"  /><input type="hidden" name=".cg
..\\Parameters\\common_lib.h(65):     ifields" value="430"  /><input type="hidden" name=".cgifields" value="377"  /><input type=
..\\Parameters\\common_lib.h(65):     "hidden" name=".cgifields" value="447"  /><input type="hidden" name=".cgifields" value="10
..\\Parameters\\common_lib.h(65):     3"  /><input type="hidden" name=".cgifields" value="201"  /><input type="hidden" name=".cg
..\\Parameters\\common_lib.h(65):     ifields" value="379"  /><input type="hidden" name=".cgifields" value="423"  /><input type=
..\\Parameters\\common_lib.h(65):     "hidden" name=".cgifields" value="415"  /><input type="hidden" name=".cgifields" value="11
..\\Parameters\\common_lib.h(65):     3"  /><input type="hidden" name=".cgifields" value="152"  /><input type="hidden" name=".cg
..\\Parameters\\common_lib.h(65):     ifields" value="189"  /><input type="hidden" name=".cgifields" value="452"  /><input type=
..\\Parameters\\common_lib.h(65):     "hidden" name=".cgifields" value="342"  /><input type="hidden" name=".cgifields" value="29
..\\Parameters\\common_lib.h(65):     5"  /><input type="hidden" name=".cgifields" value="266"  /><input type="hidden" name=".cg
..\\Parameters\\common_lib.h(65):     ifields" value="91"  /><input type="hidden" name=".cgifields" value="480"  /><input type="
..\\Parameters\\common_lib.h(65):     hidden" name=".cgifields" value="341"  /><input type="hidden" name=".cgifields" value="438
..\\Parameters\\common_lib.h(65):     "  /><input type="hidden" name=".cgifields" value="107"  /><input type="hidden" name=".cgi
..\\Parameters\\common_lib.h(65):     fields" value="467"  /><input type="hidden" name=".cgifields" value="87"  /><input type="h
..\\Parameters\\common_lib.h(65):     idden" name=".cgifields" value="474"  /><input type="hidden" name=".cgifields" value="174"
..\\Parameters\\common_lib.h(65):       /><input type="hidden" name=".cgifields" value="77"  /><input type="hidden" name=".cgifi
..\\Parameters\\common_lib.h(65):     elds" value="444"  /><input type="hidden" name=".cgifields" value="214"  /><input type="hi
..\\Parameters\\common_lib.h(65):     dden" name=".cgifields" value="422"  /><input type="hidden" name=".cgifields" value="221" 
..\\Parameters\\common_lib.h(65):      /><input type="hidden" name=".cgifields" value="39"  /><input type="hidden" name=".cgifie
..\\Parameters\\common_lib.h(65):     lds" value="64"  /><input type="hidden" name=".cgifields" value="97"  /><input type="hidde
..\\Parameters\\common_lib.h(65):     n" name=".cgifields" value="417"  /><input type="hidden" name=".cgifields" value="12"  /><
..\\Parameters\\common_lib.h(65):     input type="hi
..\\Parameters\\common_lib.h(65): Found resource "http://localhost:1080/WebTours/images/cancelreservation.gif" in HTML "http://localhost:1080/cgi-bin/itinerary.pl"  	[MsgId: MMSG-26659]
..\\Parameters\\common_lib.h(65): Found resource "http://localhost:1080/WebTours/images/cancelallreservations.gif" in HTML "http://localhost:1080/cgi-bin/itinerary.pl"  	[MsgId: MMSG-26659]
..\\Parameters\\common_lib.h(65): t=1291207ms: 12287-byte chunked response body for "http://localhost:1080/cgi-bin/itinerary.pl" (RelFrameId=1.2, Internal ID=302)
..\\Parameters\\common_lib.h(65):     dden" name=".cgifields" value="41"  /><input type="hidden" name=".cgifields" value="52"  /
..\\Parameters\\common_lib.h(65):     ><input type="hidden" name=".cgifields" value="312"  /><input type="hidden" name=".cgifiel
..\\Parameters\\common_lib.h(65):     ds" value="302"  /><input type="hidden" name=".cgifields" value="229"  /><input type="hidd
..\\Parameters\\common_lib.h(65):     en" name=".cgifields" value="45"  /><input type="hidden" name=".cgifields" value="405"  />
..\\Parameters\\common_lib.h(65):     <input type="hidden" name=".cgifields" value="260"  /><input type="hidden" name=".cgifield
..\\Parameters\\common_lib.h(65):     s" value="237"  /><input type="hidden" name=".cgifields" value="370"  /><input type="hidde
..\\Parameters\\common_lib.h(65):     n" name=".cgifields" value="309"  /><input type="hidden" name=".cgifields" value="188"  />
..\\Parameters\\common_lib.h(65):     <input type="hidden" name=".cgifields" value="68"  /><input type="hidden" name=".cgifields
..\\Parameters\\common_lib.h(65):     " value="402"  /><input type="hidden" name=".cgifields" value="315"  /><input type="hidden
..\\Parameters\\common_lib.h(65):     " name=".cgifields" value="1"  /><input type="hidden" name=".cgifields" value="136"  /><in
..\\Parameters\\common_lib.h(65):     put type="hidden" name=".cgifields" value="116"  /><input type="hidden" name=".cgifields" 
..\\Parameters\\common_lib.h(65):     value="416"  /><input type="hidden" name=".cgifields" value="338"  /><input type="hidden" 
..\\Parameters\\common_lib.h(65):     name=".cgifields" value="144"  /><input type="hidden" name=".cgifields" value="380"  /><in
..\\Parameters\\common_lib.h(65):     put type="hidden" name=".cgifields" value="100"  /><input type="hidden" name=".cgifields" 
..\\Parameters\\common_lib.h(65):     value="300"  /><input type="hidden" name=".cgifields" value="222"  /><input type="hidden" 
..\\Parameters\\common_lib.h(65):     name=".cgifields" value="25"  /><input type="hidden" name=".cgifields" value="286"  /><inp
..\\Parameters\\common_lib.h(65):     ut type="hidden" name=".cgifields" value="120"  /><input type="hidden" name=".cgifields" v
..\\Parameters\\common_lib.h(65):     alue="83"  /><input type="hidden" name=".cgifields" value="381"  /><input type="hidden" na
..\\Parameters\\common_lib.h(65):     me=".cgifields" value="305"  /><input type="hidden" name=".cgifields" value="308"  /><inpu
..\\Parameters\\common_lib.h(65):     t type="hidden" name=".cgifields" value="392"  /><input type="hidden" name=".cgifields" va
..\\Parameters\\common_lib.h(65):     lue="254"  /><input type="hidden" name=".cgifields" value="177"  /><input type="hidden" na
..\\Parameters\\common_lib.h(65):     me=".cgifields" value="373"  /><input type="hidden" name=".cgifields" value="217"  /><inpu
..\\Parameters\\common_lib.h(65):     t type="hidden" name=".cgifields" value="328"  /><input type="hidden" name=".cgifields" va
..\\Parameters\\common_lib.h(65):     lue="239"  /><input type="hidden" name=".cgifields" value="122"  /><input type="hidden" na
..\\Parameters\\common_lib.h(65):     me=".cgifields" value="143"  /><input type="hidden" name=".cgifields" value="464"  /><inpu
..\\Parameters\\common_lib.h(65):     t type="hidden" name=".cgifields" value="281"  /><input type="hidden" name=".cgifields" va
..\\Parameters\\common_lib.h(65):     lue="269"  /><input type="hidden" name=".cgifields" value="205"  /><input type="hidden" na
..\\Parameters\\common_lib.h(65):     me=".cgifields" value="158"  /><input type="hidden" name=".cgifields" value="42"  /><input
..\\Parameters\\common_lib.h(65):      type="hidden" name=".cgifields" value="22"  /><input type="hidden" name=".cgifields" valu
..\\Parameters\\common_lib.h(65):     e="363"  /><input type="hidden" name=".cgifields" value="46"  /><input type="hidden" name=
..\\Parameters\\common_lib.h(65):     ".cgifields" value="399"  /><input type="hidden" name=".cgifields" value="235"  /><input t
..\\Parameters\\common_lib.h(65):     ype="hidden" name=".cgifields" value="301"  /><input type="hidden" name=".cgifields" value
..\\Parameters\\common_lib.h(65):     ="6"  /><input type="hidden" name=".cgifields" value="436"  /><input type="hidden" name=".
..\\Parameters\\common_lib.h(65):     cgifields" value="36"  /><input type="hidden" name=".cgifields" value="213"  /><input type
..\\Parameters\\common_lib.h(65):     ="hidden" name=".cgifields" value="183"  /><input type="hidden" name=".cgifields" value="9
..\\Parameters\\common_lib.h(65):     4"  /><input type="hidden" name=".cgifields" value="51"  /><input type="hidden" name=".cgi
..\\Parameters\\common_lib.h(65):     fields" value="472"  /><input type="hidden" name=".cgifields" value="456"  /><input type="
..\\Parameters\\common_lib.h(65):     hidden" name=".cgifields" value="439"  /><input type="hidden" name=".cgifields" value="362
..\\Parameters\\common_lib.h(65):     "  /><input type="hidden" name=".cgifields" value="317"  /><input type="hidden" name=".cgi
..\\Parameters\\common_lib.h(65):     fields" value="296"  /><input type="hidden" name=".cgifields" value="265"  /><input type="
..\\Parameters\\common_lib.h(65):     hidden" name=".cgifields" value="411"  /><input type="hidden" name=".cgifields" value="169
..\\Parameters\\common_lib.h(65):     "  /><input type="hidden" name=".cgifields" value="132"  /><input type="hidden" name=".cgi
..\\Parameters\\common_lib.h(65):     fields" value="171"  /><input type="hidden" name=".cgifields" value="478"  /><input type="
..\\Parameters\\common_lib.h(65):     hidden" name=".cgifields" value="398"  /><input type="hidden" name=".cgifields" value="384
..\\Parameters\\common_lib.h(65):     "  /><input type="hidden" name=".cgifields" value="386"  /><input type="hidden" name=".cgi
..\\Parameters\\common_lib.h(65):     fields" value="407"  /><input type="hidden" name=".cgifields" value="445"  /><input type="
..\\Parameters\\common_lib.h(65):     hidden" name=".cgifields" value="200"  /><input type="hidden" name=".cgifields" value="18"
..\\Parameters\\common_lib.h(65):       /><input type="hidden" name=".cgifields" value="376"  /><input type="hidden" name=".cgif
..\\Parameters\\common_lib.h(65):     ields" value="366"  /><input type="hidden" name=".cgifields" value="125"  /><input type="h
..\\Parameters\\common_lib.h(65):     idden" name=".cgifields" value="329"  /><input type="hidden" name=".cgifields" value="44" 
..\\Parameters\\common_lib.h(65):      /><input type="hidden" name=".cgifields" value="27"  /><input type="hidden" name=".cgifie
..\\Parameters\\common_lib.h(65):     lds" value="272"  /><input type="hidden" name=".cgifields" value="161"  /><input type="hid
..\\Parameters\\common_lib.h(65):     den" name=".cgifields" value="190"  /><input type="hidden" name=".cgifields" value="298"  
..\\Parameters\\common_lib.h(65):     /><input type="hidden" name=".cgifields" value="95"  /><input type="hidden" name=".cgifiel
..\\Parameters\\common_lib.h(65):     ds" value="400"  /><input type="hidden" name=".cgifields" value="313"  /><input type="hidd
..\\Parameters\\common_lib.h(65):     en" name=".cgifields" value="20"  /><input type="hidden" name=".cgifields" value="109"  />
..\\Parameters\\common_lib.h(65):     <input type="hidden" name=".cgifields" value="231"  /><input type="hidden" name=".cgifield
..\\Parameters\\common_lib.h(65):     s" value="243"  /><input type="hidden" name=".cgifields" value="151"  /><input type="hidde
..\\Parameters\\common_lib.h(65):     n" name=".cgifields" value="148"  /><input type="hidden" name=".cgifields" value="343"  />
..\\Parameters\\common_lib.h(65):     <input type="hidden" name=".cgifields" value="468"  /><input type="hidden" name=".cgifield
..\\Parameters\\common_lib.h(65):     s" value="287"  /><input type="hidden" name=".cgifields" value="475"  /><input type="hidde
..\\Parameters\\common_lib.h(65):     n" name=".cgifields" value="441"  /><input type="hidden" name=".cgifields" value="78"  /><
..\\Parameters\\common_lib.h(65):     input type="hidden" name=".cgifields" value="413"  /><input type="hidden" name=".cgifields
..\\Parameters\\common_lib.h(65):     " value="397"  /><input type="hidden" name=".cgifields" value="294"  /><input type="hidden
..\\Parameters\\common_lib.h(65):     " name=".cgifields" value="349"  /><input type="hidden" name=".cgifields" value="106"  /><
..\\Parameters\\common_lib.h(65):     input type="hidden" name=".cgifields" value="275"  /><input type="hidden" name=".cgifields
..\\Parameters\\common_lib.h(65):     " value="157"  /><input type="hidden" name=".cgifields" value="65"  /><input type="hidden"
..\\Parameters\\common_lib.h(65):      name=".cgifields" value="197"  /><input type="hidden" name=".cgifields" value="203"  /><i
..\\Parameters\\common_lib.h(65):     nput type="hidden" name=".cgifields" value="261"  /><input type="hidden" name=".cgifields"
..\\Parameters\\common_lib.h(65):      value="138"  /><input type="hidden" name=".cgifields" value="81"  /><input type="hidden" 
..\\Parameters\\common_lib.h(65):     name=".cgifields" value="137"  /><input type="hidden" name=".cgifields" value="60"  /><inp
..\\Parameters\\common_lib.h(65):     ut type="hidden" name=".cgifields" value="459"  /><input type="hidden" name=".cgifields" v
..\\Parameters\\common_lib.h(65):     alue="432"  /><input type="hidden" name=".cgifields" value="321"  /><input type="hidden" n
..\\Parameters\\common_lib.h(65):     ame=".cgifields" value="284"  /><input type="hidden" name=".cgifields" value="86"  /><inpu
..\\Parameters\\common_lib.h(65):     t type="hidden" name=".cgifields" value="247"  /><input type="hidden" name=".cgifields" va
..\\Parameters\\common_lib.h(65):     lue="371"  /><input type="hidden" name=".cgifields" value="204"  /><input type="hidden" na
..\\Parameters\\common_lib.h(65):     me=".cgifields" value="289"  /><input type="hidden" name=".cgifields" value="165"  /><inpu
..\\Parameters\\common_lib.h(65):     t type="hidden" name=".cgifields" value="346"  /><input type="hidden" name=".cgifields" va
..\\Parameters\\common_lib.h(65):     lue="17"  /><input type="hidden" name=".cgifields" value="2"  /><input type="hidden" name=
..\\Parameters\\common_lib.h(65):     ".cgifields" value="435"  /><input type="hidden" name=".cgifields" value="427"  /><input t
..\\Parameters\\common_lib.h(65):     ype="hidden" name=".cgifields" value="401"  /><input type="hidden" name=".cgifields" value
..\\Parameters\\common_lib.h(65):     ="186"  /><input type="hidden" name=".cgifields" value="82"  /><input type="hidden" name="
..\\Parameters\\common_lib.h(65):     .cgifields" value="110"  /><input type="hidden" name=".cgifields" value="147"  /><input ty
..\\Parameters\\common_lib.h(65):     pe="hidden" name=".cgifields" value="333"  /><input type="hidden" name=".cgifields" value=
..\\Parameters\\common_lib.h(65):     "339"  /><input type="hidden" name=".cgifields" value="228"  /><input type="hidden" name="
..\\Parameters\\common_lib.h(65):     .cgifields" value="323"  /><input type="hidden" name=".cgifields" value="268"  /><input ty
..\\Parameters\\common_lib.h(65):     pe="hidden" name=".cgifields" value="345"  /><input type="hidden" name=".cgifields" value=
..\\Parameters\\common_lib.h(65):     "69"  /><input type="hidden" name=".cgifields" value="112"  /><input type="hidden" name=".
..\\Parameters\\common_lib.h(65):     cgifields" value="319"  /><input type="hidden" name=".cgifields" value="172"  /><input typ
..\\Parameters\\common_lib.h(65):     e="hidden" name=".cgifields" value="191"  /><input type="hidden" name=".cgifields" value="
..\\Parameters\\common_lib.h(65):     224"  /><input type="hidden" name=".cgifields" value="187"  /><input type="hidden" name=".
..\\Parameters\\common_lib.h(65):     cgifields" value="404"  /><input type="hidden" name=".cgifields" value="223"  /><input typ
..\\Parameters\\common_lib.h(65):     e="hidden" name=".cgifields" value="446"  /><input type="hidden" name=".cgifields" value="
..\\Parameters\\common_lib.h(65):     282"  /><input type="hidden" name=".cgifields" value="420"  /><input type="hidden" name=".
..\\Parameters\\common_lib.h(65):     cgifields" value="262"  /><input type="hidden" name=".cgifields" value="79"  /><input type
..\\Parameters\\common_lib.h(65):     ="hidden" name=".cgifields" value="121"  /><input type="hidden" name=".cgifields" value="2
..\\Parameters\\common_lib.h(65):     12"  /><input type="hidden" name=".cgifields" value="352"  /><input type="hidden" name=".c
..\\Parameters\\common_lib.h(65):     gifields" value="344"  /><input type="hidden" name=".cgifields" value="126"  /><input type
..\\Parameters\\common_lib.h(65):     ="hidden" name=".cgifields" value="238"  /><input type="hidden" name=".cgifields" value="4
..\\Parameters\\common_lib.h(65):     26"  /><input type="hidden" name=".cgifields" value="251"  /><input type="hidden" name=".c
..\\Parameters\\common_lib.h(65):     gifields" value="369"  /><input type="hidden" name=".cgifields" value="253"  /><input type
..\\Parameters\\common_lib.h(65):     ="hidden" name=".cgifields" value="279"  /><input type="hidden" name=".cgifields" value="1
..\\Parameters\\common_lib.h(65):     76"  /><input type="hidden" name=".cgifields" value="448"  /><input type="hidden" name=".c
..\\Parameters\\common_lib.h(65):     gifields" value="209"  /><input type="hidden" name=".cgifields" value="357"  /><input type
..\\Parameters\\common_lib.h(65):     ="hidden" name=".cgifields" value="216"  /><input type="hidden" name=".cgifields" value="2
..\\Parameters\\common_lib.h(65):     56"  /><input type="hidden" name=".cgifields" value="372"  /><input type="hidden" name=".c
..\\Parameters\\common_lib.h(65):     gifields" value="117"  /><input type="hidden" name=".cgifields" value="170"  /><input type
..\\Parameters\\common_lib.h(65):     ="hidden" name=".cgifields" value="33"  /><input type="hidden" name=".cgifields" value="63
..\\Parameters\\common_lib.h(65):     "  /><input type="hidden" name=".cgifields" value="428"  /><input type="hidden" name=".cgi
..\\Parameters\\common_lib.h(65):     fields" value="455"  /><input type="hidden" name=".cgifields" value="7"  /><input type="hi
..\\Parameters\\common_lib.h(65):     dden" name=".cgifields" value="80"  /><input type="hidden" name=".cgifields" value="26"  /
..\\Parameters\\common_lib.h(65):     ><input type="hidden" name=".cgifields" value="227"  /><input type="hidden" name=".cgifiel
..\\Parameters\\common_lib.h(65):     ds" value="336"  /><input type="hidden" name=".cgifields" value="457"  /><input type="hidd
..\\Parameters\\common_lib.h(65):     en" name=".cgifields" value="99"  /><input type="hidden" name=".cgifields" value="72"  /><
..\\Parameters\\common_lib.h(65):     input type="hidden" name=".cgifields" value="179"  /><input type="hidden" name=".cgifields
..\\Parameters\\common_lib.h(65):     " value="383"  /><input type="hidden" name=".cgifields" value="264"  /><input type="hidden
..\\Parameters\\common_lib.h(65):     " name=".cgifields" value="255"  /><input type="hidden" name=".cgifields" value="297"  /><
..\\Parameters\\common_lib.h(65):     input type="hidden" name=".cgifields" value="359"  /><input type="hidden" name=".cgifields
..\\Parameters\\common_lib.h(65):     " value="182"  /><input type="hidden" name=".cgifields" value="108"  /><input type="hidden
..\\Parameters\\common_lib.h(65):     " name=".cgifields" value="277"  /><input type="hidden" name=".cgifields" value="92"  /><i
..\\Parameters\\common_lib.h(65):     nput type="hidden" name=".cgifields" value="462"  /><input type="hidden" name=".cgifields"
..\\Parameters\\common_lib.h(65):      value="414"  /><input type="hidden" name=".cgifields" value="232"  /><input type="hidden"
..\\Parameters\\common_lib.h(65):      name=".cgifields" value="477"  /><input type="hidden" name=".cgifields" value="10"  /><in
..\\Parameters\\common_lib.h(65):     put type="hidden" name=".cgifields" value="225"  /><input type="hidden" name=".cgifields" 
..\\Parameters\\common_lib.h(65):     value="330"  /><input type="hidden" name=".cgifields" value="142"  /><input type="hidden" 
..\\Parameters\\common_lib.h(65):     name=".cgifields" value="207"  /><input type="hidden" name=".cgifields" value="263"  /><in
..\\Parameters\\common_lib.h(65):     put type="hidden" name=".cgifields" value="394"  /><input type="hidden" name=".cgifields" 
..\\Parameters\\common_lib.h(65):     value="167"  /><input type="hidden" name=".cgifields" value="48"  /><input type="hidden" n
..\\Parameters\\common_lib.h(65):     ame=".cgifields" value="360"  /><input type="hidden" name=".cgifields" value="419"  /><inp
..\\Parameters\\common_lib.h(65):     ut type="hidden" name=".cgifields" value="133"  /><input type="hidden" name=".cgifields" v
..\\Parameters\\common_lib.h(65):     alue="290"  /><input type="hidden" name=".cgifields" value="123"  /><input type="hidden" n
..\\Parameters\\common_lib.h(65):     ame=".cgifields" value="149"  /><input type="hidden" name=".cgifields" value="304"  /><inp
..\\Parameters\\common_lib.h(65):     ut type="hidden" name=".cgifields" value="50"  /><input type="hidden" name=".cgifields" va
..\\Parameters\\common_lib.h(65):     lue="476"  /><input type="hidden" name=".cgifields" value="210"  /><input type="hidden" na
..\\Parameters\\common_lib.h(65):     me=".cgifields" value="406"  /><input type="hidden" name=".cgifields" value="396"  /><inpu
..\\Parameters\\common_lib.h(65):     t type="hidden" name=".cgifields" value="258"  /><input type="hidden" name=".cgifields" va
..\\Parameters\\common_lib.h(65):     lue="173"  /><input type="hidden" name=".cgifie
..\\Parameters\\common_lib.h(65): t=1291210ms: 7-byte chunked response overhead for "http://localhost:1080/cgi-bin/itinerary.pl" (RelFrameId=1.2, Internal ID=302)
..\\Parameters\\common_lib.h(65):     \r\n
..\\Parameters\\common_lib.h(65):     ad1\r\n
..\\Parameters\\common_lib.h(65): t=1291210ms: 7-byte chunked response overhead for "http://localhost:1080/cgi-bin/itinerary.pl" (RelFrameId=1.2, Internal ID=302)
..\\Parameters\\common_lib.h(65):     \r\n
..\\Parameters\\common_lib.h(65):     0\r\n
..\\Parameters\\common_lib.h(65):     \r\n
..\\Parameters\\common_lib.h(65): t=1291210ms: 3927-byte chunked response body for "http://localhost:1080/cgi-bin/itinerary.pl" (RelFrameId=1.2, Internal ID=302)
..\\Parameters\\common_lib.h(65):     lds" value="393"  /><input type="hidden" name=".cgifields" value="56"  /><input type="hidd
..\\Parameters\\common_lib.h(65):     en" name=".cgifields" value="66"  /><input type="hidden" name=".cgifields" value="449"  />
..\\Parameters\\common_lib.h(65):     <input type="hidden" name=".cgifields" value="19"  /><input type="hidden" name=".cgifields
..\\Parameters\\common_lib.h(65):     " value="293"  /><input type="hidden" name=".cgifields" value="54"  /><input type="hidden"
..\\Parameters\\common_lib.h(65):      name=".cgifields" value="365"  /><input type="hidden" name=".cgifields" value="274"  /><i
..\\Parameters\\common_lib.h(65):     nput type="hidden" name=".cgifields" value="306"  /><input type="hidden" name=".cgifields"
..\\Parameters\\common_lib.h(65):      value="470"  /><input type="hidden" name=".cgifields" value="70"  /><input type="hidden" 
..\\Parameters\\common_lib.h(65):     name=".cgifields" value="322"  /><input type="hidden" name=".cgifields" value="469"  /><in
..\\Parameters\\common_lib.h(65):     put type="hidden" name=".cgifields" value="353"  /><input type="hidden" name=".cgifields" 
..\\Parameters\\common_lib.h(65):     value="166"  /><input type="hidden" name=".cgifields" value="375"  /><input type="hidden" 
..\\Parameters\\common_lib.h(65):     name=".cgifields" value="88"  /><input type="hidden" name=".cgifields" value="30"  /><inpu
..\\Parameters\\common_lib.h(65):     t type="hidden" name=".cgifields" value="141"  /><input type="hidden" name=".cgifields" va
..\\Parameters\\common_lib.h(65):     lue="403"  /><input type="hidden" name=".cgifields" value="128"  /><input type="hidden" na
..\\Parameters\\common_lib.h(65):     me=".cgifields" value="466"  /><input type="hidden" name=".cgifields" value="252"  /><inpu
..\\Parameters\\common_lib.h(65):     t type="hidden" name=".cgifields" value="28"  /><input type="hidden" name=".cgifields" val
..\\Parameters\\common_lib.h(65):     ue="310"  /><input type="hidden" name=".cgifields" value="283"  /><input type="hidden" nam
..\\Parameters\\common_lib.h(65):     e=".cgifields" value="75"  /><input type="hidden" name=".cgifields" value="40"  /><input t
..\\Parameters\\common_lib.h(65):     ype="hidden" name=".cgifields" value="134"  /><input type="hidden" name=".cgifields" value
..\\Parameters\\common_lib.h(65):     ="156"  /><input type="hidden" name=".cgifields" value="303"  /><input type="hidden" name=
..\\Parameters\\common_lib.h(65):     ".cgifields" value="192"  /><input type="hidden" name=".cgifields" value="250"  /><input t
..\\Parameters\\common_lib.h(65):     ype="hidden" name=".cgifields" value="421"  /><input type="hidden" name=".cgifields" value
..\\Parameters\\common_lib.h(65):     ="59"  /><input type="hidden" name=".cgifields" value="215"  /><input type="hidden" name="
..\\Parameters\\common_lib.h(65):     .cgifields" value="450"  /><input type="hidden" name=".cgifields" value="278"  /><input ty
..\\Parameters\\common_lib.h(65):     pe="hidden" name=".cgifields" value="150"  /><input type="hidden" name=".cgifields" value=
..\\Parameters\\common_lib.h(65):     "271"  /><input type="hidden" name=".cgifields" value="130"  /><input type="hidden" name="
..\\Parameters\\common_lib.h(65):     .cgifields" value="155"  /><input type="hidden" name=".cgifields" value="387"  /><input ty
..\\Parameters\\common_lib.h(65):     pe="hidden" name=".cgifields" value="53"  /><input type="hidden" name=".cgifields" value="
..\\Parameters\\common_lib.h(65):     245"  /><input type="hidden" name=".cgifields" value="267"  /><input type="hidden" name=".
..\\Parameters\\common_lib.h(65):     cgifields" value="354"  /><input type="hidden" name=".cgifields" value="461"  /><input typ
..\\Parameters\\common_lib.h(65):     e="hidden" name=".cgifields" value="219"  /><input type="hidden" name=".cgifields" value="
..\\Parameters\\common_lib.h(65):     318"  /><input type="hidden" name=".cgifields" value="13"  /><input type="hidden" name=".c
..\\Parameters\\common_lib.h(65):     gifields" value="257"  /><input type="hidden" name=".cgifields" value="105"  /><input type
..\\Parameters\\common_lib.h(65):     ="hidden" name=".cgifields" value="473"  /><input type="hidden" name=".cgifields" value="8
..\\Parameters\\common_lib.h(65):     5"  /><input type="hidden" name=".cgifields" value="3"  /><input type="hidden" name=".cgif
..\\Parameters\\common_lib.h(65):     ields" value="185"  /><input type="hidden" name=".cgifields" value="390"  /><input type="h
..\\Parameters\\common_lib.h(65):     idden" name=".cgifields" value="332"  /><input type="hidden" name=".cgifields" value="248"
..\\Parameters\\common_lib.h(65):       /><input type="hidden" name=".cgifields" value="111"  /><input type="hidden" name=".cgif
..\\Parameters\\common_lib.h(65):     ields" value="9"  /><input type="hidden" name=".cgifields" value="146"  /><input type="hid
..\\Parameters\\common_lib.h(65):     den" name=".cgifields" value="425"  /><input type="hidden" name=".cgifields" value="408"  
..\\Parameters\\common_lib.h(65):     /><input type="hidden" name=".cgifields" value="356"  /><input type="hidden" name=".cgifie
..\\Parameters\\common_lib.h(65):     lds" value="38"  /><input type="hidden" name=".cgifields" value="4"  /><input type="hidden
..\\Parameters\\common_lib.h(65):     " name=".cgifields" value="34"  /><input type="hidden" name=".cgifields" value="164"  /><i
..\\Parameters\\common_lib.h(65):     nput type="hidden" name=".cgifields" value="196"  /><input type="hidden" name=".cgifields"
..\\Parameters\\common_lib.h(65):      value="242"  /></div></form>\n
..\\Parameters\\common_lib.h(65):     \n
..\\Parameters\\common_lib.h(65):     </center>\n
..\\Parameters\\common_lib.h(65):     \n
..\\Parameters\\common_lib.h(65):     </body>\n
..\\Parameters\\common_lib.h(65):     </html>
..\\Parameters\\common_lib.h(65): t=1291211ms: Request done "http://localhost:1080/cgi-bin/itinerary.pl"  	[MsgId: MMSG-26000]
..\\Parameters\\common_lib.h(65): t=1291211ms: Already connected [0] to localhost:1080  	[MsgId: MMSG-26000]
..\\Parameters\\common_lib.h(65): t=1291211ms: 736-byte request headers for "http://localhost:1080/WebTours/images/cancelreservation.gif" (RelFrameId=, Internal ID=305)
..\\Parameters\\common_lib.h(65):     GET /WebTours/images/cancelreservation.gif HTTP/1.1\r\n
..\\Parameters\\common_lib.h(65):     Referer: http://localhost:1080/cgi-bin/itinerary.pl\r\n
..\\Parameters\\common_lib.h(65):     Sec-Fetch-Dest: frame\r\n
..\\Parameters\\common_lib.h(65):     Sec-Fetch-Mode: navigate\r\n
..\\Parameters\\common_lib.h(65):     Sec-Fetch-Site: same-origin\r\n
..\\Parameters\\common_lib.h(65):     Upgrade-Insecure-Requests: 1\r\n
..\\Parameters\\common_lib.h(65):     sec-ch-ua: "Chromium";v="112", "Google Chrome";v="112", "Not:A-Brand";v="99"\r\n
..\\Parameters\\common_lib.h(65):     sec-ch-ua-mobile: ?0\r\n
..\\Parameters\\common_lib.h(65):     sec-ch-ua-platform: "Windows"\r\n
..\\Parameters\\common_lib.h(65):     User-Agent: Crashpad/0.8.0 WinHTTP/10.0.19041.2673 Windows_NT/10.0.19041.2788 (x64)\r\n
..\\Parameters\\common_lib.h(65):     Accept-Encoding: gzip, deflate, br\r\n
..\\Parameters\\common_lib.h(65):     Accept-Language: ru-RU,ru;q=0.9,en-US;q=0.8,en;q=0.7\r\n
..\\Parameters\\common_lib.h(65):     Accept: */*\r\n
..\\Parameters\\common_lib.h(65):     Connection: Keep-Alive\r\n
..\\Parameters\\common_lib.h(65):     Host: localhost:1080\r\n
..\\Parameters\\common_lib.h(65):     Cookie: MSO=SID&1684060659; MTUserInfo=firstName&Pacha&address2&Perm&username&mims&hash&83
..\\Parameters\\common_lib.h(65):     &lastName&Kuznecov%0A&address1&Krasnaia&creditCard&&expDate&%0A\r\n
..\\Parameters\\common_lib.h(65):     \r\n
..\\Parameters\\common_lib.h(65): t=1291212ms: 297-byte response headers for "http://localhost:1080/WebTours/images/in_itinerary.gif" (RelFrameId=, Internal ID=303)
..\\Parameters\\common_lib.h(65):     HTTP/1.1 200 OK\r\n
..\\Parameters\\common_lib.h(65):     Date: Sun, 14 May 2023 10:37:49 GMT\r\n
..\\Parameters\\common_lib.h(65):     Server: Apache/2.2.21 (Win32)\r\n
..\\Parameters\\common_lib.h(65):     Last-Modified: Thu, 12 Jan 2012 13:30:28 GMT\r\n
..\\Parameters\\common_lib.h(65):     ETag: "b000000099501-2dd-4b654c0620500"\r\n
..\\Parameters\\common_lib.h(65):     Accept-Ranges: bytes\r\n
..\\Parameters\\common_lib.h(65):     Content-Length: 733\r\n
..\\Parameters\\common_lib.h(65):     Keep-Alive: timeout=5, max=99\r\n
..\\Parameters\\common_lib.h(65):     Connection: Keep-Alive\r\n
..\\Parameters\\common_lib.h(65):     Content-Type: image/gif\r\n
..\\Parameters\\common_lib.h(65):     \r\n
..\\Parameters\\common_lib.h(65): t=1291212ms: 733-byte response body for "http://localhost:1080/WebTours/images/in_itinerary.gif" (RelFrameId=, Internal ID=303)
..\\Parameters\\common_lib.h(65): t=1291212ms: Request done "http://localhost:1080/WebTours/images/in_itinerary.gif"  	[MsgId: MMSG-26000]
..\\Parameters\\common_lib.h(65): t=1291212ms: Already connected [1] to localhost:1080  	[MsgId: MMSG-26000]
..\\Parameters\\common_lib.h(65): t=1291212ms: 740-byte request headers for "http://localhost:1080/WebTours/images/cancelallreservations.gif" (RelFrameId=, Internal ID=306)
..\\Parameters\\common_lib.h(65):     GET /WebTours/images/cancelallreservations.gif HTTP/1.1\r\n
..\\Parameters\\common_lib.h(65):     Referer: http://localhost:1080/cgi-bin/itinerary.pl\r\n
..\\Parameters\\common_lib.h(65):     Sec-Fetch-Dest: frame\r\n
..\\Parameters\\common_lib.h(65):     Sec-Fetch-Mode: navigate\r\n
..\\Parameters\\common_lib.h(65):     Sec-Fetch-Site: same-origin\r\n
..\\Parameters\\common_lib.h(65):     Upgrade-Insecure-Requests: 1\r\n
..\\Parameters\\common_lib.h(65):     sec-ch-ua: "Chromium";v="112", "Google Chrome";v="112", "Not:A-Brand";v="99"\r\n
..\\Parameters\\common_lib.h(65):     sec-ch-ua-mobile: ?0\r\n
..\\Parameters\\common_lib.h(65):     sec-ch-ua-platform: "Windows"\r\n
..\\Parameters\\common_lib.h(65):     User-Agent: Crashpad/0.8.0 WinHTTP/10.0.19041.2673 Windows_NT/10.0.19041.2788 (x64)\r\n
..\\Parameters\\common_lib.h(65):     Accept-Encoding: gzip, deflate, br\r\n
..\\Parameters\\common_lib.h(65):     Accept-Language: ru-RU,ru;q=0.9,en-US;q=0.8,en;q=0.7\r\n
..\\Parameters\\common_lib.h(65):     Accept: */*\r\n
..\\Parameters\\common_lib.h(65):     Connection: Keep-Alive\r\n
..\\Parameters\\common_lib.h(65):     Host: localhost:1080\r\n
..\\Parameters\\common_lib.h(65):     Cookie: MSO=SID&1684060659; MTUserInfo=firstName&Pacha&address2&Perm&username&mims&hash&83
..\\Parameters\\common_lib.h(65):     &lastName&Kuznecov%0A&address1&Krasnaia&creditCard&&expDate&%0A\r\n
..\\Parameters\\common_lib.h(65):     \r\n
..\\Parameters\\common_lib.h(65): t=1291212ms: 297-byte response headers for "http://localhost:1080/WebTours/images/cancelreservation.gif" (RelFrameId=, Internal ID=305)
..\\Parameters\\common_lib.h(65):     HTTP/1.1 200 OK\r\n
..\\Parameters\\common_lib.h(65):     Date: Sun, 14 May 2023 10:37:49 GMT\r\n
..\\Parameters\\common_lib.h(65):     Server: Apache/2.2.21 (Win32)\r\n
..\\Parameters\\common_lib.h(65):     Last-Modified: Thu, 12 Jan 2012 13:30:28 GMT\r\n
..\\Parameters\\common_lib.h(65):     ETag: "b0000000994f6-33f-4b654c0620500"\r\n
..\\Parameters\\common_lib.h(65):     Accept-Ranges: bytes\r\n
..\\Parameters\\common_lib.h(65):     Content-Length: 831\r\n
..\\Parameters\\common_lib.h(65):     Keep-Alive: timeout=5, max=98\r\n
..\\Parameters\\common_lib.h(65):     Connection: Keep-Alive\r\n
..\\Parameters\\common_lib.h(65):     Content-Type: image/gif\r\n
..\\Parameters\\common_lib.h(65):     \r\n
..\\Parameters\\common_lib.h(65): t=1291213ms: 831-byte response body for "http://localhost:1080/WebTours/images/cancelreservation.gif" (RelFrameId=, Internal ID=305)
..\\Parameters\\common_lib.h(65): t=1291213ms: Request done "http://localhost:1080/WebTours/images/cancelreservation.gif"  	[MsgId: MMSG-26000]
..\\Parameters\\common_lib.h(65): t=1291213ms: Already connected [0] to localhost:1080  	[MsgId: MMSG-26000]
..\\Parameters\\common_lib.h(65): t=1291213ms: 740-byte request headers for "http://localhost:1080/WebTours/images/home.gif" (RelFrameId=, Internal ID=304)
..\\Parameters\\common_lib.h(65):     GET /WebTours/images/home.gif HTTP/1.1\r\n
..\\Parameters\\common_lib.h(65):     Referer: http://localhost:1080/cgi-bin/nav.pl?page=menu&in=itinerary\r\n
..\\Parameters\\common_lib.h(65):     Sec-Fetch-Dest: frame\r\n
..\\Parameters\\common_lib.h(65):     Sec-Fetch-Mode: navigate\r\n
..\\Parameters\\common_lib.h(65):     Sec-Fetch-Site: same-origin\r\n
..\\Parameters\\common_lib.h(65):     Upgrade-Insecure-Requests: 1\r\n
..\\Parameters\\common_lib.h(65):     sec-ch-ua: "Chromium";v="112", "Google Chrome";v="112", "Not:A-Brand";v="99"\r\n
..\\Parameters\\common_lib.h(65):     sec-ch-ua-mobile: ?0\r\n
..\\Parameters\\common_lib.h(65):     sec-ch-ua-platform: "Windows"\r\n
..\\Parameters\\common_lib.h(65):     User-Agent: Crashpad/0.8.0 WinHTTP/10.0.19041.2673 Windows_NT/10.0.19041.2788 (x64)\r\n
..\\Parameters\\common_lib.h(65):     Accept-Encoding: gzip, deflate, br\r\n
..\\Parameters\\common_lib.h(65):     Accept-Language: ru-RU,ru;q=0.9,en-US;q=0.8,en;q=0.7\r\n
..\\Parameters\\common_lib.h(65):     Accept: */*\r\n
..\\Parameters\\common_lib.h(65):     Connection: Keep-Alive\r\n
..\\Parameters\\common_lib.h(65):     Host: localhost:1080\r\n
..\\Parameters\\common_lib.h(65):     Cookie: MSO=SID&1684060659; MTUserInfo=firstName&Pacha&address2&Perm&username&mims&hash&83
..\\Parameters\\common_lib.h(65):     &lastName&Kuznecov%0A&address1&Krasnaia&creditCard&&expDate&%0A\r\n
..\\Parameters\\common_lib.h(65):     \r\n
..\\Parameters\\common_lib.h(65): t=1291213ms: 297-byte response headers for "http://localhost:1080/WebTours/images/cancelallreservations.gif" (RelFrameId=, Internal ID=306)
..\\Parameters\\common_lib.h(65):     HTTP/1.1 200 OK\r\n
..\\Parameters\\common_lib.h(65):     Date: Sun, 14 May 2023 10:37:49 GMT\r\n
..\\Parameters\\common_lib.h(65):     Server: Apache/2.2.21 (Win32)\r\n
..\\Parameters\\common_lib.h(65):     Last-Modified: Thu, 12 Jan 2012 13:30:28 GMT\r\n
..\\Parameters\\common_lib.h(65):     ETag: "b0000000994f5-2e6-4b654c0620500"\r\n
..\\Parameters\\common_lib.h(65):     Accept-Ranges: bytes\r\n
..\\Parameters\\common_lib.h(65):     Content-Length: 742\r\n
..\\Parameters\\common_lib.h(65):     Keep-Alive: timeout=5, max=98\r\n
..\\Parameters\\common_lib.h(65):     Connection: Keep-Alive\r\n
..\\Parameters\\common_lib.h(65):     Content-Type: image/gif\r\n
..\\Parameters\\common_lib.h(65):     \r\n
..\\Parameters\\common_lib.h(65): t=1291214ms: 742-byte response body for "http://localhost:1080/WebTours/images/cancelallreservations.gif" (RelFrameId=, Internal ID=306)
..\\Parameters\\common_lib.h(65): t=1291214ms: Request done "http://localhost:1080/WebTours/images/cancelallreservations.gif"  	[MsgId: MMSG-26000]
..\\Parameters\\common_lib.h(65): t=1291214ms: 297-byte response headers for "http://localhost:1080/WebTours/images/home.gif" (RelFrameId=, Internal ID=304)
..\\Parameters\\common_lib.h(65):     HTTP/1.1 200 OK\r\n
..\\Parameters\\common_lib.h(65):     Date: Sun, 14 May 2023 10:37:49 GMT\r\n
..\\Parameters\\common_lib.h(65):     Server: Apache/2.2.21 (Win32)\r\n
..\\Parameters\\common_lib.h(65):     Last-Modified: Thu, 12 Jan 2012 13:30:28 GMT\r\n
..\\Parameters\\common_lib.h(65):     ETag: "b0000000994fd-2b0-4b654c0620500"\r\n
..\\Parameters\\common_lib.h(65):     Accept-Ranges: bytes\r\n
..\\Parameters\\common_lib.h(65):     Content-Length: 688\r\n
..\\Parameters\\common_lib.h(65):     Keep-Alive: timeout=5, max=97\r\n
..\\Parameters\\common_lib.h(65):     Connection: Keep-Alive\r\n
..\\Parameters\\common_lib.h(65):     Content-Type: image/gif\r\n
..\\Parameters\\common_lib.h(65):     \r\n
..\\Parameters\\common_lib.h(65): t=1291214ms: 688-byte response body for "http://localhost:1080/WebTours/images/home.gif" (RelFrameId=, Internal ID=304)
..\\Parameters\\common_lib.h(65): t=1291214ms: Request done "http://localhost:1080/WebTours/images/home.gif"  	[MsgId: MMSG-26000]
..\\Parameters\\common_lib.h(65): web_url("Itinerary Button") was successful, 601632 body bytes, 1915 header bytes, 1155 chunking overhead bytes  	[MsgId: MMSG-26385]
..\\Parameters\\common_lib.h(75): Notify: Transaction "Itinerary_Button" ended with a "Pass" status (Duration: 0,5381).	[MsgId: MMSG-16873]
Action.c(77): Notify: Transaction "05_viewing the flight route" ended with a "Pass" status (Duration: 10,8777 Think Time: 10,0239 Wasted Time: 0,0007).	[MsgId: MMSG-16870]
Ending action Action.	[MsgId: MMSG-15918]
Ending iteration 17.	[MsgId: MMSG-15965]
Waiting 69,1220 seconds for iteration pacing.	[MsgId: MMSG-15996]
Action was aborted.	[MsgId: MMSG-10694]
Ending Vuser...	[MsgId: MMSG-15966]
Starting action vuser_end.	[MsgId: MMSG-15919]
Ending action vuser_end.	[MsgId: MMSG-15918]
Vuser Terminated.	[MsgId: MMSG-15963]
t=1359852ms: Closed connection [0] to localhost:1080 after completing 4 request(s)  	[MsgId: MMSG-26000]
t=1359852ms: Closed connection [1] to localhost:1080 after completing 3 request(s)  	[MsgId: MMSG-26000]
HTML-Mode memory management statistics: Reusable=87, NonReusable=0, CsMemBlockSize=4096, checks disabled  	[MsgId: MMSG-26000]
Vuser 0 (thread 8872), ended OK."	[MsgId: MMSG-10695]
