..\\Parameters\\common_lib.h(208):     pe="hidden" name=".cgifields" value="338"  /><input type="hidden" name=".cgifields" value=
..\\Parameters\\common_lib.h(208):     "576"  /><input type="hidden" name=".cgifields" value="222"  /><input type="hidden" name="
..\\Parameters\\common_lib.h(208):     .cgifields" value="25"  /><input type="hidden" name=".cgifields" value="83"  /><input type
..\\Parameters\\common_lib.h(208):     ="hidden" name=".cgifields" value="484"  /><input type="hidden" name=".cgifields" value="3
..\\Parameters\\common_lib.h(208):     05"  /><input type="hidden" name=".cgifields" value="544"  /><input type="hidden" name=".c
..\\Parameters\\common_lib.h(208):     gifields" value="217"  /><input type="hidden" name=".cgifields" value="328"  /><input type
..\\Parameters\\common_lib.h(208):     ="hidden" name=".cgifields" value="239"  /><input type="hidden" name=".cgifields" value="1
..\\Parameters\\common_lib.h(208):     22"  /><input type="hidden" name=".cgifields" value="143"  /><input type="hidden" name=".c
..\\Parameters\\common_lib.h(208):     gifields" value="158"  /><input type="hidden" name=".cgifields" value="269"  /><input type
..\\Parameters\\common_lib.h(208):     ="hidden" name=".cgifields" value="281"  /><input type="hidden" name=".cgifields" value="4
..\\Parameters\\common_lib.h(208):     64"  /><input type="hidden" name=".cgifields" value="363"  /><input type="hidden" name=".c
..\\Parameters\\common_lib.h(208):     gifields" value="46"  /><input type="hidden" name=".cgifields" value="6"  /><input type="h
..\\Parameters\\common_lib.h(208):     idden" name=".cgifields" value="562"  /><input type="hidden" name=".cgifields" value="36" 
..\\Parameters\\common_lib.h(208):      /><input type="hidden" name=".cgifields" value="518"  /><input type="hidden" name=".cgifi
..\\Parameters\\common_lib.h(208):     elds" value="183"  /><input type="hidden" name=".cgifields" value="497"  /><input type="hi
..\\Parameters\\common_lib.h(208):     dden" name=".cgifields" value="472"  /><input type="hidden" name=".cgifields" value="362" 
..\\Parameters\\common_lib.h(208):      /><input type="hidden" name=".cgifields" value="439"  /><input type="hidden" name=".cgifi
..\\Parameters\\common_lib.h(208):     elds" value="317"  /><input type="hidden" name=".cgifields" value="132"  /><input type="hi
..\\Parameters\\common_lib.h(208):     dden" name=".cgifields" value="169"  /><input type="hidden" name=".cgifields" value="411" 
..\\Parameters\\common_lib.h(208):      /><input type="hidden" name=".cgifields" value="478"  /><input type="hidden" name=".cgifi
..\\Parameters\\common_lib.h(208):     elds" value="384"  /><input type="hidden" name=".cgifields" value="398"  /><input type="hi
..\\Parameters\\common_lib.h(208):     dden" name=".cgifields" value="546"  /><input type="hidden" name=".cgifields" value="537" 
..\\Parameters\\common_lib.h(208):      /><input type="hidden" name=".cgifields" value="407"  /><input type="hidden" name=".cgifi
..\\Parameters\\common_lib.h(208):     elds" value="18"  /><input type="hidden" name=".cgifields" value="376"  /><input type="hid
..\\Parameters\\common_lib.h(208):     den" name=".cgifields" value="522"  /><input type="hidden" name=".cgifields" value="125"  
..\\Parameters\\common_lib.h(208):     /><input type="hidden" name=".cgifields" value="599"  /><input type="hidden" name=".cgifie
..\\Parameters\\common_lib.h(208):     lds" value="44"  /><input type="hidden" name=".cgifields" value="587"  /><input type="hidd
..\\Parameters\\common_lib.h(208):     en" name=".cgifields" value="190"  /><input type="hidden" name=".cgifields" value="95"  />
..\\Parameters\\common_lib.h(208):     <input type="hidden" name=".cgifields" value="298"  /><input type="hidden" name=".cgifield
..\\Parameters\\common_lib.h(208):     s" value="313"  /><input type="hidden" name=".cgifields" value="243"  /><input type="hidde
..\\Parameters\\common_lib.h(208):     n" name=".cgifields" value="231"  /><input type="hidden" name=".cgifields" value="551"  />
..\\Parameters\\common_lib.h(208):     <input type="hidden" name=".cgifields" value="529"  /><input type="hidden" name=".cgifield
..\\Parameters\\common_lib.h(208):     s" value="148"  /><input type="hidden" name=".cgifields" value="343"  /><input type="hidde
..\\Parameters\\common_lib.h(208):     n" name=".cgifields" value="504"  /><input type="hidden" name=".cgifields" value="397"  />
..\\Parameters\\common_lib.h(208):     <input type="hidden" name=".cgifields" value="106"  /><input type="hidden" name=".cgifield
..\\Parameters\\common_lib.h(208):     s" value="157"  /><input type="hidden" name=".cgifields" value="65"  /><input type="hidden
..\\Parameters\\common_lib.h(208):     " name=".cgifields" value="203"  /><input type="hidden" name=".cgifields" value="261"  /><
..\\Parameters\\common_lib.h(208):     input type="hidden" name=".cgifields" value="81"  /><input type="hidden" name=".cgifields"
..\\Parameters\\common_lib.h(208):      value="321"  /><input type="hidden" name=".cgifields" value="459"  /><input type="hidden"
..\\Parameters\\common_lib.h(208):      name=".cgifields" value="86"  /><input type="hidden" name=".cgifields" value="284"  /><in
..\\Parameters\\common_lib.h(208):     put type="hidden" name=".cgifields" value="247"  /><input type="hidden" name=".cgifields" 
..\\Parameters\\common_lib.h(208):     value="371"  /><input type="hidden" name=".cgifields" value="204"  /><input type="hidden" 
..\\Parameters\\common_lib.h(208):     name=".cgifields" value="165"  /><input type="hidden" name=".cgifields" value="289"  /><in
..\\Parameters\\common_lib.h(208):     put type="hidden" name=".cgifields" value="2"  /><input type="hidden" name=".cgifields" va
..\\Parameters\\common_lib.h(208):     lue="435"  /><input type="hidden" name=".cgifields" value="401"  /><input type="hidden" na
..\\Parameters\\common_lib.h(208):     me=".cgifields" value="186"  /><input type="hidden" name=".cgifields" value="147"  /><inpu
..\\Parameters\\common_lib.h(208):     t type="hidden" name=".cgifields" value="339"  /><input type="hidden" name=".cgifields" va
..\\Parameters\\common_lib.h(208):     lue="228"  /><input type="hidden" name=".cgifields" value="531"  /><input type="hidden" na
..\\Parameters\\common_lib.h(208):     me=".cgifields" value="268"  /><input type="hidden" name=".cgifields" value="345"  /><inpu
..\\Parameters\\common_lib.h(208):     t type="hidden" name=".cgifields" value="596"  /><input type="hidden" name=".cgifields" va
..\\Parameters\\common_lib.h(208):     lue="172"  /><input type="hidden" name=".cgifields" value="319"  /><input type="hidden" na
..\\Parameters\\common_lib.h(208):     me=".cgifields" value="223"  /><input type="hidden" name=".cgifields" value="404"  /><inpu
..\\Parameters\\common_lib.h(208):     t type="hidden" name=".cgifields" value="516"  /><input type="hidden" name=".cgifields" va
..\\Parameters\\common_lib.h(208):     lue="282"  /><input type="hidden" name=".cgifields" value="420"  /><input type="hidden" na
..\\Parameters\\common_lib.h(208):     me=".cgifields" value="121"  /><input type="hidden" name=".cgifields" value="344"  /><inpu
..\\Parameters\\common_lib.h(208):     t type="hidden" name=".cgifields" value="487"  /><input type="hidden" name=".cgifields" va
..\\Parameters\\common_lib.h(208):     lue="494"  /><input type="hidden" name=".cgifields" value="238"  /><input type="hidden" na
..\\Parameters\\common_lib.h(208):     me=".cgifields" value="577"  /><input type="hidden" name=".cgifields" value="253"  /><inpu
..\\Parameters\\common_lib.h(208):     t type="hidden" name=".cgifields" value="561"  /><input type="hidden" name=".cgifields" va
..\\Parameters\\common_lib.h(208):     lue="448"  /><input type="hidden" name=".cgifields" value="209"  /><input type="hidden" na
..\\Parameters\\common_lib.h(208):     me=".cgifields" value="216"  /><input type="hid
..\\Parameters\\common_lib.h(208): t=7080637ms: 7-byte chunked response overhead for "http://localhost:1080/cgi-bin/itinerary.pl" (RelFrameId=1.2, Internal ID=2004)
..\\Parameters\\common_lib.h(208):     \r\n
..\\Parameters\\common_lib.h(208):     a6c\r\n
..\\Parameters\\common_lib.h(208): t=7080637ms: 7-byte chunked response overhead for "http://localhost:1080/cgi-bin/itinerary.pl" (RelFrameId=1.2, Internal ID=2004)
..\\Parameters\\common_lib.h(208):     \r\n
..\\Parameters\\common_lib.h(208):     0\r\n
..\\Parameters\\common_lib.h(208):     \r\n
..\\Parameters\\common_lib.h(208): t=7080637ms: 4110-byte chunked response body for "http://localhost:1080/cgi-bin/itinerary.pl" (RelFrameId=1.2, Internal ID=2004)
..\\Parameters\\common_lib.h(208):     den" name=".cgifields" value="357"  /><input type="hidden" name=".cgifields" value="117"  
..\\Parameters\\common_lib.h(208):     /><input type="hidden" name=".cgifields" value="63"  /><input type="hidden" name=".cgifiel
..\\Parameters\\common_lib.h(208):     ds" value="455"  /><input type="hidden" name=".cgifields" value="80"  /><input type="hidde
..\\Parameters\\common_lib.h(208):     n" name=".cgifields" value="336"  /><input type="hidden" name=".cgifields" value="457"  />
..\\Parameters\\common_lib.h(208):     <input type="hidden" name=".cgifields" value="179"  /><input type="hidden" name=".cgifield
..\\Parameters\\common_lib.h(208):     s" value="383"  /><input type="hidden" name=".cgifields" value="297"  /><input type="hidde
..\\Parameters\\common_lib.h(208):     n" name=".cgifields" value="277"  /><input type="hidden" name=".cgifields" value="92"  /><
..\\Parameters\\common_lib.h(208):     input type="hidden" name=".cgifields" value="10"  /><input type="hidden" name=".cgifields"
..\\Parameters\\common_lib.h(208):      value="550"  /><input type="hidden" name=".cgifields" value="505"  /><input type="hidden"
..\\Parameters\\common_lib.h(208):      name=".cgifields" value="419"  /><input type="hidden" name=".cgifields" value="133"  /><i
..\\Parameters\\common_lib.h(208):     nput type="hidden" name=".cgifields" value="290"  /><input type="hidden" name=".cgifields"
..\\Parameters\\common_lib.h(208):      value="592"  /><input type="hidden" name=".cgifields" value="149"  /><input type="hidden"
..\\Parameters\\common_lib.h(208):      name=".cgifields" value="123"  /><input type="hidden" name=".cgifields" value="304"  /><i
..\\Parameters\\common_lib.h(208):     nput type="hidden" name=".cgifields" value="547"  /><input type="hidden" name=".cgifields"
..\\Parameters\\common_lib.h(208):      value="210"  /><input type="hidden" name=".cgifields" value="406"  /><input type="hidden"
..\\Parameters\\common_lib.h(208):      name=".cgifields" value="258"  /><input type="hidden" name=".cgifields" value="396"  /><i
..\\Parameters\\common_lib.h(208):     nput type="hidden" name=".cgifields" value="482"  /><input type="hidden" name=".cgifields"
..\\Parameters\\common_lib.h(208):      value="173"  /><input type="hidden" name=".cgifields" value="530"  /><input type="hidden"
..\\Parameters\\common_lib.h(208):      name=".cgifields" value="56"  /><input type="hidden" name=".cgifields" value="499"  /><in
..\\Parameters\\common_lib.h(208):     put type="hidden" name=".cgifields" value="66"  /><input type="hidden" name=".cgifields" v
..\\Parameters\\common_lib.h(208):     alue="19"  /><input type="hidden" name=".cgifields" value="54"  /><input type="hidden" nam
..\\Parameters\\common_lib.h(208):     e=".cgifields" value="365"  /><input type="hidden" name=".cgifields" value="306"  /><input
..\\Parameters\\common_lib.h(208):      type="hidden" name=".cgifields" value="70"  /><input type="hidden" name=".cgifields" valu
..\\Parameters\\common_lib.h(208):     e="470"  /><input type="hidden" name=".cgifields" value="166"  /><input type="hidden" name
..\\Parameters\\common_lib.h(208):     =".cgifields" value="88"  /><input type="hidden" name=".cgifields" value="141"  /><input t
..\\Parameters\\common_lib.h(208):     ype="hidden" name=".cgifields" value="30"  /><input type="hidden" name=".cgifields" value=
..\\Parameters\\common_lib.h(208):     "570"  /><input type="hidden" name=".cgifields" value="403"  /><input type="hidden" name="
..\\Parameters\\common_lib.h(208):     .cgifields" value="252"  /><input type="hidden" name=".cgifields" value="466"  /><input ty
..\\Parameters\\common_lib.h(208):     pe="hidden" name=".cgifields" value="156"  /><input type="hidden" name=".cgifields" value=
..\\Parameters\\common_lib.h(208):     "134"  /><input type="hidden" name=".cgifields" value="75"  /><input type="hidden" name=".
..\\Parameters\\common_lib.h(208):     cgifields" value="283"  /><input type="hidden" name=".cgifields" value="59"  /><input type
..\\Parameters\\common_lib.h(208):     ="hidden" name=".cgifields" value="421"  /><input type="hidden" name=".cgifields" value="4
..\\Parameters\\common_lib.h(208):     50"  /><input type="hidden" name=".cgifields" value="271"  /><input type="hidden" name=".c
..\\Parameters\\common_lib.h(208):     gifields" value="491"  /><input type="hidden" name=".cgifields" value="219"  /><input type
..\\Parameters\\common_lib.h(208):     ="hidden" name=".cgifields" value="318"  /><input type="hidden" name=".cgifields" value="1
..\\Parameters\\common_lib.h(208):     3"  /><input type="hidden" name=".cgifields" value="105"  /><input type="hidden" name=".cg
..\\Parameters\\common_lib.h(208):     ifields" value="473"  /><input type="hidden" name=".cgifields" value="185"  /><input type=
..\\Parameters\\common_lib.h(208):     "hidden" name=".cgifields" value="3"  /><input type="hidden" name=".cgifields" value="597"
..\\Parameters\\common_lib.h(208):       /><input type="hidden" name=".cgifields" value="248"  /><input type="hidden" name=".cgif
..\\Parameters\\common_lib.h(208):     ields" value="390"  /><input type="hidden" name=".cgifields" value="146"  /><input type="h
..\\Parameters\\common_lib.h(208):     idden" name=".cgifields" value="111"  /><input type="hidden" name=".cgifields" value="38" 
..\\Parameters\\common_lib.h(208):      /><input type="hidden" name=".cgifields" value="356"  /><input type="hidden" name=".cgifi
..\\Parameters\\common_lib.h(208):     elds" value="408"  /><input type="hidden" name=".cgifields" value="4"  /><input type="hidd
..\\Parameters\\common_lib.h(208):     en" name=".cgifields" value="528"  /><input type="hidden" name=".cgifields" value="164"  /
..\\Parameters\\common_lib.h(208):     ><input type="hidden" name=".cgifields" value="196"  /><input type="hidden" name=".cgifiel
..\\Parameters\\common_lib.h(208):     ds" value="242"  /></div></form>\n
..\\Parameters\\common_lib.h(208):     \n
..\\Parameters\\common_lib.h(208):     </center>\n
..\\Parameters\\common_lib.h(208):     \n
..\\Parameters\\common_lib.h(208):     </body>\n
..\\Parameters\\common_lib.h(208):     </html>
..\\Parameters\\common_lib.h(208): t=7080637ms: Request done "http://localhost:1080/cgi-bin/itinerary.pl"  	[MsgId: MMSG-26000]
..\\Parameters\\common_lib.h(208): t=7080637ms: Already connected [0] to localhost:1080  	[MsgId: MMSG-26000]
..\\Parameters\\common_lib.h(208): t=7080637ms: 781-byte request headers for "http://localhost:1080/WebTours/images/cancelallreservations.gif" (RelFrameId=, Internal ID=2007)
..\\Parameters\\common_lib.h(208):     GET /WebTours/images/cancelallreservations.gif HTTP/1.1\r\n
..\\Parameters\\common_lib.h(208):     Referer: http://localhost:1080/cgi-bin/itinerary.pl\r\n
..\\Parameters\\common_lib.h(208):     Sec-Fetch-Dest: frame\r\n
..\\Parameters\\common_lib.h(208):     Sec-Fetch-Mode: navigate\r\n
..\\Parameters\\common_lib.h(208):     Sec-Fetch-Site: same-origin\r\n
..\\Parameters\\common_lib.h(208):     Upgrade-Insecure-Requests: 1\r\n
..\\Parameters\\common_lib.h(208):     sec-ch-ua: "Chromium";v="112", "Google Chrome";v="112", "Not:A-Brand";v="99"\r\n
..\\Parameters\\common_lib.h(208):     sec-ch-ua-mobile: ?0\r\n
..\\Parameters\\common_lib.h(208):     sec-ch-ua-platform: "Windows"\r\n
..\\Parameters\\common_lib.h(208):     Origin: http://localhost:1080\r\n
..\\Parameters\\common_lib.h(208):     User-Agent: Crashpad/0.8.0 WinHTTP/10.0.19041.2673 Windows_NT/10.0.19041.2788 (x64)\r\n
..\\Parameters\\common_lib.h(208):     Accept-Encoding: gzip, deflate, br\r\n
..\\Parameters\\common_lib.h(208):     Accept-Language: ru-RU,ru;q=0.9,en-US;q=0.8,en;q=0.7\r\n
..\\Parameters\\common_lib.h(208):     Accept: */*\r\n
..\\Parameters\\common_lib.h(208):     Connection: Keep-Alive\r\n
..\\Parameters\\common_lib.h(208):     Host: localhost:1080\r\n
..\\Parameters\\common_lib.h(208):     Cookie: MSO=SID&1684477134; MTUserInfo=firstName&Pacha&username&mims&address2&Perm&hash&83
..\\Parameters\\common_lib.h(208):     &expDate&03%2F23&creditCard&777777&address1&Krasnaia&lastName&Kuznecov%0A\r\n
..\\Parameters\\common_lib.h(208):     \r\n
..\\Parameters\\common_lib.h(208): t=7080637ms: Already connected [1] to localhost:1080  	[MsgId: MMSG-26000]
..\\Parameters\\common_lib.h(208): t=7080637ms: 777-byte request headers for "http://localhost:1080/WebTours/images/cancelreservation.gif" (RelFrameId=, Internal ID=2006)
..\\Parameters\\common_lib.h(208):     GET /WebTours/images/cancelreservation.gif HTTP/1.1\r\n
..\\Parameters\\common_lib.h(208):     Referer: http://localhost:1080/cgi-bin/itinerary.pl\r\n
..\\Parameters\\common_lib.h(208):     Sec-Fetch-Dest: frame\r\n
..\\Parameters\\common_lib.h(208):     Sec-Fetch-Mode: navigate\r\n
..\\Parameters\\common_lib.h(208):     Sec-Fetch-Site: same-origin\r\n
..\\Parameters\\common_lib.h(208):     Upgrade-Insecure-Requests: 1\r\n
..\\Parameters\\common_lib.h(208):     sec-ch-ua: "Chromium";v="112", "Google Chrome";v="112", "Not:A-Brand";v="99"\r\n
..\\Parameters\\common_lib.h(208):     sec-ch-ua-mobile: ?0\r\n
..\\Parameters\\common_lib.h(208):     sec-ch-ua-platform: "Windows"\r\n
..\\Parameters\\common_lib.h(208):     Origin: http://localhost:1080\r\n
..\\Parameters\\common_lib.h(208):     User-Agent: Crashpad/0.8.0 WinHTTP/10.0.19041.2673 Windows_NT/10.0.19041.2788 (x64)\r\n
..\\Parameters\\common_lib.h(208):     Accept-Encoding: gzip, deflate, br\r\n
..\\Parameters\\common_lib.h(208):     Accept-Language: ru-RU,ru;q=0.9,en-US;q=0.8,en;q=0.7\r\n
..\\Parameters\\common_lib.h(208):     Accept: */*\r\n
..\\Parameters\\common_lib.h(208):     Connection: Keep-Alive\r\n
..\\Parameters\\common_lib.h(208):     Host: localhost:1080\r\n
..\\Parameters\\common_lib.h(208):     Cookie: MSO=SID&1684477134; MTUserInfo=firstName&Pacha&username&mims&address2&Perm&hash&83
..\\Parameters\\common_lib.h(208):     &expDate&03%2F23&creditCard&777777&address1&Krasnaia&lastName&Kuznecov%0A\r\n
..\\Parameters\\common_lib.h(208):     \r\n
..\\Parameters\\common_lib.h(208): t=7080637ms: 297-byte response headers for "http://localhost:1080/WebTours/images/cancelallreservations.gif" (RelFrameId=, Internal ID=2007)
..\\Parameters\\common_lib.h(208):     HTTP/1.1 200 OK\r\n
..\\Parameters\\common_lib.h(208):     Date: Fri, 19 May 2023 06:19:25 GMT\r\n
..\\Parameters\\common_lib.h(208):     Server: Apache/2.2.21 (Win32)\r\n
..\\Parameters\\common_lib.h(208):     Last-Modified: Thu, 12 Jan 2012 13:30:28 GMT\r\n
..\\Parameters\\common_lib.h(208):     ETag: "1000000000fca-2e6-4b654c0620500"\r\n
..\\Parameters\\common_lib.h(208):     Accept-Ranges: bytes\r\n
..\\Parameters\\common_lib.h(208):     Content-Length: 742\r\n
..\\Parameters\\common_lib.h(208):     Keep-Alive: timeout=5, max=93\r\n
..\\Parameters\\common_lib.h(208):     Connection: Keep-Alive\r\n
..\\Parameters\\common_lib.h(208):     Content-Type: image/gif\r\n
..\\Parameters\\common_lib.h(208):     \r\n
..\\Parameters\\common_lib.h(208): t=7080637ms: 742-byte response body for "http://localhost:1080/WebTours/images/cancelallreservations.gif" (RelFrameId=, Internal ID=2007)
..\\Parameters\\common_lib.h(208): t=7080637ms: Request done "http://localhost:1080/WebTours/images/cancelallreservations.gif"  	[MsgId: MMSG-26000]
..\\Parameters\\common_lib.h(208): t=7080637ms: 297-byte response headers for "http://localhost:1080/WebTours/images/cancelreservation.gif" (RelFrameId=, Internal ID=2006)
..\\Parameters\\common_lib.h(208):     HTTP/1.1 200 OK\r\n
..\\Parameters\\common_lib.h(208):     Date: Fri, 19 May 2023 06:19:25 GMT\r\n
..\\Parameters\\common_lib.h(208):     Server: Apache/2.2.21 (Win32)\r\n
..\\Parameters\\common_lib.h(208):     Last-Modified: Thu, 12 Jan 2012 13:30:28 GMT\r\n
..\\Parameters\\common_lib.h(208):     ETag: "1000000000fcb-33f-4b654c0620500"\r\n
..\\Parameters\\common_lib.h(208):     Accept-Ranges: bytes\r\n
..\\Parameters\\common_lib.h(208):     Content-Length: 831\r\n
..\\Parameters\\common_lib.h(208):     Keep-Alive: timeout=5, max=98\r\n
..\\Parameters\\common_lib.h(208):     Connection: Keep-Alive\r\n
..\\Parameters\\common_lib.h(208):     Content-Type: image/gif\r\n
..\\Parameters\\common_lib.h(208):     \r\n
..\\Parameters\\common_lib.h(208): t=7080637ms: 831-byte response body for "http://localhost:1080/WebTours/images/cancelreservation.gif" (RelFrameId=, Internal ID=2006)
..\\Parameters\\common_lib.h(208): t=7080637ms: Request done "http://localhost:1080/WebTours/images/cancelreservation.gif"  	[MsgId: MMSG-26000]
..\\Parameters\\common_lib.h(208): web_url("Itinerary Button") was successful, 748299 body bytes, 1617 header bytes, 1427 chunking overhead bytes  	[MsgId: MMSG-26385]
..\\Parameters\\common_lib.h(218): Notify: Transaction "Itinerary_Button" ended with a "Pass" status (Duration: 0,6093).	[MsgId: MMSG-16873]
Action.c(80): lr_think_time: 5,00 seconds.	[MsgId: MMSG-15948]
..\\Parameters\\common_lib.h(224): Notify: Transaction "log_out" started.	[MsgId: MMSG-16999]
..\\Parameters\\common_lib.h(226): web_remove_auto_header("Origin") started  	[MsgId: MMSG-26355]
..\\Parameters\\common_lib.h(226): Previous automatically added web header for "Origin" removed  	[MsgId: MMSG-26587]
..\\Parameters\\common_lib.h(226): web_remove/revert_auto_header("Origin") was successful  	[MsgId: MMSG-26392]
..\\Parameters\\common_lib.h(228): web_reg_find started  	[MsgId: MMSG-26355]
..\\Parameters\\common_lib.h(228): Registering web_reg_find was successful  	[MsgId: MMSG-26390]
..\\Parameters\\common_lib.h(231): web_url("SignOff Button") started  	[MsgId: MMSG-26355]
..\\Parameters\\common_lib.h(231): t=7081450ms: Closed connection [0] to localhost:1080 after completing 8 request(s)  	[MsgId: MMSG-26000]
..\\Parameters\\common_lib.h(231): t=7081450ms: Connecting [0] to host 127.0.0.1:1080  	[MsgId: MMSG-26000]
..\\Parameters\\common_lib.h(231): t=7081450ms: Connected socket [0] from 127.0.0.1:13507 to 127.0.0.1:1080 in 0 ms  	[MsgId: MMSG-26000]
..\\Parameters\\common_lib.h(231): t=7081450ms: 748-byte request headers for "http://localhost:1080/cgi-bin/welcome.pl?signOff=1" (RelFrameId=1, Internal ID=1498)
..\\Parameters\\common_lib.h(231):     GET /cgi-bin/welcome.pl?signOff=1 HTTP/1.1\r\n
..\\Parameters\\common_lib.h(231):     Referer: http://localhost:1080/cgi-bin/nav.pl?page=menu&in=flights\r\n
..\\Parameters\\common_lib.h(231):     Sec-Fetch-Dest: frame\r\n
..\\Parameters\\common_lib.h(231):     Sec-Fetch-Mode: navigate\r\n
..\\Parameters\\common_lib.h(231):     Sec-Fetch-Site: same-origin\r\n
..\\Parameters\\common_lib.h(231):     Upgrade-Insecure-Requests: 1\r\n
..\\Parameters\\common_lib.h(231):     sec-ch-ua: "Chromium";v="112", "Google Chrome";v="112", "Not:A-Brand";v="99"\r\n
..\\Parameters\\common_lib.h(231):     sec-ch-ua-mobile: ?0\r\n
..\\Parameters\\common_lib.h(231):     sec-ch-ua-platform: "Windows"\r\n
..\\Parameters\\common_lib.h(231):     User-Agent: Crashpad/0.8.0 WinHTTP/10.0.19041.2673 Windows_NT/10.0.19041.2788 (x64)\r\n
..\\Parameters\\common_lib.h(231):     Accept-Encoding: gzip, deflate, br\r\n
..\\Parameters\\common_lib.h(231):     Accept-Language: ru-RU,ru;q=0.9,en-US;q=0.8,en;q=0.7\r\n
..\\Parameters\\common_lib.h(231):     Accept: */*\r\n
..\\Parameters\\common_lib.h(231):     Connection: Keep-Alive\r\n
..\\Parameters\\common_lib.h(231):     Host: localhost:1080\r\n
..\\Parameters\\common_lib.h(231):     Cookie: MSO=SID&1684477130; MTUserInfo=firstName&Yura&username&vivs&address2&Yral&hash&51&
..\\Parameters\\common_lib.h(231):     expDate&05%2F23&creditCard&100000&address1&Lenina&lastName&Kazakov%0A\r\n
..\\Parameters\\common_lib.h(231):     \r\n
..\\Parameters\\common_lib.h(231): t=7081450ms: Inactive socket [1] was closed by localhost:1080, probably due to Keep-Alive timeout  	[MsgId: MMSG-26000]
..\\Parameters\\common_lib.h(231): t=7081450ms: Closed connection [1] to localhost:1080 after completing 3 request(s)  	[MsgId: MMSG-26000]
..\\Parameters\\common_lib.h(231): t=7081481ms: 328-byte response headers for "http://localhost:1080/cgi-bin/welcome.pl?signOff=1" (RelFrameId=1, Internal ID=1498)
..\\Parameters\\common_lib.h(231):     HTTP/1.1 200 OK\r\n
..\\Parameters\\common_lib.h(231):     Date: Fri, 19 May 2023 06:19:26 GMT\r\n
..\\Parameters\\common_lib.h(231):     Server: Apache/2.2.21 (Win32)\r\n
..\\Parameters\\common_lib.h(231):     Set-Cookie: MSO=SID&1684477166; path=/\r\n
..\\Parameters\\common_lib.h(231):     Set-Cookie: MTUserInfo=; path=/; expires=Thu, 18-May-2023 06:19:26 GMT\r\n
..\\Parameters\\common_lib.h(231):     Keep-Alive: timeout=5, max=100\r\n
..\\Parameters\\common_lib.h(231):     Connection: Keep-Alive\r\n
..\\Parameters\\common_lib.h(231):     Transfer-Encoding: chunked\r\n
..\\Parameters\\common_lib.h(231):     Content-Type: text/html; charset=ISO-8859-1\r\n
..\\Parameters\\common_lib.h(231):     \r\n
..\\Parameters\\common_lib.h(231): t=7081481ms: 5-byte chunked response overhead for "http://localhost:1080/cgi-bin/welcome.pl?signOff=1" (RelFrameId=1, Internal ID=1498)
..\\Parameters\\common_lib.h(231):     2ae\r\n
..\\Parameters\\common_lib.h(231): t=7081481ms: 2-byte chunked response overhead for "http://localhost:1080/cgi-bin/welcome.pl?signOff=1" (RelFrameId=1, Internal ID=1498)
..\\Parameters\\common_lib.h(231):     \r\n
..\\Parameters\\common_lib.h(231): t=7081481ms: 686-byte chunked response body for "http://localhost:1080/cgi-bin/welcome.pl?signOff=1" (RelFrameId=1, Internal ID=1498)
..\\Parameters\\common_lib.h(231):     <!-- \n
..\\Parameters\\common_lib.h(231):      A Session ID has been created and loaded into a cookie called MSO.\n
..\\Parameters\\common_lib.h(231):      Also, the server options have been loaded into the cookie called\n
..\\Parameters\\common_lib.h(231):      MSO as well.  The server options can be set via the Admin page.\n
..\\Parameters\\common_lib.h(231):      --->\n
..\\Parameters\\common_lib.h(231):     \n
..\\Parameters\\common_lib.h(231):     <html>\n
..\\Parameters\\common_lib.h(231):     <title>Web Tours</title>\n
..\\Parameters\\common_lib.h(231):        <!-- Frame Set -->\n
..\\Parameters\\common_lib.h(231):        <frameset cols="160,*" border="1" frameborder="1">\n
..\\Parameters\\common_lib.h(231):           <!-- Navigation Frame -->\n
..\\Parameters\\common_lib.h(231):           <frame src="nav.pl?in=home" name="navbar" marginheight="2" marginwidth="2" \n
..\\Parameters\\common_lib.h(231):                 noresize="noresize" scrolling="auto"/>\n
..\\Parameters\\common_lib.h(231):           <!-- Home Frame -->\n
..\\Parameters\\common_lib.h(231):           <frame src="/WebTours/home.html" name="info" marginheight="2" marginwidth="2" \n
..\\Parameters\\common_lib.h(231):                 noresize="noresize" scrolling="auto"/>\n
..\\Parameters\\common_lib.h(231):        </frameset>\n
..\\Parameters\\common_lib.h(231):     </html>\n
..\\Parameters\\common_lib.h(231):     \n
..\\Parameters\\common_lib.h(231):     </body>\n
..\\Parameters\\common_lib.h(231):     </html>
..\\Parameters\\common_lib.h(231): Detected non-resource "http://localhost:1080/cgi-bin/nav.pl?in=home" in "http://localhost:1080/cgi-bin/welcome.pl?signOff=1"  	[MsgId: MMSG-26574]
..\\Parameters\\common_lib.h(231): Detected non-resource "http://localhost:1080/WebTours/home.html" in "http://localhost:1080/cgi-bin/welcome.pl?signOff=1"  	[MsgId: MMSG-26574]
..\\Parameters\\common_lib.h(231): Retrieving data from cache for "http://localhost:1080/WebTours/home.html"  	[MsgId: MMSG-26558]
..\\Parameters\\common_lib.h(231): t=7081481ms: 1361-byte response body retrieved from cache for "http://localhost:1080/WebTours/home.html" (RelFrameId=1.2, Internal ID=1500)
..\\Parameters\\common_lib.h(231):     <HTML>\n
..\\Parameters\\common_lib.h(231):     <HEAD>\n
..\\Parameters\\common_lib.h(231):     \t<title>Web Tours</title>\n
..\\Parameters\\common_lib.h(231):     </HEAD>\n
..\\Parameters\\common_lib.h(231):     <style>\n
..\\Parameters\\common_lib.h(231):     \tblockquote {font-family: tahoma; font-size : 10pt}\n
..\\Parameters\\common_lib.h(231):     \tH1 {font-family: tahoma; font-size : 22pt; color: #003366}\n
..\\Parameters\\common_lib.h(231):     \tsmall {font-family: tahoma; font-size : 8pt}\n
..\\Parameters\\common_lib.h(231):     \tH3{font-family: tahoma; font-size : 10pt; color: black}\n
..\\Parameters\\common_lib.h(231):     \tA {FONT-WEIGHT: bold; FONT-SIZE: 10pt; COLOR: black; FONT-FAMILY: Tahoma; TEXT-DECORATIO
..\\Parameters\\common_lib.h(231):     N: none}\n
..\\Parameters\\common_lib.h(231):     \tA:hover{ FONT-WEIGHT: bold; FONT-SIZE: 10pt; COLOR: #993333; FONT-FAMILY: Tahoma;TEXT-DE
..\\Parameters\\common_lib.h(231):     CORATION: underline}\n
..\\Parameters\\common_lib.h(231):     \tTD {font-family: tahoma; font-size : 10pt; color: black}\n
..\\Parameters\\common_lib.h(231):     </style>\n
..\\Parameters\\common_lib.h(231):     <body bgcolor="#e0e7f1">\n
..\\Parameters\\common_lib.h(231):     <BR/>\n
..\\Parameters\\common_lib.h(231):     <BR/>\n
..\\Parameters\\common_lib.h(231):     <BR/>\n
..\\Parameters\\common_lib.h(231):     <br/>\n
..\\Parameters\\common_lib.h(231):     <table border="0">\n
..\\Parameters\\common_lib.h(231):     <tr><td></td></tr>\n
..\\Parameters\\common_lib.h(231):     <TR><TD></TD></TR>\n
..\\Parameters\\common_lib.h(231):     <TR><TD>\n
..\\Parameters\\common_lib.h(231):     <blockquote>\n
..\\Parameters\\common_lib.h(231):     <H1><b>Web Tours</b></H1>\n
..\\Parameters\\common_lib.h(231):     Welcome to the Web Tours site.\n
..\\Parameters\\common_lib.h(231):     <br/>\n
..\\Parameters\\common_lib.h(231):     To make reservations,please enter your account information to the left.\n
..\\Parameters\\common_lib.h(231):     <br/>\n
..\\Parameters\\common_lib.h(231):     If you haven't registered yet, <A href="/cgi-bin/login.pl?username=&amp;password=&amp;getI
..\\Parameters\\common_lib.h(231):     nfo=true" ><B>sign up now</B></A> to get access to all our resources.\n
..\\Parameters\\common_lib.h(231):     <br/>\n
..\\Parameters\\common_lib.h(231):     To configure the server options, use <A href="/cgi-bin/admin.pl" target="body" ><b>adminis
..\\Parameters\\common_lib.h(231):     tration</b></A> link.\n
..\\Parameters\\common_lib.h(231):     <br/><br/><br/><br/><br/><br/>\n
..\\Parameters\\common_lib.h(231):     <br/><small>\n
..\\Parameters\\common_lib.h(231):     This product uses parts of the SMT Kernel, Copyright (c) 1991-99 <A href="http://www.imati
..\\Parameters\\common_lib.h(231):     x.com" target="new"><B><small>iMatix Corporation</small></B></A> \n
..\\Parameters\\common_lib.h(231):     </small>\n
..\\Parameters\\common_lib.h(231):     </blockquote></TD>\n
..\\Parameters\\common_lib.h(231):     <TD></TD></TR>\n
..\\Parameters\\common_lib.h(231):     </table>\n
..\\Parameters\\common_lib.h(231):     </body>\n
..\\Parameters\\common_lib.h(231):     </HTML>\n
..\\Parameters\\common_lib.h(231): t=7081481ms: Connecting [1] to host 127.0.0.1:1080  	[MsgId: MMSG-26000]
..\\Parameters\\common_lib.h(231): t=7081481ms: 5-byte chunked response overhead for "http://localhost:1080/cgi-bin/welcome.pl?signOff=1" (RelFrameId=1, Internal ID=1498)
..\\Parameters\\common_lib.h(231):     0\r\n
..\\Parameters\\common_lib.h(231):     \r\n
..\\Parameters\\common_lib.h(231): t=7081481ms: Request done "http://localhost:1080/cgi-bin/welcome.pl?signOff=1"  	[MsgId: MMSG-26000]
..\\Parameters\\common_lib.h(231): t=7081481ms: Connected socket [1] from 127.0.0.1:13508 to 127.0.0.1:1080 in 0 ms  	[MsgId: MMSG-26000]
..\\Parameters\\common_lib.h(231): t=7081481ms: 602-byte request headers for "http://localhost:1080/cgi-bin/nav.pl?in=home" (RelFrameId=1.1, Internal ID=1499)
..\\Parameters\\common_lib.h(231):     GET /cgi-bin/nav.pl?in=home HTTP/1.1\r\n
..\\Parameters\\common_lib.h(231):     Referer: http://localhost:1080/cgi-bin/welcome.pl?signOff=1\r\n
..\\Parameters\\common_lib.h(231):     Sec-Fetch-Dest: frame\r\n
..\\Parameters\\common_lib.h(231):     Sec-Fetch-Mode: navigate\r\n
..\\Parameters\\common_lib.h(231):     Sec-Fetch-Site: same-origin\r\n
..\\Parameters\\common_lib.h(231):     Upgrade-Insecure-Requests: 1\r\n
..\\Parameters\\common_lib.h(231):     sec-ch-ua: "Chromium";v="112", "Google Chrome";v="112", "Not:A-Brand";v="99"\r\n
..\\Parameters\\common_lib.h(231):     sec-ch-ua-mobile: ?0\r\n
..\\Parameters\\common_lib.h(231):     sec-ch-ua-platform: "Windows"\r\n
..\\Parameters\\common_lib.h(231):     User-Agent: Crashpad/0.8.0 WinHTTP/10.0.19041.2673 Windows_NT/10.0.19041.2788 (x64)\r\n
..\\Parameters\\common_lib.h(231):     Accept-Encoding: gzip, deflate, br\r\n
..\\Parameters\\common_lib.h(231):     Accept-Language: ru-RU,ru;q=0.9,en-US;q=0.8,en;q=0.7\r\n
..\\Parameters\\common_lib.h(231):     Accept: */*\r\n
..\\Parameters\\common_lib.h(231):     Connection: Keep-Alive\r\n
..\\Parameters\\common_lib.h(231):     Host: localhost:1080\r\n
..\\Parameters\\common_lib.h(231):     Cookie: MSO=SID&1684477166\r\n
..\\Parameters\\common_lib.h(231):     \r\n
..\\Parameters\\common_lib.h(231): t=7081528ms: 256-byte response headers for "http://localhost:1080/cgi-bin/nav.pl?in=home" (RelFrameId=1.1, Internal ID=1499)
..\\Parameters\\common_lib.h(231):     HTTP/1.1 200 OK\r\n
..\\Parameters\\common_lib.h(231):     Date: Fri, 19 May 2023 06:19:26 GMT\r\n
..\\Parameters\\common_lib.h(231):     Server: Apache/2.2.21 (Win32)\r\n
..\\Parameters\\common_lib.h(231):     Expires: Thu, 18 May 2023 06:19:26 GMT\r\n
..\\Parameters\\common_lib.h(231):     Keep-Alive: timeout=5, max=100\r\n
..\\Parameters\\common_lib.h(231):     Connection: Keep-Alive\r\n
..\\Parameters\\common_lib.h(231):     Transfer-Encoding: chunked\r\n
..\\Parameters\\common_lib.h(231):     Content-Type: text/html; charset=ISO-8859-1\r\n
..\\Parameters\\common_lib.h(231):     \r\n
..\\Parameters\\common_lib.h(231): t=7081528ms: 5-byte chunked response overhead for "http://localhost:1080/cgi-bin/nav.pl?in=home" (RelFrameId=1.1, Internal ID=1499)
..\\Parameters\\common_lib.h(231):     5d1\r\n
..\\Parameters\\common_lib.h(231): t=7081528ms: 2-byte chunked response overhead for "http://localhost:1080/cgi-bin/nav.pl?in=home" (RelFrameId=1.1, Internal ID=1499)
..\\Parameters\\common_lib.h(231):     \r\n
..\\Parameters\\common_lib.h(231): t=7081528ms: 1489-byte chunked response body for "http://localhost:1080/cgi-bin/nav.pl?in=home" (RelFrameId=1.1, Internal ID=1499)
..\\Parameters\\common_lib.h(231):     <!DOCTYPE html\n
..\\Parameters\\common_lib.h(231):     \tPUBLIC "-//W3C//DTD XHTML 1.0 Transitional//EN"\n
..\\Parameters\\common_lib.h(231):     \t "http://www.w3.org/TR/xhtml1/DTD/xhtml1-transitional.dtd">\n
..\\Parameters\\common_lib.h(231):     <html xmlns="http://www.w3.org/1999/xhtml" lang="en-US" xml:lang="en-US">\n
..\\Parameters\\common_lib.h(231):     <head>\n
..\\Parameters\\common_lib.h(231):     <title>Web Tours Navigation Bar</title>\n
..\\Parameters\\common_lib.h(231):     <meta http-equiv="Content-Type" content="text/html; charset=iso-8859-1" />\n
..\\Parameters\\common_lib.h(231):     </head>\n
..\\Parameters\\common_lib.h(231):     <body bgcolor="#E0E7F1">\n
..\\Parameters\\common_lib.h(231):     <style>\n
..\\Parameters\\common_lib.h(231):     blockquote {font-family: tahoma; font-size : 10pt}\n
..\\Parameters\\common_lib.h(231):     H1 {font-family: tahoma; font-size : 22pt; color: #993333}\n
..\\Parameters\\common_lib.h(231):     H3 {font-family: tahoma; font-size : 10pt; color: black}\n
..\\Parameters\\common_lib.h(231):     small {font-family: tahoma; font-size : 8pt}\n
..\\Parameters\\common_lib.h(231):     </style>\n
..\\Parameters\\common_lib.h(231):     <form method="post" action="/cgi-bin/login.pl" target="body">\n
..\\Parameters\\common_lib.h(231):     <input type="hidden" name="userSession" value="136450.155204536HAVizftpifiDDDDDtcVVVpQcQVf
..\\Parameters\\common_lib.h(231):     "/>\n
..\\Parameters\\common_lib.h(231):     <table border="0"><tr><td>&nbsp;</td>\n
..\\Parameters\\common_lib.h(231):     <td>&nbsp;</td></tr>\n
..\\Parameters\\common_lib.h(231):     <tr><td>&nbsp;</td>\n
..\\Parameters\\common_lib.h(231):     <td>&nbsp;</td></tr>\n
..\\Parameters\\common_lib.h(231):     <tr><td>&nbsp;</td>\n
..\\Parameters\\common_lib.h(231):     <td><small>&nbsp;Username</small></td></tr>\n
..\\Parameters\\common_lib.h(231):     <tr><td>&nbsp;</td>\n
..\\Parameters\\common_lib.h(231):     <td><input type="text" name="username" value="" size="14" maxlength="14"/></td></tr>\n
..\\Parameters\\common_lib.h(231):     <tr><td>&nbsp;</td>\n
..\\Parameters\\common_lib.h(231):     <td><small>&nbsp;Password</small></td>\n
..\\Parameters\\common_lib.h(231):     <tr><td>&nbsp;</td>\n
..\\Parameters\\common_lib.h(231):     <td><input type="password" name="password" value="" size="14" maxlength="14"/></td></tr>\n
..\\Parameters\\common_lib.h(231):     <tr><td>&nbsp;</td>\n
..\\Parameters\\common_lib.h(231):     <td>&nbsp;</td></tr>\n
..\\Parameters\\common_lib.h(231):     <tr><td>&nbsp;</td>\n
..\\Parameters\\common_lib.h(231):     <td><input type="image" name="login" value="Login" alt="Login" border="1" \n
..\\Parameters\\common_lib.h(231):     src="/WebTours/images/mer_login.gif"/></td></tr>\n
..\\Parameters\\common_lib.h(231):     <tr><td>&nbsp;</td><td>&nbsp;</td></tr>\n
..\\Parameters\\common_lib.h(231):     </table><input type="hidden" name="JSFormSubmit" value="off"/>\n
..\\Parameters\\common_lib.h(231):     </form>\n
..\\Parameters\\common_lib.h(231):     \n
..\\Parameters\\common_lib.h(231):     </body>\n
..\\Parameters\\common_lib.h(231):     </html>\n
..\\Parameters\\common_lib.h(231): Resource "http://localhost:1080/WebTours/images/mer_login.gif" is in the cache already and will not be downloaded again  	[MsgId: MMSG-26655]
..\\Parameters\\common_lib.h(231): t=7081528ms: 5-byte chunked response overhead for "http://localhost:1080/cgi-bin/nav.pl?in=home" (RelFrameId=1.1, Internal ID=1499)
..\\Parameters\\common_lib.h(231):     0\r\n
..\\Parameters\\common_lib.h(231):     \r\n
..\\Parameters\\common_lib.h(231): t=7081528ms: Request done "http://localhost:1080/cgi-bin/nav.pl?in=home"  	[MsgId: MMSG-26000]
..\\Parameters\\common_lib.h(231): Registered web_reg_find successful for "Text=A Session ID has been created" (count=1)  	[MsgId: MMSG-26364]
..\\Parameters\\common_lib.h(231): web_url("SignOff Button") was successful, 2175 body bytes, 584 header bytes, 24 chunking overhead bytes  	[MsgId: MMSG-26385]
..\\Parameters\\common_lib.h(241): Notify: Transaction "log_out" ended with a "Pass" status (Duration: 0,0781).	[MsgId: MMSG-16873]
Action.c(84): Notify: Transaction "02_booking_a_ticket" ended with a "Pass" status (Duration: 36,4505 Think Time: 35,0328).	[MsgId: MMSG-16872]
Ending action Action.	[MsgId: MMSG-15918]
Action was aborted.	[MsgId: MMSG-10694]
Ending Vuser...	[MsgId: MMSG-15966]
Starting action vuser_end.	[MsgId: MMSG-15919]
Ending action vuser_end.	[MsgId: MMSG-15918]
Vuser Terminated.	[MsgId: MMSG-15963]
t=7081528ms: Closed connection [0] to localhost:1080 after completing 1 request(s)  	[MsgId: MMSG-26000]
t=7081528ms: Closed connection [1] to localhost:1080 after completing 1 request(s)  	[MsgId: MMSG-26000]
HTML-Mode memory management statistics: Reusable=107, NonReusable=0, CsMemBlockSize=4096, checks disabled  	[MsgId: MMSG-26000]
Vuser 10 (thread 5912), ended OK."	[MsgId: MMSG-10695]
..\\Parameters\\common_lib.h(224): Notify: Transaction "log_out" started.	[MsgId: MMSG-16999]
..\\Parameters\\common_lib.h(226): web_remove_auto_header("Origin") started  	[MsgId: MMSG-26355]
..\\Parameters\\common_lib.h(226): Previous automatically added web header for "Origin" removed  	[MsgId: MMSG-26587]
..\\Parameters\\common_lib.h(226): web_remove/revert_auto_header("Origin") was successful  	[MsgId: MMSG-26392]
..\\Parameters\\common_lib.h(228): web_reg_find started  	[MsgId: MMSG-26355]
..\\Parameters\\common_lib.h(228): Registering web_reg_find was successful  	[MsgId: MMSG-26390]
..\\Parameters\\common_lib.h(231): web_url("SignOff Button") started  	[MsgId: MMSG-26355]
..\\Parameters\\common_lib.h(231): t=7085640ms: Closed connection [0] to localhost:1080 after completing 8 request(s)  	[MsgId: MMSG-26000]
..\\Parameters\\common_lib.h(231): t=7085640ms: Connecting [0] to host 127.0.0.1:1080  	[MsgId: MMSG-26000]
..\\Parameters\\common_lib.h(231): t=7085640ms: Connected socket [0] from 127.0.0.1:13509 to 127.0.0.1:1080 in 0 ms  	[MsgId: MMSG-26000]
..\\Parameters\\common_lib.h(231): t=7085640ms: 752-byte request headers for "http://localhost:1080/cgi-bin/welcome.pl?signOff=1" (RelFrameId=1, Internal ID=2008)
..\\Parameters\\common_lib.h(231):     GET /cgi-bin/welcome.pl?signOff=1 HTTP/1.1\r\n
..\\Parameters\\common_lib.h(231):     Referer: http://localhost:1080/cgi-bin/nav.pl?page=menu&in=flights\r\n
..\\Parameters\\common_lib.h(231):     Sec-Fetch-Dest: frame\r\n
..\\Parameters\\common_lib.h(231):     Sec-Fetch-Mode: navigate\r\n
..\\Parameters\\common_lib.h(231):     Sec-Fetch-Site: same-origin\r\n
..\\Parameters\\common_lib.h(231):     Upgrade-Insecure-Requests: 1\r\n
..\\Parameters\\common_lib.h(231):     sec-ch-ua: "Chromium";v="112", "Google Chrome";v="112", "Not:A-Brand";v="99"\r\n
..\\Parameters\\common_lib.h(231):     sec-ch-ua-mobile: ?0\r\n
..\\Parameters\\common_lib.h(231):     sec-ch-ua-platform: "Windows"\r\n
..\\Parameters\\common_lib.h(231):     User-Agent: Crashpad/0.8.0 WinHTTP/10.0.19041.2673 Windows_NT/10.0.19041.2788 (x64)\r\n
..\\Parameters\\common_lib.h(231):     Accept-Encoding: gzip, deflate, br\r\n
..\\Parameters\\common_lib.h(231):     Accept-Language: ru-RU,ru;q=0.9,en-US;q=0.8,en;q=0.7\r\n
..\\Parameters\\common_lib.h(231):     Accept: */*\r\n
..\\Parameters\\common_lib.h(231):     Connection: Keep-Alive\r\n
..\\Parameters\\common_lib.h(231):     Host: localhost:1080\r\n
..\\Parameters\\common_lib.h(231):     Cookie: MSO=SID&1684477134; MTUserInfo=firstName&Pacha&username&mims&address2&Perm&hash&83
..\\Parameters\\common_lib.h(231):     &expDate&03%2F23&creditCard&777777&address1&Krasnaia&lastName&Kuznecov%0A\r\n
..\\Parameters\\common_lib.h(231):     \r\n
..\\Parameters\\common_lib.h(231): t=7085640ms: Inactive socket [1] was closed by localhost:1080, probably due to Keep-Alive timeout  	[MsgId: MMSG-26000]
..\\Parameters\\common_lib.h(231): t=7085640ms: Closed connection [1] to localhost:1080 after completing 3 request(s)  	[MsgId: MMSG-26000]
..\\Parameters\\common_lib.h(231): t=7085671ms: 328-byte response headers for "http://localhost:1080/cgi-bin/welcome.pl?signOff=1" (RelFrameId=1, Internal ID=2008)
..\\Parameters\\common_lib.h(231):     HTTP/1.1 200 OK\r\n
..\\Parameters\\common_lib.h(231):     Date: Fri, 19 May 2023 06:19:30 GMT\r\n
..\\Parameters\\common_lib.h(231):     Server: Apache/2.2.21 (Win32)\r\n
..\\Parameters\\common_lib.h(231):     Set-Cookie: MSO=SID&1684477170; path=/\r\n
..\\Parameters\\common_lib.h(231):     Set-Cookie: MTUserInfo=; path=/; expires=Thu, 18-May-2023 06:19:30 GMT\r\n
..\\Parameters\\common_lib.h(231):     Keep-Alive: timeout=5, max=100\r\n
..\\Parameters\\common_lib.h(231):     Connection: Keep-Alive\r\n
..\\Parameters\\common_lib.h(231):     Transfer-Encoding: chunked\r\n
..\\Parameters\\common_lib.h(231):     Content-Type: text/html; charset=ISO-8859-1\r\n
..\\Parameters\\common_lib.h(231):     \r\n
..\\Parameters\\common_lib.h(231): t=7085671ms: 5-byte chunked response overhead for "http://localhost:1080/cgi-bin/welcome.pl?signOff=1" (RelFrameId=1, Internal ID=2008)
..\\Parameters\\common_lib.h(231):     2ae\r\n
..\\Parameters\\common_lib.h(231): t=7085671ms: 2-byte chunked response overhead for "http://localhost:1080/cgi-bin/welcome.pl?signOff=1" (RelFrameId=1, Internal ID=2008)
..\\Parameters\\common_lib.h(231):     \r\n
..\\Parameters\\common_lib.h(231): t=7085671ms: 686-byte chunked response body for "http://localhost:1080/cgi-bin/welcome.pl?signOff=1" (RelFrameId=1, Internal ID=2008)
..\\Parameters\\common_lib.h(231):     <!-- \n
..\\Parameters\\common_lib.h(231):      A Session ID has been created and loaded into a cookie called MSO.\n
..\\Parameters\\common_lib.h(231):      Also, the server options have been loaded into the cookie called\n
..\\Parameters\\common_lib.h(231):      MSO as well.  The server options can be set via the Admin page.\n
..\\Parameters\\common_lib.h(231):      --->\n
..\\Parameters\\common_lib.h(231):     \n
..\\Parameters\\common_lib.h(231):     <html>\n
..\\Parameters\\common_lib.h(231):     <title>Web Tours</title>\n
..\\Parameters\\common_lib.h(231):        <!-- Frame Set -->\n
..\\Parameters\\common_lib.h(231):        <frameset cols="160,*" border="1" frameborder="1">\n
..\\Parameters\\common_lib.h(231):           <!-- Navigation Frame -->\n
..\\Parameters\\common_lib.h(231):           <frame src="nav.pl?in=home" name="navbar" marginheight="2" marginwidth="2" \n
..\\Parameters\\common_lib.h(231):                 noresize="noresize" scrolling="auto"/>\n
..\\Parameters\\common_lib.h(231):           <!-- Home Frame -->\n
..\\Parameters\\common_lib.h(231):           <frame src="/WebTours/home.html" name="info" marginheight="2" marginwidth="2" \n
..\\Parameters\\common_lib.h(231):                 noresize="noresize" scrolling="auto"/>\n
..\\Parameters\\common_lib.h(231):        </frameset>\n
..\\Parameters\\common_lib.h(231):     </html>\n
..\\Parameters\\common_lib.h(231):     \n
..\\Parameters\\common_lib.h(231):     </body>\n
..\\Parameters\\common_lib.h(231):     </html>
..\\Parameters\\common_lib.h(231): Detected non-resource "http://localhost:1080/cgi-bin/nav.pl?in=home" in "http://localhost:1080/cgi-bin/welcome.pl?signOff=1"  	[MsgId: MMSG-26574]
..\\Parameters\\common_lib.h(231): Detected non-resource "http://localhost:1080/WebTours/home.html" in "http://localhost:1080/cgi-bin/welcome.pl?signOff=1"  	[MsgId: MMSG-26574]
..\\Parameters\\common_lib.h(231): Retrieving data from cache for "http://localhost:1080/WebTours/home.html"  	[MsgId: MMSG-26558]
..\\Parameters\\common_lib.h(231): t=7085671ms: 1361-byte response body retrieved from cache for "http://localhost:1080/WebTours/home.html" (RelFrameId=1.2, Internal ID=2010)
..\\Parameters\\common_lib.h(231):     <HTML>\n
..\\Parameters\\common_lib.h(231):     <HEAD>\n
..\\Parameters\\common_lib.h(231):     \t<title>Web Tours</title>\n
..\\Parameters\\common_lib.h(231):     </HEAD>\n
..\\Parameters\\common_lib.h(231):     <style>\n
..\\Parameters\\common_lib.h(231):     \tblockquote {font-family: tahoma; font-size : 10pt}\n
..\\Parameters\\common_lib.h(231):     \tH1 {font-family: tahoma; font-size : 22pt; color: #003366}\n
..\\Parameters\\common_lib.h(231):     \tsmall {font-family: tahoma; font-size : 8pt}\n
..\\Parameters\\common_lib.h(231):     \tH3{font-family: tahoma; font-size : 10pt; color: black}\n
..\\Parameters\\common_lib.h(231):     \tA {FONT-WEIGHT: bold; FONT-SIZE: 10pt; COLOR: black; FONT-FAMILY: Tahoma; TEXT-DECORATIO
..\\Parameters\\common_lib.h(231):     N: none}\n
..\\Parameters\\common_lib.h(231):     \tA:hover{ FONT-WEIGHT: bold; FONT-SIZE: 10pt; COLOR: #993333; FONT-FAMILY: Tahoma;TEXT-DE
..\\Parameters\\common_lib.h(231):     CORATION: underline}\n
..\\Parameters\\common_lib.h(231):     \tTD {font-family: tahoma; font-size : 10pt; color: black}\n
..\\Parameters\\common_lib.h(231):     </style>\n
..\\Parameters\\common_lib.h(231):     <body bgcolor="#e0e7f1">\n
..\\Parameters\\common_lib.h(231):     <BR/>\n
..\\Parameters\\common_lib.h(231):     <BR/>\n
..\\Parameters\\common_lib.h(231):     <BR/>\n
..\\Parameters\\common_lib.h(231):     <br/>\n
..\\Parameters\\common_lib.h(231):     <table border="0">\n
..\\Parameters\\common_lib.h(231):     <tr><td></td></tr>\n
..\\Parameters\\common_lib.h(231):     <TR><TD></TD></TR>\n
..\\Parameters\\common_lib.h(231):     <TR><TD>\n
..\\Parameters\\common_lib.h(231):     <blockquote>\n
..\\Parameters\\common_lib.h(231):     <H1><b>Web Tours</b></H1>\n
..\\Parameters\\common_lib.h(231):     Welcome to the Web Tours site.\n
..\\Parameters\\common_lib.h(231):     <br/>\n
..\\Parameters\\common_lib.h(231):     To make reservations,please enter your account information to the left.\n
..\\Parameters\\common_lib.h(231):     <br/>\n
..\\Parameters\\common_lib.h(231):     If you haven't registered yet, <A href="/cgi-bin/login.pl?username=&amp;password=&amp;getI
..\\Parameters\\common_lib.h(231):     nfo=true" ><B>sign up now</B></A> to get access to all our resources.\n
..\\Parameters\\common_lib.h(231):     <br/>\n
..\\Parameters\\common_lib.h(231):     To configure the server options, use <A href="/cgi-bin/admin.pl" target="body" ><b>adminis
..\\Parameters\\common_lib.h(231):     tration</b></A> link.\n
..\\Parameters\\common_lib.h(231):     <br/><br/><br/><br/><br/><br/>\n
..\\Parameters\\common_lib.h(231):     <br/><small>\n
..\\Parameters\\common_lib.h(231):     This product uses parts of the SMT Kernel, Copyright (c) 1991-99 <A href="http://www.imati
..\\Parameters\\common_lib.h(231):     x.com" target="new"><B><small>iMatix Corporation</small></B></A> \n
..\\Parameters\\common_lib.h(231):     </small>\n
..\\Parameters\\common_lib.h(231):     </blockquote></TD>\n
..\\Parameters\\common_lib.h(231):     <TD></TD></TR>\n
..\\Parameters\\common_lib.h(231):     </table>\n
..\\Parameters\\common_lib.h(231):     </body>\n
..\\Parameters\\common_lib.h(231):     </HTML>\n
..\\Parameters\\common_lib.h(231): t=7085671ms: 5-byte chunked response overhead for "http://localhost:1080/cgi-bin/welcome.pl?signOff=1" (RelFrameId=1, Internal ID=2008)
..\\Parameters\\common_lib.h(231):     0\r\n
..\\Parameters\\common_lib.h(231):     \r\n
..\\Parameters\\common_lib.h(231): t=7085671ms: Request done "http://localhost:1080/cgi-bin/welcome.pl?signOff=1"  	[MsgId: MMSG-26000]
..\\Parameters\\common_lib.h(231): t=7085671ms: Connecting [1] to host 127.0.0.1:1080  	[MsgId: MMSG-26000]
..\\Parameters\\common_lib.h(231): t=7085671ms: Connected socket [1] from 127.0.0.1:13510 to 127.0.0.1:1080 in 0 ms  	[MsgId: MMSG-26000]
..\\Parameters\\common_lib.h(231): t=7085671ms: 602-byte request headers for "http://localhost:1080/cgi-bin/nav.pl?in=home" (RelFrameId=1.1, Internal ID=2009)
..\\Parameters\\common_lib.h(231):     GET /cgi-bin/nav.pl?in=home HTTP/1.1\r\n
..\\Parameters\\common_lib.h(231):     Referer: http://localhost:1080/cgi-bin/welcome.pl?signOff=1\r\n
..\\Parameters\\common_lib.h(231):     Sec-Fetch-Dest: frame\r\n
..\\Parameters\\common_lib.h(231):     Sec-Fetch-Mode: navigate\r\n
..\\Parameters\\common_lib.h(231):     Sec-Fetch-Site: same-origin\r\n
..\\Parameters\\common_lib.h(231):     Upgrade-Insecure-Requests: 1\r\n
..\\Parameters\\common_lib.h(231):     sec-ch-ua: "Chromium";v="112", "Google Chrome";v="112", "Not:A-Brand";v="99"\r\n
..\\Parameters\\common_lib.h(231):     sec-ch-ua-mobile: ?0\r\n
..\\Parameters\\common_lib.h(231):     sec-ch-ua-platform: "Windows"\r\n
..\\Parameters\\common_lib.h(231):     User-Agent: Crashpad/0.8.0 WinHTTP/10.0.19041.2673 Windows_NT/10.0.19041.2788 (x64)\r\n
..\\Parameters\\common_lib.h(231):     Accept-Encoding: gzip, deflate, br\r\n
..\\Parameters\\common_lib.h(231):     Accept-Language: ru-RU,ru;q=0.9,en-US;q=0.8,en;q=0.7\r\n
..\\Parameters\\common_lib.h(231):     Accept: */*\r\n
..\\Parameters\\common_lib.h(231):     Connection: Keep-Alive\r\n
..\\Parameters\\common_lib.h(231):     Host: localhost:1080\r\n
..\\Parameters\\common_lib.h(231):     Cookie: MSO=SID&1684477170\r\n
..\\Parameters\\common_lib.h(231):     \r\n
..\\Parameters\\common_lib.h(231): t=7085718ms: 256-byte response headers for "http://localhost:1080/cgi-bin/nav.pl?in=home" (RelFrameId=1.1, Internal ID=2009)
..\\Parameters\\common_lib.h(231):     HTTP/1.1 200 OK\r\n
..\\Parameters\\common_lib.h(231):     Date: Fri, 19 May 2023 06:19:30 GMT\r\n
..\\Parameters\\common_lib.h(231):     Server: Apache/2.2.21 (Win32)\r\n
..\\Parameters\\common_lib.h(231):     Expires: Thu, 18 May 2023 06:19:30 GMT\r\n
..\\Parameters\\common_lib.h(231):     Keep-Alive: timeout=5, max=100\r\n
..\\Parameters\\common_lib.h(231):     Connection: Keep-Alive\r\n
..\\Parameters\\common_lib.h(231):     Transfer-Encoding: chunked\r\n
..\\Parameters\\common_lib.h(231):     Content-Type: text/html; charset=ISO-8859-1\r\n
..\\Parameters\\common_lib.h(231):     \r\n
..\\Parameters\\common_lib.h(231): t=7085718ms: 5-byte chunked response overhead for "http://localhost:1080/cgi-bin/nav.pl?in=home" (RelFrameId=1.1, Internal ID=2009)
..\\Parameters\\common_lib.h(231):     5cc\r\n
..\\Parameters\\common_lib.h(231): t=7085718ms: 2-byte chunked response overhead for "http://localhost:1080/cgi-bin/nav.pl?in=home" (RelFrameId=1.1, Internal ID=2009)
..\\Parameters\\common_lib.h(231):     \r\n
..\\Parameters\\common_lib.h(231): t=7085718ms: 1484-byte chunked response body for "http://localhost:1080/cgi-bin/nav.pl?in=home" (RelFrameId=1.1, Internal ID=2009)
..\\Parameters\\common_lib.h(231):     <!DOCTYPE html\n
..\\Parameters\\common_lib.h(231):     \tPUBLIC "-//W3C//DTD XHTML 1.0 Transitional//EN"\n
..\\Parameters\\common_lib.h(231):     \t "http://www.w3.org/TR/xhtml1/DTD/xhtml1-transitional.dtd">\n
..\\Parameters\\common_lib.h(231):     <html xmlns="http://www.w3.org/1999/xhtml" lang="en-US" xml:lang="en-US">\n
..\\Parameters\\common_lib.h(231):     <head>\n
..\\Parameters\\common_lib.h(231):     <title>Web Tours Navigation Bar</title>\n
..\\Parameters\\common_lib.h(231):     <meta http-equiv="Content-Type" content="text/html; charset=iso-8859-1" />\n
..\\Parameters\\common_lib.h(231):     </head>\n
..\\Parameters\\common_lib.h(231):     <body bgcolor="#E0E7F1">\n
..\\Parameters\\common_lib.h(231):     <style>\n
..\\Parameters\\common_lib.h(231):     blockquote {font-family: tahoma; font-size : 10pt}\n
..\\Parameters\\common_lib.h(231):     H1 {font-family: tahoma; font-size : 22pt; color: #993333}\n
..\\Parameters\\common_lib.h(231):     H3 {font-family: tahoma; font-size : 10pt; color: black}\n
..\\Parameters\\common_lib.h(231):     small {font-family: tahoma; font-size : 8pt}\n
..\\Parameters\\common_lib.h(231):     </style>\n
..\\Parameters\\common_lib.h(231):     <form method="post" action="/cgi-bin/login.pl" target="body">\n
..\\Parameters\\common_lib.h(231):     <input type="hidden" name="userSession" value="136450.155528554HAVizftpiHftcVVVpQcQcf"/>\n
..\\Parameters\\common_lib.h(231):     <table border="0"><tr><td>&nbsp;</td>\n
..\\Parameters\\common_lib.h(231):     <td>&nbsp;</td></tr>\n
..\\Parameters\\common_lib.h(231):     <tr><td>&nbsp;</td>\n
..\\Parameters\\common_lib.h(231):     <td>&nbsp;</td></tr>\n
..\\Parameters\\common_lib.h(231):     <tr><td>&nbsp;</td>\n
..\\Parameters\\common_lib.h(231):     <td><small>&nbsp;Username</small></td></tr>\n
..\\Parameters\\common_lib.h(231):     <tr><td>&nbsp;</td>\n
..\\Parameters\\common_lib.h(231):     <td><input type="text" name="username" value="" size="14" maxlength="14"/></td></tr>\n
..\\Parameters\\common_lib.h(231):     <tr><td>&nbsp;</td>\n
..\\Parameters\\common_lib.h(231):     <td><small>&nbsp;Password</small></td>\n
..\\Parameters\\common_lib.h(231):     <tr><td>&nbsp;</td>\n
..\\Parameters\\common_lib.h(231):     <td><input type="password" name="password" value="" size="14" maxlength="14"/></td></tr>\n
..\\Parameters\\common_lib.h(231):     <tr><td>&nbsp;</td>\n
..\\Parameters\\common_lib.h(231):     <td>&nbsp;</td></tr>\n
..\\Parameters\\common_lib.h(231):     <tr><td>&nbsp;</td>\n
..\\Parameters\\common_lib.h(231):     <td><input type="image" name="login" value="Login" alt="Login" border="1" \n
..\\Parameters\\common_lib.h(231):     src="/WebTours/images/mer_login.gif"/></td></tr>\n
..\\Parameters\\common_lib.h(231):     <tr><td>&nbsp;</td><td>&nbsp;</td></tr>\n
..\\Parameters\\common_lib.h(231):     </table><input type="hidden" name="JSFormSubmit" value="off"/>\n
..\\Parameters\\common_lib.h(231):     </form>\n
..\\Parameters\\common_lib.h(231):     \n
..\\Parameters\\common_lib.h(231):     </body>\n
..\\Parameters\\common_lib.h(231):     </html>\n
..\\Parameters\\common_lib.h(231): Resource "http://localhost:1080/WebTours/images/mer_login.gif" is in the cache already and will not be downloaded again  	[MsgId: MMSG-26655]
..\\Parameters\\common_lib.h(231): t=7085718ms: 5-byte chunked response overhead for "http://localhost:1080/cgi-bin/nav.pl?in=home" (RelFrameId=1.1, Internal ID=2009)
..\\Parameters\\common_lib.h(231):     0\r\n
..\\Parameters\\common_lib.h(231):     \r\n
..\\Parameters\\common_lib.h(231): t=7085718ms: Request done "http://localhost:1080/cgi-bin/nav.pl?in=home"  	[MsgId: MMSG-26000]
..\\Parameters\\common_lib.h(231): Registered web_reg_find successful for "Text=A Session ID has been created" (count=1)  	[MsgId: MMSG-26364]
..\\Parameters\\common_lib.h(231): web_url("SignOff Button") was successful, 2170 body bytes, 584 header bytes, 24 chunking overhead bytes  	[MsgId: MMSG-26385]
..\\Parameters\\common_lib.h(241): Notify: Transaction "log_out" ended with a "Pass" status (Duration: 0,0781).	[MsgId: MMSG-16873]
Action.c(84): Notify: Transaction "02_booking_a_ticket" ended with a "Pass" status (Duration: 36,3426 Think Time: 35,0362).	[MsgId: MMSG-16872]
Ending action Action.	[MsgId: MMSG-15918]
Action was aborted.	[MsgId: MMSG-10694]
Ending Vuser...	[MsgId: MMSG-15966]
Starting action vuser_end.	[MsgId: MMSG-15919]
Ending action vuser_end.	[MsgId: MMSG-15918]
Vuser Terminated.	[MsgId: MMSG-15963]
t=7085718ms: Closed connection [0] to localhost:1080 after completing 1 request(s)  	[MsgId: MMSG-26000]
t=7085718ms: Closed connection [1] to localhost:1080 after completing 1 request(s)  	[MsgId: MMSG-26000]
HTML-Mode memory management statistics: Reusable=107, NonReusable=0, CsMemBlockSize=4096, checks disabled  	[MsgId: MMSG-26000]
Vuser 5 (thread 472), ended OK."	[MsgId: MMSG-10695]
