..\\Parameters\\common_lib.h(208):     224"  /><input type="hidden" name=".cgifields" value="187"  /><input type="hidden" name=".
..\\Parameters\\common_lib.h(208):     cgifields" value="588"  /><input type="hidden" name=".cgifields" value="446"  /><input typ
..\\Parameters\\common_lib.h(208):     e="hidden" name=".cgifields" value="262"  /><input type="hidden" name=".cgifields" value="
..\\Parameters\\common_lib.h(208):     79"  /><input type="hidden" name=".cgifields" value="212"  /><input type="hidden" name=".c
..\\Parameters\\common_lib.h(208):     gifields" value="352"  /><input type="hidden" name=".cgifields" value="126"  /><input type
..\\Parameters\\common_lib.h(208):     ="hidden" name=".cgifields" value="426"  /><input type="hidden" name=".cgifields" value="2
..\\Parameters\\common_lib.h(208):     51"  /><input type="hidden" name=".cgifields" value="542"  /><input type="hidden" name=".c
..\\Parameters\\common_lib.h(208):     gifields" value="369"  /><input type="hidden" name=".cgifields" value="279"  /><input type
..\\Parameters\\common_lib.h(208):     ="hidden" name=".cgifields" value="176"  /><input type="hidden" name=".cgifields" value="4
..\\Parameters\\common_lib.h(208):     98"  /><input type="hidden" name=".cgifields" value="483"  /><input type="hidden" name=".c
..\\Parameters\\common_lib.h(208):     gifields" value="256"  /><input type="hidden" name=".cgifields" value="372"  /><input type
..\\Parameters\\common_lib.h(208):     ="hidden" name=".cgifields" value="574"  /><input type="hidden" name=".cgifields" value="1
..\\Parameters\\common_lib.h(208):     70"  /><input type="hidden" name=".cgifields" value="33"  /><input type="hidden" name=".cg
..\\Parameters\\common_lib.h(208):     ifields" value="428"  /><input type="hidden" name=".cgifields" value="7"  /><input type="h
..\\Parameters\\common_lib.h(208):     idden" name=".cgifields" value="26"  /><input type="hidden" name=".cgifields" value="227" 
..\\Parameters\\common_lib.h(208):      /><input type="hidden" name=".cgifields" value="99"  /><input type="hidden" name=".cgifie
..\\Parameters\\common_lib.h(208):     lds" value="566"  /><input type="hidden" name=".cgifields" value="526"  /><input type="hid
..\\Parameters\\common_lib.h(208):     den" name=".cgifields" value="72"  /><input type="hidden" name=".cgifields" value="500"  /
..\\Parameters\\common_lib.h(208):     ><input type="hidden" name=".cgifields" value="264"  /><input type="hidden" name=".cgifiel
..\\Parameters\\common_lib.h(208):     ds" value="255"  /><input type="hidden" name=".cgifields" value="533"  /><input type="hidd
..\\Parameters\\common_lib.h(208):     en" name=".cgifields" value="359"  /><input type="hidden" name=".cgifields" value="182"  /
..\\Parameters\\common_lib.h(208):     ><input type="hidden" name=".cgifields" value="108"  /><input type="hidden" name=".cgifiel
..\\Parameters\\common_lib.h(208):     ds" value="556"  /><input type="hidden" name=".cgifields" value="462"  /><input type="hidd
..\\Parameters\\common_lib.h(208):     en" name=".cgifields" value="414"  /><input type="hidden" name=".cgifields" value="232"  /
..\\Parameters\\common_lib.h(208):     ><input type="hidden" name=".cgifields" value="477"  /><input type="hidden" name=".cgifiel
..\\Parameters\\common_lib.h(208):     ds" value="225"  /><input type="hidden" name=".cgifields" value="330"  /><input type="hidd
..\\Parameters\\common_lib.h(208):     en" name=".cgifields" value="142"  /><input type="hidden" name=".cgifields" value="207"  /
..\\Parameters\\common_lib.h(208):     ><input type="hidden" name=".cgifields" value="263"  /><input type="hidden" name=".cgifiel
..\\Parameters\\common_lib.h(208):     ds" value="394"  /><input type="hidden" name=".cgifields" value="167"  /><input type="hidd
..\\Parameters\\common_lib.h(208):     en" name=".cgifields" value="48"  /><input type="hidden" name=".cgifields" value="360"  />
..\\Parameters\\common_lib.h(208):     <input type="hidden" name=".cgifields" value="514"  /><input type="hidden" name=".cgifield
..\\Parameters\\common_lib.h(208):     s" value="513"  /><input type="hidden" name=".cgifields" value="50"  /><input type="hidden
..\\Parameters\\common_lib.h(208):     " name=".cgifields" value="476"  /><input type="hidden" name=".cgifields" value="510"  /><
..\\Parameters\\common_lib.h(208):     input type="hidden" name=".cgifields" value="393"  /><input type="hidden" name=".cgifields
..\\Parameters\\common_lib.h(208):     " value="449"  /><input type="hidden" name=".cgifields" value="293"  /><input type="hidden
..\\Parameters\\common_lib.h(208):     " name=".cgifields" value="274"  /><input type="hidden" name=".cgifields" value="549"  /><
..\\Parameters\\common_lib.h(208):     input type="hidden" name=".cgifields" value="322"  /><input type="hidden" name=".cgifields
..\\Parameters\\common_lib.h(208):     " value="469"  /><input type="hidden" name=".cgifields" value="353"  /><input type="hidden
..\\Parameters\\common_lib.h(208):     " name=".cgifields" value="575"  /><input type="hidden" name=".cgifields" value="375"  /><
..\\Parameters\\common_lib.h(208):     input type="hidden" name=".cgifields" value="128"  /><input type="hidden" name=".cgifields
..\\Parameters\\common_lib.h(208):     " value="28"  /><input type="hidden" name=".cgifields" value="310"  /><input type="hidden"
..\\Parameters\\common_lib.h(208):      name=".cgifields" value="40"  /><input type="hidden" name=".cgifields" value="589"  /><in
..\\Parameters\\common_lib.h(208):     put type="hidden" name=".cgifields" value="303"  /><input type="hidden" name=".cgifields" 
..\\Parameters\\common_lib.h(208):     value="192"  /><input type="hidden" name=".cgifields" value="250"  /><input type="hidden" 
..\\Parameters\\common_lib.h(208):     name=".cgifields" value="501"  /><input type="hidden" name=".cgifields" value="215"  /><in
..\\Parameters\\common_lib.h(208):     put type="hidden" name=".cgifields" value="278"  /><input type="hidden" name=".cgifields" 
..\\Parameters\\common_lib.h(208):     value="490"  /><input type="hidden" name=".cgifields" value="150"  /><input type="hidden" 
..\\Parameters\\common_lib.h(208):     name=".cgifields" value="130"  /><input type="hidden" name=".cgifields" value="155"  /><in
..\\Parameters\\common_lib.h(208):     put type="hidden" name=".cgifields" value="387"  /><input type="hidden" name=".cgifields" 
..\\Parameters\\common_lib.h(208):     value="53"  /><input type="hidden" name=".cgifields" value="245"  /><input type="hidden" n
..\\Parameters\\common_lib.h(208):     ame=".cgifields" value="543"  /><input type="hidden" name=".cgifields" value="267"  /><inp
..\\Parameters\\common_lib.h(208):     ut type="hidden" name=".cgifields" value="354"  /><input type="hidden" name=".cgifields" v
..\\Parameters\\common_lib.h(208):     alue="461"  /><input type="hidden" name=".cgifields" value="583"  /><input type="hidden" n
..\\Parameters\\common_lib.h(208):     ame=".cgifields" value="257"  /><input type="hidden" name=".cgifields" value="85"  /><inpu
..\\Parameters\\common_lib.h(208):     t type="hidden" name=".cgifields" value="332"  /><input type="hidden" name=".cgifields" va
..\\Parameters\\common_lib.h(208):     lue="9"  /><input type="hidden" name=".cgifields" value="425"  /><input type="hidden" name
..\\Parameters\\common_lib.h(208):     =".cgifields" value="591"  /><input type="hidden" name=".cgifields" value="34"  /><input t
..\\Parameters\\common_lib.h(208):     ype="hidden" name=".cgifields" value="539"  /><input type="hidden" name=".cgifields" value
..\\Parameters\\common_lib.h(208):     ="90"  /><input type="hidden" name=".cgifields" value="276"  /><input type="hidden" name="
..\\Parameters\\common_lib.h(208):     .cgifields" value="565"  /><input type="hidden" name=".cgifields" value="102"  /><input ty
..\\Parameters\\common_lib.h(208):     pe="hidden" name=".cgifields" value="520"  /><input type="hidden" name=".cgifields" value=
..\\Parameters\\common_lib.h(208):     "532"  /><input type="hidden" name=".cgifields" value="16"  /><input type="hidden" name=".
..\\Parameters\\common_lib.h(208):     cgifields" value="55"  /><input type="hidden" name=".cgifields" value="233"  /><input type
..\\Parameters\\common_lib.h(208):     ="hidden" name=".cgifields" value="57"  /><input type="hidden" name=".cgifields" value="25
..\\Parameters\\common_lib.h(208):     9"  /><input type="hidden" name=".cgifields" value="368"  /><input type="hidden" name=".cg
..\\Parameters\\common_lib.h(208):     ifields" value="424"  /><input type="hidden" name=".cgifields" value="316"  /><input type=
..\\Parameters\\common_lib.h(208):     "hidden" name=".cgifields" value="163"  /><input type="hidden" name=".cgifields" value="39
..\\Parameters\\common_lib.h(208):     5"  /><input type="hidden" name=".cgifields" value="89"  /><input type="hidden" name=".cgi
..\\Parameters\\common_lib.h(208):     fields" value="175"  /><input type="hidden" name=".cgifields" value="584"  /><input type="
..\\Parameters\\common_lib.h(208):     hidden" name=".cgifields" value="35"  /><input type="hidden" name=".cgifields" value="11" 
..\\Parameters\\common_lib.h(208):      /><input type="hidden" name=".cgifields" value="492"  /><input type="hidden" name=".cgifi
..\\Parameters\\common_lib.h(208):     elds" value="208"  /><input type="hidden" name=".cgifields" value="347"  /><input type="hi
..\\Parameters\\common_lib.h(208):     dden" name=".cgifields" value="511"  /><input type="hidden" name=".cgifields" value="434" 
..\\Parameters\\common_lib.h(208):      /><input type="hidden" name=".cgifields" value="93"  /><input type="hidden" name=".cgifie
..\\Parameters\\common_lib.h(208):     lds" value="292"  /><input type="hidden" name=".cgifields" value="291"  /><input type="hid
..\\Parameters\\common_lib.h(208):     den" name=".cgifields" value="374"  /><input type="hidden" name=".cgifields" value="114"  
..\\Parameters\\common_lib.h(208):     /><input type="hidden" name=".cgifields" value="199"  /><input type="hidden" name=".cgifie
..\\Parameters\\common_lib.h(208):     lds" value="442"  /><input type="hidden" name="
..\\Parameters\\common_lib.h(208): t=7081739ms: 12287-byte chunked response body for "http://localhost:1080/cgi-bin/itinerary.pl" (RelFrameId=1.2, Internal ID=2004)
..\\Parameters\\common_lib.h(208):     .cgifields" value="429"  /><input type="hidden" name=".cgifields" value="73"  /><input typ
..\\Parameters\\common_lib.h(208):     e="hidden" name=".cgifields" value="409"  /><input type="hidden" name=".cgifields" value="
..\\Parameters\\common_lib.h(208):     67"  /><input type="hidden" name=".cgifields" value="241"  /><input type="hidden" name=".c
..\\Parameters\\common_lib.h(208):     gifields" value="198"  /><input type="hidden" name=".cgifields" value="489"  /><input type
..\\Parameters\\common_lib.h(208):     ="hidden" name=".cgifields" value="585"  /><input type="hidden" name=".cgifields" value="3
..\\Parameters\\common_lib.h(208):     27"  /><input type="hidden" name=".cgifields" value="320"  /><input type="hidden" name=".c
..\\Parameters\\common_lib.h(208):     gifields" value="280"  /><input type="hidden" name=".cgifields" value="273"  /><input type
..\\Parameters\\common_lib.h(208):     ="hidden" name=".cgifields" value="471"  /><input type="hidden" name=".cgifields" value="2
..\\Parameters\\common_lib.h(208):     02"  /><input type="hidden" name=".cgifields" value="249"  /><input type="hidden" name=".c
..\\Parameters\\common_lib.h(208):     gifields" value="361"  /><input type="hidden" name=".cgifields" value="465"  /><input type
..\\Parameters\\common_lib.h(208):     ="hidden" name=".cgifields" value="184"  /><input type="hidden" name=".cgifields" value="2
..\\Parameters\\common_lib.h(208):     4"  /><input type="hidden" name=".cgifields" value="140"  /><input type="hidden" name=".cg
..\\Parameters\\common_lib.h(208):     ifields" value="104"  /><input type="hidden" name=".cgifields" value="131"  /><input type=
..\\Parameters\\common_lib.h(208):     "hidden" name=".cgifields" value="181"  /><input type="hidden" name=".cgifields" value="41
..\\Parameters\\common_lib.h(208):     2"  /><input type="hidden" name=".cgifields" value="385"  /><input type="hidden" name=".cg
..\\Parameters\\common_lib.h(208):     ifields" value="502"  /><input type="hidden" name=".cgifields" value="307"  /><input type=
..\\Parameters\\common_lib.h(208):     "hidden" name=".cgifields" value="314"  /><input type="hidden" name=".cgifields" value="15
..\\Parameters\\common_lib.h(208):     4"  /><input type="hidden" name=".cgifields" value="355"  /><input type="hidden" name=".cg
..\\Parameters\\common_lib.h(208):     ifields" value="553"  /><input type="hidden" name=".cgifields" value="159"  /><input type=
..\\Parameters\\common_lib.h(208):     "hidden" name=".cgifields" value="479"  /><input type="hidden" name=".cgifields" value="32
..\\Parameters\\common_lib.h(208):     6"  /><input type="hidden" name=".cgifields" value="555"  /><input type="hidden" name=".cg
..\\Parameters\\common_lib.h(208):     ifields" value="47"  /><input type="hidden" name=".cgifields" value="37"  /><input type="h
..\\Parameters\\common_lib.h(208):     idden" name=".cgifields" value="335"  /><input type="hidden" name=".cgifields" value="270"
..\\Parameters\\common_lib.h(208):       /><input type="hidden" name=".cgifields" value="5"  /><input type="hidden" name=".cgifie
..\\Parameters\\common_lib.h(208):     lds" value="195"  /><input type="hidden" name=".cgifields" value="538"  /><input type="hid
..\\Parameters\\common_lib.h(208):     den" name=".cgifields" value="524"  /><input type="hidden" name=".cgifields" value="554"  
..\\Parameters\\common_lib.h(208):     /><input type="hidden" name=".cgifields" value="552"  /><input type="hidden" name=".cgifie
..\\Parameters\\common_lib.h(208):     lds" value="521"  /><input type="hidden" name=".cgifields" value="162"  /><input type="hid
..\\Parameters\\common_lib.h(208):     den" name=".cgifields" value="433"  /><input type="hidden" name=".cgifields" value="74"  /
..\\Parameters\\common_lib.h(208):     ><input type="hidden" name=".cgifields" value="240"  /><input type="hidden" name=".cgifiel
..\\Parameters\\common_lib.h(208):     ds" value="334"  /><input type="hidden" name=".cgifields" value="440"  /><input type="hidd
..\\Parameters\\common_lib.h(208):     en" name=".cgifields" value="230"  /><input type="hidden" name=".cgifields" value="115"  /
..\\Parameters\\common_lib.h(208):     ><input type="hidden" name=".cgifields" value="299"  /><input type="hidden" name=".cgifiel
..\\Parameters\\common_lib.h(208):     ds" value="377"  /><input type="hidden" name=".cgifields" value="103"  /><input type="hidd
..\\Parameters\\common_lib.h(208):     en" name=".cgifields" value="201"  /><input type="hidden" name=".cgifields" value="423"  /
..\\Parameters\\common_lib.h(208):     ><input type="hidden" name=".cgifields" value="91"  /><input type="hidden" name=".cgifield
..\\Parameters\\common_lib.h(208):     s" value="266"  /><input type="hidden" name=".cgifields" value="467"  /><input type="hidde
..\\Parameters\\common_lib.h(208):     n" name=".cgifields" value="174"  /><input type="hidden" name=".cgifields" value="474"  />
..\\Parameters\\common_lib.h(208):     <input type="hidden" name=".cgifields" value="481"  /><input type="hidden" name=".cgifield
..\\Parameters\\common_lib.h(208):     s" value="214"  /><input type="hidden" name=".cgifields" value="422"  /><input type="hidde
..\\Parameters\\common_lib.h(208):     n" name=".cgifields" value="564"  /><input type="hidden" name=".cgifields" value="563"  />
..\\Parameters\\common_lib.h(208):     <input type="hidden" name=".cgifields" value="97"  /><input type="hidden" name=".cgifields
..\\Parameters\\common_lib.h(208):     " value="41"  /><input type="hidden" name=".cgifields" value="52"  /><input type="hidden" 
..\\Parameters\\common_lib.h(208):     name=".cgifields" value="302"  /><input type="hidden" name=".cgifields" value="229"  /><in
..\\Parameters\\common_lib.h(208):     put type="hidden" name=".cgifields" value="503"  /><input type="hidden" name=".cgifields" 
..\\Parameters\\common_lib.h(208):     value="593"  /><input type="hidden" name=".cgifields" value="68"  /><input type="hidden" n
..\\Parameters\\common_lib.h(208):     ame=".cgifields" value="188"  /><input type="hidden" name=".cgifields" value="315"  /><inp
..\\Parameters\\common_lib.h(208):     ut type="hidden" name=".cgifields" value="402"  /><input type="hidden" name=".cgifields" v
..\\Parameters\\common_lib.h(208):     alue="338"  /><input type="hidden" name=".cgifields" value="576"  /><input type="hidden" n
..\\Parameters\\common_lib.h(208):     ame=".cgifields" value="222"  /><input type="hidden" name=".cgifields" value="25"  /><inpu
..\\Parameters\\common_lib.h(208):     t type="hidden" name=".cgifields" value="83"  /><input type="hidden" name=".cgifields" val
..\\Parameters\\common_lib.h(208):     ue="484"  /><input type="hidden" name=".cgifields" value="305"  /><input type="hidden" nam
..\\Parameters\\common_lib.h(208):     e=".cgifields" value="544"  /><input type="hidden" name=".cgifields" value="217"  /><input
..\\Parameters\\common_lib.h(208):      type="hidden" name=".cgifields" value="328"  /><input type="hidden" name=".cgifields" val
..\\Parameters\\common_lib.h(208):     ue="239"  /><input type="hidden" name=".cgifields" value="122"  /><input type="hidden" nam
..\\Parameters\\common_lib.h(208):     e=".cgifields" value="143"  /><input type="hidden" name=".cgifields" value="158"  /><input
..\\Parameters\\common_lib.h(208):      type="hidden" name=".cgifields" value="269"  /><input type="hidden" name=".cgifields" val
..\\Parameters\\common_lib.h(208):     ue="281"  /><input type="hidden" name=".cgifields" value="464"  /><input type="hidden" nam
..\\Parameters\\common_lib.h(208):     e=".cgifields" value="363"  /><input type="hidden" name=".cgifields" value="46"  /><input 
..\\Parameters\\common_lib.h(208):     type="hidden" name=".cgifields" value="6"  /><input type="hidden" name=".cgifields" value=
..\\Parameters\\common_lib.h(208):     "562"  /><input type="hidden" name=".cgifields" value="36"  /><input type="hidden" name=".
..\\Parameters\\common_lib.h(208):     cgifields" value="518"  /><input type="hidden" name=".cgifields" value="183"  /><input typ
..\\Parameters\\common_lib.h(208):     e="hidden" name=".cgifields" value="497"  /><input type="hidden" name=".cgifields" value="
..\\Parameters\\common_lib.h(208):     472"  /><input type="hidden" name=".cgifields" value="362"  /><input type="hidden" name=".
..\\Parameters\\common_lib.h(208):     cgifields" value="439"  /><input type="hidden" name=".cgifields" value="317"  /><input typ
..\\Parameters\\common_lib.h(208):     e="hidden" name=".cgifields" value="132"  /><input type="hidden" name=".cgifields" value="
..\\Parameters\\common_lib.h(208):     169"  /><input type="hidden" name=".cgifields" value="411"  /><input type="hidden" name=".
..\\Parameters\\common_lib.h(208):     cgifields" value="478"  /><input type="hidden" name=".cgifields" value="384"  /><input typ
..\\Parameters\\common_lib.h(208):     e="hidden" name=".cgifields" value="398"  /><input type="hidden" name=".cgifields" value="
..\\Parameters\\common_lib.h(208):     546"  /><input type="hidden" name=".cgifields" value="537"  /><input type="hidden" name=".
..\\Parameters\\common_lib.h(208):     cgifields" value="407"  /><input type="hidden" name=".cgifields" value="18"  /><input type
..\\Parameters\\common_lib.h(208):     ="hidden" name=".cgifields" value="376"  /><input type="hidden" name=".cgifields" value="5
..\\Parameters\\common_lib.h(208):     22"  /><input type="hidden" name=".cgifields" value="125"  /><input type="hidden" name=".c
..\\Parameters\\common_lib.h(208):     gifields" value="44"  /><input type="hidden" name=".cgifields" value="587"  /><input type=
..\\Parameters\\common_lib.h(208):     "hidden" name=".cgifields" value="190"  /><input type="hidden" name=".cgifields" value="95
..\\Parameters\\common_lib.h(208):     "  /><input type="hidden" name=".cgifields" value="298"  /><input type="hidden" name=".cgi
..\\Parameters\\common_lib.h(208):     fields" value="313"  /><input type="hidden" name=".cgifields" value="243"  /><input type="
..\\Parameters\\common_lib.h(208):     hidden" name=".cgifields" value="231"  /><input type="hidden" name=".cgifields" value="551
..\\Parameters\\common_lib.h(208):     "  /><input type="hidden" name=".cgifields" value="529"  /><input type="hidden" name=".cgi
..\\Parameters\\common_lib.h(208):     fields" value="148"  /><input type="hidden" name=".cgifields" value="343"  /><input type="
..\\Parameters\\common_lib.h(208):     hidden" name=".cgifields" value="504"  /><input type="hidden" name=".cgifields" value="397
..\\Parameters\\common_lib.h(208):     "  /><input type="hidden" name=".cgifields" value="106"  /><input type="hidden" name=".cgi
..\\Parameters\\common_lib.h(208):     fields" value="157"  /><input type="hidden" name=".cgifields" value="65"  /><input type="h
..\\Parameters\\common_lib.h(208):     idden" name=".cgifields" value="203"  /><input type="hidden" name=".cgifields" value="261"
..\\Parameters\\common_lib.h(208):       /><input type="hidden" name=".cgifields" value="81"  /><input type="hidden" name=".cgifi
..\\Parameters\\common_lib.h(208):     elds" value="321"  /><input type="hidden" name=".cgifields" value="459"  /><input type="hi
..\\Parameters\\common_lib.h(208):     dden" name=".cgifields" value="86"  /><input type="hidden" name=".cgifields" value="284"  
..\\Parameters\\common_lib.h(208):     /><input type="hidden" name=".cgifields" value="247"  /><input type="hidden" name=".cgifie
..\\Parameters\\common_lib.h(208):     lds" value="371"  /><input type="hidden" name=".cgifields" value="204"  /><input type="hid
..\\Parameters\\common_lib.h(208):     den" name=".cgifields" value="165"  /><input type="hidden" name=".cgifields" value="289"  
..\\Parameters\\common_lib.h(208):     /><input type="hidden" name=".cgifields" value="2"  /><input type="hidden" name=".cgifield
..\\Parameters\\common_lib.h(208):     s" value="435"  /><input type="hidden" name=".cgifields" value="401"  /><input type="hidde
..\\Parameters\\common_lib.h(208):     n" name=".cgifields" value="186"  /><input type="hidden" name=".cgifields" value="147"  />
..\\Parameters\\common_lib.h(208):     <input type="hidden" name=".cgifields" value="339"  /><input type="hidden" name=".cgifield
..\\Parameters\\common_lib.h(208):     s" value="228"  /><input type="hidden" name=".cgifields" value="531"  /><input type="hidde
..\\Parameters\\common_lib.h(208):     n" name=".cgifields" value="268"  /><input type="hidden" name=".cgifields" value="345"  />
..\\Parameters\\common_lib.h(208):     <input type="hidden" name=".cgifields" value="596"  /><input type="hidden" name=".cgifield
..\\Parameters\\common_lib.h(208):     s" value="172"  /><input type="hidden" name=".cgifields" value="319"  /><input type="hidde
..\\Parameters\\common_lib.h(208):     n" name=".cgifields" value="223"  /><input type="hidden" name=".cgifields" value="404"  />
..\\Parameters\\common_lib.h(208):     <input type="hidden" name=".cgifields" value="516"  /><input type="hidden" name=".cgifield
..\\Parameters\\common_lib.h(208):     s" value="282"  /><input type="hidden" name=".cgifields" value="420"  /><input type="hidde
..\\Parameters\\common_lib.h(208):     n" name=".cgifields" value="121"  /><input type="hidden" name=".cgifields" value="344"  />
..\\Parameters\\common_lib.h(208):     <input type="hidden" name=".cgifields" value="487"  /><input type="hidden" name=".cgifield
..\\Parameters\\common_lib.h(208):     s" value="494"  /><input type="hidden" name=".cgifields" value="238"  /><input type="hidde
..\\Parameters\\common_lib.h(208):     n" name=".cgifields" value="577"  /><input type="hidden" name=".cgifields" value="253"  />
..\\Parameters\\common_lib.h(208):     <input type="hidden" name=".cgifields" value="561"  /><input type="hidden" name=".cgifield
..\\Parameters\\common_lib.h(208):     s" value="448"  /><input type="hidden" name=".cgifields" value="209"  /><input type="hidde
..\\Parameters\\common_lib.h(208):     n" name=".cgifields" value="216"  /><input type="hidden" name=".cgifields" value="357"  />
..\\Parameters\\common_lib.h(208):     <input type="hidden" name=".cgifields" value="117"  /><input type="hidden" name=".cgifield
..\\Parameters\\common_lib.h(208):     s" value="63"  /><input type="hidden" name=".cgifields" value="455"  /><input type="hidden
..\\Parameters\\common_lib.h(208):     " name=".cgifields" value="80"  /><input type="hidden" name=".cgifields" value="336"  /><i
..\\Parameters\\common_lib.h(208):     nput type="hidden" name=".cgifields" value="457"  /><input type="hidden" name=".cgifields"
..\\Parameters\\common_lib.h(208):      value="179"  /><input type="hidden" name=".cgifields" value="383"  /><input type="hidden"
..\\Parameters\\common_lib.h(208):      name=".cgifields" value="297"  /><input type="hidden" name=".cgifields" value="277"  /><i
..\\Parameters\\common_lib.h(208):     nput type="hidden" name=".cgifields" value="92"  /><input type="hidden" name=".cgifields" 
..\\Parameters\\common_lib.h(208):     value="10"  /><input type="hidden" name=".cgifields" value="550"  /><input type="hidden" n
..\\Parameters\\common_lib.h(208):     ame=".cgifields" value="505"  /><input type="hidden" name=".cgifields" value="419"  /><inp
..\\Parameters\\common_lib.h(208):     ut type="hidden" name=".cgifields" value="133"  /><input type="hidden" name=".cgifields" v
..\\Parameters\\common_lib.h(208):     alue="290"  /><input type="hidden" name=".cgifields" value="592"  /><input type="hidden" n
..\\Parameters\\common_lib.h(208):     ame=".cgifields" value="149"  /><input type="hidden" name=".cgifields" value="123"  /><inp
..\\Parameters\\common_lib.h(208):     ut type="hidden" name=".cgifields" value="304"  /><input type="hidden" name=".cgifields" v
..\\Parameters\\common_lib.h(208):     alue="547"  /><input type="hidden" name=".cgifields" value="210"  /><input type="hidden" n
..\\Parameters\\common_lib.h(208):     ame=".cgifields" value="406"  /><input type="hidden" name=".cgifields" value="258"  /><inp
..\\Parameters\\common_lib.h(208):     ut type="hidden" name=".cgifields" value="396"  /><input type="hidden" name=".cgifields" v
..\\Parameters\\common_lib.h(208):     alue="482"  /><input type="hidden" name=".cgifields" value="173"  /><input type="hidden" n
..\\Parameters\\common_lib.h(208):     ame=".cgifields" value="530"  /><input type="hidden" name=".cgifields" value="56"  /><inpu
..\\Parameters\\common_lib.h(208):     t type="hidden" name=".cgifields" value="499"  /><input type="hidden" name=".cgifields" va
..\\Parameters\\common_lib.h(208):     lue="66"  /><input type="hidden" name=".cgifields" value="19"  /><input type="hidden" name
..\\Parameters\\common_lib.h(208):     =".cgifields" value="54"  /><input type="hidden" name=".cgifields" value="365"  /><input t
..\\Parameters\\common_lib.h(208):     ype="hidden" name=".cgifields" value="306"  /><input type="hidden" name=".cgifields" value
..\\Parameters\\common_lib.h(208):     ="70"  /><input type="hidden" name=".cgifields" value="470"  /><input type="hidden" name="
..\\Parameters\\common_lib.h(208):     .cgifields" value="166"  /><input type="hidden" name=".cgifields" value="88"  /><input typ
..\\Parameters\\common_lib.h(208):     e="hidden" name=".cgifields" value="141"  /><input type="hidden" name=".cgifields" value="
..\\Parameters\\common_lib.h(208):     30"  /><input type="hidden" name=".cgifields" value="570"  /><input type="hidden" name=".c
..\\Parameters\\common_lib.h(208):     gifields" value="403"  /><input type="hidden" name=".cgifields" value="252"  /><input type
..\\Parameters\\common_lib.h(208):     ="hidden" name=".cgifields" value="466"  /><input type="hidden" name=".cgifields" value="1
..\\Parameters\\common_lib.h(208):     56"  /><input type="hidden" name=".cgifields" v
..\\Parameters\\common_lib.h(208): t=7081742ms: 6-byte chunked response overhead for "http://localhost:1080/cgi-bin/itinerary.pl" (RelFrameId=1.2, Internal ID=2004)
..\\Parameters\\common_lib.h(208):     \r\n
..\\Parameters\\common_lib.h(208):     3f\r\n
..\\Parameters\\common_lib.h(208): t=7081742ms: 7-byte chunked response overhead for "http://localhost:1080/cgi-bin/itinerary.pl" (RelFrameId=1.2, Internal ID=2004)
..\\Parameters\\common_lib.h(208):     \r\n
..\\Parameters\\common_lib.h(208):     0\r\n
..\\Parameters\\common_lib.h(208):     \r\n
..\\Parameters\\common_lib.h(208): t=7081742ms: 1505-byte chunked response body for "http://localhost:1080/cgi-bin/itinerary.pl" (RelFrameId=1.2, Internal ID=2004)
..\\Parameters\\common_lib.h(208):     alue="134"  /><input type="hidden" name=".cgifields" value="75"  /><input type="hidden" na
..\\Parameters\\common_lib.h(208):     me=".cgifields" value="283"  /><input type="hidden" name=".cgifields" value="59"  /><input
..\\Parameters\\common_lib.h(208):      type="hidden" name=".cgifields" value="421"  /><input type="hidden" name=".cgifields" val
..\\Parameters\\common_lib.h(208):     ue="450"  /><input type="hidden" name=".cgifields" value="271"  /><input type="hidden" nam
..\\Parameters\\common_lib.h(208):     e=".cgifields" value="491"  /><input type="hidden" name=".cgifields" value="219"  /><input
..\\Parameters\\common_lib.h(208):      type="hidden" name=".cgifields" value="318"  /><input type="hidden" name=".cgifields" val
..\\Parameters\\common_lib.h(208):     ue="13"  /><input type="hidden" name=".cgifields" value="105"  /><input type="hidden" name
..\\Parameters\\common_lib.h(208):     =".cgifields" value="473"  /><input type="hidden" name=".cgifields" value="185"  /><input 
..\\Parameters\\common_lib.h(208):     type="hidden" name=".cgifields" value="3"  /><input type="hidden" name=".cgifields" value=
..\\Parameters\\common_lib.h(208):     "597"  /><input type="hidden" name=".cgifields" value="248"  /><input type="hidden" name="
..\\Parameters\\common_lib.h(208):     .cgifields" value="390"  /><input type="hidden" name=".cgifields" value="146"  /><input ty
..\\Parameters\\common_lib.h(208):     pe="hidden" name=".cgifields" value="111"  /><input type="hidden" name=".cgifields" value=
..\\Parameters\\common_lib.h(208):     "38"  /><input type="hidden" name=".cgifields" value="356"  /><input type="hidden" name=".
..\\Parameters\\common_lib.h(208):     cgifields" value="408"  /><input type="hidden" name=".cgifields" value="4"  /><input type=
..\\Parameters\\common_lib.h(208):     "hidden" name=".cgifields" value="528"  /><input type="hidden" name=".cgifields" value="16
..\\Parameters\\common_lib.h(208):     4"  /><input type="hidden" name=".cgifields" value="196"  /><input type="hidden" name=".cg
..\\Parameters\\common_lib.h(208):     ifields" value="242"  /></div></form>\n
..\\Parameters\\common_lib.h(208):     \n
..\\Parameters\\common_lib.h(208):     </center>\n
..\\Parameters\\common_lib.h(208):     \n
..\\Parameters\\common_lib.h(208):     </body>\n
..\\Parameters\\common_lib.h(208):     </html>
..\\Parameters\\common_lib.h(208): t=7081742ms: Request done "http://localhost:1080/cgi-bin/itinerary.pl"  	[MsgId: MMSG-26000]
..\\Parameters\\common_lib.h(208): t=7081742ms: Already connected [0] to localhost:1080  	[MsgId: MMSG-26000]
..\\Parameters\\common_lib.h(208): t=7081742ms: 781-byte request headers for "http://localhost:1080/WebTours/images/cancelallreservations.gif" (RelFrameId=, Internal ID=2007)
..\\Parameters\\common_lib.h(208):     GET /WebTours/images/cancelallreservations.gif HTTP/1.1\r\n
..\\Parameters\\common_lib.h(208):     Referer: http://localhost:1080/cgi-bin/itinerary.pl\r\n
..\\Parameters\\common_lib.h(208):     Sec-Fetch-Dest: frame\r\n
..\\Parameters\\common_lib.h(208):     Sec-Fetch-Mode: navigate\r\n
..\\Parameters\\common_lib.h(208):     Sec-Fetch-Site: same-origin\r\n
..\\Parameters\\common_lib.h(208):     Upgrade-Insecure-Requests: 1\r\n
..\\Parameters\\common_lib.h(208):     sec-ch-ua: "Chromium";v="112", "Google Chrome";v="112", "Not:A-Brand";v="99"\r\n
..\\Parameters\\common_lib.h(208):     sec-ch-ua-mobile: ?0\r\n
..\\Parameters\\common_lib.h(208):     sec-ch-ua-platform: "Windows"\r\n
..\\Parameters\\common_lib.h(208):     Origin: http://localhost:1080\r\n
..\\Parameters\\common_lib.h(208):     User-Agent: Crashpad/0.8.0 WinHTTP/10.0.19041.2673 Windows_NT/10.0.19041.2788 (x64)\r\n
..\\Parameters\\common_lib.h(208):     Accept-Encoding: gzip, deflate, br\r\n
..\\Parameters\\common_lib.h(208):     Accept-Language: ru-RU,ru;q=0.9,en-US;q=0.8,en;q=0.7\r\n
..\\Parameters\\common_lib.h(208):     Accept: */*\r\n
..\\Parameters\\common_lib.h(208):     Connection: Keep-Alive\r\n
..\\Parameters\\common_lib.h(208):     Host: localhost:1080\r\n
..\\Parameters\\common_lib.h(208):     Cookie: MSO=SID&1684485382; MTUserInfo=firstName&Pacha&username&mims&address2&Perm&hash&83
..\\Parameters\\common_lib.h(208):     &expDate&03%2F23&creditCard&777777&address1&Krasnaia&lastName&Kuznecov%0A\r\n
..\\Parameters\\common_lib.h(208):     \r\n
..\\Parameters\\common_lib.h(208): t=7081743ms: Already connected [1] to localhost:1080  	[MsgId: MMSG-26000]
..\\Parameters\\common_lib.h(208): t=7081743ms: 777-byte request headers for "http://localhost:1080/WebTours/images/cancelreservation.gif" (RelFrameId=, Internal ID=2006)
..\\Parameters\\common_lib.h(208):     GET /WebTours/images/cancelreservation.gif HTTP/1.1\r\n
..\\Parameters\\common_lib.h(208):     Referer: http://localhost:1080/cgi-bin/itinerary.pl\r\n
..\\Parameters\\common_lib.h(208):     Sec-Fetch-Dest: frame\r\n
..\\Parameters\\common_lib.h(208):     Sec-Fetch-Mode: navigate\r\n
..\\Parameters\\common_lib.h(208):     Sec-Fetch-Site: same-origin\r\n
..\\Parameters\\common_lib.h(208):     Upgrade-Insecure-Requests: 1\r\n
..\\Parameters\\common_lib.h(208):     sec-ch-ua: "Chromium";v="112", "Google Chrome";v="112", "Not:A-Brand";v="99"\r\n
..\\Parameters\\common_lib.h(208):     sec-ch-ua-mobile: ?0\r\n
..\\Parameters\\common_lib.h(208):     sec-ch-ua-platform: "Windows"\r\n
..\\Parameters\\common_lib.h(208):     Origin: http://localhost:1080\r\n
..\\Parameters\\common_lib.h(208):     User-Agent: Crashpad/0.8.0 WinHTTP/10.0.19041.2673 Windows_NT/10.0.19041.2788 (x64)\r\n
..\\Parameters\\common_lib.h(208):     Accept-Encoding: gzip, deflate, br\r\n
..\\Parameters\\common_lib.h(208):     Accept-Language: ru-RU,ru;q=0.9,en-US;q=0.8,en;q=0.7\r\n
..\\Parameters\\common_lib.h(208):     Accept: */*\r\n
..\\Parameters\\common_lib.h(208):     Connection: Keep-Alive\r\n
..\\Parameters\\common_lib.h(208):     Host: localhost:1080\r\n
..\\Parameters\\common_lib.h(208):     Cookie: MSO=SID&1684485382; MTUserInfo=firstName&Pacha&username&mims&address2&Perm&hash&83
..\\Parameters\\common_lib.h(208):     &expDate&03%2F23&creditCard&777777&address1&Krasnaia&lastName&Kuznecov%0A\r\n
..\\Parameters\\common_lib.h(208):     \r\n
..\\Parameters\\common_lib.h(208): t=7081743ms: 291-byte response headers for "http://localhost:1080/WebTours/images/cancelallreservations.gif" (RelFrameId=, Internal ID=2007)
..\\Parameters\\common_lib.h(208):     HTTP/1.1 200 OK\r\n
..\\Parameters\\common_lib.h(208):     Date: Fri, 19 May 2023 08:36:54 GMT\r\n
..\\Parameters\\common_lib.h(208):     Server: Apache/2.2.21 (Win32)\r\n
..\\Parameters\\common_lib.h(208):     Last-Modified: Thu, 12 Jan 2012 13:30:28 GMT\r\n
..\\Parameters\\common_lib.h(208):     ETag: "38a7160-2e6-4b654c0620500"\r\n
..\\Parameters\\common_lib.h(208):     Accept-Ranges: bytes\r\n
..\\Parameters\\common_lib.h(208):     Content-Length: 742\r\n
..\\Parameters\\common_lib.h(208):     Keep-Alive: timeout=5, max=93\r\n
..\\Parameters\\common_lib.h(208):     Connection: Keep-Alive\r\n
..\\Parameters\\common_lib.h(208):     Content-Type: image/gif\r\n
..\\Parameters\\common_lib.h(208):     \r\n
..\\Parameters\\common_lib.h(208): t=7081744ms: 742-byte response body for "http://localhost:1080/WebTours/images/cancelallreservations.gif" (RelFrameId=, Internal ID=2007)
..\\Parameters\\common_lib.h(208): t=7081744ms: Request done "http://localhost:1080/WebTours/images/cancelallreservations.gif"  	[MsgId: MMSG-26000]
..\\Parameters\\common_lib.h(208): t=7081744ms: 291-byte response headers for "http://localhost:1080/WebTours/images/cancelreservation.gif" (RelFrameId=, Internal ID=2006)
..\\Parameters\\common_lib.h(208):     HTTP/1.1 200 OK\r\n
..\\Parameters\\common_lib.h(208):     Date: Fri, 19 May 2023 08:36:54 GMT\r\n
..\\Parameters\\common_lib.h(208):     Server: Apache/2.2.21 (Win32)\r\n
..\\Parameters\\common_lib.h(208):     Last-Modified: Thu, 12 Jan 2012 13:30:28 GMT\r\n
..\\Parameters\\common_lib.h(208):     ETag: "38a71c0-33f-4b654c0620500"\r\n
..\\Parameters\\common_lib.h(208):     Accept-Ranges: bytes\r\n
..\\Parameters\\common_lib.h(208):     Content-Length: 831\r\n
..\\Parameters\\common_lib.h(208):     Keep-Alive: timeout=5, max=98\r\n
..\\Parameters\\common_lib.h(208):     Connection: Keep-Alive\r\n
..\\Parameters\\common_lib.h(208):     Content-Type: image/gif\r\n
..\\Parameters\\common_lib.h(208):     \r\n
..\\Parameters\\common_lib.h(208): t=7081744ms: 831-byte response body for "http://localhost:1080/WebTours/images/cancelreservation.gif" (RelFrameId=, Internal ID=2006)
..\\Parameters\\common_lib.h(208): t=7081744ms: Request done "http://localhost:1080/WebTours/images/cancelreservation.gif"  	[MsgId: MMSG-26000]
..\\Parameters\\common_lib.h(208): web_url("Itinerary Button") was successful, 745694 body bytes, 1599 header bytes, 1426 chunking overhead bytes  	[MsgId: MMSG-26385]
..\\Parameters\\common_lib.h(218): Notify: Transaction "Itinerary_Button" ended with a "Pass" status (Duration: 0,6256).	[MsgId: MMSG-16873]
Action.c(80): lr_think_time: 5,00 seconds.	[MsgId: MMSG-15948]
..\\Parameters\\common_lib.h(224): Notify: Transaction "log_out" started.	[MsgId: MMSG-16999]
..\\Parameters\\common_lib.h(226): web_remove_auto_header("Origin") started  	[MsgId: MMSG-26355]
..\\Parameters\\common_lib.h(226): Previous automatically added web header for "Origin" removed  	[MsgId: MMSG-26587]
..\\Parameters\\common_lib.h(226): web_remove/revert_auto_header("Origin") was successful  	[MsgId: MMSG-26392]
..\\Parameters\\common_lib.h(228): web_reg_find started  	[MsgId: MMSG-26355]
..\\Parameters\\common_lib.h(228): Registering web_reg_find was successful  	[MsgId: MMSG-26390]
..\\Parameters\\common_lib.h(231): web_url("SignOff Button") started  	[MsgId: MMSG-26355]
..\\Parameters\\common_lib.h(231): t=7081978ms: Closed connection [0] to localhost:1080 after completing 10 request(s)  	[MsgId: MMSG-26000]
..\\Parameters\\common_lib.h(231): t=7081978ms: Connecting [0] to host 127.0.0.1:1080  	[MsgId: MMSG-26000]
..\\Parameters\\common_lib.h(231): t=7081979ms: Connected socket [0] from 127.0.0.1:38129 to 127.0.0.1:1080 in 1 ms  	[MsgId: MMSG-26000]
..\\Parameters\\common_lib.h(231): t=7081979ms: 748-byte request headers for "http://localhost:1080/cgi-bin/welcome.pl?signOff=1" (RelFrameId=1, Internal ID=1498)
..\\Parameters\\common_lib.h(231):     GET /cgi-bin/welcome.pl?signOff=1 HTTP/1.1\r\n
..\\Parameters\\common_lib.h(231):     Referer: http://localhost:1080/cgi-bin/nav.pl?page=menu&in=flights\r\n
..\\Parameters\\common_lib.h(231):     Sec-Fetch-Dest: frame\r\n
..\\Parameters\\common_lib.h(231):     Sec-Fetch-Mode: navigate\r\n
..\\Parameters\\common_lib.h(231):     Sec-Fetch-Site: same-origin\r\n
..\\Parameters\\common_lib.h(231):     Upgrade-Insecure-Requests: 1\r\n
..\\Parameters\\common_lib.h(231):     sec-ch-ua: "Chromium";v="112", "Google Chrome";v="112", "Not:A-Brand";v="99"\r\n
..\\Parameters\\common_lib.h(231):     sec-ch-ua-mobile: ?0\r\n
..\\Parameters\\common_lib.h(231):     sec-ch-ua-platform: "Windows"\r\n
..\\Parameters\\common_lib.h(231):     User-Agent: Crashpad/0.8.0 WinHTTP/10.0.19041.2673 Windows_NT/10.0.19041.2788 (x64)\r\n
..\\Parameters\\common_lib.h(231):     Accept-Encoding: gzip, deflate, br\r\n
..\\Parameters\\common_lib.h(231):     Accept-Language: ru-RU,ru;q=0.9,en-US;q=0.8,en;q=0.7\r\n
..\\Parameters\\common_lib.h(231):     Accept: */*\r\n
..\\Parameters\\common_lib.h(231):     Connection: Keep-Alive\r\n
..\\Parameters\\common_lib.h(231):     Host: localhost:1080\r\n
..\\Parameters\\common_lib.h(231):     Cookie: MSO=SID&1684485377; MTUserInfo=firstName&Yura&username&vivs&address2&Yral&hash&51&
..\\Parameters\\common_lib.h(231):     expDate&05%2F23&creditCard&100000&address1&Lenina&lastName&Kazakov%0A\r\n
..\\Parameters\\common_lib.h(231):     \r\n
..\\Parameters\\common_lib.h(231): t=7081979ms: Inactive socket [1] was closed by localhost:1080, probably due to Keep-Alive timeout  	[MsgId: MMSG-26000]
..\\Parameters\\common_lib.h(231): t=7081979ms: Closed connection [1] to localhost:1080 after completing 3 request(s)  	[MsgId: MMSG-26000]
..\\Parameters\\common_lib.h(231): t=7082021ms: 328-byte response headers for "http://localhost:1080/cgi-bin/welcome.pl?signOff=1" (RelFrameId=1, Internal ID=1498)
..\\Parameters\\common_lib.h(231):     HTTP/1.1 200 OK\r\n
..\\Parameters\\common_lib.h(231):     Date: Fri, 19 May 2023 08:36:54 GMT\r\n
..\\Parameters\\common_lib.h(231):     Server: Apache/2.2.21 (Win32)\r\n
..\\Parameters\\common_lib.h(231):     Set-Cookie: MSO=SID&1684485414; path=/\r\n
..\\Parameters\\common_lib.h(231):     Set-Cookie: MTUserInfo=; path=/; expires=Thu, 18-May-2023 08:36:54 GMT\r\n
..\\Parameters\\common_lib.h(231):     Keep-Alive: timeout=5, max=100\r\n
..\\Parameters\\common_lib.h(231):     Connection: Keep-Alive\r\n
..\\Parameters\\common_lib.h(231):     Transfer-Encoding: chunked\r\n
..\\Parameters\\common_lib.h(231):     Content-Type: text/html; charset=ISO-8859-1\r\n
..\\Parameters\\common_lib.h(231):     \r\n
..\\Parameters\\common_lib.h(231): t=7082022ms: 5-byte chunked response overhead for "http://localhost:1080/cgi-bin/welcome.pl?signOff=1" (RelFrameId=1, Internal ID=1498)
..\\Parameters\\common_lib.h(231):     2ae\r\n
..\\Parameters\\common_lib.h(231): t=7082022ms: 2-byte chunked response overhead for "http://localhost:1080/cgi-bin/welcome.pl?signOff=1" (RelFrameId=1, Internal ID=1498)
..\\Parameters\\common_lib.h(231):     \r\n
..\\Parameters\\common_lib.h(231): t=7082022ms: 686-byte chunked response body for "http://localhost:1080/cgi-bin/welcome.pl?signOff=1" (RelFrameId=1, Internal ID=1498)
..\\Parameters\\common_lib.h(231):     <!-- \n
..\\Parameters\\common_lib.h(231):      A Session ID has been created and loaded into a cookie called MSO.\n
..\\Parameters\\common_lib.h(231):      Also, the server options have been loaded into the cookie called\n
..\\Parameters\\common_lib.h(231):      MSO as well.  The server options can be set via the Admin page.\n
..\\Parameters\\common_lib.h(231):      --->\n
..\\Parameters\\common_lib.h(231):     \n
..\\Parameters\\common_lib.h(231):     <html>\n
..\\Parameters\\common_lib.h(231):     <title>Web Tours</title>\n
..\\Parameters\\common_lib.h(231):        <!-- Frame Set -->\n
..\\Parameters\\common_lib.h(231):        <frameset cols="160,*" border="1" frameborder="1">\n
..\\Parameters\\common_lib.h(231):           <!-- Navigation Frame -->\n
..\\Parameters\\common_lib.h(231):           <frame src="nav.pl?in=home" name="navbar" marginheight="2" marginwidth="2" \n
..\\Parameters\\common_lib.h(231):                 noresize="noresize" scrolling="auto"/>\n
..\\Parameters\\common_lib.h(231):           <!-- Home Frame -->\n
..\\Parameters\\common_lib.h(231):           <frame src="/WebTours/home.html" name="info" marginheight="2" marginwidth="2" \n
..\\Parameters\\common_lib.h(231):                 noresize="noresize" scrolling="auto"/>\n
..\\Parameters\\common_lib.h(231):        </frameset>\n
..\\Parameters\\common_lib.h(231):     </html>\n
..\\Parameters\\common_lib.h(231):     \n
..\\Parameters\\common_lib.h(231):     </body>\n
..\\Parameters\\common_lib.h(231):     </html>
..\\Parameters\\common_lib.h(231): Detected non-resource "http://localhost:1080/cgi-bin/nav.pl?in=home" in "http://localhost:1080/cgi-bin/welcome.pl?signOff=1"  	[MsgId: MMSG-26574]
..\\Parameters\\common_lib.h(231): Detected non-resource "http://localhost:1080/WebTours/home.html" in "http://localhost:1080/cgi-bin/welcome.pl?signOff=1"  	[MsgId: MMSG-26574]
..\\Parameters\\common_lib.h(231): Retrieving data from cache for "http://localhost:1080/WebTours/home.html"  	[MsgId: MMSG-26558]
..\\Parameters\\common_lib.h(231): t=7082022ms: 1361-byte response body retrieved from cache for "http://localhost:1080/WebTours/home.html" (RelFrameId=1.2, Internal ID=1500)
..\\Parameters\\common_lib.h(231):     <HTML>\n
..\\Parameters\\common_lib.h(231):     <HEAD>\n
..\\Parameters\\common_lib.h(231):     \t<title>Web Tours</title>\n
..\\Parameters\\common_lib.h(231):     </HEAD>\n
..\\Parameters\\common_lib.h(231):     <style>\n
..\\Parameters\\common_lib.h(231):     \tblockquote {font-family: tahoma; font-size : 10pt}\n
..\\Parameters\\common_lib.h(231):     \tH1 {font-family: tahoma; font-size : 22pt; color: #003366}\n
..\\Parameters\\common_lib.h(231):     \tsmall {font-family: tahoma; font-size : 8pt}\n
..\\Parameters\\common_lib.h(231):     \tH3{font-family: tahoma; font-size : 10pt; color: black}\n
..\\Parameters\\common_lib.h(231):     \tA {FONT-WEIGHT: bold; FONT-SIZE: 10pt; COLOR: black; FONT-FAMILY: Tahoma; TEXT-DECORATIO
..\\Parameters\\common_lib.h(231):     N: none}\n
..\\Parameters\\common_lib.h(231):     \tA:hover{ FONT-WEIGHT: bold; FONT-SIZE: 10pt; COLOR: #993333; FONT-FAMILY: Tahoma;TEXT-DE
..\\Parameters\\common_lib.h(231):     CORATION: underline}\n
..\\Parameters\\common_lib.h(231):     \tTD {font-family: tahoma; font-size : 10pt; color: black}\n
..\\Parameters\\common_lib.h(231):     </style>\n
..\\Parameters\\common_lib.h(231):     <body bgcolor="#e0e7f1">\n
..\\Parameters\\common_lib.h(231):     <BR/>\n
..\\Parameters\\common_lib.h(231):     <BR/>\n
..\\Parameters\\common_lib.h(231):     <BR/>\n
..\\Parameters\\common_lib.h(231):     <br/>\n
..\\Parameters\\common_lib.h(231):     <table border="0">\n
..\\Parameters\\common_lib.h(231):     <tr><td></td></tr>\n
..\\Parameters\\common_lib.h(231):     <TR><TD></TD></TR>\n
..\\Parameters\\common_lib.h(231):     <TR><TD>\n
..\\Parameters\\common_lib.h(231):     <blockquote>\n
..\\Parameters\\common_lib.h(231):     <H1><b>Web Tours</b></H1>\n
..\\Parameters\\common_lib.h(231):     Welcome to the Web Tours site.\n
..\\Parameters\\common_lib.h(231):     <br/>\n
..\\Parameters\\common_lib.h(231):     To make reservations,please enter your account information to the left.\n
..\\Parameters\\common_lib.h(231):     <br/>\n
..\\Parameters\\common_lib.h(231):     If you haven't registered yet, <A href="/cgi-bin/login.pl?username=&amp;password=&amp;getI
..\\Parameters\\common_lib.h(231):     nfo=true" ><B>sign up now</B></A> to get access to all our resources.\n
..\\Parameters\\common_lib.h(231):     <br/>\n
..\\Parameters\\common_lib.h(231):     To configure the server options, use <A href="/cgi-bin/admin.pl" target="body" ><b>adminis
..\\Parameters\\common_lib.h(231):     tration</b></A> link.\n
..\\Parameters\\common_lib.h(231):     <br/><br/><br/><br/><br/><br/>\n
..\\Parameters\\common_lib.h(231):     <br/><small>\n
..\\Parameters\\common_lib.h(231):     This product uses parts of the SMT Kernel, Copyright (c) 1991-99 <A href="http://www.imati
..\\Parameters\\common_lib.h(231):     x.com" target="new"><B><small>iMatix Corporation</small></B></A> \n
..\\Parameters\\common_lib.h(231):     </small>\n
..\\Parameters\\common_lib.h(231):     </blockquote></TD>\n
..\\Parameters\\common_lib.h(231):     <TD></TD></TR>\n
..\\Parameters\\common_lib.h(231):     </table>\n
..\\Parameters\\common_lib.h(231):     </body>\n
..\\Parameters\\common_lib.h(231):     </HTML>\n
..\\Parameters\\common_lib.h(231): t=7082023ms: Connecting [1] to host 127.0.0.1:1080  	[MsgId: MMSG-26000]
..\\Parameters\\common_lib.h(231): t=7082024ms: 5-byte chunked response overhead for "http://localhost:1080/cgi-bin/welcome.pl?signOff=1" (RelFrameId=1, Internal ID=1498)
..\\Parameters\\common_lib.h(231):     0\r\n
..\\Parameters\\common_lib.h(231):     \r\n
..\\Parameters\\common_lib.h(231): t=7082024ms: Request done "http://localhost:1080/cgi-bin/welcome.pl?signOff=1"  	[MsgId: MMSG-26000]
..\\Parameters\\common_lib.h(231): t=7082024ms: Connected socket [1] from 127.0.0.1:38130 to 127.0.0.1:1080 in 0 ms  	[MsgId: MMSG-26000]
..\\Parameters\\common_lib.h(231): t=7082024ms: 602-byte request headers for "http://localhost:1080/cgi-bin/nav.pl?in=home" (RelFrameId=1.1, Internal ID=1499)
..\\Parameters\\common_lib.h(231):     GET /cgi-bin/nav.pl?in=home HTTP/1.1\r\n
..\\Parameters\\common_lib.h(231):     Referer: http://localhost:1080/cgi-bin/welcome.pl?signOff=1\r\n
..\\Parameters\\common_lib.h(231):     Sec-Fetch-Dest: frame\r\n
..\\Parameters\\common_lib.h(231):     Sec-Fetch-Mode: navigate\r\n
..\\Parameters\\common_lib.h(231):     Sec-Fetch-Site: same-origin\r\n
..\\Parameters\\common_lib.h(231):     Upgrade-Insecure-Requests: 1\r\n
..\\Parameters\\common_lib.h(231):     sec-ch-ua: "Chromium";v="112", "Google Chrome";v="112", "Not:A-Brand";v="99"\r\n
..\\Parameters\\common_lib.h(231):     sec-ch-ua-mobile: ?0\r\n
..\\Parameters\\common_lib.h(231):     sec-ch-ua-platform: "Windows"\r\n
..\\Parameters\\common_lib.h(231):     User-Agent: Crashpad/0.8.0 WinHTTP/10.0.19041.2673 Windows_NT/10.0.19041.2788 (x64)\r\n
..\\Parameters\\common_lib.h(231):     Accept-Encoding: gzip, deflate, br\r\n
..\\Parameters\\common_lib.h(231):     Accept-Language: ru-RU,ru;q=0.9,en-US;q=0.8,en;q=0.7\r\n
..\\Parameters\\common_lib.h(231):     Accept: */*\r\n
..\\Parameters\\common_lib.h(231):     Connection: Keep-Alive\r\n
..\\Parameters\\common_lib.h(231):     Host: localhost:1080\r\n
..\\Parameters\\common_lib.h(231):     Cookie: MSO=SID&1684485414\r\n
..\\Parameters\\common_lib.h(231):     \r\n
..\\Parameters\\common_lib.h(231): t=7082066ms: 256-byte response headers for "http://localhost:1080/cgi-bin/nav.pl?in=home" (RelFrameId=1.1, Internal ID=1499)
..\\Parameters\\common_lib.h(231):     HTTP/1.1 200 OK\r\n
..\\Parameters\\common_lib.h(231):     Date: Fri, 19 May 2023 08:36:54 GMT\r\n
..\\Parameters\\common_lib.h(231):     Server: Apache/2.2.21 (Win32)\r\n
..\\Parameters\\common_lib.h(231):     Expires: Thu, 18 May 2023 08:36:54 GMT\r\n
..\\Parameters\\common_lib.h(231):     Keep-Alive: timeout=5, max=100\r\n
..\\Parameters\\common_lib.h(231):     Connection: Keep-Alive\r\n
..\\Parameters\\common_lib.h(231):     Transfer-Encoding: chunked\r\n
..\\Parameters\\common_lib.h(231):     Content-Type: text/html; charset=ISO-8859-1\r\n
..\\Parameters\\common_lib.h(231):     \r\n
..\\Parameters\\common_lib.h(231): t=7082066ms: 5-byte chunked response overhead for "http://localhost:1080/cgi-bin/nav.pl?in=home" (RelFrameId=1.1, Internal ID=1499)
..\\Parameters\\common_lib.h(231):     5cc\r\n
..\\Parameters\\common_lib.h(231): t=7082066ms: 2-byte chunked response overhead for "http://localhost:1080/cgi-bin/nav.pl?in=home" (RelFrameId=1.1, Internal ID=1499)
..\\Parameters\\common_lib.h(231):     \r\n
..\\Parameters\\common_lib.h(231): t=7082066ms: 1484-byte chunked response body for "http://localhost:1080/cgi-bin/nav.pl?in=home" (RelFrameId=1.1, Internal ID=1499)
..\\Parameters\\common_lib.h(231):     <!DOCTYPE html\n
..\\Parameters\\common_lib.h(231):     \tPUBLIC "-//W3C//DTD XHTML 1.0 Transitional//EN"\n
..\\Parameters\\common_lib.h(231):     \t "http://www.w3.org/TR/xhtml1/DTD/xhtml1-transitional.dtd">\n
..\\Parameters\\common_lib.h(231):     <html xmlns="http://www.w3.org/1999/xhtml" lang="en-US" xml:lang="en-US">\n
..\\Parameters\\common_lib.h(231):     <head>\n
..\\Parameters\\common_lib.h(231):     <title>Web Tours Navigation Bar</title>\n
..\\Parameters\\common_lib.h(231):     <meta http-equiv="Content-Type" content="text/html; charset=iso-8859-1" />\n
..\\Parameters\\common_lib.h(231):     </head>\n
..\\Parameters\\common_lib.h(231):     <body bgcolor="#E0E7F1">\n
..\\Parameters\\common_lib.h(231):     <style>\n
..\\Parameters\\common_lib.h(231):     blockquote {font-family: tahoma; font-size : 10pt}\n
..\\Parameters\\common_lib.h(231):     H1 {font-family: tahoma; font-size : 22pt; color: #993333}\n
..\\Parameters\\common_lib.h(231):     H3 {font-family: tahoma; font-size : 10pt; color: black}\n
..\\Parameters\\common_lib.h(231):     small {font-family: tahoma; font-size : 8pt}\n
..\\Parameters\\common_lib.h(231):     </style>\n
..\\Parameters\\common_lib.h(231):     <form method="post" action="/cgi-bin/login.pl" target="body">\n
..\\Parameters\\common_lib.h(231):     <input type="hidden" name="userSession" value="136450.823329283HAViziQpccftcVVcpVDfDf"/>\n
..\\Parameters\\common_lib.h(231):     <table border="0"><tr><td>&nbsp;</td>\n
..\\Parameters\\common_lib.h(231):     <td>&nbsp;</td></tr>\n
..\\Parameters\\common_lib.h(231):     <tr><td>&nbsp;</td>\n
..\\Parameters\\common_lib.h(231):     <td>&nbsp;</td></tr>\n
..\\Parameters\\common_lib.h(231):     <tr><td>&nbsp;</td>\n
..\\Parameters\\common_lib.h(231):     <td><small>&nbsp;Username</small></td></tr>\n
..\\Parameters\\common_lib.h(231):     <tr><td>&nbsp;</td>\n
..\\Parameters\\common_lib.h(231):     <td><input type="text" name="username" value="" size="14" maxlength="14"/></td></tr>\n
..\\Parameters\\common_lib.h(231):     <tr><td>&nbsp;</td>\n
..\\Parameters\\common_lib.h(231):     <td><small>&nbsp;Password</small></td>\n
..\\Parameters\\common_lib.h(231):     <tr><td>&nbsp;</td>\n
..\\Parameters\\common_lib.h(231):     <td><input type="password" name="password" value="" size="14" maxlength="14"/></td></tr>\n
..\\Parameters\\common_lib.h(231):     <tr><td>&nbsp;</td>\n
..\\Parameters\\common_lib.h(231):     <td>&nbsp;</td></tr>\n
..\\Parameters\\common_lib.h(231):     <tr><td>&nbsp;</td>\n
..\\Parameters\\common_lib.h(231):     <td><input type="image" name="login" value="Login" alt="Login" border="1" \n
..\\Parameters\\common_lib.h(231):     src="/WebTours/images/mer_login.gif"/></td></tr>\n
..\\Parameters\\common_lib.h(231):     <tr><td>&nbsp;</td><td>&nbsp;</td></tr>\n
..\\Parameters\\common_lib.h(231):     </table><input type="hidden" name="JSFormSubmit" value="off"/>\n
..\\Parameters\\common_lib.h(231):     </form>\n
..\\Parameters\\common_lib.h(231):     \n
..\\Parameters\\common_lib.h(231):     </body>\n
..\\Parameters\\common_lib.h(231):     </html>\n
..\\Parameters\\common_lib.h(231): Resource "http://localhost:1080/WebTours/images/mer_login.gif" is in the cache already and will not be downloaded again  	[MsgId: MMSG-26655]
..\\Parameters\\common_lib.h(231): t=7082068ms: 5-byte chunked response overhead for "http://localhost:1080/cgi-bin/nav.pl?in=home" (RelFrameId=1.1, Internal ID=1499)
..\\Parameters\\common_lib.h(231):     0\r\n
..\\Parameters\\common_lib.h(231):     \r\n
..\\Parameters\\common_lib.h(231): t=7082068ms: Request done "http://localhost:1080/cgi-bin/nav.pl?in=home"  	[MsgId: MMSG-26000]
..\\Parameters\\common_lib.h(231): Registered web_reg_find successful for "Text=A Session ID has been created" (count=1)  	[MsgId: MMSG-26364]
..\\Parameters\\common_lib.h(231): web_url("SignOff Button") was successful, 2170 body bytes, 584 header bytes, 24 chunking overhead bytes  	[MsgId: MMSG-26385]
..\\Parameters\\common_lib.h(241): Notify: Transaction "log_out" ended with a "Pass" status (Duration: 0,0902 Wasted Time: 0,0000).	[MsgId: MMSG-16871]
Action.c(84): Notify: Transaction "02_booking_a_ticket" ended with a "Pass" status (Duration: 36,5456 Think Time: 35,0638 Wasted Time: 0,0005).	[MsgId: MMSG-16870]
Ending action Action.	[MsgId: MMSG-15918]
Action was aborted.	[MsgId: MMSG-10694]
Ending Vuser...	[MsgId: MMSG-15966]
Starting action vuser_end.	[MsgId: MMSG-15919]
Ending action vuser_end.	[MsgId: MMSG-15918]
Vuser Terminated.	[MsgId: MMSG-15963]
t=7082068ms: Closed connection [0] to localhost:1080 after completing 1 request(s)  	[MsgId: MMSG-26000]
t=7082069ms: Closed connection [1] to localhost:1080 after completing 1 request(s)  	[MsgId: MMSG-26000]
HTML-Mode memory management statistics: Reusable=107, NonReusable=0, CsMemBlockSize=4096, checks disabled  	[MsgId: MMSG-26000]
Vuser 10 (thread 5788), ended OK."	[MsgId: MMSG-10695]
..\\Parameters\\common_lib.h(224): Notify: Transaction "log_out" started.	[MsgId: MMSG-16999]
..\\Parameters\\common_lib.h(226): web_remove_auto_header("Origin") started  	[MsgId: MMSG-26355]
..\\Parameters\\common_lib.h(226): Previous automatically added web header for "Origin" removed  	[MsgId: MMSG-26587]
..\\Parameters\\common_lib.h(226): web_remove/revert_auto_header("Origin") was successful  	[MsgId: MMSG-26392]
..\\Parameters\\common_lib.h(228): web_reg_find started  	[MsgId: MMSG-26355]
..\\Parameters\\common_lib.h(228): Registering web_reg_find was successful  	[MsgId: MMSG-26390]
..\\Parameters\\common_lib.h(231): web_url("SignOff Button") started  	[MsgId: MMSG-26355]
..\\Parameters\\common_lib.h(231): t=7086745ms: Closed connection [0] to localhost:1080 after completing 8 request(s)  	[MsgId: MMSG-26000]
..\\Parameters\\common_lib.h(231): t=7086745ms: Connecting [0] to host 127.0.0.1:1080  	[MsgId: MMSG-26000]
..\\Parameters\\common_lib.h(231): t=7086745ms: Connected socket [0] from 127.0.0.1:38131 to 127.0.0.1:1080 in 0 ms  	[MsgId: MMSG-26000]
..\\Parameters\\common_lib.h(231): t=7086745ms: 752-byte request headers for "http://localhost:1080/cgi-bin/welcome.pl?signOff=1" (RelFrameId=1, Internal ID=2008)
..\\Parameters\\common_lib.h(231):     GET /cgi-bin/welcome.pl?signOff=1 HTTP/1.1\r\n
..\\Parameters\\common_lib.h(231):     Referer: http://localhost:1080/cgi-bin/nav.pl?page=menu&in=flights\r\n
..\\Parameters\\common_lib.h(231):     Sec-Fetch-Dest: frame\r\n
..\\Parameters\\common_lib.h(231):     Sec-Fetch-Mode: navigate\r\n
..\\Parameters\\common_lib.h(231):     Sec-Fetch-Site: same-origin\r\n
..\\Parameters\\common_lib.h(231):     Upgrade-Insecure-Requests: 1\r\n
..\\Parameters\\common_lib.h(231):     sec-ch-ua: "Chromium";v="112", "Google Chrome";v="112", "Not:A-Brand";v="99"\r\n
..\\Parameters\\common_lib.h(231):     sec-ch-ua-mobile: ?0\r\n
..\\Parameters\\common_lib.h(231):     sec-ch-ua-platform: "Windows"\r\n
..\\Parameters\\common_lib.h(231):     User-Agent: Crashpad/0.8.0 WinHTTP/10.0.19041.2673 Windows_NT/10.0.19041.2788 (x64)\r\n
..\\Parameters\\common_lib.h(231):     Accept-Encoding: gzip, deflate, br\r\n
..\\Parameters\\common_lib.h(231):     Accept-Language: ru-RU,ru;q=0.9,en-US;q=0.8,en;q=0.7\r\n
..\\Parameters\\common_lib.h(231):     Accept: */*\r\n
..\\Parameters\\common_lib.h(231):     Connection: Keep-Alive\r\n
..\\Parameters\\common_lib.h(231):     Host: localhost:1080\r\n
..\\Parameters\\common_lib.h(231):     Cookie: MSO=SID&1684485382; MTUserInfo=firstName&Pacha&username&mims&address2&Perm&hash&83
..\\Parameters\\common_lib.h(231):     &expDate&03%2F23&creditCard&777777&address1&Krasnaia&lastName&Kuznecov%0A\r\n
..\\Parameters\\common_lib.h(231):     \r\n
..\\Parameters\\common_lib.h(231): t=7086746ms: Inactive socket [1] was closed by localhost:1080, probably due to Keep-Alive timeout  	[MsgId: MMSG-26000]
..\\Parameters\\common_lib.h(231): t=7086746ms: Closed connection [1] to localhost:1080 after completing 3 request(s)  	[MsgId: MMSG-26000]
..\\Parameters\\common_lib.h(231): t=7086895ms: 328-byte response headers for "http://localhost:1080/cgi-bin/welcome.pl?signOff=1" (RelFrameId=1, Internal ID=2008)
..\\Parameters\\common_lib.h(231):     HTTP/1.1 200 OK\r\n
..\\Parameters\\common_lib.h(231):     Date: Fri, 19 May 2023 08:36:59 GMT\r\n
..\\Parameters\\common_lib.h(231):     Server: Apache/2.2.21 (Win32)\r\n
..\\Parameters\\common_lib.h(231):     Set-Cookie: MSO=SID&1684485419; path=/\r\n
..\\Parameters\\common_lib.h(231):     Set-Cookie: MTUserInfo=; path=/; expires=Thu, 18-May-2023 08:36:59 GMT\r\n
..\\Parameters\\common_lib.h(231):     Keep-Alive: timeout=5, max=100\r\n
..\\Parameters\\common_lib.h(231):     Connection: Keep-Alive\r\n
..\\Parameters\\common_lib.h(231):     Transfer-Encoding: chunked\r\n
..\\Parameters\\common_lib.h(231):     Content-Type: text/html; charset=ISO-8859-1\r\n
..\\Parameters\\common_lib.h(231):     \r\n
..\\Parameters\\common_lib.h(231): t=7086896ms: 5-byte chunked response overhead for "http://localhost:1080/cgi-bin/welcome.pl?signOff=1" (RelFrameId=1, Internal ID=2008)
..\\Parameters\\common_lib.h(231):     2ae\r\n
..\\Parameters\\common_lib.h(231): t=7086896ms: 2-byte chunked response overhead for "http://localhost:1080/cgi-bin/welcome.pl?signOff=1" (RelFrameId=1, Internal ID=2008)
..\\Parameters\\common_lib.h(231):     \r\n
..\\Parameters\\common_lib.h(231): t=7086896ms: 686-byte chunked response body for "http://localhost:1080/cgi-bin/welcome.pl?signOff=1" (RelFrameId=1, Internal ID=2008)
..\\Parameters\\common_lib.h(231):     <!-- \n
..\\Parameters\\common_lib.h(231):      A Session ID has been created and loaded into a cookie called MSO.\n
..\\Parameters\\common_lib.h(231):      Also, the server options have been loaded into the cookie called\n
..\\Parameters\\common_lib.h(231):      MSO as well.  The server options can be set via the Admin page.\n
..\\Parameters\\common_lib.h(231):      --->\n
..\\Parameters\\common_lib.h(231):     \n
..\\Parameters\\common_lib.h(231):     <html>\n
..\\Parameters\\common_lib.h(231):     <title>Web Tours</title>\n
..\\Parameters\\common_lib.h(231):        <!-- Frame Set -->\n
..\\Parameters\\common_lib.h(231):        <frameset cols="160,*" border="1" frameborder="1">\n
..\\Parameters\\common_lib.h(231):           <!-- Navigation Frame -->\n
..\\Parameters\\common_lib.h(231):           <frame src="nav.pl?in=home" name="navbar" marginheight="2" marginwidth="2" \n
..\\Parameters\\common_lib.h(231):                 noresize="noresize" scrolling="auto"/>\n
..\\Parameters\\common_lib.h(231):           <!-- Home Frame -->\n
..\\Parameters\\common_lib.h(231):           <frame src="/WebTours/home.html" name="info" marginheight="2" marginwidth="2" \n
..\\Parameters\\common_lib.h(231):                 noresize="noresize" scrolling="auto"/>\n
..\\Parameters\\common_lib.h(231):        </frameset>\n
..\\Parameters\\common_lib.h(231):     </html>\n
..\\Parameters\\common_lib.h(231):     \n
..\\Parameters\\common_lib.h(231):     </body>\n
..\\Parameters\\common_lib.h(231):     </html>
..\\Parameters\\common_lib.h(231): Detected non-resource "http://localhost:1080/cgi-bin/nav.pl?in=home" in "http://localhost:1080/cgi-bin/welcome.pl?signOff=1"  	[MsgId: MMSG-26574]
..\\Parameters\\common_lib.h(231): Detected non-resource "http://localhost:1080/WebTours/home.html" in "http://localhost:1080/cgi-bin/welcome.pl?signOff=1"  	[MsgId: MMSG-26574]
..\\Parameters\\common_lib.h(231): Retrieving data from cache for "http://localhost:1080/WebTours/home.html"  	[MsgId: MMSG-26558]
..\\Parameters\\common_lib.h(231): t=7086896ms: 1361-byte response body retrieved from cache for "http://localhost:1080/WebTours/home.html" (RelFrameId=1.2, Internal ID=2010)
..\\Parameters\\common_lib.h(231):     <HTML>\n
..\\Parameters\\common_lib.h(231):     <HEAD>\n
..\\Parameters\\common_lib.h(231):     \t<title>Web Tours</title>\n
..\\Parameters\\common_lib.h(231):     </HEAD>\n
..\\Parameters\\common_lib.h(231):     <style>\n
..\\Parameters\\common_lib.h(231):     \tblockquote {font-family: tahoma; font-size : 10pt}\n
..\\Parameters\\common_lib.h(231):     \tH1 {font-family: tahoma; font-size : 22pt; color: #003366}\n
..\\Parameters\\common_lib.h(231):     \tsmall {font-family: tahoma; font-size : 8pt}\n
..\\Parameters\\common_lib.h(231):     \tH3{font-family: tahoma; font-size : 10pt; color: black}\n
..\\Parameters\\common_lib.h(231):     \tA {FONT-WEIGHT: bold; FONT-SIZE: 10pt; COLOR: black; FONT-FAMILY: Tahoma; TEXT-DECORATIO
..\\Parameters\\common_lib.h(231):     N: none}\n
..\\Parameters\\common_lib.h(231):     \tA:hover{ FONT-WEIGHT: bold; FONT-SIZE: 10pt; COLOR: #993333; FONT-FAMILY: Tahoma;TEXT-DE
..\\Parameters\\common_lib.h(231):     CORATION: underline}\n
..\\Parameters\\common_lib.h(231):     \tTD {font-family: tahoma; font-size : 10pt; color: black}\n
..\\Parameters\\common_lib.h(231):     </style>\n
..\\Parameters\\common_lib.h(231):     <body bgcolor="#e0e7f1">\n
..\\Parameters\\common_lib.h(231):     <BR/>\n
..\\Parameters\\common_lib.h(231):     <BR/>\n
..\\Parameters\\common_lib.h(231):     <BR/>\n
..\\Parameters\\common_lib.h(231):     <br/>\n
..\\Parameters\\common_lib.h(231):     <table border="0">\n
..\\Parameters\\common_lib.h(231):     <tr><td></td></tr>\n
..\\Parameters\\common_lib.h(231):     <TR><TD></TD></TR>\n
..\\Parameters\\common_lib.h(231):     <TR><TD>\n
..\\Parameters\\common_lib.h(231):     <blockquote>\n
..\\Parameters\\common_lib.h(231):     <H1><b>Web Tours</b></H1>\n
..\\Parameters\\common_lib.h(231):     Welcome to the Web Tours site.\n
..\\Parameters\\common_lib.h(231):     <br/>\n
..\\Parameters\\common_lib.h(231):     To make reservations,please enter your account information to the left.\n
..\\Parameters\\common_lib.h(231):     <br/>\n
..\\Parameters\\common_lib.h(231):     If you haven't registered yet, <A href="/cgi-bin/login.pl?username=&amp;password=&amp;getI
..\\Parameters\\common_lib.h(231):     nfo=true" ><B>sign up now</B></A> to get access to all our resources.\n
..\\Parameters\\common_lib.h(231):     <br/>\n
..\\Parameters\\common_lib.h(231):     To configure the server options, use <A href="/cgi-bin/admin.pl" target="body" ><b>adminis
..\\Parameters\\common_lib.h(231):     tration</b></A> link.\n
..\\Parameters\\common_lib.h(231):     <br/><br/><br/><br/><br/><br/>\n
..\\Parameters\\common_lib.h(231):     <br/><small>\n
..\\Parameters\\common_lib.h(231):     This product uses parts of the SMT Kernel, Copyright (c) 1991-99 <A href="http://www.imati
..\\Parameters\\common_lib.h(231):     x.com" target="new"><B><small>iMatix Corporation</small></B></A> \n
..\\Parameters\\common_lib.h(231):     </small>\n
..\\Parameters\\common_lib.h(231):     </blockquote></TD>\n
..\\Parameters\\common_lib.h(231):     <TD></TD></TR>\n
..\\Parameters\\common_lib.h(231):     </table>\n
..\\Parameters\\common_lib.h(231):     </body>\n
..\\Parameters\\common_lib.h(231):     </HTML>\n
..\\Parameters\\common_lib.h(231): t=7086897ms: Connecting [1] to host 127.0.0.1:1080  	[MsgId: MMSG-26000]
..\\Parameters\\common_lib.h(231): t=7086898ms: 5-byte chunked response overhead for "http://localhost:1080/cgi-bin/welcome.pl?signOff=1" (RelFrameId=1, Internal ID=2008)
..\\Parameters\\common_lib.h(231):     0\r\n
..\\Parameters\\common_lib.h(231):     \r\n
..\\Parameters\\common_lib.h(231): t=7086898ms: Request done "http://localhost:1080/cgi-bin/welcome.pl?signOff=1"  	[MsgId: MMSG-26000]
..\\Parameters\\common_lib.h(231): t=7086898ms: Connected socket [1] from 127.0.0.1:38132 to 127.0.0.1:1080 in 0 ms  	[MsgId: MMSG-26000]
..\\Parameters\\common_lib.h(231): t=7086898ms: 602-byte request headers for "http://localhost:1080/cgi-bin/nav.pl?in=home" (RelFrameId=1.1, Internal ID=2009)
..\\Parameters\\common_lib.h(231):     GET /cgi-bin/nav.pl?in=home HTTP/1.1\r\n
..\\Parameters\\common_lib.h(231):     Referer: http://localhost:1080/cgi-bin/welcome.pl?signOff=1\r\n
..\\Parameters\\common_lib.h(231):     Sec-Fetch-Dest: frame\r\n
..\\Parameters\\common_lib.h(231):     Sec-Fetch-Mode: navigate\r\n
..\\Parameters\\common_lib.h(231):     Sec-Fetch-Site: same-origin\r\n
..\\Parameters\\common_lib.h(231):     Upgrade-Insecure-Requests: 1\r\n
..\\Parameters\\common_lib.h(231):     sec-ch-ua: "Chromium";v="112", "Google Chrome";v="112", "Not:A-Brand";v="99"\r\n
..\\Parameters\\common_lib.h(231):     sec-ch-ua-mobile: ?0\r\n
..\\Parameters\\common_lib.h(231):     sec-ch-ua-platform: "Windows"\r\n
..\\Parameters\\common_lib.h(231):     User-Agent: Crashpad/0.8.0 WinHTTP/10.0.19041.2673 Windows_NT/10.0.19041.2788 (x64)\r\n
..\\Parameters\\common_lib.h(231):     Accept-Encoding: gzip, deflate, br\r\n
..\\Parameters\\common_lib.h(231):     Accept-Language: ru-RU,ru;q=0.9,en-US;q=0.8,en;q=0.7\r\n
..\\Parameters\\common_lib.h(231):     Accept: */*\r\n
..\\Parameters\\common_lib.h(231):     Connection: Keep-Alive\r\n
..\\Parameters\\common_lib.h(231):     Host: localhost:1080\r\n
..\\Parameters\\common_lib.h(231):     Cookie: MSO=SID&1684485419\r\n
..\\Parameters\\common_lib.h(231):     \r\n
..\\Parameters\\common_lib.h(231): t=7086940ms: 256-byte response headers for "http://localhost:1080/cgi-bin/nav.pl?in=home" (RelFrameId=1.1, Internal ID=2009)
..\\Parameters\\common_lib.h(231):     HTTP/1.1 200 OK\r\n
..\\Parameters\\common_lib.h(231):     Date: Fri, 19 May 2023 08:36:59 GMT\r\n
..\\Parameters\\common_lib.h(231):     Server: Apache/2.2.21 (Win32)\r\n
..\\Parameters\\common_lib.h(231):     Expires: Thu, 18 May 2023 08:36:59 GMT\r\n
..\\Parameters\\common_lib.h(231):     Keep-Alive: timeout=5, max=100\r\n
..\\Parameters\\common_lib.h(231):     Connection: Keep-Alive\r\n
..\\Parameters\\common_lib.h(231):     Transfer-Encoding: chunked\r\n
..\\Parameters\\common_lib.h(231):     Content-Type: text/html; charset=ISO-8859-1\r\n
..\\Parameters\\common_lib.h(231):     \r\n
..\\Parameters\\common_lib.h(231): t=7086940ms: 5-byte chunked response overhead for "http://localhost:1080/cgi-bin/nav.pl?in=home" (RelFrameId=1.1, Internal ID=2009)
..\\Parameters\\common_lib.h(231):     5d2\r\n
..\\Parameters\\common_lib.h(231): t=7086940ms: 2-byte chunked response overhead for "http://localhost:1080/cgi-bin/nav.pl?in=home" (RelFrameId=1.1, Internal ID=2009)
..\\Parameters\\common_lib.h(231):     \r\n
..\\Parameters\\common_lib.h(231): t=7086940ms: 1490-byte chunked response body for "http://localhost:1080/cgi-bin/nav.pl?in=home" (RelFrameId=1.1, Internal ID=2009)
..\\Parameters\\common_lib.h(231):     <!DOCTYPE html\n
..\\Parameters\\common_lib.h(231):     \tPUBLIC "-//W3C//DTD XHTML 1.0 Transitional//EN"\n
..\\Parameters\\common_lib.h(231):     \t "http://www.w3.org/TR/xhtml1/DTD/xhtml1-transitional.dtd">\n
..\\Parameters\\common_lib.h(231):     <html xmlns="http://www.w3.org/1999/xhtml" lang="en-US" xml:lang="en-US">\n
..\\Parameters\\common_lib.h(231):     <head>\n
..\\Parameters\\common_lib.h(231):     <title>Web Tours Navigation Bar</title>\n
..\\Parameters\\common_lib.h(231):     <meta http-equiv="Content-Type" content="text/html; charset=iso-8859-1" />\n
..\\Parameters\\common_lib.h(231):     </head>\n
..\\Parameters\\common_lib.h(231):     <body bgcolor="#E0E7F1">\n
..\\Parameters\\common_lib.h(231):     <style>\n
..\\Parameters\\common_lib.h(231):     blockquote {font-family: tahoma; font-size : 10pt}\n
..\\Parameters\\common_lib.h(231):     H1 {font-family: tahoma; font-size : 22pt; color: #993333}\n
..\\Parameters\\common_lib.h(231):     H3 {font-family: tahoma; font-size : 10pt; color: black}\n
..\\Parameters\\common_lib.h(231):     small {font-family: tahoma; font-size : 8pt}\n
..\\Parameters\\common_lib.h(231):     </style>\n
..\\Parameters\\common_lib.h(231):     <form method="post" action="/cgi-bin/login.pl" target="body">\n
..\\Parameters\\common_lib.h(231):     <input type="hidden" name="userSession" value="136450.823734305HAViziQpctfiDDDDtcVVcpVDftH
..\\Parameters\\common_lib.h(231):     f"/>\n
..\\Parameters\\common_lib.h(231):     <table border="0"><tr><td>&nbsp;</td>\n
..\\Parameters\\common_lib.h(231):     <td>&nbsp;</td></tr>\n
..\\Parameters\\common_lib.h(231):     <tr><td>&nbsp;</td>\n
..\\Parameters\\common_lib.h(231):     <td>&nbsp;</td></tr>\n
..\\Parameters\\common_lib.h(231):     <tr><td>&nbsp;</td>\n
..\\Parameters\\common_lib.h(231):     <td><small>&nbsp;Username</small></td></tr>\n
..\\Parameters\\common_lib.h(231):     <tr><td>&nbsp;</td>\n
..\\Parameters\\common_lib.h(231):     <td><input type="text" name="username" value="" size="14" maxlength="14"/></td></tr>\n
..\\Parameters\\common_lib.h(231):     <tr><td>&nbsp;</td>\n
..\\Parameters\\common_lib.h(231):     <td><small>&nbsp;Password</small></td>\n
..\\Parameters\\common_lib.h(231):     <tr><td>&nbsp;</td>\n
..\\Parameters\\common_lib.h(231):     <td><input type="password" name="password" value="" size="14" maxlength="14"/></td></tr>\n
..\\Parameters\\common_lib.h(231):     <tr><td>&nbsp;</td>\n
..\\Parameters\\common_lib.h(231):     <td>&nbsp;</td></tr>\n
..\\Parameters\\common_lib.h(231):     <tr><td>&nbsp;</td>\n
..\\Parameters\\common_lib.h(231):     <td><input type="image" name="login" value="Login" alt="Login" border="1" \n
..\\Parameters\\common_lib.h(231):     src="/WebTours/images/mer_login.gif"/></td></tr>\n
..\\Parameters\\common_lib.h(231):     <tr><td>&nbsp;</td><td>&nbsp;</td></tr>\n
..\\Parameters\\common_lib.h(231):     </table><input type="hidden" name="JSFormSubmit" value="off"/>\n
..\\Parameters\\common_lib.h(231):     </form>\n
..\\Parameters\\common_lib.h(231):     \n
..\\Parameters\\common_lib.h(231):     </body>\n
..\\Parameters\\common_lib.h(231):     </html>\n
..\\Parameters\\common_lib.h(231): Resource "http://localhost:1080/WebTours/images/mer_login.gif" is in the cache already and will not be downloaded again  	[MsgId: MMSG-26655]
..\\Parameters\\common_lib.h(231): t=7086942ms: 5-byte chunked response overhead for "http://localhost:1080/cgi-bin/nav.pl?in=home" (RelFrameId=1.1, Internal ID=2009)
..\\Parameters\\common_lib.h(231):     0\r\n
..\\Parameters\\common_lib.h(231):     \r\n
..\\Parameters\\common_lib.h(231): t=7086942ms: Request done "http://localhost:1080/cgi-bin/nav.pl?in=home"  	[MsgId: MMSG-26000]
..\\Parameters\\common_lib.h(231): Registered web_reg_find successful for "Text=A Session ID has been created" (count=1)  	[MsgId: MMSG-26364]
..\\Parameters\\common_lib.h(231): web_url("SignOff Button") was successful, 2176 body bytes, 584 header bytes, 24 chunking overhead bytes  	[MsgId: MMSG-26385]
..\\Parameters\\common_lib.h(241): Notify: Transaction "log_out" ended with a "Pass" status (Duration: 0,1977 Wasted Time: 0,0000).	[MsgId: MMSG-16871]
Action.c(84): Notify: Transaction "02_booking_a_ticket" ended with a "Pass" status (Duration: 36,5436 Think Time: 35,0485 Wasted Time: 0,0005).	[MsgId: MMSG-16870]
Ending action Action.	[MsgId: MMSG-15918]
Action was aborted.	[MsgId: MMSG-10694]
Ending Vuser...	[MsgId: MMSG-15966]
Starting action vuser_end.	[MsgId: MMSG-15919]
Ending action vuser_end.	[MsgId: MMSG-15918]
Vuser Terminated.	[MsgId: MMSG-15963]
t=7086943ms: Closed connection [0] to localhost:1080 after completing 1 request(s)  	[MsgId: MMSG-26000]
t=7086943ms: Closed connection [1] to localhost:1080 after completing 1 request(s)  	[MsgId: MMSG-26000]
HTML-Mode memory management statistics: Reusable=107, NonReusable=0, CsMemBlockSize=4096, checks disabled  	[MsgId: MMSG-26000]
Vuser 5 (thread 6748), ended OK."	[MsgId: MMSG-10695]
