..\\Parameters\\common_lib.h(208):     value="474"  /><input type="hidden" name=".cgifields" value="481"  /><input type="hidden" 
..\\Parameters\\common_lib.h(208):     name=".cgifields" value="214"  /><input type="hidden" name=".cgifields" value="422"  /><in
..\\Parameters\\common_lib.h(208):     put type="hidden" name=".cgifields" value="564"  /><input type="hidden" name=".cgifields" 
..\\Parameters\\common_lib.h(208):     value="563"  /><input type="hidden" name=".cgifields" value="97"  /><input type="hidden" n
..\\Parameters\\common_lib.h(208):     ame=".cgifields" value="41"  /><input type="hidden" name=".cgifields" value="52"  /><input
..\\Parameters\\common_lib.h(208):      type="hidden" name=".cgifields" value="302"  /><input type="hidden" name=".cgifields" val
..\\Parameters\\common_lib.h(208):     ue="229"  /><input type="hidden" name=".cgifields" value="503"  /><input type="hidden" nam
..\\Parameters\\common_lib.h(208):     e=".cgifields" value="68"  /><input type="hidden" name=".cgifields" value="188"  /><input 
..\\Parameters\\common_lib.h(208):     type="hidden" name=".cgifields" value="315"  /><input type="hidden" name=".cgifields" valu
..\\Parameters\\common_lib.h(208):     e="402"  /><input type="hidden" name=".cgifields" value="338"  /><input type="hidden" name
..\\Parameters\\common_lib.h(208):     =".cgifields" value="222"  /><input type="hidden" name=".cgifields" value="25"  /><input t
..\\Parameters\\common_lib.h(208):     ype="hidden" name=".cgifields" value="83"  /><input type="hidden" name=".cgifields" value=
..\\Parameters\\common_lib.h(208):     "484"  /><input type="hidden" name=".cgifields" value="305"  /><input type="hidden" name="
..\\Parameters\\common_lib.h(208):     .cgifields" value="544"  /><input type="hidden" name=".cgifields" value="217"  /><input ty
..\\Parameters\\common_lib.h(208):     pe="hidden" name=".cgifields" value="328"  /><input type="hidden" name=".cgifields" value=
..\\Parameters\\common_lib.h(208):     "239"  /><input type="hidden" name=".cgifields" value="122"  /><input type="hidden" name="
..\\Parameters\\common_lib.h(208):     .cgifields" value="143"  /><input type="hidden" name=".cgifields" value="158"  /><input ty
..\\Parameters\\common_lib.h(208):     pe="hidden" name=".cgifields" value="269"  /><input type="hidden" name=".cgifields" value=
..\\Parameters\\common_lib.h(208):     "281"  /><input type="hidden" name=".cgifields" value="464"  /><input type="hidden" name="
..\\Parameters\\common_lib.h(208):     .cgifields" value="363"  /><input type="hidden" name=".cgifields" value="46"  /><input typ
..\\Parameters\\common_lib.h(208):     e="hidden" name=".cgifields" value="6"  /><input type="hidden" name=".cgifields" value="56
..\\Parameters\\common_lib.h(208):     2"  /><input type="hidden" name=".cgifields" value="36"  /><input type="hidden" name=".cgi
..\\Parameters\\common_lib.h(208):     fields" value="518"  /><input type="hidden" name=".cgifields" value="183"  /><input type="
..\\Parameters\\common_lib.h(208):     hidden" name=".cgifields" value="497"  /><input type="hidden" name=".cgifields" value="472
..\\Parameters\\common_lib.h(208):     "  /><input type="hidden" name=".cgifields" value="362"  /><input type="hidden" name=".cgi
..\\Parameters\\common_lib.h(208):     fields" value="439"  /><input type="hidden" name=".cgifields" value="317"  /><input type="
..\\Parameters\\common_lib.h(208):     hidden" name=".cgifields" value="132"  /><input type="hidden" name=".cgifields" value="169
..\\Parameters\\common_lib.h(208):     "  /><input type="hidden" name=".cgifields" value="411"  /><input type="hidden" name=".cgi
..\\Parameters\\common_lib.h(208):     fields" value="478"  /><input type="hidden" name=".cgifields" value="384"  /><input type="
..\\Parameters\\common_lib.h(208):     hidden" name=".cgifields" value="398"  /><input type="hidden" name=".cgifields" value="546
..\\Parameters\\common_lib.h(208):     "  /><input type="hidden" name=".cgifields" value="537"  /><input type="hidden" name=".cgi
..\\Parameters\\common_lib.h(208):     fields" value="407"  /><input type="hidden" name=".cgifields" value="18"  /><input type="h
..\\Parameters\\common_lib.h(208):     idden" name=".cgifields" value="376"  /><input type="hidden" name=".cgifields" value="522"
..\\Parameters\\common_lib.h(208):       /><input type="hidden" name=".cgifields" value="125"  /><input type="hidden" name=".cgif
..\\Parameters\\common_lib.h(208):     ields" value="44"  /><input type="hidden" name=".cgifields" value="190"  /><input type="hi
..\\Parameters\\common_lib.h(208):     dden" name=".cgifields" value="95"  /><input type="hidden" name=".cgifields" value="298"  
..\\Parameters\\common_lib.h(208):     /><input type="hidden" name=".cgifields" value="313"  /><input type="hidden" name=".cgifie
..\\Parameters\\common_lib.h(208):     lds" value="243"  /><input type="hidden" name=".cgifields" value="231"  /><input type="hid
..\\Parameters\\common_lib.h(208):     den" name=".cgifields" value="551"  /><input type="hidden" name=".cgifields" value="529"  
..\\Parameters\\common_lib.h(208):     /><input type="hidden" name=".cgifields" value="148"  /><input type="hidden" name=".cgifie
..\\Parameters\\common_lib.h(208):     lds" value="343"  /><input type="hidden" name=".cgifields" value="504"  /><input type="hid
..\\Parameters\\common_lib.h(208):     den" name=".cgifields" value="397"  /><input type="hidden" name=".cgifields" value="106"  
..\\Parameters\\common_lib.h(208):     /><input type="hidden" name=".cgifields" value="157"  /><input type="hidden" name=".cgifie
..\\Parameters\\common_lib.h(208):     lds" value="65"  /><input type="hidden" name=".cgifields" value="203"  /><input type="hidd
..\\Parameters\\common_lib.h(208):     en" name=".cgifields" value="261"  /><input type="hidden" name=".cgifields" value="81"  />
..\\Parameters\\common_lib.h(208):     <input type="hidden" name=".cgifields" value="321"  /><input type="hidden" name=".cgifield
..\\Parameters\\common_lib.h(208):     s" value="459"  /><input type="hidden" name=".cgifields" value="86"  /><input type="hidden
..\\Parameters\\common_lib.h(208):     " name=".cgifields" value="284"  /><input type="hidden" name=".cgifields" value="247"  /><
..\\Parameters\\common_lib.h(208):     input type="hidden" name=".cgifields" value="371"  /><input type="hidden" name=".cgifields
..\\Parameters\\common_lib.h(208):     " value="204"  /><input type="hidden" name=".cgifields" value="165"  /><input type="hidden
..\\Parameters\\common_lib.h(208):     " name=".cgifields" value="289"  /><input type="hidden" name=".cgifields" value="2"  /><in
..\\Parameters\\common_lib.h(208):     put type="hidden" name=".cgifields" value="435"  /><input type="hidden" name=".cgifields" 
..\\Parameters\\common_lib.h(208):     value="401"  /><input type="hidden" name=".cgifields" value="186"  /><input type="hidden" 
..\\Parameters\\common_lib.h(208):     name=".cgifields" value="147"  /><input type="hidden" name=".cgifields" value="339"  /><in
..\\Parameters\\common_lib.h(208):     put type="hidden" name=".cgifields" value="228"  /><input type="hidden" name=".cgifields" 
..\\Parameters\\common_lib.h(208):     value="531"  /><input type="hidden" name=".cgifields" value="268"  /><input type="hidden" 
..\\Parameters\\common_lib.h(208):     name=".cgifields" value="345"  /><input type="hidden" name=".cgifields" value="172"  /><in
..\\Parameters\\common_lib.h(208):     put type="hidden" name=".cgifields" value="319"  /><input type="hidden" name=".cgifields" 
..\\Parameters\\common_lib.h(208):     value="223"  /><input type="hidden" name=".cgifields" value="404"  /><input type="hidden" 
..\\Parameters\\common_lib.h(208):     name=".cgifields" value="516"  /><input type="hidden" name=".cgifields" value="282"  /><in
..\\Parameters\\common_lib.h(208):     put type="hidden" name=".cgifields" value="420"  /><input type="hidden" name=".cgifields" 
..\\Parameters\\common_lib.h(208):     value="121"  /><input type="hidden" name=".cgifields" value="344"  /><input type="hidden" 
..\\Parameters\\common_lib.h(208):     name=".cgifields" value="487"  /><input type="hidden" name=".cgifields" value="494"  /><in
..\\Parameters\\common_lib.h(208):     put type="hidden" name=".cgifields" value="238"  /><input type="hidden" name=".cgifields" 
..\\Parameters\\common_lib.h(208):     value="253"  /><input type="hidden" name=".cgifields" value="561"  /><input type="hidden" 
..\\Parameters\\common_lib.h(208):     name=".cgifields" value="448"  /><input type="hidden" name=".cgifields" value="209"  /><in
..\\Parameters\\common_lib.h(208):     put type="hidden" name=".cgifields" value="216"  /><input type="hidden" name=".cgifields" 
..\\Parameters\\common_lib.h(208):     value="357"  /><input type="hidden" name=".cgifields" value="117"  /><input type="hidden" 
..\\Parameters\\common_lib.h(208):     name=".cgifields" value="63"  /><input type="hidden" name=".cgifields" value="455"  /><inp
..\\Parameters\\common_lib.h(208):     ut type="hidden" name=".cgifields" value="80"  /><input type="hidden" name=".cgifields" va
..\\Parameters\\common_lib.h(208):     lue="336"  /><input type="hidden" name=".cgifields" value="457"  /><input type="hidden" na
..\\Parameters\\common_lib.h(208):     me=".cgifields" value="179"  /><input type="hidden" name=".cgifields" value="383"  /><inpu
..\\Parameters\\common_lib.h(208):     t type="hidden" name=".cgifields" value="297"  /><input type="hidden" name=".cgifields" va
..\\Parameters\\common_lib.h(208):     lue="277"  /><input type="hidden" name=".cgifields" value="92"  /><input type="hidden" nam
..\\Parameters\\common_lib.h(208):     e=".cgifields" value="10"  /><input type="hidden" name=".cgifields" value="550"  /><input 
..\\Parameters\\common_lib.h(208):     type="hidden" name=".cgifields" value="505"  /><input type="hidden" name=".cgifields" valu
..\\Parameters\\common_lib.h(208):     e="419"  /><input type="hidden" name=".cgifields" value="133"  /><input type="hidden" name
..\\Parameters\\common_lib.h(208):     =".cgifields" value="290"  /><input type="hidden" name=".cgifields" value="149"  /><input 
..\\Parameters\\common_lib.h(208):     type="hidden" name=".cgifields" value="123"  /><input type="hidden" name=".cgifields" valu
..\\Parameters\\common_lib.h(208):     e="304"  /><input type="hidden" name=".cgifields" value="547"  /><input type="hidden" name
..\\Parameters\\common_lib.h(208):     =".cgifields" value="210"  /><input type="hidden" name=".cgifields" value="406"  /><input 
..\\Parameters\\common_lib.h(208):     type="hidden" name=".cgifields" value="258"  /><input type="hidden" name=".cgifields" valu
..\\Parameters\\common_lib.h(208):     e="396"  /><input type="hidden" name=".cgifields" value="482"  /><input type="hidden" name
..\\Parameters\\common_lib.h(208):     =".cgifields" value="173"  /><input type="hidden" name=".cgifields" value="530"  /><input 
..\\Parameters\\common_lib.h(208):     type="hidden" name=".cgifields" value="56"  /><input type="hidden" name=".cgifields" value
..\\Parameters\\common_lib.h(208):     ="499"  /><input type="hidden" name=".cgifields" value="66"  /><input type="hidden" name="
..\\Parameters\\common_lib.h(208):     .cgifields" value="19"  /><input type="hidden" name=".cgifields" value="54"  /><input type
..\\Parameters\\common_lib.h(208):     ="hidden" name=".cgifields" value="365"  /><input type="hidden" name=".cgifields" value="3
..\\Parameters\\common_lib.h(208):     06"  /><input type="hidden" name=".cgifields" value="70"  /><input type="hidden" name=".cg
..\\Parameters\\common_lib.h(208):     ifields" value="470"  /><input type="hidden" name=".cgifields" value="166"  /><input type=
..\\Parameters\\common_lib.h(208):     "hidden" name=".cgifields" value="88"  /><input type="hidden" name=".cgifields" value="141
..\\Parameters\\common_lib.h(208):     "  /><input type="hidden" name=".cgifields" value="30"  /><input type="hidden" name=".cgif
..\\Parameters\\common_lib.h(208):     ields" value="403"  /><input type="hidden" name=".cgifields" value="252"  /><input type="h
..\\Parameters\\common_lib.h(208):     idden" name=".cgifields" value="466"  /><input type="hidden" name=".cgifields" value="156"
..\\Parameters\\common_lib.h(208):       /><input type="hidden" name=".cgifields" value="134"  /><input type="hidden" name=".cgif
..\\Parameters\\common_lib.h(208):     ields" value="75"  /><input type="hidden" name=".cgifields" value="283"  /><input type="hi
..\\Parameters\\common_lib.h(208):     dden" name=".cgifields" value="59"  /><input type="hidden" name=".cgifields" value="421"  
..\\Parameters\\common_lib.h(208):     /><input type="hidden" name=".cgifields" value="450"  /><input type="hidden" name=".cgifie
..\\Parameters\\common_lib.h(208):     lds" value="271"  /><input type="hidden" name=".cgifields" value="491"  /><input type="hid
..\\Parameters\\common_lib.h(208):     den" name=".cgifields" value="219"  /><input type="hidden" name=".cgifields" value="318"  
..\\Parameters\\common_lib.h(208):     /><input type="hidden" name=".cgifields" value="13"  /><input type="hidden" name=".cgifiel
..\\Parameters\\common_lib.h(208):     ds" value="105"  /><input type="hidden" name=".cgifields" value="473"  /><input type="hidd
..\\Parameters\\common_lib.h(208):     en" name=".cgifields" value="185"  /><input type="hidden" name=".cgifields" value="3"  /><
..\\Parameters\\common_lib.h(208):     input type="hidden" name=".cgifields" value="248"  /><input type="hidden" name=".cgifields
..\\Parameters\\common_lib.h(208):     " value="390"  /><input type="hidden" na
..\\Parameters\\common_lib.h(208): t=1397545ms: 7-byte chunked response overhead for "http://localhost:1080/cgi-bin/itinerary.pl" (RelFrameId=1.2, Internal ID=984)
..\\Parameters\\common_lib.h(208):     \r\n
..\\Parameters\\common_lib.h(208):     0\r\n
..\\Parameters\\common_lib.h(208):     \r\n
..\\Parameters\\common_lib.h(208): t=1397545ms: 555-byte chunked response body for "http://localhost:1080/cgi-bin/itinerary.pl" (RelFrameId=1.2, Internal ID=984)
..\\Parameters\\common_lib.h(208):     me=".cgifields" value="146"  /><input type="hidden" name=".cgifields" value="111"  /><inpu
..\\Parameters\\common_lib.h(208):     t type="hidden" name=".cgifields" value="38"  /><input type="hidden" name=".cgifields" val
..\\Parameters\\common_lib.h(208):     ue="356"  /><input type="hidden" name=".cgifields" value="408"  /><input type="hidden" nam
..\\Parameters\\common_lib.h(208):     e=".cgifields" value="4"  /><input type="hidden" name=".cgifields" value="528"  /><input t
..\\Parameters\\common_lib.h(208):     ype="hidden" name=".cgifields" value="164"  /><input type="hidden" name=".cgifields" value
..\\Parameters\\common_lib.h(208):     ="196"  /><input type="hidden" name=".cgifields" value="242"  /></div></form>\n
..\\Parameters\\common_lib.h(208):     \n
..\\Parameters\\common_lib.h(208):     </center>\n
..\\Parameters\\common_lib.h(208):     \n
..\\Parameters\\common_lib.h(208):     </body>\n
..\\Parameters\\common_lib.h(208):     </html>
..\\Parameters\\common_lib.h(208): t=1397545ms: Request done "http://localhost:1080/cgi-bin/itinerary.pl"  	[MsgId: MMSG-26000]
..\\Parameters\\common_lib.h(208): t=1397545ms: Already connected [0] to localhost:1080  	[MsgId: MMSG-26000]
..\\Parameters\\common_lib.h(208): t=1397545ms: 780-byte request headers for "http://localhost:1080/WebTours/images/cancelallreservations.gif" (RelFrameId=, Internal ID=987)
..\\Parameters\\common_lib.h(208):     GET /WebTours/images/cancelallreservations.gif HTTP/1.1\r\n
..\\Parameters\\common_lib.h(208):     Referer: http://localhost:1080/cgi-bin/itinerary.pl\r\n
..\\Parameters\\common_lib.h(208):     Sec-Fetch-Dest: frame\r\n
..\\Parameters\\common_lib.h(208):     Sec-Fetch-Mode: navigate\r\n
..\\Parameters\\common_lib.h(208):     Sec-Fetch-Site: same-origin\r\n
..\\Parameters\\common_lib.h(208):     Upgrade-Insecure-Requests: 1\r\n
..\\Parameters\\common_lib.h(208):     sec-ch-ua: "Chromium";v="112", "Google Chrome";v="112", "Not:A-Brand";v="99"\r\n
..\\Parameters\\common_lib.h(208):     sec-ch-ua-mobile: ?0\r\n
..\\Parameters\\common_lib.h(208):     sec-ch-ua-platform: "Windows"\r\n
..\\Parameters\\common_lib.h(208):     Origin: http://localhost:1080\r\n
..\\Parameters\\common_lib.h(208):     User-Agent: Crashpad/0.8.0 WinHTTP/10.0.19041.2673 Windows_NT/10.0.19041.2788 (x64)\r\n
..\\Parameters\\common_lib.h(208):     Accept-Encoding: gzip, deflate, br\r\n
..\\Parameters\\common_lib.h(208):     Accept-Language: ru-RU,ru;q=0.9,en-US;q=0.8,en;q=0.7\r\n
..\\Parameters\\common_lib.h(208):     Accept: */*\r\n
..\\Parameters\\common_lib.h(208):     Connection: Keep-Alive\r\n
..\\Parameters\\common_lib.h(208):     Host: localhost:1080\r\n
..\\Parameters\\common_lib.h(208):     Cookie: MSO=SID&1684567932; MTUserInfo=firstName&Kolia&username&duds&address2&Moskow&hash&
..\\Parameters\\common_lib.h(208):     115&expDate&02%2F23&creditCard&666666&address1&Kreml&lastName&Sidorov%0A\r\n
..\\Parameters\\common_lib.h(208):     \r\n
..\\Parameters\\common_lib.h(208): t=1397545ms: Already connected [1] to localhost:1080  	[MsgId: MMSG-26000]
..\\Parameters\\common_lib.h(208): t=1397546ms: 776-byte request headers for "http://localhost:1080/WebTours/images/cancelreservation.gif" (RelFrameId=, Internal ID=986)
..\\Parameters\\common_lib.h(208):     GET /WebTours/images/cancelreservation.gif HTTP/1.1\r\n
..\\Parameters\\common_lib.h(208):     Referer: http://localhost:1080/cgi-bin/itinerary.pl\r\n
..\\Parameters\\common_lib.h(208):     Sec-Fetch-Dest: frame\r\n
..\\Parameters\\common_lib.h(208):     Sec-Fetch-Mode: navigate\r\n
..\\Parameters\\common_lib.h(208):     Sec-Fetch-Site: same-origin\r\n
..\\Parameters\\common_lib.h(208):     Upgrade-Insecure-Requests: 1\r\n
..\\Parameters\\common_lib.h(208):     sec-ch-ua: "Chromium";v="112", "Google Chrome";v="112", "Not:A-Brand";v="99"\r\n
..\\Parameters\\common_lib.h(208):     sec-ch-ua-mobile: ?0\r\n
..\\Parameters\\common_lib.h(208):     sec-ch-ua-platform: "Windows"\r\n
..\\Parameters\\common_lib.h(208):     Origin: http://localhost:1080\r\n
..\\Parameters\\common_lib.h(208):     User-Agent: Crashpad/0.8.0 WinHTTP/10.0.19041.2673 Windows_NT/10.0.19041.2788 (x64)\r\n
..\\Parameters\\common_lib.h(208):     Accept-Encoding: gzip, deflate, br\r\n
..\\Parameters\\common_lib.h(208):     Accept-Language: ru-RU,ru;q=0.9,en-US;q=0.8,en;q=0.7\r\n
..\\Parameters\\common_lib.h(208):     Accept: */*\r\n
..\\Parameters\\common_lib.h(208):     Connection: Keep-Alive\r\n
..\\Parameters\\common_lib.h(208):     Host: localhost:1080\r\n
..\\Parameters\\common_lib.h(208):     Cookie: MSO=SID&1684567932; MTUserInfo=firstName&Kolia&username&duds&address2&Moskow&hash&
..\\Parameters\\common_lib.h(208):     115&expDate&02%2F23&creditCard&666666&address1&Kreml&lastName&Sidorov%0A\r\n
..\\Parameters\\common_lib.h(208):     \r\n
..\\Parameters\\common_lib.h(208): t=1397546ms: 292-byte response headers for "http://localhost:1080/WebTours/images/cancelallreservations.gif" (RelFrameId=, Internal ID=987)
..\\Parameters\\common_lib.h(208):     HTTP/1.1 200 OK\r\n
..\\Parameters\\common_lib.h(208):     Date: Sat, 20 May 2023 07:32:26 GMT\r\n
..\\Parameters\\common_lib.h(208):     Server: Apache/2.2.21 (Win32)\r\n
..\\Parameters\\common_lib.h(208):     Last-Modified: Thu, 12 Jan 2012 13:30:28 GMT\r\n
..\\Parameters\\common_lib.h(208):     ETag: "138a3160-2e6-4b654c0620500"\r\n
..\\Parameters\\common_lib.h(208):     Accept-Ranges: bytes\r\n
..\\Parameters\\common_lib.h(208):     Content-Length: 742\r\n
..\\Parameters\\common_lib.h(208):     Keep-Alive: timeout=5, max=88\r\n
..\\Parameters\\common_lib.h(208):     Connection: Keep-Alive\r\n
..\\Parameters\\common_lib.h(208):     Content-Type: image/gif\r\n
..\\Parameters\\common_lib.h(208):     \r\n
..\\Parameters\\common_lib.h(208): t=1397546ms: 742-byte response body for "http://localhost:1080/WebTours/images/cancelallreservations.gif" (RelFrameId=, Internal ID=987)
..\\Parameters\\common_lib.h(208): t=1397546ms: Request done "http://localhost:1080/WebTours/images/cancelallreservations.gif"  	[MsgId: MMSG-26000]
..\\Parameters\\common_lib.h(208): t=1397546ms: 292-byte response headers for "http://localhost:1080/WebTours/images/cancelreservation.gif" (RelFrameId=, Internal ID=986)
..\\Parameters\\common_lib.h(208):     HTTP/1.1 200 OK\r\n
..\\Parameters\\common_lib.h(208):     Date: Sat, 20 May 2023 07:32:26 GMT\r\n
..\\Parameters\\common_lib.h(208):     Server: Apache/2.2.21 (Win32)\r\n
..\\Parameters\\common_lib.h(208):     Last-Modified: Thu, 12 Jan 2012 13:30:28 GMT\r\n
..\\Parameters\\common_lib.h(208):     ETag: "138a31c0-33f-4b654c0620500"\r\n
..\\Parameters\\common_lib.h(208):     Accept-Ranges: bytes\r\n
..\\Parameters\\common_lib.h(208):     Content-Length: 831\r\n
..\\Parameters\\common_lib.h(208):     Keep-Alive: timeout=5, max=97\r\n
..\\Parameters\\common_lib.h(208):     Connection: Keep-Alive\r\n
..\\Parameters\\common_lib.h(208):     Content-Type: image/gif\r\n
..\\Parameters\\common_lib.h(208):     \r\n
..\\Parameters\\common_lib.h(208): t=1397547ms: 831-byte response body for "http://localhost:1080/WebTours/images/cancelreservation.gif" (RelFrameId=, Internal ID=986)
..\\Parameters\\common_lib.h(208): t=1397547ms: Request done "http://localhost:1080/WebTours/images/cancelreservation.gif"  	[MsgId: MMSG-26000]
..\\Parameters\\common_lib.h(208): web_url("Itinerary Button") was successful, 707940 body bytes, 1601 header bytes, 1363 chunking overhead bytes  	[MsgId: MMSG-26385]
..\\Parameters\\common_lib.h(218): Notify: Transaction "Itinerary_Button" ended with a "Pass" status (Duration: 0,5980).	[MsgId: MMSG-16873]
Action.c(80): lr_think_time: 2,00 seconds.	[MsgId: MMSG-15948]
..\\Parameters\\common_lib.h(224): Notify: Transaction "log_out" started.	[MsgId: MMSG-16999]
..\\Parameters\\common_lib.h(226): web_remove_auto_header("Origin") started  	[MsgId: MMSG-26355]
..\\Parameters\\common_lib.h(226): Previous automatically added web header for "Origin" removed  	[MsgId: MMSG-26587]
..\\Parameters\\common_lib.h(226): web_remove/revert_auto_header("Origin") was successful  	[MsgId: MMSG-26392]
..\\Parameters\\common_lib.h(228): web_reg_find started  	[MsgId: MMSG-26355]
..\\Parameters\\common_lib.h(228): Registering web_reg_find was successful  	[MsgId: MMSG-26390]
..\\Parameters\\common_lib.h(231): web_url("SignOff Button") started  	[MsgId: MMSG-26355]
..\\Parameters\\common_lib.h(231): t=1399559ms: Already connected [0] to localhost:1080  	[MsgId: MMSG-26000]
..\\Parameters\\common_lib.h(231): t=1399559ms: 751-byte request headers for "http://localhost:1080/cgi-bin/welcome.pl?signOff=1" (RelFrameId=1, Internal ID=988)
..\\Parameters\\common_lib.h(231):     GET /cgi-bin/welcome.pl?signOff=1 HTTP/1.1\r\n
..\\Parameters\\common_lib.h(231):     Referer: http://localhost:1080/cgi-bin/nav.pl?page=menu&in=flights\r\n
..\\Parameters\\common_lib.h(231):     Sec-Fetch-Dest: frame\r\n
..\\Parameters\\common_lib.h(231):     Sec-Fetch-Mode: navigate\r\n
..\\Parameters\\common_lib.h(231):     Sec-Fetch-Site: same-origin\r\n
..\\Parameters\\common_lib.h(231):     Upgrade-Insecure-Requests: 1\r\n
..\\Parameters\\common_lib.h(231):     sec-ch-ua: "Chromium";v="112", "Google Chrome";v="112", "Not:A-Brand";v="99"\r\n
..\\Parameters\\common_lib.h(231):     sec-ch-ua-mobile: ?0\r\n
..\\Parameters\\common_lib.h(231):     sec-ch-ua-platform: "Windows"\r\n
..\\Parameters\\common_lib.h(231):     User-Agent: Crashpad/0.8.0 WinHTTP/10.0.19041.2673 Windows_NT/10.0.19041.2788 (x64)\r\n
..\\Parameters\\common_lib.h(231):     Accept-Encoding: gzip, deflate, br\r\n
..\\Parameters\\common_lib.h(231):     Accept-Language: ru-RU,ru;q=0.9,en-US;q=0.8,en;q=0.7\r\n
..\\Parameters\\common_lib.h(231):     Accept: */*\r\n
..\\Parameters\\common_lib.h(231):     Connection: Keep-Alive\r\n
..\\Parameters\\common_lib.h(231):     Host: localhost:1080\r\n
..\\Parameters\\common_lib.h(231):     Cookie: MSO=SID&1684567932; MTUserInfo=firstName&Kolia&username&duds&address2&Moskow&hash&
..\\Parameters\\common_lib.h(231):     115&expDate&02%2F23&creditCard&666666&address1&Kreml&lastName&Sidorov%0A\r\n
..\\Parameters\\common_lib.h(231):     \r\n
..\\Parameters\\common_lib.h(231): t=1399599ms: 327-byte response headers for "http://localhost:1080/cgi-bin/welcome.pl?signOff=1" (RelFrameId=1, Internal ID=988)
..\\Parameters\\common_lib.h(231):     HTTP/1.1 200 OK\r\n
..\\Parameters\\common_lib.h(231):     Date: Sat, 20 May 2023 07:32:28 GMT\r\n
..\\Parameters\\common_lib.h(231):     Server: Apache/2.2.21 (Win32)\r\n
..\\Parameters\\common_lib.h(231):     Set-Cookie: MSO=SID&1684567948; path=/\r\n
..\\Parameters\\common_lib.h(231):     Set-Cookie: MTUserInfo=; path=/; expires=Fri, 19-May-2023 07:32:28 GMT\r\n
..\\Parameters\\common_lib.h(231):     Keep-Alive: timeout=5, max=87\r\n
..\\Parameters\\common_lib.h(231):     Connection: Keep-Alive\r\n
..\\Parameters\\common_lib.h(231):     Transfer-Encoding: chunked\r\n
..\\Parameters\\common_lib.h(231):     Content-Type: text/html; charset=ISO-8859-1\r\n
..\\Parameters\\common_lib.h(231):     \r\n
..\\Parameters\\common_lib.h(231): t=1399599ms: 5-byte chunked response overhead for "http://localhost:1080/cgi-bin/welcome.pl?signOff=1" (RelFrameId=1, Internal ID=988)
..\\Parameters\\common_lib.h(231):     2ae\r\n
..\\Parameters\\common_lib.h(231): t=1399600ms: 2-byte chunked response overhead for "http://localhost:1080/cgi-bin/welcome.pl?signOff=1" (RelFrameId=1, Internal ID=988)
..\\Parameters\\common_lib.h(231):     \r\n
..\\Parameters\\common_lib.h(231): t=1399600ms: 686-byte chunked response body for "http://localhost:1080/cgi-bin/welcome.pl?signOff=1" (RelFrameId=1, Internal ID=988)
..\\Parameters\\common_lib.h(231):     <!-- \n
..\\Parameters\\common_lib.h(231):      A Session ID has been created and loaded into a cookie called MSO.\n
..\\Parameters\\common_lib.h(231):      Also, the server options have been loaded into the cookie called\n
..\\Parameters\\common_lib.h(231):      MSO as well.  The server options can be set via the Admin page.\n
..\\Parameters\\common_lib.h(231):      --->\n
..\\Parameters\\common_lib.h(231):     \n
..\\Parameters\\common_lib.h(231):     <html>\n
..\\Parameters\\common_lib.h(231):     <title>Web Tours</title>\n
..\\Parameters\\common_lib.h(231):        <!-- Frame Set -->\n
..\\Parameters\\common_lib.h(231):        <frameset cols="160,*" border="1" frameborder="1">\n
..\\Parameters\\common_lib.h(231):           <!-- Navigation Frame -->\n
..\\Parameters\\common_lib.h(231):           <frame src="nav.pl?in=home" name="navbar" marginheight="2" marginwidth="2" \n
..\\Parameters\\common_lib.h(231):                 noresize="noresize" scrolling="auto"/>\n
..\\Parameters\\common_lib.h(231):           <!-- Home Frame -->\n
..\\Parameters\\common_lib.h(231):           <frame src="/WebTours/home.html" name="info" marginheight="2" marginwidth="2" \n
..\\Parameters\\common_lib.h(231):                 noresize="noresize" scrolling="auto"/>\n
..\\Parameters\\common_lib.h(231):        </frameset>\n
..\\Parameters\\common_lib.h(231):     </html>\n
..\\Parameters\\common_lib.h(231):     \n
..\\Parameters\\common_lib.h(231):     </body>\n
..\\Parameters\\common_lib.h(231):     </html>
..\\Parameters\\common_lib.h(231): Detected non-resource "http://localhost:1080/cgi-bin/nav.pl?in=home" in "http://localhost:1080/cgi-bin/welcome.pl?signOff=1"  	[MsgId: MMSG-26574]
..\\Parameters\\common_lib.h(231): Detected non-resource "http://localhost:1080/WebTours/home.html" in "http://localhost:1080/cgi-bin/welcome.pl?signOff=1"  	[MsgId: MMSG-26574]
..\\Parameters\\common_lib.h(231): Retrieving data from cache for "http://localhost:1080/WebTours/home.html"  	[MsgId: MMSG-26558]
..\\Parameters\\common_lib.h(231): t=1399600ms: 1361-byte response body retrieved from cache for "http://localhost:1080/WebTours/home.html" (RelFrameId=1.2, Internal ID=990)
..\\Parameters\\common_lib.h(231):     <HTML>\n
..\\Parameters\\common_lib.h(231):     <HEAD>\n
..\\Parameters\\common_lib.h(231):     \t<title>Web Tours</title>\n
..\\Parameters\\common_lib.h(231):     </HEAD>\n
..\\Parameters\\common_lib.h(231):     <style>\n
..\\Parameters\\common_lib.h(231):     \tblockquote {font-family: tahoma; font-size : 10pt}\n
..\\Parameters\\common_lib.h(231):     \tH1 {font-family: tahoma; font-size : 22pt; color: #003366}\n
..\\Parameters\\common_lib.h(231):     \tsmall {font-family: tahoma; font-size : 8pt}\n
..\\Parameters\\common_lib.h(231):     \tH3{font-family: tahoma; font-size : 10pt; color: black}\n
..\\Parameters\\common_lib.h(231):     \tA {FONT-WEIGHT: bold; FONT-SIZE: 10pt; COLOR: black; FONT-FAMILY: Tahoma; TEXT-DECORATIO
..\\Parameters\\common_lib.h(231):     N: none}\n
..\\Parameters\\common_lib.h(231):     \tA:hover{ FONT-WEIGHT: bold; FONT-SIZE: 10pt; COLOR: #993333; FONT-FAMILY: Tahoma;TEXT-DE
..\\Parameters\\common_lib.h(231):     CORATION: underline}\n
..\\Parameters\\common_lib.h(231):     \tTD {font-family: tahoma; font-size : 10pt; color: black}\n
..\\Parameters\\common_lib.h(231):     </style>\n
..\\Parameters\\common_lib.h(231):     <body bgcolor="#e0e7f1">\n
..\\Parameters\\common_lib.h(231):     <BR/>\n
..\\Parameters\\common_lib.h(231):     <BR/>\n
..\\Parameters\\common_lib.h(231):     <BR/>\n
..\\Parameters\\common_lib.h(231):     <br/>\n
..\\Parameters\\common_lib.h(231):     <table border="0">\n
..\\Parameters\\common_lib.h(231):     <tr><td></td></tr>\n
..\\Parameters\\common_lib.h(231):     <TR><TD></TD></TR>\n
..\\Parameters\\common_lib.h(231):     <TR><TD>\n
..\\Parameters\\common_lib.h(231):     <blockquote>\n
..\\Parameters\\common_lib.h(231):     <H1><b>Web Tours</b></H1>\n
..\\Parameters\\common_lib.h(231):     Welcome to the Web Tours site.\n
..\\Parameters\\common_lib.h(231):     <br/>\n
..\\Parameters\\common_lib.h(231):     To make reservations,please enter your account information to the left.\n
..\\Parameters\\common_lib.h(231):     <br/>\n
..\\Parameters\\common_lib.h(231):     If you haven't registered yet, <A href="/cgi-bin/login.pl?username=&amp;password=&amp;getI
..\\Parameters\\common_lib.h(231):     nfo=true" ><B>sign up now</B></A> to get access to all our resources.\n
..\\Parameters\\common_lib.h(231):     <br/>\n
..\\Parameters\\common_lib.h(231):     To configure the server options, use <A href="/cgi-bin/admin.pl" target="body" ><b>adminis
..\\Parameters\\common_lib.h(231):     tration</b></A> link.\n
..\\Parameters\\common_lib.h(231):     <br/><br/><br/><br/><br/><br/>\n
..\\Parameters\\common_lib.h(231):     <br/><small>\n
..\\Parameters\\common_lib.h(231):     This product uses parts of the SMT Kernel, Copyright (c) 1991-99 <A href="http://www.imati
..\\Parameters\\common_lib.h(231):     x.com" target="new"><B><small>iMatix Corporation</small></B></A> \n
..\\Parameters\\common_lib.h(231):     </small>\n
..\\Parameters\\common_lib.h(231):     </blockquote></TD>\n
..\\Parameters\\common_lib.h(231):     <TD></TD></TR>\n
..\\Parameters\\common_lib.h(231):     </table>\n
..\\Parameters\\common_lib.h(231):     </body>\n
..\\Parameters\\common_lib.h(231):     </HTML>\n
..\\Parameters\\common_lib.h(231): t=1399601ms: 5-byte chunked response overhead for "http://localhost:1080/cgi-bin/welcome.pl?signOff=1" (RelFrameId=1, Internal ID=988)
..\\Parameters\\common_lib.h(231):     0\r\n
..\\Parameters\\common_lib.h(231):     \r\n
..\\Parameters\\common_lib.h(231): t=1399601ms: Request done "http://localhost:1080/cgi-bin/welcome.pl?signOff=1"  	[MsgId: MMSG-26000]
..\\Parameters\\common_lib.h(231): t=1399601ms: Already connected [1] to localhost:1080  	[MsgId: MMSG-26000]
..\\Parameters\\common_lib.h(231): t=1399601ms: 602-byte request headers for "http://localhost:1080/cgi-bin/nav.pl?in=home" (RelFrameId=1.1, Internal ID=989)
..\\Parameters\\common_lib.h(231):     GET /cgi-bin/nav.pl?in=home HTTP/1.1\r\n
..\\Parameters\\common_lib.h(231):     Referer: http://localhost:1080/cgi-bin/welcome.pl?signOff=1\r\n
..\\Parameters\\common_lib.h(231):     Sec-Fetch-Dest: frame\r\n
..\\Parameters\\common_lib.h(231):     Sec-Fetch-Mode: navigate\r\n
..\\Parameters\\common_lib.h(231):     Sec-Fetch-Site: same-origin\r\n
..\\Parameters\\common_lib.h(231):     Upgrade-Insecure-Requests: 1\r\n
..\\Parameters\\common_lib.h(231):     sec-ch-ua: "Chromium";v="112", "Google Chrome";v="112", "Not:A-Brand";v="99"\r\n
..\\Parameters\\common_lib.h(231):     sec-ch-ua-mobile: ?0\r\n
..\\Parameters\\common_lib.h(231):     sec-ch-ua-platform: "Windows"\r\n
..\\Parameters\\common_lib.h(231):     User-Agent: Crashpad/0.8.0 WinHTTP/10.0.19041.2673 Windows_NT/10.0.19041.2788 (x64)\r\n
..\\Parameters\\common_lib.h(231):     Accept-Encoding: gzip, deflate, br\r\n
..\\Parameters\\common_lib.h(231):     Accept-Language: ru-RU,ru;q=0.9,en-US;q=0.8,en;q=0.7\r\n
..\\Parameters\\common_lib.h(231):     Accept: */*\r\n
..\\Parameters\\common_lib.h(231):     Connection: Keep-Alive\r\n
..\\Parameters\\common_lib.h(231):     Host: localhost:1080\r\n
..\\Parameters\\common_lib.h(231):     Cookie: MSO=SID&1684567948\r\n
..\\Parameters\\common_lib.h(231):     \r\n
..\\Parameters\\common_lib.h(231): t=1399641ms: 255-byte response headers for "http://localhost:1080/cgi-bin/nav.pl?in=home" (RelFrameId=1.1, Internal ID=989)
..\\Parameters\\common_lib.h(231):     HTTP/1.1 200 OK\r\n
..\\Parameters\\common_lib.h(231):     Date: Sat, 20 May 2023 07:32:28 GMT\r\n
..\\Parameters\\common_lib.h(231):     Server: Apache/2.2.21 (Win32)\r\n
..\\Parameters\\common_lib.h(231):     Expires: Fri, 19 May 2023 07:32:28 GMT\r\n
..\\Parameters\\common_lib.h(231):     Keep-Alive: timeout=5, max=96\r\n
..\\Parameters\\common_lib.h(231):     Connection: Keep-Alive\r\n
..\\Parameters\\common_lib.h(231):     Transfer-Encoding: chunked\r\n
..\\Parameters\\common_lib.h(231):     Content-Type: text/html; charset=ISO-8859-1\r\n
..\\Parameters\\common_lib.h(231):     \r\n
..\\Parameters\\common_lib.h(231): t=1399642ms: 5-byte chunked response overhead for "http://localhost:1080/cgi-bin/nav.pl?in=home" (RelFrameId=1.1, Internal ID=989)
..\\Parameters\\common_lib.h(231):     5d0\r\n
..\\Parameters\\common_lib.h(231): t=1399642ms: 2-byte chunked response overhead for "http://localhost:1080/cgi-bin/nav.pl?in=home" (RelFrameId=1.1, Internal ID=989)
..\\Parameters\\common_lib.h(231):     \r\n
..\\Parameters\\common_lib.h(231): t=1399642ms: 1488-byte chunked response body for "http://localhost:1080/cgi-bin/nav.pl?in=home" (RelFrameId=1.1, Internal ID=989)
..\\Parameters\\common_lib.h(231):     <!DOCTYPE html\n
..\\Parameters\\common_lib.h(231):     \tPUBLIC "-//W3C//DTD XHTML 1.0 Transitional//EN"\n
..\\Parameters\\common_lib.h(231):     \t "http://www.w3.org/TR/xhtml1/DTD/xhtml1-transitional.dtd">\n
..\\Parameters\\common_lib.h(231):     <html xmlns="http://www.w3.org/1999/xhtml" lang="en-US" xml:lang="en-US">\n
..\\Parameters\\common_lib.h(231):     <head>\n
..\\Parameters\\common_lib.h(231):     <title>Web Tours Navigation Bar</title>\n
..\\Parameters\\common_lib.h(231):     <meta http-equiv="Content-Type" content="text/html; charset=iso-8859-1" />\n
..\\Parameters\\common_lib.h(231):     </head>\n
..\\Parameters\\common_lib.h(231):     <body bgcolor="#E0E7F1">\n
..\\Parameters\\common_lib.h(231):     <style>\n
..\\Parameters\\common_lib.h(231):     blockquote {font-family: tahoma; font-size : 10pt}\n
..\\Parameters\\common_lib.h(231):     H1 {font-family: tahoma; font-size : 22pt; color: #993333}\n
..\\Parameters\\common_lib.h(231):     H3 {font-family: tahoma; font-size : 10pt; color: black}\n
..\\Parameters\\common_lib.h(231):     small {font-family: tahoma; font-size : 8pt}\n
..\\Parameters\\common_lib.h(231):     </style>\n
..\\Parameters\\common_lib.h(231):     <form method="post" action="/cgi-bin/login.pl" target="body">\n
..\\Parameters\\common_lib.h(231):     <input type="hidden" name="userSession" value="136457.508950992HAVQADDpVVzzzzzHtcVVtpVQiH"
..\\Parameters\\common_lib.h(231):     />\n
..\\Parameters\\common_lib.h(231):     <table border="0"><tr><td>&nbsp;</td>\n
..\\Parameters\\common_lib.h(231):     <td>&nbsp;</td></tr>\n
..\\Parameters\\common_lib.h(231):     <tr><td>&nbsp;</td>\n
..\\Parameters\\common_lib.h(231):     <td>&nbsp;</td></tr>\n
..\\Parameters\\common_lib.h(231):     <tr><td>&nbsp;</td>\n
..\\Parameters\\common_lib.h(231):     <td><small>&nbsp;Username</small></td></tr>\n
..\\Parameters\\common_lib.h(231):     <tr><td>&nbsp;</td>\n
..\\Parameters\\common_lib.h(231):     <td><input type="text" name="username" value="" size="14" maxlength="14"/></td></tr>\n
..\\Parameters\\common_lib.h(231):     <tr><td>&nbsp;</td>\n
..\\Parameters\\common_lib.h(231):     <td><small>&nbsp;Password</small></td>\n
..\\Parameters\\common_lib.h(231):     <tr><td>&nbsp;</td>\n
..\\Parameters\\common_lib.h(231):     <td><input type="password" name="password" value="" size="14" maxlength="14"/></td></tr>\n
..\\Parameters\\common_lib.h(231):     <tr><td>&nbsp;</td>\n
..\\Parameters\\common_lib.h(231):     <td>&nbsp;</td></tr>\n
..\\Parameters\\common_lib.h(231):     <tr><td>&nbsp;</td>\n
..\\Parameters\\common_lib.h(231):     <td><input type="image" name="login" value="Login" alt="Login" border="1" \n
..\\Parameters\\common_lib.h(231):     src="/WebTours/images/mer_login.gif"/></td></tr>\n
..\\Parameters\\common_lib.h(231):     <tr><td>&nbsp;</td><td>&nbsp;</td></tr>\n
..\\Parameters\\common_lib.h(231):     </table><input type="hidden" name="JSFormSubmit" value="off"/>\n
..\\Parameters\\common_lib.h(231):     </form>\n
..\\Parameters\\common_lib.h(231):     \n
..\\Parameters\\common_lib.h(231):     </body>\n
..\\Parameters\\common_lib.h(231):     </html>\n
..\\Parameters\\common_lib.h(231): Resource "http://localhost:1080/WebTours/images/mer_login.gif" is in the cache already and will not be downloaded again  	[MsgId: MMSG-26655]
..\\Parameters\\common_lib.h(231): t=1399644ms: 5-byte chunked response overhead for "http://localhost:1080/cgi-bin/nav.pl?in=home" (RelFrameId=1.1, Internal ID=989)
..\\Parameters\\common_lib.h(231):     0\r\n
..\\Parameters\\common_lib.h(231):     \r\n
..\\Parameters\\common_lib.h(231): t=1399644ms: Request done "http://localhost:1080/cgi-bin/nav.pl?in=home"  	[MsgId: MMSG-26000]
..\\Parameters\\common_lib.h(231): Registered web_reg_find successful for "Text=A Session ID has been created" (count=1)  	[MsgId: MMSG-26364]
..\\Parameters\\common_lib.h(231): web_url("SignOff Button") was successful, 2174 body bytes, 582 header bytes, 24 chunking overhead bytes  	[MsgId: MMSG-26385]
..\\Parameters\\common_lib.h(241): Notify: Transaction "log_out" ended with a "Pass" status (Duration: 0,0851 Wasted Time: 0,0000).	[MsgId: MMSG-16871]
Action.c(84): Notify: Transaction "02_booking_a_ticket" ended with a "Pass" status (Duration: 15,5887 Think Time: 14,0664 Wasted Time: 0,0005).	[MsgId: MMSG-16870]
Ending action Action.	[MsgId: MMSG-15918]
Ending iteration 33.	[MsgId: MMSG-15965]
Waiting 26,4090 seconds for iteration pacing.	[MsgId: MMSG-15996]
Action was aborted.	[MsgId: MMSG-10694]
Ending Vuser...	[MsgId: MMSG-15966]
Starting action vuser_end.	[MsgId: MMSG-15919]
Ending action vuser_end.	[MsgId: MMSG-15918]
Vuser Terminated.	[MsgId: MMSG-15963]
t=1399895ms: Closed connection [0] to localhost:1080 after completing 14 request(s)  	[MsgId: MMSG-26000]
t=1399895ms: Closed connection [1] to localhost:1080 after completing 5 request(s)  	[MsgId: MMSG-26000]
HTML-Mode memory management statistics: Reusable=98, NonReusable=0, CsMemBlockSize=4096, checks disabled  	[MsgId: MMSG-26000]
Vuser 3 (thread 11932), ended OK."	[MsgId: MMSG-10695]
