..\\Parameters\\common_lib.h(37):     N: none}\n
..\\Parameters\\common_lib.h(37):     \tA:hover{ FONT-WEIGHT: bold; FONT-SIZE: 10pt; COLOR: #993333; FONT-FAMILY: Tahoma;TEXT-DE
..\\Parameters\\common_lib.h(37):     CORATION: underline}\n
..\\Parameters\\common_lib.h(37):     \tTD {font-family: tahoma; font-size : 10pt; color: black}\n
..\\Parameters\\common_lib.h(37):     </style>\n
..\\Parameters\\common_lib.h(37):     <body bgcolor="#e0e7f1">\n
..\\Parameters\\common_lib.h(37):     <BR/>\n
..\\Parameters\\common_lib.h(37):     <BR/>\n
..\\Parameters\\common_lib.h(37):     <BR/>\n
..\\Parameters\\common_lib.h(37):     <br/>\n
..\\Parameters\\common_lib.h(37):     <table border="0">\n
..\\Parameters\\common_lib.h(37):     <tr><td></td></tr>\n
..\\Parameters\\common_lib.h(37):     <TR><TD></TD></TR>\n
..\\Parameters\\common_lib.h(37):     <TR><TD>\n
..\\Parameters\\common_lib.h(37):     <blockquote>\n
..\\Parameters\\common_lib.h(37):     <H1><b>Web Tours</b></H1>\n
..\\Parameters\\common_lib.h(37):     Welcome to the Web Tours site.\n
..\\Parameters\\common_lib.h(37):     <br/>\n
..\\Parameters\\common_lib.h(37):     To make reservations,please enter your account information to the left.\n
..\\Parameters\\common_lib.h(37):     <br/>\n
..\\Parameters\\common_lib.h(37):     If you haven't registered yet, <A href="/cgi-bin/login.pl?username=&amp;password=&amp;getI
..\\Parameters\\common_lib.h(37):     nfo=true" ><B>sign up now</B></A> to get access to all our resources.\n
..\\Parameters\\common_lib.h(37):     <br/>\n
..\\Parameters\\common_lib.h(37):     To configure the server options, use <A href="/cgi-bin/admin.pl" target="body" ><b>adminis
..\\Parameters\\common_lib.h(37):     tration</b></A> link.\n
..\\Parameters\\common_lib.h(37):     <br/><br/><br/><br/><br/><br/>\n
..\\Parameters\\common_lib.h(37):     <br/><small>\n
..\\Parameters\\common_lib.h(37):     This product uses parts of the SMT Kernel, Copyright (c) 1991-99 <A href="http://www.imati
..\\Parameters\\common_lib.h(37):     x.com" target="new"><B><small>iMatix Corporation</small></B></A> \n
..\\Parameters\\common_lib.h(37):     </small>\n
..\\Parameters\\common_lib.h(37):     </blockquote></TD>\n
..\\Parameters\\common_lib.h(37):     <TD></TD></TR>\n
..\\Parameters\\common_lib.h(37):     </table>\n
..\\Parameters\\common_lib.h(37):     </body>\n
..\\Parameters\\common_lib.h(37):     </HTML>\n
..\\Parameters\\common_lib.h(37): t=240493ms: Request done "http://localhost:1080/cgi-bin/welcome.pl?signOff=1"  	[MsgId: MMSG-26000]
..\\Parameters\\common_lib.h(37): t=240493ms: Already connected [1] to localhost:1080  	[MsgId: MMSG-26000]
..\\Parameters\\common_lib.h(37): t=240493ms: 622-byte request headers for "http://localhost:1080/cgi-bin/nav.pl?in=home" (RelFrameId=1.1, Internal ID=2618)
..\\Parameters\\common_lib.h(37):     GET /cgi-bin/nav.pl?in=home HTTP/1.1\r\n
..\\Parameters\\common_lib.h(37):     Referer: http://localhost:1080/cgi-bin/welcome.pl?signOff=1\r\n
..\\Parameters\\common_lib.h(37):     Sec-Fetch-Dest: frame\r\n
..\\Parameters\\common_lib.h(37):     Sec-Fetch-Mode: navigate\r\n
..\\Parameters\\common_lib.h(37):     Sec-Fetch-Site: same-origin\r\n
..\\Parameters\\common_lib.h(37):     Upgrade-Insecure-Requests: 1\r\n
..\\Parameters\\common_lib.h(37):     sec-ch-ua: "Chromium";v="112", "Google Chrome";v="112", "Not:A-Brand";v="99"\r\n
..\\Parameters\\common_lib.h(37):     sec-ch-ua-mobile: ?0\r\n
..\\Parameters\\common_lib.h(37):     sec-ch-ua-platform: "Windows"\r\n
..\\Parameters\\common_lib.h(37):     Sec-Fetch-User: ?1\r\n
..\\Parameters\\common_lib.h(37):     User-Agent: Crashpad/0.8.0 WinHTTP/10.0.19041.2673 Windows_NT/10.0.19041.2788 (x64)\r\n
..\\Parameters\\common_lib.h(37):     Accept-Encoding: gzip, deflate, br\r\n
..\\Parameters\\common_lib.h(37):     Accept-Language: ru-RU,ru;q=0.9,en-US;q=0.8,en;q=0.7\r\n
..\\Parameters\\common_lib.h(37):     Accept: */*\r\n
..\\Parameters\\common_lib.h(37):     Connection: Keep-Alive\r\n
..\\Parameters\\common_lib.h(37):     Host: localhost:1080\r\n
..\\Parameters\\common_lib.h(37):     Cookie: MSO=SID&1683816333\r\n
..\\Parameters\\common_lib.h(37):     \r\n
Action.c(195): t=240535ms: 215-byte response headers for "http://localhost:1080/cgi-bin/welcome.pl?page={page}" (RelFrameId=1, Internal ID=3154)
Action.c(195):     HTTP/1.1 200 OK\r\n
Action.c(195):     Date: Thu, 11 May 2023 14:45:33 GMT\r\n
Action.c(195):     Server: Apache/2.2.21 (Win32)\r\n
Action.c(195):     Keep-Alive: timeout=5, max=85\r\n
Action.c(195):     Connection: Keep-Alive\r\n
Action.c(195):     Transfer-Encoding: chunked\r\n
Action.c(195):     Content-Type: text/html; charset=ISO-8859-1\r\n
Action.c(195):     \r\n
Action.c(195): t=240535ms: 5-byte chunked response overhead for "http://localhost:1080/cgi-bin/welcome.pl?page={page}" (RelFrameId=1, Internal ID=3154)
Action.c(195):     2ae\r\n
Action.c(195): t=240535ms: 2-byte chunked response overhead for "http://localhost:1080/cgi-bin/welcome.pl?page={page}" (RelFrameId=1, Internal ID=3154)
Action.c(195):     \r\n
Action.c(195): t=240536ms: 686-byte chunked response body for "http://localhost:1080/cgi-bin/welcome.pl?page={page}" (RelFrameId=1, Internal ID=3154)
Action.c(195):     <!-- \n
Action.c(195):      A Session ID has been created and loaded into a cookie called MSO.\n
Action.c(195):      Also, the server options have been loaded into the cookie called\n
Action.c(195):      MSO as well.  The server options can be set via the Admin page.\n
Action.c(195):      --->\n
Action.c(195):     \n
Action.c(195):     <html>\n
Action.c(195):     <title>Web Tours</title>\n
Action.c(195):        <!-- Frame Set -->\n
Action.c(195):        <frameset cols="160,*" border="1" frameborder="1">\n
Action.c(195):           <!-- Navigation Frame -->\n
Action.c(195):           <frame src="nav.pl?in=home" name="navbar" marginheight="2" marginwidth="2" \n
Action.c(195):                 noresize="noresize" scrolling="auto"/>\n
Action.c(195):           <!-- Home Frame -->\n
Action.c(195):           <frame src="/WebTours/home.html" name="info" marginheight="2" marginwidth="2" \n
Action.c(195):                 noresize="noresize" scrolling="auto"/>\n
Action.c(195):        </frameset>\n
Action.c(195):     </html>\n
Action.c(195):     \n
Action.c(195):     </body>\n
Action.c(195):     </html>
Action.c(195): Detected non-resource "http://localhost:1080/cgi-bin/nav.pl?in=home" in "http://localhost:1080/cgi-bin/welcome.pl?page={page}"  	[MsgId: MMSG-26574]
Action.c(195): Detected non-resource "http://localhost:1080/WebTours/home.html" in "http://localhost:1080/cgi-bin/welcome.pl?page={page}"  	[MsgId: MMSG-26574]
Action.c(195): Retrieving data from cache for "http://localhost:1080/WebTours/home.html"  	[MsgId: MMSG-26558]
Action.c(195): t=240536ms: 1361-byte response body retrieved from cache for "http://localhost:1080/WebTours/home.html" (RelFrameId=1.2, Internal ID=3156)
Action.c(195):     <HTML>\n
Action.c(195):     <HEAD>\n
Action.c(195):     \t<title>Web Tours</title>\n
Action.c(195):     </HEAD>\n
Action.c(195):     <style>\n
Action.c(195):     \tblockquote {font-family: tahoma; font-size : 10pt}\n
Action.c(195):     \tH1 {font-family: tahoma; font-size : 22pt; color: #003366}\n
Action.c(195):     \tsmall {font-family: tahoma; font-size : 8pt}\n
Action.c(195):     \tH3{font-family: tahoma; font-size : 10pt; color: black}\n
Action.c(195):     \tA {FONT-WEIGHT: bold; FONT-SIZE: 10pt; COLOR: black; FONT-FAMILY: Tahoma; TEXT-DECORATIO
Action.c(195):     N: none}\n
Action.c(195):     \tA:hover{ FONT-WEIGHT: bold; FONT-SIZE: 10pt; COLOR: #993333; FONT-FAMILY: Tahoma;TEXT-DE
Action.c(195):     CORATION: underline}\n
Action.c(195):     \tTD {font-family: tahoma; font-size : 10pt; color: black}\n
Action.c(195):     </style>\n
Action.c(195):     <body bgcolor="#e0e7f1">\n
Action.c(195):     <BR/>\n
Action.c(195):     <BR/>\n
Action.c(195):     <BR/>\n
Action.c(195):     <br/>\n
Action.c(195):     <table border="0">\n
Action.c(195):     <tr><td></td></tr>\n
Action.c(195):     <TR><TD></TD></TR>\n
Action.c(195):     <TR><TD>\n
Action.c(195):     <blockquote>\n
Action.c(195):     <H1><b>Web Tours</b></H1>\n
Action.c(195):     Welcome to the Web Tours site.\n
Action.c(195):     <br/>\n
Action.c(195):     To make reservations,please enter your account information to the left.\n
Action.c(195):     <br/>\n
Action.c(195):     If you haven't registered yet, <A href="/cgi-bin/login.pl?username=&amp;password=&amp;getI
Action.c(195):     nfo=true" ><B>sign up now</B></A> to get access to all our resources.\n
Action.c(195):     <br/>\n
Action.c(195):     To configure the server options, use <A href="/cgi-bin/admin.pl" target="body" ><b>adminis
Action.c(195):     tration</b></A> link.\n
Action.c(195):     <br/><br/><br/><br/><br/><br/>\n
Action.c(195):     <br/><small>\n
Action.c(195):     This product uses parts of the SMT Kernel, Copyright (c) 1991-99 <A href="http://www.imati
Action.c(195):     x.com" target="new"><B><small>iMatix Corporation</small></B></A> \n
Action.c(195):     </small>\n
Action.c(195):     </blockquote></TD>\n
Action.c(195):     <TD></TD></TR>\n
Action.c(195):     </table>\n
Action.c(195):     </body>\n
Action.c(195):     </HTML>\n
Action.c(195): t=240537ms: Already connected [1] to localhost:1080  	[MsgId: MMSG-26000]
Action.c(195): t=240537ms: 761-byte request headers for "http://localhost:1080/cgi-bin/nav.pl?in=home" (RelFrameId=1.1, Internal ID=3155)
Action.c(195):     GET /cgi-bin/nav.pl?in=home HTTP/1.1\r\n
Action.c(195):     Referer: http://localhost:1080/cgi-bin/welcome.pl?page={page}\r\n
Action.c(195):     Sec-Fetch-Dest: frame\r\n
Action.c(195):     Sec-Fetch-Mode: navigate\r\n
Action.c(195):     Sec-Fetch-Site: same-origin\r\n
Action.c(195):     Upgrade-Insecure-Requests: 1\r\n
Action.c(195):     sec-ch-ua: "Chromium";v="112", "Google Chrome";v="112", "Not:A-Brand";v="99"\r\n
Action.c(195):     sec-ch-ua-mobile: ?0\r\n
Action.c(195):     sec-ch-ua-platform: "Windows"\r\n
Action.c(195):     Sec-Fetch-User: ?1\r\n
Action.c(195):     User-Agent: Crashpad/0.8.0 WinHTTP/10.0.19041.2673 Windows_NT/10.0.19041.2788 (x64)\r\n
Action.c(195):     Accept-Encoding: gzip, deflate, br\r\n
Action.c(195):     Accept-Language: ru-RU,ru;q=0.9,en-US;q=0.8,en;q=0.7\r\n
Action.c(195):     Accept: */*\r\n
Action.c(195):     Connection: Keep-Alive\r\n
Action.c(195):     Host: localhost:1080\r\n
Action.c(195):     Cookie: MSO=SID&1683816331; MTUserInfo=firstName&Pacha&username&mims&address2&Perm&hash&83
Action.c(195):     &expDate&03%2F23&creditCard&777777&address1&Krasnaia&lastName&Kuznecov%0A\r\n
Action.c(195):     \r\n
..\\Parameters\\common_lib.h(37): t=240541ms: 255-byte response headers for "http://localhost:1080/cgi-bin/nav.pl?in=home" (RelFrameId=1.1, Internal ID=2618)
..\\Parameters\\common_lib.h(37):     HTTP/1.1 200 OK\r\n
..\\Parameters\\common_lib.h(37):     Date: Thu, 11 May 2023 14:45:33 GMT\r\n
..\\Parameters\\common_lib.h(37):     Server: Apache/2.2.21 (Win32)\r\n
..\\Parameters\\common_lib.h(37):     Expires: Wed, 10 May 2023 14:45:33 GMT\r\n
..\\Parameters\\common_lib.h(37):     Keep-Alive: timeout=5, max=89\r\n
..\\Parameters\\common_lib.h(37):     Connection: Keep-Alive\r\n
..\\Parameters\\common_lib.h(37):     Transfer-Encoding: chunked\r\n
..\\Parameters\\common_lib.h(37):     Content-Type: text/html; charset=ISO-8859-1\r\n
..\\Parameters\\common_lib.h(37):     \r\n
..\\Parameters\\common_lib.h(37): t=240542ms: 5-byte chunked response overhead for "http://localhost:1080/cgi-bin/nav.pl?in=home" (RelFrameId=1.1, Internal ID=2618)
..\\Parameters\\common_lib.h(37):     5ce\r\n
..\\Parameters\\common_lib.h(37): t=240542ms: 2-byte chunked response overhead for "http://localhost:1080/cgi-bin/nav.pl?in=home" (RelFrameId=1.1, Internal ID=2618)
..\\Parameters\\common_lib.h(37):     \r\n
..\\Parameters\\common_lib.h(37): t=240542ms: 1486-byte chunked response body for "http://localhost:1080/cgi-bin/nav.pl?in=home" (RelFrameId=1.1, Internal ID=2618)
..\\Parameters\\common_lib.h(37):     <!DOCTYPE html\n
..\\Parameters\\common_lib.h(37):     \tPUBLIC "-//W3C//DTD XHTML 1.0 Transitional//EN"\n
..\\Parameters\\common_lib.h(37):     \t "http://www.w3.org/TR/xhtml1/DTD/xhtml1-transitional.dtd">\n
..\\Parameters\\common_lib.h(37):     <html xmlns="http://www.w3.org/1999/xhtml" lang="en-US" xml:lang="en-US">\n
..\\Parameters\\common_lib.h(37):     <head>\n
..\\Parameters\\common_lib.h(37):     <title>Web Tours Navigation Bar</title>\n
..\\Parameters\\common_lib.h(37):     <meta http-equiv="Content-Type" content="text/html; charset=iso-8859-1" />\n
..\\Parameters\\common_lib.h(37):     </head>\n
..\\Parameters\\common_lib.h(37):     <body bgcolor="#E0E7F1">\n
..\\Parameters\\common_lib.h(37):     <style>\n
..\\Parameters\\common_lib.h(37):     blockquote {font-family: tahoma; font-size : 10pt}\n
..\\Parameters\\common_lib.h(37):     H1 {font-family: tahoma; font-size : 22pt; color: #993333}\n
..\\Parameters\\common_lib.h(37):     H3 {font-family: tahoma; font-size : 10pt; color: black}\n
..\\Parameters\\common_lib.h(37):     small {font-family: tahoma; font-size : 8pt}\n
..\\Parameters\\common_lib.h(37):     </style>\n
..\\Parameters\\common_lib.h(37):     <form method="post" action="/cgi-bin/login.pl" target="body">\n
..\\Parameters\\common_lib.h(37):     <input type="hidden" name="userSession" value="136396.624787363HAVfQAVpDiHftcAQfptAiDcf"/>
..\\Parameters\\common_lib.h(37):     \n
..\\Parameters\\common_lib.h(37):     <table border="0"><tr><td>&nbsp;</td>\n
..\\Parameters\\common_lib.h(37):     <td>&nbsp;</td></tr>\n
..\\Parameters\\common_lib.h(37):     <tr><td>&nbsp;</td>\n
..\\Parameters\\common_lib.h(37):     <td>&nbsp;</td></tr>\n
..\\Parameters\\common_lib.h(37):     <tr><td>&nbsp;</td>\n
..\\Parameters\\common_lib.h(37):     <td><small>&nbsp;Username</small></td></tr>\n
..\\Parameters\\common_lib.h(37):     <tr><td>&nbsp;</td>\n
..\\Parameters\\common_lib.h(37):     <td><input type="text" name="username" value="" size="14" maxlength="14"/></td></tr>\n
..\\Parameters\\common_lib.h(37):     <tr><td>&nbsp;</td>\n
..\\Parameters\\common_lib.h(37):     <td><small>&nbsp;Password</small></td>\n
..\\Parameters\\common_lib.h(37):     <tr><td>&nbsp;</td>\n
..\\Parameters\\common_lib.h(37):     <td><input type="password" name="password" value="" size="14" maxlength="14"/></td></tr>\n
..\\Parameters\\common_lib.h(37):     <tr><td>&nbsp;</td>\n
..\\Parameters\\common_lib.h(37):     <td>&nbsp;</td></tr>\n
..\\Parameters\\common_lib.h(37):     <tr><td>&nbsp;</td>\n
..\\Parameters\\common_lib.h(37):     <td><input type="image" name="login" value="Login" alt="Login" border="1" \n
..\\Parameters\\common_lib.h(37):     src="/WebTours/images/mer_login.gif"/></td></tr>\n
..\\Parameters\\common_lib.h(37):     <tr><td>&nbsp;</td><td>&nbsp;</td></tr>\n
..\\Parameters\\common_lib.h(37):     </table><input type="hidden" name="JSFormSubmit" value="off"/>\n
..\\Parameters\\common_lib.h(37):     </form>\n
..\\Parameters\\common_lib.h(37):     \n
..\\Parameters\\common_lib.h(37):     </body>\n
..\\Parameters\\common_lib.h(37):     </html>\n
..\\Parameters\\common_lib.h(37): Resource "http://localhost:1080/WebTours/images/mer_login.gif" is in the cache already and will not be downloaded again  	[MsgId: MMSG-26655]
..\\Parameters\\common_lib.h(37): t=240547ms: 5-byte chunked response overhead for "http://localhost:1080/cgi-bin/nav.pl?in=home" (RelFrameId=1.1, Internal ID=2618)
..\\Parameters\\common_lib.h(37):     0\r\n
..\\Parameters\\common_lib.h(37):     \r\n
..\\Parameters\\common_lib.h(37): t=240547ms: Request done "http://localhost:1080/cgi-bin/nav.pl?in=home"  	[MsgId: MMSG-26000]
..\\Parameters\\common_lib.h(37): Registered web_reg_find successful for "Text=A Session ID has been created" (count=1)  	[MsgId: MMSG-26364]
..\\Parameters\\common_lib.h(37): web_url("SignOff Button") was successful, 2172 body bytes, 582 header bytes, 24 chunking overhead bytes  	[MsgId: MMSG-26385]
Action.c(210): Notify: Transaction "log_out" ended with a "Pass" status (Duration: 0,1797 Wasted Time: 0,0000).	[MsgId: MMSG-16871]
Action.c(211): Notify: Transaction "02_booking_a_ticket" ended with a "Pass" status (Duration: 1,3266 Wasted Time: 0,0005).	[MsgId: MMSG-16871]
Ending action Action.	[MsgId: MMSG-15918]
Action was aborted.	[MsgId: MMSG-10694]
Ending Vuser...	[MsgId: MMSG-15966]
Starting action vuser_end.	[MsgId: MMSG-15919]
Ending action vuser_end.	[MsgId: MMSG-15918]
Vuser Terminated.	[MsgId: MMSG-15963]
t=240547ms: Closed connection [0] to localhost:1080 after completing 13 request(s)  	[MsgId: MMSG-26000]
t=240548ms: Closed connection [1] to localhost:1080 after completing 12 request(s)  	[MsgId: MMSG-26000]
HTML-Mode memory management statistics: Reusable=7, NonReusable=0, CsMemBlockSize=4096, checks disabled  	[MsgId: MMSG-26000]
Action.c(195): t=240571ms: 5-byte chunked response overhead for "http://localhost:1080/cgi-bin/welcome.pl?page={page}" (RelFrameId=1, Internal ID=3154)
Action.c(195):     0\r\n
Action.c(195):     \r\n
Action.c(195): t=240571ms: Request done "http://localhost:1080/cgi-bin/welcome.pl?page={page}"  	[MsgId: MMSG-26000]
Vuser 1 (thread 5836), ended OK."	[MsgId: MMSG-10695]
Action.c(195): t=240617ms: 255-byte response headers for "http://localhost:1080/cgi-bin/nav.pl?in=home" (RelFrameId=1.1, Internal ID=3155)
Action.c(195):     HTTP/1.1 200 OK\r\n
Action.c(195):     Date: Thu, 11 May 2023 14:45:33 GMT\r\n
Action.c(195):     Server: Apache/2.2.21 (Win32)\r\n
Action.c(195):     Expires: Wed, 10 May 2023 14:45:33 GMT\r\n
Action.c(195):     Keep-Alive: timeout=5, max=94\r\n
Action.c(195):     Connection: Keep-Alive\r\n
Action.c(195):     Transfer-Encoding: chunked\r\n
Action.c(195):     Content-Type: text/html; charset=ISO-8859-1\r\n
Action.c(195):     \r\n
Action.c(195): t=240617ms: 5-byte chunked response overhead for "http://localhost:1080/cgi-bin/nav.pl?in=home" (RelFrameId=1.1, Internal ID=3155)
Action.c(195):     5d2\r\n
Action.c(195): t=240617ms: 2-byte chunked response overhead for "http://localhost:1080/cgi-bin/nav.pl?in=home" (RelFrameId=1.1, Internal ID=3155)
Action.c(195):     \r\n
Action.c(195): t=240617ms: 1490-byte chunked response body for "http://localhost:1080/cgi-bin/nav.pl?in=home" (RelFrameId=1.1, Internal ID=3155)
Action.c(195):     <!DOCTYPE html\n
Action.c(195):     \tPUBLIC "-//W3C//DTD XHTML 1.0 Transitional//EN"\n
Action.c(195):     \t "http://www.w3.org/TR/xhtml1/DTD/xhtml1-transitional.dtd">\n
Action.c(195):     <html xmlns="http://www.w3.org/1999/xhtml" lang="en-US" xml:lang="en-US">\n
Action.c(195):     <head>\n
Action.c(195):     <title>Web Tours Navigation Bar</title>\n
Action.c(195):     <meta http-equiv="Content-Type" content="text/html; charset=iso-8859-1" />\n
Action.c(195):     </head>\n
Action.c(195):     <body bgcolor="#E0E7F1">\n
Action.c(195):     <style>\n
Action.c(195):     blockquote {font-family: tahoma; font-size : 10pt}\n
Action.c(195):     H1 {font-family: tahoma; font-size : 22pt; color: #993333}\n
Action.c(195):     H3 {font-family: tahoma; font-size : 10pt; color: black}\n
Action.c(195):     small {font-family: tahoma; font-size : 8pt}\n
Action.c(195):     </style>\n
Action.c(195):     <form method="post" action="/cgi-bin/login.pl" target="body">\n
Action.c(195):     <input type="hidden" name="userSession" value="136396.624625354HAVfQAVpDHQVzzzHtcAQfptAicH
Action.c(195):     f"/>\n
Action.c(195):     <table border="0"><tr><td>&nbsp;</td>\n
Action.c(195):     <td>&nbsp;</td></tr>\n
Action.c(195):     <tr><td>&nbsp;</td>\n
Action.c(195):     <td>&nbsp;</td></tr>\n
Action.c(195):     <tr><td>&nbsp;</td>\n
Action.c(195):     <td><small>&nbsp;Username</small></td></tr>\n
Action.c(195):     <tr><td>&nbsp;</td>\n
Action.c(195):     <td><input type="text" name="username" value="" size="14" maxlength="14"/></td></tr>\n
Action.c(195):     <tr><td>&nbsp;</td>\n
Action.c(195):     <td><small>&nbsp;Password</small></td>\n
Action.c(195):     <tr><td>&nbsp;</td>\n
Action.c(195):     <td><input type="password" name="password" value="" size="14" maxlength="14"/></td></tr>\n
Action.c(195):     <tr><td>&nbsp;</td>\n
Action.c(195):     <td>&nbsp;</td></tr>\n
Action.c(195):     <tr><td>&nbsp;</td>\n
Action.c(195):     <td><input type="image" name="login" value="Login" alt="Login" border="1" \n
Action.c(195):     src="/WebTours/images/mer_login.gif"/></td></tr>\n
Action.c(195):     <tr><td>&nbsp;</td><td>&nbsp;</td></tr>\n
Action.c(195):     </table><input type="hidden" name="JSFormSubmit" value="off"/>\n
Action.c(195):     </form>\n
Action.c(195):     \n
Action.c(195):     </body>\n
Action.c(195):     </html>\n
Action.c(195): Resource "http://localhost:1080/WebTours/images/mer_login.gif" is in the cache already and will not be downloaded again  	[MsgId: MMSG-26655]
Action.c(195): t=240619ms: 5-byte chunked response overhead for "http://localhost:1080/cgi-bin/nav.pl?in=home" (RelFrameId=1.1, Internal ID=3155)
Action.c(195):     0\r\n
Action.c(195):     \r\n
Action.c(195): t=240619ms: Request done "http://localhost:1080/cgi-bin/nav.pl?in=home"  	[MsgId: MMSG-26000]
Action.c(195): web_url("Itinerary Button") was successful, 2176 body bytes, 470 header bytes, 24 chunking overhead bytes  	[MsgId: MMSG-26385]
Action.c(205): Notify: Transaction "Itinerary Button" ended with a "Pass" status (Duration: 0,3730).	[MsgId: MMSG-16873]
Action.c(206): Notify: Transaction "log_out" started.	[MsgId: MMSG-16999]
..\\Parameters\\common_lib.h(32): web_remove_auto_header("Origin") started  	[MsgId: MMSG-26355]
..\\Parameters\\common_lib.h(32): Warning -26590: web_remove/revert_auto_header for "Origin" had no effect  	[MsgId: MWAR-26590]
..\\Parameters\\common_lib.h(32): web_remove/revert_auto_header("Origin") highest severity level was "warning"  	[MsgId: MMSG-26391]
..\\Parameters\\common_lib.h(34): web_reg_find started  	[MsgId: MMSG-26355]
..\\Parameters\\common_lib.h(34): Registering web_reg_find was successful  	[MsgId: MMSG-26390]
..\\Parameters\\common_lib.h(37): web_url("SignOff Button") started  	[MsgId: MMSG-26355]
..\\Parameters\\common_lib.h(37): t=240619ms: Already connected [0] to localhost:1080  	[MsgId: MMSG-26000]
..\\Parameters\\common_lib.h(37): t=240619ms: 772-byte request headers for "http://localhost:1080/cgi-bin/welcome.pl?signOff=1" (RelFrameId=1, Internal ID=3157)
..\\Parameters\\common_lib.h(37):     GET /cgi-bin/welcome.pl?signOff=1 HTTP/1.1\r\n
..\\Parameters\\common_lib.h(37):     Referer: http://localhost:1080/cgi-bin/nav.pl?page=menu&in=flights\r\n
..\\Parameters\\common_lib.h(37):     Sec-Fetch-Dest: frame\r\n
..\\Parameters\\common_lib.h(37):     Sec-Fetch-Mode: navigate\r\n
..\\Parameters\\common_lib.h(37):     Sec-Fetch-Site: same-origin\r\n
..\\Parameters\\common_lib.h(37):     Upgrade-Insecure-Requests: 1\r\n
..\\Parameters\\common_lib.h(37):     sec-ch-ua: "Chromium";v="112", "Google Chrome";v="112", "Not:A-Brand";v="99"\r\n
..\\Parameters\\common_lib.h(37):     sec-ch-ua-mobile: ?0\r\n
..\\Parameters\\common_lib.h(37):     sec-ch-ua-platform: "Windows"\r\n
..\\Parameters\\common_lib.h(37):     Sec-Fetch-User: ?1\r\n
..\\Parameters\\common_lib.h(37):     User-Agent: Crashpad/0.8.0 WinHTTP/10.0.19041.2673 Windows_NT/10.0.19041.2788 (x64)\r\n
..\\Parameters\\common_lib.h(37):     Accept-Encoding: gzip, deflate, br\r\n
..\\Parameters\\common_lib.h(37):     Accept-Language: ru-RU,ru;q=0.9,en-US;q=0.8,en;q=0.7\r\n
..\\Parameters\\common_lib.h(37):     Accept: */*\r\n
..\\Parameters\\common_lib.h(37):     Connection: Keep-Alive\r\n
..\\Parameters\\common_lib.h(37):     Host: localhost:1080\r\n
..\\Parameters\\common_lib.h(37):     Cookie: MSO=SID&1683816331; MTUserInfo=firstName&Pacha&username&mims&address2&Perm&hash&83
..\\Parameters\\common_lib.h(37):     &expDate&03%2F23&creditCard&777777&address1&Krasnaia&lastName&Kuznecov%0A\r\n
..\\Parameters\\common_lib.h(37):     \r\n
..\\Parameters\\common_lib.h(37): t=240667ms: 327-byte response headers for "http://localhost:1080/cgi-bin/welcome.pl?signOff=1" (RelFrameId=1, Internal ID=3157)
..\\Parameters\\common_lib.h(37):     HTTP/1.1 200 OK\r\n
..\\Parameters\\common_lib.h(37):     Date: Thu, 11 May 2023 14:45:33 GMT\r\n
..\\Parameters\\common_lib.h(37):     Server: Apache/2.2.21 (Win32)\r\n
..\\Parameters\\common_lib.h(37):     Set-Cookie: MSO=SID&1683816333; path=/\r\n
..\\Parameters\\common_lib.h(37):     Set-Cookie: MTUserInfo=; path=/; expires=Wed, 10-May-2023 14:45:33 GMT\r\n
..\\Parameters\\common_lib.h(37):     Keep-Alive: timeout=5, max=84\r\n
..\\Parameters\\common_lib.h(37):     Connection: Keep-Alive\r\n
..\\Parameters\\common_lib.h(37):     Transfer-Encoding: chunked\r\n
..\\Parameters\\common_lib.h(37):     Content-Type: text/html; charset=ISO-8859-1\r\n
..\\Parameters\\common_lib.h(37):     \r\n
..\\Parameters\\common_lib.h(37): t=240667ms: 5-byte chunked response overhead for "http://localhost:1080/cgi-bin/welcome.pl?signOff=1" (RelFrameId=1, Internal ID=3157)
..\\Parameters\\common_lib.h(37):     2ae\r\n
..\\Parameters\\common_lib.h(37): t=240667ms: 2-byte chunked response overhead for "http://localhost:1080/cgi-bin/welcome.pl?signOff=1" (RelFrameId=1, Internal ID=3157)
..\\Parameters\\common_lib.h(37):     \r\n
..\\Parameters\\common_lib.h(37): t=240667ms: 686-byte chunked response body for "http://localhost:1080/cgi-bin/welcome.pl?signOff=1" (RelFrameId=1, Internal ID=3157)
..\\Parameters\\common_lib.h(37):     <!-- \n
..\\Parameters\\common_lib.h(37):      A Session ID has been created and loaded into a cookie called MSO.\n
..\\Parameters\\common_lib.h(37):      Also, the server options have been loaded into the cookie called\n
..\\Parameters\\common_lib.h(37):      MSO as well.  The server options can be set via the Admin page.\n
..\\Parameters\\common_lib.h(37):      --->\n
..\\Parameters\\common_lib.h(37):     \n
..\\Parameters\\common_lib.h(37):     <html>\n
..\\Parameters\\common_lib.h(37):     <title>Web Tours</title>\n
..\\Parameters\\common_lib.h(37):        <!-- Frame Set -->\n
..\\Parameters\\common_lib.h(37):        <frameset cols="160,*" border="1" frameborder="1">\n
..\\Parameters\\common_lib.h(37):           <!-- Navigation Frame -->\n
..\\Parameters\\common_lib.h(37):           <frame src="nav.pl?in=home" name="navbar" marginheight="2" marginwidth="2" \n
..\\Parameters\\common_lib.h(37):                 noresize="noresize" scrolling="auto"/>\n
..\\Parameters\\common_lib.h(37):           <!-- Home Frame -->\n
..\\Parameters\\common_lib.h(37):           <frame src="/WebTours/home.html" name="info" marginheight="2" marginwidth="2" \n
..\\Parameters\\common_lib.h(37):                 noresize="noresize" scrolling="auto"/>\n
..\\Parameters\\common_lib.h(37):        </frameset>\n
..\\Parameters\\common_lib.h(37):     </html>\n
..\\Parameters\\common_lib.h(37):     \n
..\\Parameters\\common_lib.h(37):     </body>\n
..\\Parameters\\common_lib.h(37):     </html>
..\\Parameters\\common_lib.h(37): Detected non-resource "http://localhost:1080/cgi-bin/nav.pl?in=home" in "http://localhost:1080/cgi-bin/welcome.pl?signOff=1"  	[MsgId: MMSG-26574]
..\\Parameters\\common_lib.h(37): Detected non-resource "http://localhost:1080/WebTours/home.html" in "http://localhost:1080/cgi-bin/welcome.pl?signOff=1"  	[MsgId: MMSG-26574]
..\\Parameters\\common_lib.h(37): Retrieving data from cache for "http://localhost:1080/WebTours/home.html"  	[MsgId: MMSG-26558]
..\\Parameters\\common_lib.h(37): t=240668ms: 1361-byte response body retrieved from cache for "http://localhost:1080/WebTours/home.html" (RelFrameId=1.2, Internal ID=3159)
..\\Parameters\\common_lib.h(37):     <HTML>\n
..\\Parameters\\common_lib.h(37):     <HEAD>\n
..\\Parameters\\common_lib.h(37):     \t<title>Web Tours</title>\n
..\\Parameters\\common_lib.h(37):     </HEAD>\n
..\\Parameters\\common_lib.h(37):     <style>\n
..\\Parameters\\common_lib.h(37):     \tblockquote {font-family: tahoma; font-size : 10pt}\n
..\\Parameters\\common_lib.h(37):     \tH1 {font-family: tahoma; font-size : 22pt; color: #003366}\n
..\\Parameters\\common_lib.h(37):     \tsmall {font-family: tahoma; font-size : 8pt}\n
..\\Parameters\\common_lib.h(37):     \tH3{font-family: tahoma; font-size : 10pt; color: black}\n
..\\Parameters\\common_lib.h(37):     \tA {FONT-WEIGHT: bold; FONT-SIZE: 10pt; COLOR: black; FONT-FAMILY: Tahoma; TEXT-DECORATIO
..\\Parameters\\common_lib.h(37):     N: none}\n
..\\Parameters\\common_lib.h(37):     \tA:hover{ FONT-WEIGHT: bold; FONT-SIZE: 10pt; COLOR: #993333; FONT-FAMILY: Tahoma;TEXT-DE
..\\Parameters\\common_lib.h(37):     CORATION: underline}\n
..\\Parameters\\common_lib.h(37):     \tTD {font-family: tahoma; font-size : 10pt; color: black}\n
..\\Parameters\\common_lib.h(37):     </style>\n
..\\Parameters\\common_lib.h(37):     <body bgcolor="#e0e7f1">\n
..\\Parameters\\common_lib.h(37):     <BR/>\n
..\\Parameters\\common_lib.h(37):     <BR/>\n
..\\Parameters\\common_lib.h(37):     <BR/>\n
..\\Parameters\\common_lib.h(37):     <br/>\n
..\\Parameters\\common_lib.h(37):     <table border="0">\n
..\\Parameters\\common_lib.h(37):     <tr><td></td></tr>\n
..\\Parameters\\common_lib.h(37):     <TR><TD></TD></TR>\n
..\\Parameters\\common_lib.h(37):     <TR><TD>\n
..\\Parameters\\common_lib.h(37):     <blockquote>\n
..\\Parameters\\common_lib.h(37):     <H1><b>Web Tours</b></H1>\n
..\\Parameters\\common_lib.h(37):     Welcome to the Web Tours site.\n
..\\Parameters\\common_lib.h(37):     <br/>\n
..\\Parameters\\common_lib.h(37):     To make reservations,please enter your account information to the left.\n
..\\Parameters\\common_lib.h(37):     <br/>\n
..\\Parameters\\common_lib.h(37):     If you haven't registered yet, <A href="/cgi-bin/login.pl?username=&amp;password=&amp;getI
..\\Parameters\\common_lib.h(37):     nfo=true" ><B>sign up now</B></A> to get access to all our resources.\n
..\\Parameters\\common_lib.h(37):     <br/>\n
..\\Parameters\\common_lib.h(37):     To configure the server options, use <A href="/cgi-bin/admin.pl" target="body" ><b>adminis
..\\Parameters\\common_lib.h(37):     tration</b></A> link.\n
..\\Parameters\\common_lib.h(37):     <br/><br/><br/><br/><br/><br/>\n
..\\Parameters\\common_lib.h(37):     <br/><small>\n
..\\Parameters\\common_lib.h(37):     This product uses parts of the SMT Kernel, Copyright (c) 1991-99 <A href="http://www.imati
..\\Parameters\\common_lib.h(37):     x.com" target="new"><B><small>iMatix Corporation</small></B></A> \n
..\\Parameters\\common_lib.h(37):     </small>\n
..\\Parameters\\common_lib.h(37):     </blockquote></TD>\n
..\\Parameters\\common_lib.h(37):     <TD></TD></TR>\n
..\\Parameters\\common_lib.h(37):     </table>\n
..\\Parameters\\common_lib.h(37):     </body>\n
..\\Parameters\\common_lib.h(37):     </HTML>\n
..\\Parameters\\common_lib.h(37): t=240669ms: Already connected [1] to localhost:1080  	[MsgId: MMSG-26000]
..\\Parameters\\common_lib.h(37): t=240669ms: 622-byte request headers for "http://localhost:1080/cgi-bin/nav.pl?in=home" (RelFrameId=1.1, Internal ID=3158)
..\\Parameters\\common_lib.h(37):     GET /cgi-bin/nav.pl?in=home HTTP/1.1\r\n
..\\Parameters\\common_lib.h(37):     Referer: http://localhost:1080/cgi-bin/welcome.pl?signOff=1\r\n
..\\Parameters\\common_lib.h(37):     Sec-Fetch-Dest: frame\r\n
..\\Parameters\\common_lib.h(37):     Sec-Fetch-Mode: navigate\r\n
..\\Parameters\\common_lib.h(37):     Sec-Fetch-Site: same-origin\r\n
..\\Parameters\\common_lib.h(37):     Upgrade-Insecure-Requests: 1\r\n
..\\Parameters\\common_lib.h(37):     sec-ch-ua: "Chromium";v="112", "Google Chrome";v="112", "Not:A-Brand";v="99"\r\n
..\\Parameters\\common_lib.h(37):     sec-ch-ua-mobile: ?0\r\n
..\\Parameters\\common_lib.h(37):     sec-ch-ua-platform: "Windows"\r\n
..\\Parameters\\common_lib.h(37):     Sec-Fetch-User: ?1\r\n
..\\Parameters\\common_lib.h(37):     User-Agent: Crashpad/0.8.0 WinHTTP/10.0.19041.2673 Windows_NT/10.0.19041.2788 (x64)\r\n
..\\Parameters\\common_lib.h(37):     Accept-Encoding: gzip, deflate, br\r\n
..\\Parameters\\common_lib.h(37):     Accept-Language: ru-RU,ru;q=0.9,en-US;q=0.8,en;q=0.7\r\n
..\\Parameters\\common_lib.h(37):     Accept: */*\r\n
..\\Parameters\\common_lib.h(37):     Connection: Keep-Alive\r\n
..\\Parameters\\common_lib.h(37):     Host: localhost:1080\r\n
..\\Parameters\\common_lib.h(37):     Cookie: MSO=SID&1683816333\r\n
..\\Parameters\\common_lib.h(37):     \r\n
..\\Parameters\\common_lib.h(37): t=240692ms: 5-byte chunked response overhead for "http://localhost:1080/cgi-bin/welcome.pl?signOff=1" (RelFrameId=1, Internal ID=3157)
..\\Parameters\\common_lib.h(37):     0\r\n
..\\Parameters\\common_lib.h(37):     \r\n
..\\Parameters\\common_lib.h(37): t=240692ms: Request done "http://localhost:1080/cgi-bin/welcome.pl?signOff=1"  	[MsgId: MMSG-26000]
..\\Parameters\\common_lib.h(37): t=240722ms: 255-byte response headers for "http://localhost:1080/cgi-bin/nav.pl?in=home" (RelFrameId=1.1, Internal ID=3158)
..\\Parameters\\common_lib.h(37):     HTTP/1.1 200 OK\r\n
..\\Parameters\\common_lib.h(37):     Date: Thu, 11 May 2023 14:45:33 GMT\r\n
..\\Parameters\\common_lib.h(37):     Server: Apache/2.2.21 (Win32)\r\n
..\\Parameters\\common_lib.h(37):     Expires: Wed, 10 May 2023 14:45:34 GMT\r\n
..\\Parameters\\common_lib.h(37):     Keep-Alive: timeout=5, max=93\r\n
..\\Parameters\\common_lib.h(37):     Connection: Keep-Alive\r\n
..\\Parameters\\common_lib.h(37):     Transfer-Encoding: chunked\r\n
..\\Parameters\\common_lib.h(37):     Content-Type: text/html; charset=ISO-8859-1\r\n
..\\Parameters\\common_lib.h(37):     \r\n
..\\Parameters\\common_lib.h(37): t=240722ms: 5-byte chunked response overhead for "http://localhost:1080/cgi-bin/nav.pl?in=home" (RelFrameId=1.1, Internal ID=3158)
..\\Parameters\\common_lib.h(37):     5ce\r\n
..\\Parameters\\common_lib.h(37): t=240722ms: 2-byte chunked response overhead for "http://localhost:1080/cgi-bin/nav.pl?in=home" (RelFrameId=1.1, Internal ID=3158)
..\\Parameters\\common_lib.h(37):     \r\n
..\\Parameters\\common_lib.h(37): t=240722ms: 1486-byte chunked response body for "http://localhost:1080/cgi-bin/nav.pl?in=home" (RelFrameId=1.1, Internal ID=3158)
..\\Parameters\\common_lib.h(37):     <!DOCTYPE html\n
..\\Parameters\\common_lib.h(37):     \tPUBLIC "-//W3C//DTD XHTML 1.0 Transitional//EN"\n
..\\Parameters\\common_lib.h(37):     \t "http://www.w3.org/TR/xhtml1/DTD/xhtml1-transitional.dtd">\n
..\\Parameters\\common_lib.h(37):     <html xmlns="http://www.w3.org/1999/xhtml" lang="en-US" xml:lang="en-US">\n
..\\Parameters\\common_lib.h(37):     <head>\n
..\\Parameters\\common_lib.h(37):     <title>Web Tours Navigation Bar</title>\n
..\\Parameters\\common_lib.h(37):     <meta http-equiv="Content-Type" content="text/html; charset=iso-8859-1" />\n
..\\Parameters\\common_lib.h(37):     </head>\n
..\\Parameters\\common_lib.h(37):     <body bgcolor="#E0E7F1">\n
..\\Parameters\\common_lib.h(37):     <style>\n
..\\Parameters\\common_lib.h(37):     blockquote {font-family: tahoma; font-size : 10pt}\n
..\\Parameters\\common_lib.h(37):     H1 {font-family: tahoma; font-size : 22pt; color: #993333}\n
..\\Parameters\\common_lib.h(37):     H3 {font-family: tahoma; font-size : 10pt; color: black}\n
..\\Parameters\\common_lib.h(37):     small {font-family: tahoma; font-size : 8pt}\n
..\\Parameters\\common_lib.h(37):     </style>\n
..\\Parameters\\common_lib.h(37):     <form method="post" action="/cgi-bin/login.pl" target="body">\n
..\\Parameters\\common_lib.h(37):     <input type="hidden" name="userSession" value="136396.624787363HAVfQAVpDiHftcAQfptAiDcf"/>
..\\Parameters\\common_lib.h(37):     \n
..\\Parameters\\common_lib.h(37):     <table border="0"><tr><td>&nbsp;</td>\n
..\\Parameters\\common_lib.h(37):     <td>&nbsp;</td></tr>\n
..\\Parameters\\common_lib.h(37):     <tr><td>&nbsp;</td>\n
..\\Parameters\\common_lib.h(37):     <td>&nbsp;</td></tr>\n
..\\Parameters\\common_lib.h(37):     <tr><td>&nbsp;</td>\n
..\\Parameters\\common_lib.h(37):     <td><small>&nbsp;Username</small></td></tr>\n
..\\Parameters\\common_lib.h(37):     <tr><td>&nbsp;</td>\n
..\\Parameters\\common_lib.h(37):     <td><input type="text" name="username" value="" size="14" maxlength="14"/></td></tr>\n
..\\Parameters\\common_lib.h(37):     <tr><td>&nbsp;</td>\n
..\\Parameters\\common_lib.h(37):     <td><small>&nbsp;Password</small></td>\n
..\\Parameters\\common_lib.h(37):     <tr><td>&nbsp;</td>\n
..\\Parameters\\common_lib.h(37):     <td><input type="password" name="password" value="" size="14" maxlength="14"/></td></tr>\n
..\\Parameters\\common_lib.h(37):     <tr><td>&nbsp;</td>\n
..\\Parameters\\common_lib.h(37):     <td>&nbsp;</td></tr>\n
..\\Parameters\\common_lib.h(37):     <tr><td>&nbsp;</td>\n
..\\Parameters\\common_lib.h(37):     <td><input type="image" name="login" value="Login" alt="Login" border="1" \n
..\\Parameters\\common_lib.h(37):     src="/WebTours/images/mer_login.gif"/></td></tr>\n
..\\Parameters\\common_lib.h(37):     <tr><td>&nbsp;</td><td>&nbsp;</td></tr>\n
..\\Parameters\\common_lib.h(37):     </table><input type="hidden" name="JSFormSubmit" value="off"/>\n
..\\Parameters\\common_lib.h(37):     </form>\n
..\\Parameters\\common_lib.h(37):     \n
..\\Parameters\\common_lib.h(37):     </body>\n
..\\Parameters\\common_lib.h(37):     </html>\n
..\\Parameters\\common_lib.h(37): Resource "http://localhost:1080/WebTours/images/mer_login.gif" is in the cache already and will not be downloaded again  	[MsgId: MMSG-26655]
..\\Parameters\\common_lib.h(37): t=240724ms: 5-byte chunked response overhead for "http://localhost:1080/cgi-bin/nav.pl?in=home" (RelFrameId=1.1, Internal ID=3158)
..\\Parameters\\common_lib.h(37):     0\r\n
..\\Parameters\\common_lib.h(37):     \r\n
..\\Parameters\\common_lib.h(37): t=240724ms: Request done "http://localhost:1080/cgi-bin/nav.pl?in=home"  	[MsgId: MMSG-26000]
..\\Parameters\\common_lib.h(37): Registered web_reg_find successful for "Text=A Session ID has been created" (count=1)  	[MsgId: MMSG-26364]
..\\Parameters\\common_lib.h(37): web_url("SignOff Button") was successful, 2172 body bytes, 582 header bytes, 24 chunking overhead bytes  	[MsgId: MMSG-26385]
Action.c(210): Notify: Transaction "log_out" ended with a "Pass" status (Duration: 0,1053 Wasted Time: 0,0000).	[MsgId: MMSG-16871]
Action.c(211): Notify: Transaction "02_booking_a_ticket" ended with a "Pass" status (Duration: 2,6026 Wasted Time: 0,0011).	[MsgId: MMSG-16871]
Ending action Action.	[MsgId: MMSG-15918]
Action was aborted.	[MsgId: MMSG-10694]
Ending Vuser...	[MsgId: MMSG-15966]
Starting action vuser_end.	[MsgId: MMSG-15919]
Ending action vuser_end.	[MsgId: MMSG-15918]
Vuser Terminated.	[MsgId: MMSG-15963]
t=240725ms: Closed connection [0] to localhost:1080 after completing 17 request(s)  	[MsgId: MMSG-26000]
t=240725ms: Closed connection [1] to localhost:1080 after completing 8 request(s)  	[MsgId: MMSG-26000]
HTML-Mode memory management statistics: Reusable=7, NonReusable=0, CsMemBlockSize=4096, checks disabled  	[MsgId: MMSG-26000]
Vuser 0 (thread 6256), ended OK."	[MsgId: MMSG-10695]
