..\\Parameters\\common_lib.h(208):     lds" value="552"  /><input type="hidden" name=".cgifields" value="521"  /><input type="hid
..\\Parameters\\common_lib.h(208):     den" name=".cgifields" value="598"  /><input type="hidden" name=".cgifields" value="162"  
..\\Parameters\\common_lib.h(208):     /><input type="hidden" name=".cgifields" value="433"  /><input type="hidden" name=".cgifie
..\\Parameters\\common_lib.h(208):     lds" value="74"  /><input type="hidden" name=".cgifields" value="240"  /><input type="hidd
..\\Parameters\\common_lib.h(208):     en" name=".cgifields" value="334"  /><input type="hidden" name=".cgifields" value="440"  /
..\\Parameters\\common_lib.h(208):     ><input type="hidden" name=".cgifields" value="230"  /><input type="hidden" name=".cgifiel
..\\Parameters\\common_lib.h(208):     ds" value="115"  /><input type="hidden" name=".cgifields" value="299"  /><input type="hidd
..\\Parameters\\common_lib.h(208):     en" name=".cgifields" value="377"  /><input type="hidden" name=".cgifields" value="103"  /
..\\Parameters\\common_lib.h(208):     ><input type="hidden" name=".cgifields" value="201"  /><input type="hidden" name=".cgifiel
..\\Parameters\\common_lib.h(208):     ds" value="423"  /><input type="hidden" name=".cgifields" value="91"  /><input type="hidde
..\\Parameters\\common_lib.h(208):     n" name=".cgifields" value="266"  /><input type="hidden" name=".cgifields" value="467"  />
..\\Parameters\\common_lib.h(208):     <input type="hidden" name=".cgifields" value="174"  /><input type="hidden" name=".cgifield
..\\Parameters\\common_lib.h(208):     s" value="474"  /><input type="hidden" name=".cgifields" value="481"  /><input type="hidde
..\\Parameters\\common_lib.h(208):     n" name=".cgifields" value="214"  /><input type="hidden" name=".cgifields" value="422"  />
..\\Parameters\\common_lib.h(208):     <input type="hidden" name=".cgifields" value="564"  /><input type="hidden" name=".cgifield
..\\Parameters\\common_lib.h(208):     s" value="563"  /><input type="hidden" name=".cgifields" value="97"  /><input type="hidden
..\\Parameters\\common_lib.h(208):     " name=".cgifields" value="41"  /><input type="hidden" name=".cgifields" value="52"  /><in
..\\Parameters\\common_lib.h(208):     put type="hidden" name=".cgifields" value="302"  /><input type="hidden" name=".cgifields" 
..\\Parameters\\common_lib.h(208):     value="229"  /><input type="hidden" name=".cgifields" value="503"  /><input type="hidden" 
..\\Parameters\\common_lib.h(208):     name=".cgifields" value="593"  /><input type="hidden" name=".cgifields" value="68"  /><inp
..\\Parameters\\common_lib.h(208):     ut type="hidden" name=".cgifields" value="188"  /><input type="hidden" name=".cgifields" v
..\\Parameters\\common_lib.h(208):     alue="315"  /><input type="hidden" name=".cgifields" value="402"  /><input type="hidden" n
..\\Parameters\\common_lib.h(208):     ame=".cgifields" value="338"  /><input type="hidden" name=".cgifields" value="576"  /><inp
..\\Parameters\\common_lib.h(208):     ut type="hidden" name=".cgifields" value="222"  /><input type="hidden" name=".cgifields" v
..\\Parameters\\common_lib.h(208):     alue="25"  /><input type="hidden" name=".cgifields" value="83"  /><input type="hidden" nam
..\\Parameters\\common_lib.h(208):     e=".cgifields" value="484"  /><input type="hidden" name=".cgifields" value="305"  /><input
..\\Parameters\\common_lib.h(208):      type="hidden" name=".cgifields" value="544"  /><input type="hidden" name=".cgifields" val
..\\Parameters\\common_lib.h(208):     ue="217"  /><input type="hidden" name=".cgifields" value="328"  /><input type="hidden" nam
..\\Parameters\\common_lib.h(208):     e=".cgifields" value="239"  /><input type="hidden" name=".cgifields" value="122"  /><input
..\\Parameters\\common_lib.h(208):      type="hidden" name=".cgifields" value="143"  /><input type="hidden" name=".cgifields" val
..\\Parameters\\common_lib.h(208):     ue="158"  /><input type="hidden" name=".cgifields" value="269"  /><input type="hidden" nam
..\\Parameters\\common_lib.h(208):     e=".cgifields" value="281"  /><input type="hidden" name=".cgifields" value="464"  /><input
..\\Parameters\\common_lib.h(208):      type="hidden" name=".cgifields" value="363"  /><input type="hidden" name=".cgifields" val
..\\Parameters\\common_lib.h(208):     ue="46"  /><input type="hidden" name=".cgifields" value="6"  /><input type="hidden" name="
..\\Parameters\\common_lib.h(208):     .cgifields" value="562"  /><input type="hidden" name=".cgifields" value="36"  /><input typ
..\\Parameters\\common_lib.h(208):     e="hidden" name=".cgifields" value="518"  /><input type="hidden" name=".cgifields" value="
..\\Parameters\\common_lib.h(208):     183"  /><input type="hidden" name=".cgifields" value="497"  /><input type="hidden" name=".
..\\Parameters\\common_lib.h(208):     cgifields" value="472"  /><input type="hidden" name=".cgifields" value="362"  /><input typ
..\\Parameters\\common_lib.h(208):     e="hidden" name=".cgifields" value="439"  /><input type="hidden" name=".cgifields" value="
..\\Parameters\\common_lib.h(208):     317"  /><input type="hidden" name=".cgifields" value="132"  /><input type="hidden" name=".
..\\Parameters\\common_lib.h(208):     cgifields" value="169"  /><input type="hidden" name=".cgifields" value="411"  /><input typ
..\\Parameters\\common_lib.h(208):     e="hidden" name=".cgifields" value="478"  /><input type="hidden" name=".cgifields" value="
..\\Parameters\\common_lib.h(208):     384"  /><input type="hidden" name=".cgifields" value="398"  /><input type="hidden" name=".
..\\Parameters\\common_lib.h(208):     cgifields" value="546"  /><input type="hidden" name=".cgifields" value="537"  /><input typ
..\\Parameters\\common_lib.h(208):     e="hidden" name=".cgifields" value="407"  /><input type="hidden" name=".cgifields" value="
..\\Parameters\\common_lib.h(208):     18"  /><input type="hidden" name=".cgifields" value="376"  /><input type="hidden" name=".c
..\\Parameters\\common_lib.h(208):     gifields" value="522"  /><input type="hidden" name=".cgifields" value="125"  /><input type
..\\Parameters\\common_lib.h(208):     ="hidden" name=".cgifields" value="599"  /><input type="hidden" name=".cgifields" value="4
..\\Parameters\\common_lib.h(208):     4"  /><input type="hidden" name=".cgifields" value="587"  /><input type="hidden" name=".cg
..\\Parameters\\common_lib.h(208):     ifields" value="190"  /><input type="hidden" name=".cgifields" value="95"  /><input type="
..\\Parameters\\common_lib.h(208):     hidden" name=".cgifields" value="298"  /><input type="hidden" name=".cgifields" value="313
..\\Parameters\\common_lib.h(208):     "  /><input type="hidden" name=".cgifields" value="243"  /><input type="hidden" name=".cgi
..\\Parameters\\common_lib.h(208):     fields" value="231"  /><input type="hidden" name=".cgifields" value="551"  /><input type="
..\\Parameters\\common_lib.h(208):     hidden" name=".cgifields" value="529"  /><input type="hidden" name=".cgifields" value="148
..\\Parameters\\common_lib.h(208):     "  /><input type="hidden" name=".cgifields" value="343"  /><input type="hidden" name=".cgi
..\\Parameters\\common_lib.h(208):     fields" value="504"  /><input type="hidden" name=".cgifields" value="397"  /><input type="
..\\Parameters\\common_lib.h(208):     hidden" name=".cgifields" value="106"  /><input type="hidden" name=".cgifields" value="157
..\\Parameters\\common_lib.h(208):     "  /><input type="hidden" name=".cgifields" value="65"  /><input type="hidden" name=".cgif
..\\Parameters\\common_lib.h(208):     ields" value="203"  /><input type="hidden" name=".cgifields" value="261"  /><input type="h
..\\Parameters\\common_lib.h(208):     idden" name=".cgifields" value="81"  /><input type="hidden" name=".cgifields" value="321" 
..\\Parameters\\common_lib.h(208):      /><input type="hidden" name=".cgifields" value="459"  /><input type="hidden" name=".cgifi
..\\Parameters\\common_lib.h(208):     elds" value="86"  /><input type="hidden" name=".cgifields" value="284"  /><input type="hid
..\\Parameters\\common_lib.h(208):     den" name=".cgifields" value="247"  /><input type="hidden" name=".cgifields" value="371"  
..\\Parameters\\common_lib.h(208):     /><input type="hidden" name=".cgifields" value="204"  /><input type="hidden" name=".cgifie
..\\Parameters\\common_lib.h(208):     lds" value="165"  /><input type="hidden" name=".cgifields" value="289"  /><input type="hid
..\\Parameters\\common_lib.h(208):     den" name=".cgifields" value="2"  /><input type="hidden" name=".cgifields" value="435"  />
..\\Parameters\\common_lib.h(208):     <input type="hidden" name=".cgifields" value="401"  /><input type="hidden" name=".cgifield
..\\Parameters\\common_lib.h(208):     s" value="186"  /><input type="hidden" name=".cgifields" value="147"  /><input type="hidde
..\\Parameters\\common_lib.h(208):     n" name=".cgifields" value="339"  /><input type="hidden" name=".cgifields" value="228"  />
..\\Parameters\\common_lib.h(208):     <input type="hidden" name=".cgifields" value="531"  /><input type="hidden" name=".cgifield
..\\Parameters\\common_lib.h(208):     s" value="268"  /><input type="hidden" name=".cgifields" value="345"  /><input type="hidde
..\\Parameters\\common_lib.h(208):     n" name=".cgifields" value="596"  /><input type="hidden" name=".cgifields" value="172"  />
..\\Parameters\\common_lib.h(208):     <input type="hidden" name=".cgifields" value="319"  /><input type="hidden" name=".cgifield
..\\Parameters\\common_lib.h(208):     s" value="223"  /><input type="hidden" name=".cgifields" value="404"  /><input type="hidde
..\\Parameters\\common_lib.h(208):     n" name=".cgifields" value="516"  /><input type="hidden" name=".cgifields" value="282"  />
..\\Parameters\\common_lib.h(208):     <input type="hidden" name=".cgifields" value="420"  /><input type="hidden" name=".cgifield
..\\Parameters\\common_lib.h(208):     s" value="121"  /><input type="hidden" name=".c
..\\Parameters\\common_lib.h(208): t=1979662ms: 7-byte chunked response overhead for "http://localhost:1080/cgi-bin/itinerary.pl" (RelFrameId=1.2, Internal ID=1404)
..\\Parameters\\common_lib.h(208):     \r\n
..\\Parameters\\common_lib.h(208):     cb1\r\n
..\\Parameters\\common_lib.h(208): t=1979662ms: 7-byte chunked response overhead for "http://localhost:1080/cgi-bin/itinerary.pl" (RelFrameId=1.2, Internal ID=1404)
..\\Parameters\\common_lib.h(208):     \r\n
..\\Parameters\\common_lib.h(208):     0\r\n
..\\Parameters\\common_lib.h(208):     \r\n
..\\Parameters\\common_lib.h(208): t=1979662ms: 4691-byte chunked response body for "http://localhost:1080/cgi-bin/itinerary.pl" (RelFrameId=1.2, Internal ID=1404)
..\\Parameters\\common_lib.h(208):     gifields" value="344"  /><input type="hidden" name=".cgifields" value="487"  /><input type
..\\Parameters\\common_lib.h(208):     ="hidden" name=".cgifields" value="494"  /><input type="hidden" name=".cgifields" value="2
..\\Parameters\\common_lib.h(208):     38"  /><input type="hidden" name=".cgifields" value="577"  /><input type="hidden" name=".c
..\\Parameters\\common_lib.h(208):     gifields" value="253"  /><input type="hidden" name=".cgifields" value="561"  /><input type
..\\Parameters\\common_lib.h(208):     ="hidden" name=".cgifields" value="448"  /><input type="hidden" name=".cgifields" value="2
..\\Parameters\\common_lib.h(208):     09"  /><input type="hidden" name=".cgifields" value="216"  /><input type="hidden" name=".c
..\\Parameters\\common_lib.h(208):     gifields" value="357"  /><input type="hidden" name=".cgifields" value="117"  /><input type
..\\Parameters\\common_lib.h(208):     ="hidden" name=".cgifields" value="63"  /><input type="hidden" name=".cgifields" value="45
..\\Parameters\\common_lib.h(208):     5"  /><input type="hidden" name=".cgifields" value="600"  /><input type="hidden" name=".cg
..\\Parameters\\common_lib.h(208):     ifields" value="80"  /><input type="hidden" name=".cgifields" value="336"  /><input type="
..\\Parameters\\common_lib.h(208):     hidden" name=".cgifields" value="457"  /><input type="hidden" name=".cgifields" value="179
..\\Parameters\\common_lib.h(208):     "  /><input type="hidden" name=".cgifields" value="383"  /><input type="hidden" name=".cgi
..\\Parameters\\common_lib.h(208):     fields" value="297"  /><input type="hidden" name=".cgifields" value="277"  /><input type="
..\\Parameters\\common_lib.h(208):     hidden" name=".cgifields" value="92"  /><input type="hidden" name=".cgifields" value="10" 
..\\Parameters\\common_lib.h(208):      /><input type="hidden" name=".cgifields" value="550"  /><input type="hidden" name=".cgifi
..\\Parameters\\common_lib.h(208):     elds" value="505"  /><input type="hidden" name=".cgifields" value="419"  /><input type="hi
..\\Parameters\\common_lib.h(208):     dden" name=".cgifields" value="133"  /><input type="hidden" name=".cgifields" value="290" 
..\\Parameters\\common_lib.h(208):      /><input type="hidden" name=".cgifields" value="592"  /><input type="hidden" name=".cgifi
..\\Parameters\\common_lib.h(208):     elds" value="149"  /><input type="hidden" name=".cgifields" value="123"  /><input type="hi
..\\Parameters\\common_lib.h(208):     dden" name=".cgifields" value="304"  /><input type="hidden" name=".cgifields" value="547" 
..\\Parameters\\common_lib.h(208):      /><input type="hidden" name=".cgifields" value="210"  /><input type="hidden" name=".cgifi
..\\Parameters\\common_lib.h(208):     elds" value="406"  /><input type="hidden" name=".cgifields" value="258"  /><input type="hi
..\\Parameters\\common_lib.h(208):     dden" name=".cgifields" value="396"  /><input type="hidden" name=".cgifields" value="482" 
..\\Parameters\\common_lib.h(208):      /><input type="hidden" name=".cgifields" value="173"  /><input type="hidden" name=".cgifi
..\\Parameters\\common_lib.h(208):     elds" value="530"  /><input type="hidden" name=".cgifields" value="56"  /><input type="hid
..\\Parameters\\common_lib.h(208):     den" name=".cgifields" value="499"  /><input type="hidden" name=".cgifields" value="66"  /
..\\Parameters\\common_lib.h(208):     ><input type="hidden" name=".cgifields" value="19"  /><input type="hidden" name=".cgifield
..\\Parameters\\common_lib.h(208):     s" value="54"  /><input type="hidden" name=".cgifields" value="365"  /><input type="hidden
..\\Parameters\\common_lib.h(208):     " name=".cgifields" value="306"  /><input type="hidden" name=".cgifields" value="70"  /><i
..\\Parameters\\common_lib.h(208):     nput type="hidden" name=".cgifields" value="470"  /><input type="hidden" name=".cgifields"
..\\Parameters\\common_lib.h(208):      value="166"  /><input type="hidden" name=".cgifields" value="88"  /><input type="hidden" 
..\\Parameters\\common_lib.h(208):     name=".cgifields" value="141"  /><input type="hidden" name=".cgifields" value="30"  /><inp
..\\Parameters\\common_lib.h(208):     ut type="hidden" name=".cgifields" value="570"  /><input type="hidden" name=".cgifields" v
..\\Parameters\\common_lib.h(208):     alue="403"  /><input type="hidden" name=".cgifields" value="252"  /><input type="hidden" n
..\\Parameters\\common_lib.h(208):     ame=".cgifields" value="466"  /><input type="hidden" name=".cgifields" value="156"  /><inp
..\\Parameters\\common_lib.h(208):     ut type="hidden" name=".cgifields" value="134"  /><input type="hidden" name=".cgifields" v
..\\Parameters\\common_lib.h(208):     alue="75"  /><input type="hidden" name=".cgifields" value="283"  /><input type="hidden" na
..\\Parameters\\common_lib.h(208):     me=".cgifields" value="59"  /><input type="hidden" name=".cgifields" value="421"  /><input
..\\Parameters\\common_lib.h(208):      type="hidden" name=".cgifields" value="450"  /><input type="hidden" name=".cgifields" val
..\\Parameters\\common_lib.h(208):     ue="271"  /><input type="hidden" name=".cgifields" value="491"  /><input type="hidden" nam
..\\Parameters\\common_lib.h(208):     e=".cgifields" value="219"  /><input type="hidden" name=".cgifields" value="318"  /><input
..\\Parameters\\common_lib.h(208):      type="hidden" name=".cgifields" value="13"  /><input type="hidden" name=".cgifields" valu
..\\Parameters\\common_lib.h(208):     e="105"  /><input type="hidden" name=".cgifields" value="473"  /><input type="hidden" name
..\\Parameters\\common_lib.h(208):     =".cgifields" value="185"  /><input type="hidden" name=".cgifields" value="3"  /><input ty
..\\Parameters\\common_lib.h(208):     pe="hidden" name=".cgifields" value="597"  /><input type="hidden" name=".cgifields" value=
..\\Parameters\\common_lib.h(208):     "248"  /><input type="hidden" name=".cgifields" value="390"  /><input type="hidden" name="
..\\Parameters\\common_lib.h(208):     .cgifields" value="146"  /><input type="hidden" name=".cgifields" value="111"  /><input ty
..\\Parameters\\common_lib.h(208):     pe="hidden" name=".cgifields" value="38"  /><input type="hidden" name=".cgifields" value="
..\\Parameters\\common_lib.h(208):     356"  /><input type="hidden" name=".cgifields" value="408"  /><input type="hidden" name=".
..\\Parameters\\common_lib.h(208):     cgifields" value="4"  /><input type="hidden" name=".cgifields" value="528"  /><input type=
..\\Parameters\\common_lib.h(208):     "hidden" name=".cgifields" value="164"  /><input type="hidden" name=".cgifields" value="19
..\\Parameters\\common_lib.h(208):     6"  /><input type="hidden" name=".cgifields" value="242"  /></div></form>\n
..\\Parameters\\common_lib.h(208):     \n
..\\Parameters\\common_lib.h(208):     </center>\n
..\\Parameters\\common_lib.h(208):     \n
..\\Parameters\\common_lib.h(208):     </body>\n
..\\Parameters\\common_lib.h(208):     </html>
..\\Parameters\\common_lib.h(208): t=1979662ms: Request done "http://localhost:1080/cgi-bin/itinerary.pl"  	[MsgId: MMSG-26000]
..\\Parameters\\common_lib.h(208): t=1979662ms: Already connected [0] to localhost:1080  	[MsgId: MMSG-26000]
..\\Parameters\\common_lib.h(208): t=1979662ms: 782-byte request headers for "http://localhost:1080/WebTours/images/cancelreservation.gif" (RelFrameId=, Internal ID=1406)
..\\Parameters\\common_lib.h(208):     GET /WebTours/images/cancelreservation.gif HTTP/1.1\r\n
..\\Parameters\\common_lib.h(208):     Referer: http://localhost:1080/cgi-bin/itinerary.pl\r\n
..\\Parameters\\common_lib.h(208):     Sec-Fetch-Dest: frame\r\n
..\\Parameters\\common_lib.h(208):     Sec-Fetch-Mode: navigate\r\n
..\\Parameters\\common_lib.h(208):     Sec-Fetch-Site: same-origin\r\n
..\\Parameters\\common_lib.h(208):     Upgrade-Insecure-Requests: 1\r\n
..\\Parameters\\common_lib.h(208):     sec-ch-ua: "Chromium";v="112", "Google Chrome";v="112", "Not:A-Brand";v="99"\r\n
..\\Parameters\\common_lib.h(208):     sec-ch-ua-mobile: ?0\r\n
..\\Parameters\\common_lib.h(208):     sec-ch-ua-platform: "Windows"\r\n
..\\Parameters\\common_lib.h(208):     Origin: http://localhost:1080\r\n
..\\Parameters\\common_lib.h(208):     User-Agent: Crashpad/0.8.0 WinHTTP/10.0.19041.2673 Windows_NT/10.0.19041.2788 (x64)\r\n
..\\Parameters\\common_lib.h(208):     Accept-Encoding: gzip, deflate, br\r\n
..\\Parameters\\common_lib.h(208):     Accept-Language: ru-RU,ru;q=0.9,en-US;q=0.8,en;q=0.7\r\n
..\\Parameters\\common_lib.h(208):     Accept: */*\r\n
..\\Parameters\\common_lib.h(208):     Connection: Keep-Alive\r\n
..\\Parameters\\common_lib.h(208):     Host: localhost:1080\r\n
..\\Parameters\\common_lib.h(208):     Cookie: MSO=SID&1684587170; MTUserInfo=firstName&Sergei&username&kuks&address2&Barnaul&has
..\\Parameters\\common_lib.h(208):     h&19&expDate&03%2F23&creditCard&333333&address1&Gagarina&lastName&Sergeevic%0A\r\n
..\\Parameters\\common_lib.h(208):     \r\n
..\\Parameters\\common_lib.h(208): t=1979662ms: 291-byte response headers for "http://localhost:1080/WebTours/images/in_itinerary.gif" (RelFrameId=, Internal ID=1405)
..\\Parameters\\common_lib.h(208):     HTTP/1.1 200 OK\r\n
..\\Parameters\\common_lib.h(208):     Date: Sat, 20 May 2023 12:53:03 GMT\r\n
..\\Parameters\\common_lib.h(208):     Server: Apache/2.2.21 (Win32)\r\n
..\\Parameters\\common_lib.h(208):     Last-Modified: Thu, 12 Jan 2012 13:30:28 GMT\r\n
..\\Parameters\\common_lib.h(208):     ETag: "38a7420-2dd-4b654c0620500"\r\n
..\\Parameters\\common_lib.h(208):     Accept-Ranges: bytes\r\n
..\\Parameters\\common_lib.h(208):     Content-Length: 733\r\n
..\\Parameters\\common_lib.h(208):     Keep-Alive: timeout=5, max=98\r\n
..\\Parameters\\common_lib.h(208):     Connection: Keep-Alive\r\n
..\\Parameters\\common_lib.h(208):     Content-Type: image/gif\r\n
..\\Parameters\\common_lib.h(208):     \r\n
..\\Parameters\\common_lib.h(208): t=1979662ms: 733-byte response body for "http://localhost:1080/WebTours/images/in_itinerary.gif" (RelFrameId=, Internal ID=1405)
..\\Parameters\\common_lib.h(208): t=1979662ms: Request done "http://localhost:1080/WebTours/images/in_itinerary.gif"  	[MsgId: MMSG-26000]
..\\Parameters\\common_lib.h(208): t=1979662ms: Already connected [1] to localhost:1080  	[MsgId: MMSG-26000]
..\\Parameters\\common_lib.h(208): t=1979662ms: 786-byte request headers for "http://localhost:1080/WebTours/images/cancelallreservations.gif" (RelFrameId=, Internal ID=1407)
..\\Parameters\\common_lib.h(208):     GET /WebTours/images/cancelallreservations.gif HTTP/1.1\r\n
..\\Parameters\\common_lib.h(208):     Referer: http://localhost:1080/cgi-bin/itinerary.pl\r\n
..\\Parameters\\common_lib.h(208):     Sec-Fetch-Dest: frame\r\n
..\\Parameters\\common_lib.h(208):     Sec-Fetch-Mode: navigate\r\n
..\\Parameters\\common_lib.h(208):     Sec-Fetch-Site: same-origin\r\n
..\\Parameters\\common_lib.h(208):     Upgrade-Insecure-Requests: 1\r\n
..\\Parameters\\common_lib.h(208):     sec-ch-ua: "Chromium";v="112", "Google Chrome";v="112", "Not:A-Brand";v="99"\r\n
..\\Parameters\\common_lib.h(208):     sec-ch-ua-mobile: ?0\r\n
..\\Parameters\\common_lib.h(208):     sec-ch-ua-platform: "Windows"\r\n
..\\Parameters\\common_lib.h(208):     Origin: http://localhost:1080\r\n
..\\Parameters\\common_lib.h(208):     User-Agent: Crashpad/0.8.0 WinHTTP/10.0.19041.2673 Windows_NT/10.0.19041.2788 (x64)\r\n
..\\Parameters\\common_lib.h(208):     Accept-Encoding: gzip, deflate, br\r\n
..\\Parameters\\common_lib.h(208):     Accept-Language: ru-RU,ru;q=0.9,en-US;q=0.8,en;q=0.7\r\n
..\\Parameters\\common_lib.h(208):     Accept: */*\r\n
..\\Parameters\\common_lib.h(208):     Connection: Keep-Alive\r\n
..\\Parameters\\common_lib.h(208):     Host: localhost:1080\r\n
..\\Parameters\\common_lib.h(208):     Cookie: MSO=SID&1684587170; MTUserInfo=firstName&Sergei&username&kuks&address2&Barnaul&has
..\\Parameters\\common_lib.h(208):     h&19&expDate&03%2F23&creditCard&333333&address1&Gagarina&lastName&Sergeevic%0A\r\n
..\\Parameters\\common_lib.h(208):     \r\n
..\\Parameters\\common_lib.h(208): t=1979662ms: 291-byte response headers for "http://localhost:1080/WebTours/images/cancelreservation.gif" (RelFrameId=, Internal ID=1406)
..\\Parameters\\common_lib.h(208):     HTTP/1.1 200 OK\r\n
..\\Parameters\\common_lib.h(208):     Date: Sat, 20 May 2023 12:53:04 GMT\r\n
..\\Parameters\\common_lib.h(208):     Server: Apache/2.2.21 (Win32)\r\n
..\\Parameters\\common_lib.h(208):     Last-Modified: Thu, 12 Jan 2012 13:30:28 GMT\r\n
..\\Parameters\\common_lib.h(208):     ETag: "38a71c0-33f-4b654c0620500"\r\n
..\\Parameters\\common_lib.h(208):     Accept-Ranges: bytes\r\n
..\\Parameters\\common_lib.h(208):     Content-Length: 831\r\n
..\\Parameters\\common_lib.h(208):     Keep-Alive: timeout=5, max=88\r\n
..\\Parameters\\common_lib.h(208):     Connection: Keep-Alive\r\n
..\\Parameters\\common_lib.h(208):     Content-Type: image/gif\r\n
..\\Parameters\\common_lib.h(208):     \r\n
..\\Parameters\\common_lib.h(208): t=1979662ms: 831-byte response body for "http://localhost:1080/WebTours/images/cancelreservation.gif" (RelFrameId=, Internal ID=1406)
..\\Parameters\\common_lib.h(208): t=1979662ms: Request done "http://localhost:1080/WebTours/images/cancelreservation.gif"  	[MsgId: MMSG-26000]
..\\Parameters\\common_lib.h(208): t=1979662ms: 291-byte response headers for "http://localhost:1080/WebTours/images/cancelallreservations.gif" (RelFrameId=, Internal ID=1407)
..\\Parameters\\common_lib.h(208):     HTTP/1.1 200 OK\r\n
..\\Parameters\\common_lib.h(208):     Date: Sat, 20 May 2023 12:53:04 GMT\r\n
..\\Parameters\\common_lib.h(208):     Server: Apache/2.2.21 (Win32)\r\n
..\\Parameters\\common_lib.h(208):     Last-Modified: Thu, 12 Jan 2012 13:30:28 GMT\r\n
..\\Parameters\\common_lib.h(208):     ETag: "38a7160-2e6-4b654c0620500"\r\n
..\\Parameters\\common_lib.h(208):     Accept-Ranges: bytes\r\n
..\\Parameters\\common_lib.h(208):     Content-Length: 742\r\n
..\\Parameters\\common_lib.h(208):     Keep-Alive: timeout=5, max=97\r\n
..\\Parameters\\common_lib.h(208):     Connection: Keep-Alive\r\n
..\\Parameters\\common_lib.h(208):     Content-Type: image/gif\r\n
..\\Parameters\\common_lib.h(208):     \r\n
..\\Parameters\\common_lib.h(208): t=1979662ms: 742-byte response body for "http://localhost:1080/WebTours/images/cancelallreservations.gif" (RelFrameId=, Internal ID=1407)
..\\Parameters\\common_lib.h(208): t=1979678ms: Request done "http://localhost:1080/WebTours/images/cancelallreservations.gif"  	[MsgId: MMSG-26000]
..\\Parameters\\common_lib.h(208): web_url("Itinerary Button") was successful, 752976 body bytes, 1598 header bytes, 1435 chunking overhead bytes  	[MsgId: MMSG-26385]
..\\Parameters\\common_lib.h(218): Notify: Transaction "Itinerary_Button" ended with a "Pass" status (Duration: 0,9845).	[MsgId: MMSG-16873]
Action.c(80): lr_think_time: 2,00 seconds.	[MsgId: MMSG-15948]
Action.c(37): Notify: Transaction "payment_details" started.	[MsgId: MMSG-16999]
Action.c(39): web_reg_find started  	[MsgId: MMSG-26355]
Action.c(39): Notify: Next row for parameter first_name = 1 [table  = first_name].	[MsgId: MMSG-13876]
Action.c(39): Notify: Parameter Substitution: parameter "first_name" =  "Rifkat"	[MsgId: MMSG-13992]
Action.c(39): Notify: Next row for parameter last_name = 1 [table  = last_name].	[MsgId: MMSG-13876]
Action.c(39): Notify: Parameter Substitution: parameter "last_name" =  "Galeev"	[MsgId: MMSG-13992]
Action.c(39): Registering web_reg_find was successful  	[MsgId: MMSG-26390]
Action.c(42): web_submit_data("reservations.pl_3") started  	[MsgId: MMSG-26355]
Action.c(42): Notify: Next row for parameter first_name = 1 [table  = first_name].	[MsgId: MMSG-13876]
Action.c(42): Notify: Parameter Substitution: parameter "first_name" =  "Rifkat"	[MsgId: MMSG-13992]
Action.c(42): Notify: Next row for parameter last_name = 1 [table  = last_name].	[MsgId: MMSG-13876]
Action.c(42): Notify: Parameter Substitution: parameter "last_name" =  "Galeev"	[MsgId: MMSG-13992]
Action.c(42): Notify: Next row for parameter street_address = 1 [table  = street_address].	[MsgId: MMSG-13876]
Action.c(42): Notify: Parameter Substitution: parameter "street_address" =  "lastochka"	[MsgId: MMSG-13992]
Action.c(42): Notify: Next row for parameter city = 1 [table  = city].	[MsgId: MMSG-13876]
Action.c(42): Notify: Parameter Substitution: parameter "city" =  "Belebei"	[MsgId: MMSG-13992]
Action.c(42): Notify: Next row for parameter first_name = 1 [table  = first_name].	[MsgId: MMSG-13876]
Action.c(42): Notify: Parameter Substitution: parameter "first_name" =  "Rifkat"	[MsgId: MMSG-13992]
Action.c(42): Notify: Next row for parameter last_name = 1 [table  = last_name].	[MsgId: MMSG-13876]
Action.c(42): Notify: Parameter Substitution: parameter "last_name" =  "Galeev"	[MsgId: MMSG-13992]
Action.c(42): Notify: Parameter Substitution: parameter "first_name2" =  "Kolia"	[MsgId: MMSG-13992]
Action.c(42): Notify: Next row for parameter last_name2 = 2 [table  = last_name2].	[MsgId: MMSG-13876]
Action.c(42): Notify: Parameter Substitution: parameter "last_name2" =  "Sidorov"	[MsgId: MMSG-13992]
Action.c(42): Notify: Parameter Substitution: parameter "first_name3" =  "Ivan"	[MsgId: MMSG-13992]
Action.c(42): Notify: Next row for parameter last_name3 = 2 [table  = last_name3].	[MsgId: MMSG-13876]
Action.c(42): Notify: Parameter Substitution: parameter "last_name3" =  "Ivanov"	[MsgId: MMSG-13992]
Action.c(42): Notify: Next row for parameter credit_card = 1 [table  = credit_card].	[MsgId: MMSG-13876]
Action.c(42): Notify: Parameter Substitution: parameter "credit_card" =  "111111"	[MsgId: MMSG-13992]
Action.c(42): Notify: Next row for parameter exp_date = 1 [table  = exp_date].	[MsgId: MMSG-13876]
Action.c(42): Notify: Parameter Substitution: parameter "exp_date" =  "01/23"	[MsgId: MMSG-13992]
Action.c(42): Notify: Parameter Substitution: parameter "countPass" =  "2"	[MsgId: MMSG-13992]
Action.c(42): Notify: Next row for parameter type_of_seat = 1 [table  = type_of_seat].	[MsgId: MMSG-13876]
Action.c(42): Notify: Parameter Substitution: parameter "type_of_seat" =  "First"	[MsgId: MMSG-13992]
Action.c(42): Notify: Next row for parameter seating_preference = 1 [table  = seating_preference].	[MsgId: MMSG-13876]
Action.c(42): Notify: Parameter Substitution: parameter "seating_preference" =  "Aisle"	[MsgId: MMSG-13992]
Action.c(42): Notify: Parameter Substitution: parameter "outboundFlight" =  "902;746;01/05/2023"	[MsgId: MMSG-13992]
Action.c(42): Notify: Parameter Substitution: parameter "returnFlight" =  "092;746;02/05/2023"	[MsgId: MMSG-13992]
Action.c(42): t=1981209ms: Already connected [0] to localhost:1080  	[MsgId: MMSG-26000]
Action.c(42): t=1981209ms: 850-byte request headers for "http://localhost:1080/cgi-bin/reservations.pl" (RelFrameId=1, Internal ID=1400)
Action.c(42):     POST /cgi-bin/reservations.pl HTTP/1.1\r\n
Action.c(42):     Content-Type: application/x-www-form-urlencoded\r\n
Action.c(42):     Referer: http://localhost:1080/cgi-bin/reservations.pl\r\n
Action.c(42):     Sec-Fetch-Dest: frame\r\n
Action.c(42):     Sec-Fetch-Mode: navigate\r\n
Action.c(42):     Sec-Fetch-Site: same-origin\r\n
Action.c(42):     Upgrade-Insecure-Requests: 1\r\n
Action.c(42):     sec-ch-ua: "Chromium";v="112", "Google Chrome";v="112", "Not:A-Brand";v="99"\r\n
Action.c(42):     sec-ch-ua-mobile: ?0\r\n
Action.c(42):     sec-ch-ua-platform: "Windows"\r\n
Action.c(42):     Origin: http://localhost:1080\r\n
Action.c(42):     Sec-Fetch-User: ?1\r\n
Action.c(42):     User-Agent: Crashpad/0.8.0 WinHTTP/10.0.19041.2673 Windows_NT/10.0.19041.2788 (x64)\r\n
Action.c(42):     Accept-Encoding: gzip, deflate, br\r\n
Action.c(42):     Accept-Language: ru-RU,ru;q=0.9,en-US;q=0.8,en;q=0.7\r\n
Action.c(42):     Accept: */*\r\n
Action.c(42):     Connection: Keep-Alive\r\n
Action.c(42):     Host: localhost:1080\r\n
Action.c(42):     Cookie: MSO=SID&1684587174; MTUserInfo=firstName&Rifkat&address2&Belebei&username&kiks&has
Action.c(42):     h&19&lastName&Galeev%0A&address1&lastochka&creditCard&&expDate&%0A\r\n
Action.c(42):     Content-Length: 398\r\n
Action.c(42):     \r\n
Action.c(42): t=1981209ms: 398-byte request body for "http://localhost:1080/cgi-bin/reservations.pl" (RelFrameId=1, Internal ID=1400)
Action.c(42):     firstName=Rifkat&lastName=Galeev&address1=lastochka&address2=Belebei&pass1=Rifkat+Galeev&p
Action.c(42):     ass2=Kolia+Sidorov&pass3=Ivan+Ivanov&creditCard=111111&expDate=01%2F23&saveCC=on&oldCCOpti
Action.c(42):     on=on&numPassengers=2&seatType=First&seatPref=Aisle&outboundFlight=902%3B746%3B01%2F05%2F2
Action.c(42):     023&advanceDiscount=0&returnFlight=092%3B746%3B02%2F05%2F2023&JSFormSubmit=off&buyFlights.
Action.c(42):     x=44&buyFlights.y=10&.cgifields=saveCC
Action.c(42): t=1981209ms: Inactive socket [1] was closed by localhost:1080, probably due to Keep-Alive timeout  	[MsgId: MMSG-26000]
Action.c(42): t=1981209ms: Closed connection [1] to localhost:1080 after completing 11 request(s)  	[MsgId: MMSG-26000]
..\\Parameters\\common_lib.h(108): Notify: Transaction "find_flight" started.	[MsgId: MMSG-16999]
..\\Parameters\\common_lib.h(110): web_add_auto_header("Origin") started  	[MsgId: MMSG-26355]
..\\Parameters\\common_lib.h(110): An unrecognized header ("Origin") is being added  	[MsgId: MMSG-26595]
..\\Parameters\\common_lib.h(110): "Origin: http://localhost:1080" header registered for adding to requests from all following Action functions  	[MsgId: MMSG-26505]
..\\Parameters\\common_lib.h(110): web_add_auto_header("Origin") was successful  	[MsgId: MMSG-26392]
..\\Parameters\\common_lib.h(113): web_add_auto_header("Sec-Fetch-User") started  	[MsgId: MMSG-26355]
..\\Parameters\\common_lib.h(113): An unrecognized header ("Sec-Fetch-User") is being added  	[MsgId: MMSG-26595]
..\\Parameters\\common_lib.h(113): "Sec-Fetch-User: ?1" header registered for adding to requests from all following Action functions  	[MsgId: MMSG-26505]
..\\Parameters\\common_lib.h(113): web_add_auto_header("Sec-Fetch-User") was successful  	[MsgId: MMSG-26392]
..\\Parameters\\common_lib.h(116): web_reg_find started  	[MsgId: MMSG-26355]
..\\Parameters\\common_lib.h(116): Notify: Next row for parameter departure_city = 2 [table  = departure_city].	[MsgId: MMSG-13876]
..\\Parameters\\common_lib.h(116): Notify: Parameter Substitution: parameter "departure_city" =  "Denver"	[MsgId: MMSG-13992]
..\\Parameters\\common_lib.h(116): Notify: Next row for parameter arrival_city = 2 [table  = arrival_city].	[MsgId: MMSG-13876]
..\\Parameters\\common_lib.h(116): Notify: Parameter Substitution: parameter "arrival_city" =  "Zurich"	[MsgId: MMSG-13992]
..\\Parameters\\common_lib.h(116): Notify: Next row for parameter departure_date = 2 [table  = departure_date].	[MsgId: MMSG-13876]
..\\Parameters\\common_lib.h(116): Notify: Parameter Substitution: parameter "departure_date" =  "03/05/2023"	[MsgId: MMSG-13992]
..\\Parameters\\common_lib.h(116): Registering web_reg_find was successful  	[MsgId: MMSG-26390]
..\\Parameters\\common_lib.h(118): web_reg_find started  	[MsgId: MMSG-26355]
..\\Parameters\\common_lib.h(118): Notify: Next row for parameter arrival_city = 2 [table  = arrival_city].	[MsgId: MMSG-13876]
..\\Parameters\\common_lib.h(118): Notify: Parameter Substitution: parameter "arrival_city" =  "Zurich"	[MsgId: MMSG-13992]
..\\Parameters\\common_lib.h(118): Notify: Next row for parameter departure_city = 2 [table  = departure_city].	[MsgId: MMSG-13876]
..\\Parameters\\common_lib.h(118): Notify: Parameter Substitution: parameter "departure_city" =  "Denver"	[MsgId: MMSG-13992]
..\\Parameters\\common_lib.h(118): Notify: Next row for parameter return_date = 2 [table  = return_date].	[MsgId: MMSG-13876]
..\\Parameters\\common_lib.h(118): Notify: Parameter Substitution: parameter "return_date" =  "04/05/2023"	[MsgId: MMSG-13992]
..\\Parameters\\common_lib.h(118): Registering web_reg_find was successful  	[MsgId: MMSG-26390]
..\\Parameters\\common_lib.h(120): web_reg_find started  	[MsgId: MMSG-26355]
..\\Parameters\\common_lib.h(120): Notify: Next row for parameter type_of_seat = 2 [table  = type_of_seat].	[MsgId: MMSG-13876]
..\\Parameters\\common_lib.h(120): Notify: Parameter Substitution: parameter "type_of_seat" =  "Business"	[MsgId: MMSG-13992]
..\\Parameters\\common_lib.h(120): Notify: Next row for parameter seating_preference = 2 [table  = seating_preference].	[MsgId: MMSG-13876]
..\\Parameters\\common_lib.h(120): Notify: Parameter Substitution: parameter "seating_preference" =  "Window"	[MsgId: MMSG-13992]
..\\Parameters\\common_lib.h(120): Registering web_reg_find was successful  	[MsgId: MMSG-26390]
..\\Parameters\\common_lib.h(123): web_reg_save_param started  	[MsgId: MMSG-26355]
..\\Parameters\\common_lib.h(123): Registering web_reg_save_param was successful  	[MsgId: MMSG-26390]
..\\Parameters\\common_lib.h(130): web_reg_save_param started  	[MsgId: MMSG-26355]
..\\Parameters\\common_lib.h(130): Registering web_reg_save_param was successful  	[MsgId: MMSG-26390]
..\\Parameters\\common_lib.h(137): web_submit_data("reservations.pl") started  	[MsgId: MMSG-26355]
..\\Parameters\\common_lib.h(137): Notify: Next row for parameter departure_city = 2 [table  = departure_city].	[MsgId: MMSG-13876]
..\\Parameters\\common_lib.h(137): Notify: Parameter Substitution: parameter "departure_city" =  "Denver"	[MsgId: MMSG-13992]
..\\Parameters\\common_lib.h(137): Notify: Next row for parameter departure_date = 2 [table  = departure_date].	[MsgId: MMSG-13876]
..\\Parameters\\common_lib.h(137): Notify: Parameter Substitution: parameter "departure_date" =  "03/05/2023"	[MsgId: MMSG-13992]
..\\Parameters\\common_lib.h(137): Notify: Next row for parameter arrival_city = 2 [table  = arrival_city].	[MsgId: MMSG-13876]
..\\Parameters\\common_lib.h(137): Notify: Parameter Substitution: parameter "arrival_city" =  "Zurich"	[MsgId: MMSG-13992]
..\\Parameters\\common_lib.h(137): Notify: Next row for parameter return_date = 2 [table  = return_date].	[MsgId: MMSG-13876]
..\\Parameters\\common_lib.h(137): Notify: Parameter Substitution: parameter "return_date" =  "04/05/2023"	[MsgId: MMSG-13992]
..\\Parameters\\common_lib.h(137): Notify: Parameter Substitution: parameter "countPass" =  "3"	[MsgId: MMSG-13992]
..\\Parameters\\common_lib.h(137): Notify: Next row for parameter roundtrip = 2 [table  = roundtrip].	[MsgId: MMSG-13876]
..\\Parameters\\common_lib.h(137): Notify: Parameter Substitution: parameter "roundtrip" =  "off"	[MsgId: MMSG-13992]
..\\Parameters\\common_lib.h(137): Notify: Next row for parameter seating_preference = 2 [table  = seating_preference].	[MsgId: MMSG-13876]
..\\Parameters\\common_lib.h(137): Notify: Parameter Substitution: parameter "seating_preference" =  "Window"	[MsgId: MMSG-13992]
..\\Parameters\\common_lib.h(137): Notify: Next row for parameter type_of_seat = 2 [table  = type_of_seat].	[MsgId: MMSG-13876]
..\\Parameters\\common_lib.h(137): Notify: Parameter Substitution: parameter "type_of_seat" =  "Business"	[MsgId: MMSG-13992]
..\\Parameters\\common_lib.h(137): t=1981225ms: Already connected [0] to localhost:1080  	[MsgId: MMSG-26000]
..\\Parameters\\common_lib.h(137): t=1981225ms: 854-byte request headers for "http://localhost:1080/cgi-bin/reservations.pl" (RelFrameId=1, Internal ID=1398)
..\\Parameters\\common_lib.h(137):     POST /cgi-bin/reservations.pl HTTP/1.1\r\n
..\\Parameters\\common_lib.h(137):     Content-Type: application/x-www-form-urlencoded\r\n
..\\Parameters\\common_lib.h(137):     Referer: http://localhost:1080/cgi-bin/reservations.pl?page=welcome\r\n
..\\Parameters\\common_lib.h(137):     Sec-Fetch-Dest: frame\r\n
..\\Parameters\\common_lib.h(137):     Sec-Fetch-Mode: navigate\r\n
..\\Parameters\\common_lib.h(137):     Sec-Fetch-Site: same-origin\r\n
..\\Parameters\\common_lib.h(137):     Upgrade-Insecure-Requests: 1\r\n
..\\Parameters\\common_lib.h(137):     sec-ch-ua: "Chromium";v="112", "Google Chrome";v="112", "Not:A-Brand";v="99"\r\n
..\\Parameters\\common_lib.h(137):     sec-ch-ua-mobile: ?0\r\n
..\\Parameters\\common_lib.h(137):     sec-ch-ua-platform: "Windows"\r\n
..\\Parameters\\common_lib.h(137):     Origin: http://localhost:1080\r\n
..\\Parameters\\common_lib.h(137):     Sec-Fetch-User: ?1\r\n
..\\Parameters\\common_lib.h(137):     User-Agent: Crashpad/0.8.0 WinHTTP/10.0.19041.2673 Windows_NT/10.0.19041.2788 (x64)\r\n
..\\Parameters\\common_lib.h(137):     Accept-Encoding: gzip, deflate, br\r\n
..\\Parameters\\common_lib.h(137):     Accept-Language: ru-RU,ru;q=0.9,en-US;q=0.8,en;q=0.7\r\n
..\\Parameters\\common_lib.h(137):     Accept: */*\r\n
..\\Parameters\\common_lib.h(137):     Connection: Keep-Alive\r\n
..\\Parameters\\common_lib.h(137):     Host: localhost:1080\r\n
..\\Parameters\\common_lib.h(137):     Cookie: MSO=SID&1684587179; MTUserInfo=firstName&Ivan&address2&Ufa&username&koks&hash&19&l
..\\Parameters\\common_lib.h(137):     astName&Ivanov%0A&address1&Lenina&creditCard&&expDate&%0A\r\n
..\\Parameters\\common_lib.h(137):     Content-Length: 255\r\n
..\\Parameters\\common_lib.h(137):     \r\n
..\\Parameters\\common_lib.h(137): t=1981225ms: 255-byte request body for "http://localhost:1080/cgi-bin/reservations.pl" (RelFrameId=1, Internal ID=1398)
..\\Parameters\\common_lib.h(137):     advanceDiscount=0&depart=Denver&departDate=03%2F05%2F2023&arrive=Zurich&returnDate=04%2F05
..\\Parameters\\common_lib.h(137):     %2F2023&numPassengers=3&roundtrip=off&seatPref=Window&seatType=Business&findFlights.x=35&f
..\\Parameters\\common_lib.h(137):     indFlights.y=9&.cgifields=roundtrip&.cgifields=seatType&.cgifields=seatPref
..\\Parameters\\common_lib.h(137): t=1981272ms: 255-byte response headers for "http://localhost:1080/cgi-bin/reservations.pl" (RelFrameId=1, Internal ID=1398)
..\\Parameters\\common_lib.h(137):     HTTP/1.1 200 OK\r\n
..\\Parameters\\common_lib.h(137):     Date: Sat, 20 May 2023 12:53:05 GMT\r\n
..\\Parameters\\common_lib.h(137):     Server: Apache/2.2.21 (Win32)\r\n
..\\Parameters\\common_lib.h(137):     Expires: Fri, 19 May 2023 12:53:05 GMT\r\n
..\\Parameters\\common_lib.h(137):     Keep-Alive: timeout=5, max=93\r\n
..\\Parameters\\common_lib.h(137):     Connection: Keep-Alive\r\n
..\\Parameters\\common_lib.h(137):     Transfer-Encoding: chunked\r\n
..\\Parameters\\common_lib.h(137):     Content-Type: text/html; charset=ISO-8859-1\r\n
..\\Parameters\\common_lib.h(137):     \r\n
..\\Parameters\\common_lib.h(137): t=1981272ms: 5-byte chunked response overhead for "http://localhost:1080/cgi-bin/reservations.pl" (RelFrameId=1, Internal ID=1398)
..\\Parameters\\common_lib.h(137):     e02\r\n
..\\Parameters\\common_lib.h(137): t=1981272ms: 2-byte chunked response overhead for "http://localhost:1080/cgi-bin/reservations.pl" (RelFrameId=1, Internal ID=1398)
..\\Parameters\\common_lib.h(137):     \r\n
..\\Parameters\\common_lib.h(137): t=1981272ms: 3586-byte chunked response body for "http://localhost:1080/cgi-bin/reservations.pl" (RelFrameId=1, Internal ID=1398)
..\\Parameters\\common_lib.h(137):     <!DOCTYPE html\n
..\\Parameters\\common_lib.h(137):     \tPUBLIC "-//W3C//DTD XHTML 1.0 Transitional//EN"\n
..\\Parameters\\common_lib.h(137):     \t "http://www.w3.org/TR/xhtml1/DTD/xhtml1-transitional.dtd">\n
..\\Parameters\\common_lib.h(137):     <html xmlns="http://www.w3.org/1999/xhtml" lang="en-US" xml:lang="en-US">\n
..\\Parameters\\common_lib.h(137):     <head>\n
..\\Parameters\\common_lib.h(137):     <title>Flight Selections</title>\n
..\\Parameters\\common_lib.h(137):     <meta http-equiv="Content-Type" content="text/html; charset=iso-8859-1" />\n
..\\Parameters\\common_lib.h(137):     </head>\n
..\\Parameters\\common_lib.h(137):     <body bgcolor="#E0E7F1">\n
..\\Parameters\\common_lib.h(137):     <style>blockquote {font-family: tahoma; font-size : 10pt}H1 {font-family: tahoma; font-siz
..\\Parameters\\common_lib.h(137):     e : 22pt; color: #993333}small {font-family: tahoma; font-size : 8pt}H3 {font-family: taho
..\\Parameters\\common_lib.h(137):     ma; font-size : 10pt; color: black}TD {font-family: tahoma; font-size : 10pt; color: black
..\\Parameters\\common_lib.h(137):     }</style><BR/><BR/><h1><font color="#003366">&nbsp;&nbsp;<b>Find Flight</font></b></h1><bl
..\\Parameters\\common_lib.h(137):     ockquote>\n
..\\Parameters\\common_lib.h(137):     <form method="post" action="reservations.pl" enctype="application/x-www-form-urlencoded">\n
..\\Parameters\\common_lib.h(137):     \n
..\\Parameters\\common_lib.h(137):     <center>\n
..\\Parameters\\common_lib.h(137):     <!-- From Denver (0) To Zurich (9) -->\n
..\\Parameters\\common_lib.h(137):     <table cellspacing="2" border="0" width="50%">\n
..\\Parameters\\common_lib.h(137):     <blockquote>Flight departing from <B>Denver</B> to <B>Zurich</B> on <B>03/05/2023</B><BR/>
..\\Parameters\\common_lib.h(137):     <BR/><tr bgcolor="#5E7884"><td align="center"><font color="white"><B>Flight</B></font>\n
..\\Parameters\\common_lib.h(137):           \t\t<td align="center"><font color="white"><B>Departure time</B>\n
..\\Parameters\\common_lib.h(137):           \t\t<td align="center"><font color="white"><B>Cost</B>\n
..\\Parameters\\common_lib.h(137):     <tr bgcolor="#EFF2F7"><td align="center"><input type="radio" name="outboundFlight" value="
..\\Parameters\\common_lib.h(137):     090;610;03/05/2023" checked="checked" >Blue Sky Air 090<td align="center">8am<td align="ce
..\\Parameters\\common_lib.h(137):     nter">$ 610</TD></TR><tr bgcolor="#EFF2F7"><td align="center"><input type="radio" name="ou
..\\Parameters\\common_lib.h(137):     tboundFlight" value="091;544;03/05/2023">Blue Sky Air 091<td align="center">1pm<td align="
..\\Parameters\\common_lib.h(137):     center">$ 544</TD></TR><tr bgcolor="#EFF2F7"><td align="center"><input type="radio" name="
..\\Parameters\\common_lib.h(137):     outboundFlight" value="092;577;03/05/2023">Blue Sky Air 092<td align="center">5pm<td align
..\\Parameters\\common_lib.h(137):     ="center">$ 577</TD></TR><tr bgcolor="#EFF2F7"><td align="center"><input type="radio" name
..\\Parameters\\common_lib.h(137):     ="outboundFlight" value="093;499;03/05/2023">Blue Sky Air 093<td align="center">11pm<td al
..\\Parameters\\common_lib.h(137):     ign="center">$ 499</TD></TR></table>\n
..\\Parameters\\common_lib.h(137):     \n
..\\Parameters\\common_lib.h(137):     <P>\n
..\\Parameters\\common_lib.h(137):     <!-- From Zurich (9) To Denver (0) -->\n
..\\Parameters\\common_lib.h(137):     <table cellspacing="2" border="0" width="50%">\n
..\\Parameters\\common_lib.h(137):     <blockquote>Flight departing from <B>Zurich</B> to <B>Denver</B> on <B>04/05/2023</B><BR/>
..\\Parameters\\common_lib.h(137):     <BR/><tr bgcolor="#5E7884"><td align="center"><font color="white"><B>Flight</B></font>\n
..\\Parameters\\common_lib.h(137):           \t\t<td align="center"><font color="white"><B>Departure time</B>\n
..\\Parameters\\common_lib.h(137):           \t\t<td align="center"><font color="white"><B>Cost</B>\n
..\\Parameters\\common_lib.h(137):     <tr bgcolor="#EFF2F7"><td align="center"><input type="radio" name="returnFlight" value="90
..\\Parameters\\common_lib.h(137):     0;610;04/05/2023" checked="checked" >Blue Sky Air 900<td align="center">8am<td align="cent
..\\Parameters\\common_lib.h(137):     er">$ 610</TD></TR><tr bgcolor="#EFF2F7"><td align="center"><input type="radio" name="retu
..\\Parameters\\common_lib.h(137):     rnFlight" value="901;544;04/05/2023">Blue Sky Air 901<td align="center">1pm<td align="cent
..\\Parameters\\common_lib.h(137):     er">$ 544</TD></TR><tr bgcolor="#EFF2F7"><td align="center"><input type="radio" name="retu
..\\Parameters\\common_lib.h(137):     rnFlight" value="902;577;04/05/2023">Blue Sky Air 902<td align="center">5pm<td align="cent
..\\Parameters\\common_lib.h(137):     er">$ 577</TD></TR><tr bgcolor="#EFF2F7"><td align="center"><input type="radio" name="retu
..\\Parameters\\common_lib.h(137):     rnFlight" value="903;499;04/05/2023">Blue Sky Air 903<td align="center">11pm<td align="cen
..\\Parameters\\common_lib.h(137):     ter">$ 499</TD></TR></table>\n
..\\Parameters\\common_lib.h(137):     \n
..\\Parameters\\common_lib.h(137):     <input type="hidden" name="numPassengers" value="3"  /><input type="hidden" name="advanceD
..\\Parameters\\common_lib.h(137):     iscount" value="0"  /><input type="hidden" name="seatType" value="Business"  /><input type
..\\Parameters\\common_lib.h(137):     ="hidden" name="seatPref" value="Window"  />\n
..\\Parameters\\common_lib.h(137):     <P><center><table width=80% cellspacing=1><tr><td align=center>\n
..\\Parameters\\common_lib.h(137):     <input type="image" name="reserveFlights" src="/WebTours/images/button_next.gif" border="0
..\\Parameters\\common_lib.h(137):     " />\n
..\\Parameters\\common_lib.h(137):     <td>&nbsp;<td align=center></table></center></form></center>\n
..\\Parameters\\common_lib.h(137):     </blockquote>\n
..\\Parameters\\common_lib.h(137):     \n
..\\Parameters\\common_lib.h(137):     </body>\n
..\\Parameters\\common_lib.h(137):     </html>
..\\Parameters\\common_lib.h(137): Resource "http://localhost:1080/WebTours/images/button_next.gif" is in the cache already and will not be downloaded again  	[MsgId: MMSG-26655]
..\\Parameters\\common_lib.h(137): t=1981272ms: 5-byte chunked response overhead for "http://localhost:1080/cgi-bin/reservations.pl" (RelFrameId=1, Internal ID=1398)
..\\Parameters\\common_lib.h(137):     0\r\n
..\\Parameters\\common_lib.h(137):     \r\n
..\\Parameters\\common_lib.h(137): Notify: Saving Parameter "outboundFlight = 091;544;03/05/2023".	[MsgId: MMSG-13798]
..\\Parameters\\common_lib.h(137): Notify: Saving Parameter "returnFlight = 901;544;04/05/2023".	[MsgId: MMSG-13798]
..\\Parameters\\common_lib.h(137): t=1981272ms: Request done "http://localhost:1080/cgi-bin/reservations.pl"  	[MsgId: MMSG-26000]
..\\Parameters\\common_lib.h(137): Registered web_reg_find successful for "Text=from <B>Denver</B> to <B>Zurich</B> on <B>03/05/2023</B>" (count=1)  	[MsgId: MMSG-26364]
..\\Parameters\\common_lib.h(137): Registered web_reg_find successful for "Text=from <B>Zurich</B> to <B>Denver</B> on <B>04/05/2023</B>" (count=1)  	[MsgId: MMSG-26364]
..\\Parameters\\common_lib.h(137): Registered web_reg_find successful for "Text=name="seatType" value="Business"  /><input type="hidden" name="seatPref" value="Window"" (count=1)  	[MsgId: MMSG-26364]
..\\Parameters\\common_lib.h(137): web_submit_data("reservations.pl") was successful, 3586 body bytes, 255 header bytes, 12 chunking overhead bytes  	[MsgId: MMSG-26385]
..\\Parameters\\common_lib.h(162): Notify: Transaction "find_flight" ended with a "Pass" status (Duration: 0,0469).	[MsgId: MMSG-16873]
Action.c(31): lr_think_time: 2,00 seconds.	[MsgId: MMSG-15948]
Action.c(42): t=1981459ms: 415-byte response headers for "http://localhost:1080/cgi-bin/reservations.pl" (RelFrameId=1, Internal ID=1400)
Action.c(42):     HTTP/1.1 200 OK\r\n
Action.c(42):     Date: Sat, 20 May 2023 12:53:05 GMT\r\n
Action.c(42):     Server: Apache/2.2.21 (Win32)\r\n
Action.c(42):     Expires: Fri, 19 May 2023 12:53:05 GMT\r\n
Action.c(42):     Set-Cookie: MTUserInfo=firstName&Rifkat&username&kiks&address2&Belebei&hash&19&expDate&01%
Action.c(42):     2F23&creditCard&111111&address1&lastochka&lastName&Galeev%0A; path=/\r\n
Action.c(42):     Keep-Alive: timeout=5, max=92\r\n
Action.c(42):     Connection: Keep-Alive\r\n
Action.c(42):     Transfer-Encoding: chunked\r\n
Action.c(42):     Content-Type: text/html; charset=ISO-8859-1\r\n
Action.c(42):     \r\n
Action.c(42): t=1981475ms: 5-byte chunked response overhead for "http://localhost:1080/cgi-bin/reservations.pl" (RelFrameId=1, Internal ID=1400)
Action.c(42):     9fd\r\n
Action.c(42): t=1981475ms: 2-byte chunked response overhead for "http://localhost:1080/cgi-bin/reservations.pl" (RelFrameId=1, Internal ID=1400)
Action.c(42):     \r\n
Action.c(42): t=1981475ms: 2557-byte chunked response body for "http://localhost:1080/cgi-bin/reservations.pl" (RelFrameId=1, Internal ID=1400)
Action.c(42):     <!DOCTYPE html\n
Action.c(42):     \tPUBLIC "-//W3C//DTD XHTML 1.0 Transitional//EN"\n
Action.c(42):     \t "http://www.w3.org/TR/xhtml1/DTD/xhtml1-transitional.dtd">\n
Action.c(42):     <html xmlns="http://www.w3.org/1999/xhtml" lang="en-US" xml:lang="en-US">\n
Action.c(42):     <head>\n
Action.c(42):     <title>Reservation Made!</title>\n
Action.c(42):     <meta http-equiv="Content-Type" content="text/html; charset=iso-8859-1" />\n
Action.c(42):     </head>\n
Action.c(42):     <body bgcolor="#E0E7F1">\n
Action.c(42):     <style>blockquote {font-family: tahoma; font-size : 10pt}H1 {font-family: tahoma; font-siz
Action.c(42):     e : 22pt; color: #993333}small {font-family: tahoma; font-size : 8pt}H3 {font-family: taho
Action.c(42):     ma; font-size : 10pt; color: black}TD {font-family: tahoma; font-size : 10pt; color: black
Action.c(42):     }</style><BR/><BR/><h1><font color="#003366">&nbsp;&nbsp;<b>Invoice</font></b></h1><blockq
Action.c(42):     uote>\n
Action.c(42):     <CENTER>\n
Action.c(42):     <small><B>Thank you for booking through Web Tours.</B></small>\n
Action.c(42):     <BR/>\n
Action.c(42):     <BR/>\n
Action.c(42):     <!-- Customer Name header -->\n
Action.c(42):     <Table width="85%" border="0" cellspacing="0" >\n
Action.c(42):       <TR bgcolor="#5E7884">\n
Action.c(42):          <TD colspan="2" align="center">\n
Action.c(42):             <font color="white"><b>RifkatGaleev's Flight Invoice</b></font>\n
Action.c(42):          </TD>\n
Action.c(42):          <TD width="160" align="right">\n
Action.c(42):              <font color="white"><small>Sat May 20 17:53:05 2023\n
Action.c(42):     </small>\n
Action.c(42):          </TD>\n
Action.c(42):       </TR>\n
Action.c(42):     </Table>\n
Action.c(42):     \n
Action.c(42):     <Table width="85%" border="0" cellspacing="1" >\n
Action.c(42):     <!-- Flight Item header -->\n
Action.c(42):       <TR bgcolor="#EFF2F7">\n
Action.c(42):          <TD colspan="2" align="left">\n
Action.c(42):              Flights Reservation Requests:\n
Action.c(42):         </TD>\n
Action.c(42):         <TD align="center">Cost\n
Action.c(42):         </TD>\n
Action.c(42):       </TR>\n
Action.c(42):     \n
Action.c(42):     <!-- Flight reserved -->\n
Action.c(42):     <TR bgcolor="#EFF2F7">\n
Action.c(42):         <TD valign="top">1.</TD>\n
Action.c(42):         <TD align="left">\n
Action.c(42):            <b><u>2 First Class tickets from Zurich to Denver.</u></b>\n
Action.c(42):     <br/>\n
Action.c(42):     <center>\n
Action.c(42):            <i>\n
Action.c(42):               01/05/2023 :  5pm : Flight 902 leaves Zurich  for Denver.<br>\n
Action.c(42):               02/05/2023 :  5pm : Flight 092 leaves Denver  for Zurich.<br><br/>\n
Action.c(42):            <br/>\n
Action.c(42):         </TD>\n
Action.c(42):         <TD valign="top">\n
Action.c(42):              $2984\n
Action.c(42):         </TD>\n
Action.c(42):       </TR>\n
Action.c(42):     <!-- Total Cost -->\n
Action.c(42):       <TR bgcolor="#EFF2F7">\n
Action.c(42):         <TD>*\n
Action.c(42):         </TD>\n
Action.c(42):         <TD > Total Cost\n
Action.c(42):         </TD>\n
Action.c(42):         <TD>\n
Action.c(42):            <b> $2984 </b>\n
Action.c(42):         </TD>\n
Action.c(42):       </TR>\n
Action.c(42):     \n
Action.c(42):       <TR bgcolor="#EFF2F7">\n
Action.c(42):         <TD>-\n
Action.c(42):         </TD>\n
Action.c(42):         <TD >\n
Action.c(42):            Total Charged to Credit Card # 111111\n
Action.c(42):         </TD>\n
Action.c(42):         <TD>\n
Action.c(42):            <b> $2984 </b>\n
Action.c(42):         </TD>\n
Action.c(42):       </TR>\n
Action.c(42):     \n
Action.c(42):       <TR bgcolor="#EFF2F7">\n
Action.c(42):         <TD>*\n
Action.c(42):         </TD>\n
Action.c(42):         <TD >\n
Action.c(42):             Credit Account Balance\n
Action.c(42):         </TD>\n
Action.c(42):         <TD>\n
Action.c(42):            <b> $0.00 </b>\n
Action.c(42):         </TD>\n
Action.c(42):       </TR></Table>\n
Action.c(42):     <BR/>\n
Action.c(42):     <Table width="85%" border="0">\n
Action.c(42):       <tr>\n
Action.c(42):         <td align=right>\n
Action.c(42):     <form method="post" action="" enctype="application/x-www-form-urlencoded">\n
Action.c(42):     <input type="image" name="Book Another" src="/WebTours/images/bookanother.gif" border="0" 
Action.c(42):     /></form>    </td>\n
Action.c(42):       </tr>\n
Action.c(42):     </Table>\n
Action.c(42):     \n
Action.c(42):     </Center>\n
Action.c(42):     \n
Action.c(42):     </body>\n
Action.c(42):     </html>
Action.c(42): Found resource "http://localhost:1080/WebTours/images/bookanother.gif" in HTML "http://localhost:1080/cgi-bin/reservations.pl"  	[MsgId: MMSG-26659]
Action.c(42): t=1981475ms: Connecting [1] to host 127.0.0.1:1080  	[MsgId: MMSG-26000]
Action.c(42): t=1981475ms: 5-byte chunked response overhead for "http://localhost:1080/cgi-bin/reservations.pl" (RelFrameId=1, Internal ID=1400)
Action.c(42):     0\r\n
Action.c(42):     \r\n
Action.c(42): t=1981475ms: Request done "http://localhost:1080/cgi-bin/reservations.pl"  	[MsgId: MMSG-26000]
Action.c(42): t=1981475ms: Connected socket [1] from 127.0.0.1:8084 to 127.0.0.1:1080 in 0 ms  	[MsgId: MMSG-26000]
Action.c(42): t=1981475ms: 797-byte request headers for "http://localhost:1080/WebTours/images/bookanother.gif" (RelFrameId=, Internal ID=1401)
Action.c(42):     GET /WebTours/images/bookanother.gif HTTP/1.1\r\n
Action.c(42):     Referer: http://localhost:1080/cgi-bin/reservations.pl\r\n
Action.c(42):     Sec-Fetch-Dest: frame\r\n
Action.c(42):     Sec-Fetch-Mode: navigate\r\n
Action.c(42):     Sec-Fetch-Site: same-origin\r\n
Action.c(42):     Upgrade-Insecure-Requests: 1\r\n
Action.c(42):     sec-ch-ua: "Chromium";v="112", "Google Chrome";v="112", "Not:A-Brand";v="99"\r\n
Action.c(42):     sec-ch-ua-mobile: ?0\r\n
Action.c(42):     sec-ch-ua-platform: "Windows"\r\n
Action.c(42):     Origin: http://localhost:1080\r\n
Action.c(42):     Sec-Fetch-User: ?1\r\n
Action.c(42):     User-Agent: Crashpad/0.8.0 WinHTTP/10.0.19041.2673 Windows_NT/10.0.19041.2788 (x64)\r\n
Action.c(42):     Accept-Encoding: gzip, deflate, br\r\n
Action.c(42):     Accept-Language: ru-RU,ru;q=0.9,en-US;q=0.8,en;q=0.7\r\n
Action.c(42):     Accept: */*\r\n
Action.c(42):     Connection: Keep-Alive\r\n
Action.c(42):     Host: localhost:1080\r\n
Action.c(42):     Cookie: MSO=SID&1684587174; MTUserInfo=firstName&Rifkat&username&kiks&address2&Belebei&has
Action.c(42):     h&19&expDate&01%2F23&creditCard&111111&address1&lastochka&lastName&Galeev%0A\r\n
Action.c(42):     \r\n
Action.c(42): t=1981475ms: 292-byte response headers for "http://localhost:1080/WebTours/images/bookanother.gif" (RelFrameId=, Internal ID=1401)
Action.c(42):     HTTP/1.1 200 OK\r\n
Action.c(42):     Date: Sat, 20 May 2023 12:53:05 GMT\r\n
Action.c(42):     Server: Apache/2.2.21 (Win32)\r\n
Action.c(42):     Last-Modified: Thu, 12 Jan 2012 13:30:28 GMT\r\n
Action.c(42):     ETag: "38a70a0-326-4b654c0620500"\r\n
Action.c(42):     Accept-Ranges: bytes\r\n
Action.c(42):     Content-Length: 806\r\n
Action.c(42):     Keep-Alive: timeout=5, max=100\r\n
Action.c(42):     Connection: Keep-Alive\r\n
Action.c(42):     Content-Type: image/gif\r\n
Action.c(42):     \r\n
Action.c(42): t=1981475ms: 806-byte response body for "http://localhost:1080/WebTours/images/bookanother.gif" (RelFrameId=, Internal ID=1401)
Action.c(42): t=1981475ms: Request done "http://localhost:1080/WebTours/images/bookanother.gif"  	[MsgId: MMSG-26000]
Action.c(42): Registered web_reg_find successful for "Text=<b>RifkatGaleev's Flight Invoice</b>" (count=1)  	[MsgId: MMSG-26364]
Action.c(42): web_submit_data("reservations.pl_3") was successful, 3363 body bytes, 707 header bytes, 12 chunking overhead bytes  	[MsgId: MMSG-26385]
Action.c(74): Notify: Transaction "payment_details" ended with a "Pass" status (Duration: 0,2656).	[MsgId: MMSG-16873]
Action.c(76): lr_think_time: 2,00 seconds.	[MsgId: MMSG-15948]
..\\Parameters\\common_lib.h(224): Notify: Transaction "log_out" started.	[MsgId: MMSG-16999]
..\\Parameters\\common_lib.h(226): web_remove_auto_header("Origin") started  	[MsgId: MMSG-26355]
..\\Parameters\\common_lib.h(226): Previous automatically added web header for "Origin" removed  	[MsgId: MMSG-26587]
..\\Parameters\\common_lib.h(226): web_remove/revert_auto_header("Origin") was successful  	[MsgId: MMSG-26392]
..\\Parameters\\common_lib.h(228): web_reg_find started  	[MsgId: MMSG-26355]
..\\Parameters\\common_lib.h(228): Registering web_reg_find was successful  	[MsgId: MMSG-26390]
..\\Parameters\\common_lib.h(231): web_url("SignOff Button") started  	[MsgId: MMSG-26355]
..\\Parameters\\common_lib.h(231): t=1981678ms: Already connected [0] to localhost:1080  	[MsgId: MMSG-26000]
..\\Parameters\\common_lib.h(231): t=1981678ms: 757-byte request headers for "http://localhost:1080/cgi-bin/welcome.pl?signOff=1" (RelFrameId=1, Internal ID=1408)
..\\Parameters\\common_lib.h(231):     GET /cgi-bin/welcome.pl?signOff=1 HTTP/1.1\r\n
..\\Parameters\\common_lib.h(231):     Referer: http://localhost:1080/cgi-bin/nav.pl?page=menu&in=flights\r\n
..\\Parameters\\common_lib.h(231):     Sec-Fetch-Dest: frame\r\n
..\\Parameters\\common_lib.h(231):     Sec-Fetch-Mode: navigate\r\n
..\\Parameters\\common_lib.h(231):     Sec-Fetch-Site: same-origin\r\n
..\\Parameters\\common_lib.h(231):     Upgrade-Insecure-Requests: 1\r\n
..\\Parameters\\common_lib.h(231):     sec-ch-ua: "Chromium";v="112", "Google Chrome";v="112", "Not:A-Brand";v="99"\r\n
..\\Parameters\\common_lib.h(231):     sec-ch-ua-mobile: ?0\r\n
..\\Parameters\\common_lib.h(231):     sec-ch-ua-platform: "Windows"\r\n
..\\Parameters\\common_lib.h(231):     User-Agent: Crashpad/0.8.0 WinHTTP/10.0.19041.2673 Windows_NT/10.0.19041.2788 (x64)\r\n
..\\Parameters\\common_lib.h(231):     Accept-Encoding: gzip, deflate, br\r\n
..\\Parameters\\common_lib.h(231):     Accept-Language: ru-RU,ru;q=0.9,en-US;q=0.8,en;q=0.7\r\n
..\\Parameters\\common_lib.h(231):     Accept: */*\r\n
..\\Parameters\\common_lib.h(231):     Connection: Keep-Alive\r\n
..\\Parameters\\common_lib.h(231):     Host: localhost:1080\r\n
..\\Parameters\\common_lib.h(231):     Cookie: MSO=SID&1684587170; MTUserInfo=firstName&Sergei&username&kuks&address2&Barnaul&has
..\\Parameters\\common_lib.h(231):     h&19&expDate&03%2F23&creditCard&333333&address1&Gagarina&lastName&Sergeevic%0A\r\n
..\\Parameters\\common_lib.h(231):     \r\n
..\\Parameters\\common_lib.h(231): t=1981709ms: 327-byte response headers for "http://localhost:1080/cgi-bin/welcome.pl?signOff=1" (RelFrameId=1, Internal ID=1408)
..\\Parameters\\common_lib.h(231):     HTTP/1.1 200 OK\r\n
..\\Parameters\\common_lib.h(231):     Date: Sat, 20 May 2023 12:53:06 GMT\r\n
..\\Parameters\\common_lib.h(231):     Server: Apache/2.2.21 (Win32)\r\n
..\\Parameters\\common_lib.h(231):     Set-Cookie: MSO=SID&1684587186; path=/\r\n
..\\Parameters\\common_lib.h(231):     Set-Cookie: MTUserInfo=; path=/; expires=Fri, 19-May-2023 12:53:06 GMT\r\n
..\\Parameters\\common_lib.h(231):     Keep-Alive: timeout=5, max=87\r\n
..\\Parameters\\common_lib.h(231):     Connection: Keep-Alive\r\n
..\\Parameters\\common_lib.h(231):     Transfer-Encoding: chunked\r\n
..\\Parameters\\common_lib.h(231):     Content-Type: text/html; charset=ISO-8859-1\r\n
..\\Parameters\\common_lib.h(231):     \r\n
..\\Parameters\\common_lib.h(231): t=1981709ms: 5-byte chunked response overhead for "http://localhost:1080/cgi-bin/welcome.pl?signOff=1" (RelFrameId=1, Internal ID=1408)
..\\Parameters\\common_lib.h(231):     2ae\r\n
..\\Parameters\\common_lib.h(231): t=1981709ms: 2-byte chunked response overhead for "http://localhost:1080/cgi-bin/welcome.pl?signOff=1" (RelFrameId=1, Internal ID=1408)
..\\Parameters\\common_lib.h(231):     \r\n
..\\Parameters\\common_lib.h(231): t=1981709ms: 686-byte chunked response body for "http://localhost:1080/cgi-bin/welcome.pl?signOff=1" (RelFrameId=1, Internal ID=1408)
..\\Parameters\\common_lib.h(231):     <!-- \n
..\\Parameters\\common_lib.h(231):      A Session ID has been created and loaded into a cookie called MSO.\n
..\\Parameters\\common_lib.h(231):      Also, the server options have been loaded into the cookie called\n
..\\Parameters\\common_lib.h(231):      MSO as well.  The server options can be set via the Admin page.\n
..\\Parameters\\common_lib.h(231):      --->\n
..\\Parameters\\common_lib.h(231):     \n
..\\Parameters\\common_lib.h(231):     <html>\n
..\\Parameters\\common_lib.h(231):     <title>Web Tours</title>\n
..\\Parameters\\common_lib.h(231):        <!-- Frame Set -->\n
..\\Parameters\\common_lib.h(231):        <frameset cols="160,*" border="1" frameborder="1">\n
..\\Parameters\\common_lib.h(231):           <!-- Navigation Frame -->\n
..\\Parameters\\common_lib.h(231):           <frame src="nav.pl?in=home" name="navbar" marginheight="2" marginwidth="2" \n
..\\Parameters\\common_lib.h(231):                 noresize="noresize" scrolling="auto"/>\n
..\\Parameters\\common_lib.h(231):           <!-- Home Frame -->\n
..\\Parameters\\common_lib.h(231):           <frame src="/WebTours/home.html" name="info" marginheight="2" marginwidth="2" \n
..\\Parameters\\common_lib.h(231):                 noresize="noresize" scrolling="auto"/>\n
..\\Parameters\\common_lib.h(231):        </frameset>\n
..\\Parameters\\common_lib.h(231):     </html>\n
..\\Parameters\\common_lib.h(231):     \n
..\\Parameters\\common_lib.h(231):     </body>\n
..\\Parameters\\common_lib.h(231):     </html>
..\\Parameters\\common_lib.h(231): Detected non-resource "http://localhost:1080/cgi-bin/nav.pl?in=home" in "http://localhost:1080/cgi-bin/welcome.pl?signOff=1"  	[MsgId: MMSG-26574]
..\\Parameters\\common_lib.h(231): Detected non-resource "http://localhost:1080/WebTours/home.html" in "http://localhost:1080/cgi-bin/welcome.pl?signOff=1"  	[MsgId: MMSG-26574]
..\\Parameters\\common_lib.h(231): Retrieving data from cache for "http://localhost:1080/WebTours/home.html"  	[MsgId: MMSG-26558]
..\\Parameters\\common_lib.h(231): t=1981709ms: 1361-byte response body retrieved from cache for "http://localhost:1080/WebTours/home.html" (RelFrameId=1.2, Internal ID=1410)
..\\Parameters\\common_lib.h(231):     <HTML>\n
..\\Parameters\\common_lib.h(231):     <HEAD>\n
..\\Parameters\\common_lib.h(231):     \t<title>Web Tours</title>\n
..\\Parameters\\common_lib.h(231):     </HEAD>\n
..\\Parameters\\common_lib.h(231):     <style>\n
..\\Parameters\\common_lib.h(231):     \tblockquote {font-family: tahoma; font-size : 10pt}\n
..\\Parameters\\common_lib.h(231):     \tH1 {font-family: tahoma; font-size : 22pt; color: #003366}\n
..\\Parameters\\common_lib.h(231):     \tsmall {font-family: tahoma; font-size : 8pt}\n
..\\Parameters\\common_lib.h(231):     \tH3{font-family: tahoma; font-size : 10pt; color: black}\n
..\\Parameters\\common_lib.h(231):     \tA {FONT-WEIGHT: bold; FONT-SIZE: 10pt; COLOR: black; FONT-FAMILY: Tahoma; TEXT-DECORATIO
..\\Parameters\\common_lib.h(231):     N: none}\n
..\\Parameters\\common_lib.h(231):     \tA:hover{ FONT-WEIGHT: bold; FONT-SIZE: 10pt; COLOR: #993333; FONT-FAMILY: Tahoma;TEXT-DE
..\\Parameters\\common_lib.h(231):     CORATION: underline}\n
..\\Parameters\\common_lib.h(231):     \tTD {font-family: tahoma; font-size : 10pt; color: black}\n
..\\Parameters\\common_lib.h(231):     </style>\n
..\\Parameters\\common_lib.h(231):     <body bgcolor="#e0e7f1">\n
..\\Parameters\\common_lib.h(231):     <BR/>\n
..\\Parameters\\common_lib.h(231):     <BR/>\n
..\\Parameters\\common_lib.h(231):     <BR/>\n
..\\Parameters\\common_lib.h(231):     <br/>\n
..\\Parameters\\common_lib.h(231):     <table border="0">\n
..\\Parameters\\common_lib.h(231):     <tr><td></td></tr>\n
..\\Parameters\\common_lib.h(231):     <TR><TD></TD></TR>\n
..\\Parameters\\common_lib.h(231):     <TR><TD>\n
..\\Parameters\\common_lib.h(231):     <blockquote>\n
..\\Parameters\\common_lib.h(231):     <H1><b>Web Tours</b></H1>\n
..\\Parameters\\common_lib.h(231):     Welcome to the Web Tours site.\n
..\\Parameters\\common_lib.h(231):     <br/>\n
..\\Parameters\\common_lib.h(231):     To make reservations,please enter your account information to the left.\n
..\\Parameters\\common_lib.h(231):     <br/>\n
..\\Parameters\\common_lib.h(231):     If you haven't registered yet, <A href="/cgi-bin/login.pl?username=&amp;password=&amp;getI
..\\Parameters\\common_lib.h(231):     nfo=true" ><B>sign up now</B></A> to get access to all our resources.\n
..\\Parameters\\common_lib.h(231):     <br/>\n
..\\Parameters\\common_lib.h(231):     To configure the server options, use <A href="/cgi-bin/admin.pl" target="body" ><b>adminis
..\\Parameters\\common_lib.h(231):     tration</b></A> link.\n
..\\Parameters\\common_lib.h(231):     <br/><br/><br/><br/><br/><br/>\n
..\\Parameters\\common_lib.h(231):     <br/><small>\n
..\\Parameters\\common_lib.h(231):     This product uses parts of the SMT Kernel, Copyright (c) 1991-99 <A href="http://www.imati
..\\Parameters\\common_lib.h(231):     x.com" target="new"><B><small>iMatix Corporation</small></B></A> \n
..\\Parameters\\common_lib.h(231):     </small>\n
..\\Parameters\\common_lib.h(231):     </blockquote></TD>\n
..\\Parameters\\common_lib.h(231):     <TD></TD></TR>\n
..\\Parameters\\common_lib.h(231):     </table>\n
..\\Parameters\\common_lib.h(231):     </body>\n
..\\Parameters\\common_lib.h(231):     </HTML>\n
..\\Parameters\\common_lib.h(231): t=1981709ms: Already connected [1] to localhost:1080  	[MsgId: MMSG-26000]
..\\Parameters\\common_lib.h(231): t=1981709ms: 602-byte request headers for "http://localhost:1080/cgi-bin/nav.pl?in=home" (RelFrameId=1.1, Internal ID=1409)
..\\Parameters\\common_lib.h(231):     GET /cgi-bin/nav.pl?in=home HTTP/1.1\r\n
..\\Parameters\\common_lib.h(231):     Referer: http://localhost:1080/cgi-bin/welcome.pl?signOff=1\r\n
..\\Parameters\\common_lib.h(231):     Sec-Fetch-Dest: frame\r\n
..\\Parameters\\common_lib.h(231):     Sec-Fetch-Mode: navigate\r\n
..\\Parameters\\common_lib.h(231):     Sec-Fetch-Site: same-origin\r\n
..\\Parameters\\common_lib.h(231):     Upgrade-Insecure-Requests: 1\r\n
..\\Parameters\\common_lib.h(231):     sec-ch-ua: "Chromium";v="112", "Google Chrome";v="112", "Not:A-Brand";v="99"\r\n
..\\Parameters\\common_lib.h(231):     sec-ch-ua-mobile: ?0\r\n
..\\Parameters\\common_lib.h(231):     sec-ch-ua-platform: "Windows"\r\n
..\\Parameters\\common_lib.h(231):     User-Agent: Crashpad/0.8.0 WinHTTP/10.0.19041.2673 Windows_NT/10.0.19041.2788 (x64)\r\n
..\\Parameters\\common_lib.h(231):     Accept-Encoding: gzip, deflate, br\r\n
..\\Parameters\\common_lib.h(231):     Accept-Language: ru-RU,ru;q=0.9,en-US;q=0.8,en;q=0.7\r\n
..\\Parameters\\common_lib.h(231):     Accept: */*\r\n
..\\Parameters\\common_lib.h(231):     Connection: Keep-Alive\r\n
..\\Parameters\\common_lib.h(231):     Host: localhost:1080\r\n
..\\Parameters\\common_lib.h(231):     Cookie: MSO=SID&1684587186\r\n
..\\Parameters\\common_lib.h(231):     \r\n
..\\Parameters\\common_lib.h(231): t=1981709ms: 5-byte chunked response overhead for "http://localhost:1080/cgi-bin/welcome.pl?signOff=1" (RelFrameId=1, Internal ID=1408)
..\\Parameters\\common_lib.h(231):     0\r\n
..\\Parameters\\common_lib.h(231):     \r\n
..\\Parameters\\common_lib.h(231): t=1981709ms: Request done "http://localhost:1080/cgi-bin/welcome.pl?signOff=1"  	[MsgId: MMSG-26000]
..\\Parameters\\common_lib.h(231): t=1981756ms: 255-byte response headers for "http://localhost:1080/cgi-bin/nav.pl?in=home" (RelFrameId=1.1, Internal ID=1409)
..\\Parameters\\common_lib.h(231):     HTTP/1.1 200 OK\r\n
..\\Parameters\\common_lib.h(231):     Date: Sat, 20 May 2023 12:53:06 GMT\r\n
..\\Parameters\\common_lib.h(231):     Server: Apache/2.2.21 (Win32)\r\n
..\\Parameters\\common_lib.h(231):     Expires: Fri, 19 May 2023 12:53:06 GMT\r\n
..\\Parameters\\common_lib.h(231):     Keep-Alive: timeout=5, max=96\r\n
..\\Parameters\\common_lib.h(231):     Connection: Keep-Alive\r\n
..\\Parameters\\common_lib.h(231):     Transfer-Encoding: chunked\r\n
..\\Parameters\\common_lib.h(231):     Content-Type: text/html; charset=ISO-8859-1\r\n
..\\Parameters\\common_lib.h(231):     \r\n
..\\Parameters\\common_lib.h(231): t=1981756ms: 5-byte chunked response overhead for "http://localhost:1080/cgi-bin/nav.pl?in=home" (RelFrameId=1.1, Internal ID=1409)
..\\Parameters\\common_lib.h(231):     5cc\r\n
..\\Parameters\\common_lib.h(231): t=1981756ms: 2-byte chunked response overhead for "http://localhost:1080/cgi-bin/nav.pl?in=home" (RelFrameId=1.1, Internal ID=1409)
..\\Parameters\\common_lib.h(231):     \r\n
..\\Parameters\\common_lib.h(231): t=1981756ms: 1484-byte chunked response body for "http://localhost:1080/cgi-bin/nav.pl?in=home" (RelFrameId=1.1, Internal ID=1409)
..\\Parameters\\common_lib.h(231):     <!DOCTYPE html\n
..\\Parameters\\common_lib.h(231):     \tPUBLIC "-//W3C//DTD XHTML 1.0 Transitional//EN"\n
..\\Parameters\\common_lib.h(231):     \t "http://www.w3.org/TR/xhtml1/DTD/xhtml1-transitional.dtd">\n
..\\Parameters\\common_lib.h(231):     <html xmlns="http://www.w3.org/1999/xhtml" lang="en-US" xml:lang="en-US">\n
..\\Parameters\\common_lib.h(231):     <head>\n
..\\Parameters\\common_lib.h(231):     <title>Web Tours Navigation Bar</title>\n
..\\Parameters\\common_lib.h(231):     <meta http-equiv="Content-Type" content="text/html; charset=iso-8859-1" />\n
..\\Parameters\\common_lib.h(231):     </head>\n
..\\Parameters\\common_lib.h(231):     <body bgcolor="#E0E7F1">\n
..\\Parameters\\common_lib.h(231):     <style>\n
..\\Parameters\\common_lib.h(231):     blockquote {font-family: tahoma; font-size : 10pt}\n
..\\Parameters\\common_lib.h(231):     H1 {font-family: tahoma; font-size : 22pt; color: #993333}\n
..\\Parameters\\common_lib.h(231):     H3 {font-family: tahoma; font-size : 10pt; color: black}\n
..\\Parameters\\common_lib.h(231):     small {font-family: tahoma; font-size : 8pt}\n
..\\Parameters\\common_lib.h(231):     </style>\n
..\\Parameters\\common_lib.h(231):     <form method="post" action="/cgi-bin/login.pl" target="body">\n
..\\Parameters\\common_lib.h(231):     <input type="hidden" name="userSession" value="136459.067314702HAVQVVDpcHftcVVtpzHQzf"/>\n
..\\Parameters\\common_lib.h(231):     <table border="0"><tr><td>&nbsp;</td>\n
..\\Parameters\\common_lib.h(231):     <td>&nbsp;</td></tr>\n
..\\Parameters\\common_lib.h(231):     <tr><td>&nbsp;</td>\n
..\\Parameters\\common_lib.h(231):     <td>&nbsp;</td></tr>\n
..\\Parameters\\common_lib.h(231):     <tr><td>&nbsp;</td>\n
..\\Parameters\\common_lib.h(231):     <td><small>&nbsp;Username</small></td></tr>\n
..\\Parameters\\common_lib.h(231):     <tr><td>&nbsp;</td>\n
..\\Parameters\\common_lib.h(231):     <td><input type="text" name="username" value="" size="14" maxlength="14"/></td></tr>\n
..\\Parameters\\common_lib.h(231):     <tr><td>&nbsp;</td>\n
..\\Parameters\\common_lib.h(231):     <td><small>&nbsp;Password</small></td>\n
..\\Parameters\\common_lib.h(231):     <tr><td>&nbsp;</td>\n
..\\Parameters\\common_lib.h(231):     <td><input type="password" name="password" value="" size="14" maxlength="14"/></td></tr>\n
..\\Parameters\\common_lib.h(231):     <tr><td>&nbsp;</td>\n
..\\Parameters\\common_lib.h(231):     <td>&nbsp;</td></tr>\n
..\\Parameters\\common_lib.h(231):     <tr><td>&nbsp;</td>\n
..\\Parameters\\common_lib.h(231):     <td><input type="image" name="login" value="Login" alt="Login" border="1" \n
..\\Parameters\\common_lib.h(231):     src="/WebTours/images/mer_login.gif"/></td></tr>\n
..\\Parameters\\common_lib.h(231):     <tr><td>&nbsp;</td><td>&nbsp;</td></tr>\n
..\\Parameters\\common_lib.h(231):     </table><input type="hidden" name="JSFormSubmit" value="off"/>\n
..\\Parameters\\common_lib.h(231):     </form>\n
..\\Parameters\\common_lib.h(231):     \n
..\\Parameters\\common_lib.h(231):     </body>\n
..\\Parameters\\common_lib.h(231):     </html>\n
..\\Parameters\\common_lib.h(231): Resource "http://localhost:1080/WebTours/images/mer_login.gif" is in the cache already and will not be downloaded again  	[MsgId: MMSG-26655]
..\\Parameters\\common_lib.h(231): t=1981756ms: 5-byte chunked response overhead for "http://localhost:1080/cgi-bin/nav.pl?in=home" (RelFrameId=1.1, Internal ID=1409)
..\\Parameters\\common_lib.h(231):     0\r\n
..\\Parameters\\common_lib.h(231):     \r\n
..\\Parameters\\common_lib.h(231): t=1981756ms: Request done "http://localhost:1080/cgi-bin/nav.pl?in=home"  	[MsgId: MMSG-26000]
..\\Parameters\\common_lib.h(231): Registered web_reg_find successful for "Text=A Session ID has been created" (count=1)  	[MsgId: MMSG-26364]
..\\Parameters\\common_lib.h(231): web_url("SignOff Button") was successful, 2170 body bytes, 582 header bytes, 24 chunking overhead bytes  	[MsgId: MMSG-26385]
..\\Parameters\\common_lib.h(241): Notify: Transaction "log_out" ended with a "Pass" status (Duration: 0,0781).	[MsgId: MMSG-16873]
Action.c(84): Notify: Transaction "02_booking_a_ticket" ended with a "Pass" status (Duration: 16,1694 Think Time: 14,0245).	[MsgId: MMSG-16872]
Ending action Action.	[MsgId: MMSG-15918]
Action was aborted.	[MsgId: MMSG-10694]
Ending Vuser...	[MsgId: MMSG-15966]
Starting action vuser_end.	[MsgId: MMSG-15919]
Ending action vuser_end.	[MsgId: MMSG-15918]
Vuser Terminated.	[MsgId: MMSG-15963]
t=1981756ms: Closed connection [0] to localhost:1080 after completing 14 request(s)  	[MsgId: MMSG-26000]
t=1981756ms: Closed connection [1] to localhost:1080 after completing 5 request(s)  	[MsgId: MMSG-26000]
HTML-Mode memory management statistics: Reusable=99, NonReusable=0, CsMemBlockSize=4096, checks disabled  	[MsgId: MMSG-26000]
Vuser 6 (thread 2040), ended OK."	[MsgId: MMSG-10695]
Action.c(76): Notify: Transaction "02_booking_a_ticket" ended with a "Stop" status (Duration: 12,7915 Think Time: 10,1310).	[MsgId: MMSG-16872]
Action.c(31): Notify: Transaction "02_booking_a_ticket" ended with a "Stop" status (Duration: 8,7128 Think Time: 6,1536).	[MsgId: MMSG-16872]
Abort was called from an action.	[MsgId: MMSG-10447]
Abort was called from an action.	[MsgId: MMSG-10447]
Ending Vuser...	[MsgId: MMSG-15966]
Ending Vuser...	[MsgId: MMSG-15966]
Starting action vuser_end.	[MsgId: MMSG-15919]
Starting action vuser_end.	[MsgId: MMSG-15919]
Ending action vuser_end.	[MsgId: MMSG-15918]
Ending action vuser_end.	[MsgId: MMSG-15918]
Vuser Terminated.	[MsgId: MMSG-15963]
Vuser Terminated.	[MsgId: MMSG-15963]
Action.c(76): t=1983238ms: Closed connection [0] to localhost:1080 after completing 9 request(s)  	[MsgId: MMSG-26000]
Action.c(31): t=1983238ms: Closed connection [0] to localhost:1080 after completing 8 request(s)  	[MsgId: MMSG-26000]
Action.c(31): t=1983238ms: Closed connection [1] to localhost:1080 after completing 10 request(s)  	[MsgId: MMSG-26000]
Action.c(76): t=1983238ms: Closed connection [1] to localhost:1080 after completing 1 request(s)  	[MsgId: MMSG-26000]
HTML-Mode memory management statistics: Reusable=101, NonReusable=0, CsMemBlockSize=4096, checks disabled  	[MsgId: MMSG-26000]
HTML-Mode memory management statistics: Reusable=101, NonReusable=0, CsMemBlockSize=4096, checks disabled  	[MsgId: MMSG-26000]
Vuser 7 (thread 8780), ended OK."	[MsgId: MMSG-10695]
Vuser 8 (thread 7264), ended OK."	[MsgId: MMSG-10695]
