..\\Parameters\\common_lib.h(53):     <meta http-equiv="Content-Type" content="text/html; charset=iso-8859-1" />\n
..\\Parameters\\common_lib.h(53):     </head>\n
..\\Parameters\\common_lib.h(53):     <body bgcolor="#E0E7F1">\n
..\\Parameters\\common_lib.h(53):     <style>blockquote {font-family: tahoma; font-size : 10pt}H1 {font-family: tahoma; font-siz
..\\Parameters\\common_lib.h(53):     e : 22pt; color: #993333}small {font-family: tahoma; font-size : 8pt}H3 {font-family: taho
..\\Parameters\\common_lib.h(53):     ma; font-size : 10pt; color: black}TD {font-family: tahoma; font-size : 10pt; color: black
..\\Parameters\\common_lib.h(53):     }</style><BR/><BR/><h1><font color="#003366">&nbsp;&nbsp;<b>Find Flight</font></b></h1><bl
..\\Parameters\\common_lib.h(53):     ockquote>\n
..\\Parameters\\common_lib.h(53):     <form method="post" action="reservations.pl" enctype="application/x-www-form-urlencoded" o
..\\Parameters\\common_lib.h(53):     nsubmit="" name="DestForm">\n
..\\Parameters\\common_lib.h(53):     <input type="hidden" name="advanceDiscount" value="0"  /><table border="0" cellspacing="5"
..\\Parameters\\common_lib.h(53):     ><tr><td align="left">Departure City :</td> <td><select name="depart" >\n
..\\Parameters\\common_lib.h(53):     <option selected="selected" value="Denver">Denver</option>\n
..\\Parameters\\common_lib.h(53):     <option value="Frankfurt">Frankfurt</option>\n
..\\Parameters\\common_lib.h(53):     <option value="London">London</option>\n
..\\Parameters\\common_lib.h(53):     <option value="Los Angeles">Los Angeles</option>\n
..\\Parameters\\common_lib.h(53):     <option value="Paris">Paris</option>\n
..\\Parameters\\common_lib.h(53):     <option value="Portland">Portland</option>\n
..\\Parameters\\common_lib.h(53):     <option value="San Francisco">San Francisco</option>\n
..\\Parameters\\common_lib.h(53):     <option value="Seattle">Seattle</option>\n
..\\Parameters\\common_lib.h(53):     <option value="Sydney">Sydney</option>\n
..\\Parameters\\common_lib.h(53):     <option value="Zurich">Zurich</option>\n
..\\Parameters\\common_lib.h(53):     </select></td> <td align="left">Departure Date :</td> <td><input type="text" name="departD
..\\Parameters\\common_lib.h(53):     ate" value="05/12/2023" size="10" maxlength="10" /> \n
..\\Parameters\\common_lib.h(53):     <!-- Departure Date Applet -->\n
..\\Parameters\\common_lib.h(53):     <APPLET CODEBASE="/WebTours/classes/" CODE="FormDateUpdate.class" MAYSCRIPT Width=26 Heigh
..\\Parameters\\common_lib.h(53):     t=28 BORDER=0>\n
..\\Parameters\\common_lib.h(53):        <PARAM NAME=CalenderTitle  VALUE="Select Departure Date">\n
..\\Parameters\\common_lib.h(53):        <PARAM NAME=HtmlFormIndex  VALUE=0>\n
..\\Parameters\\common_lib.h(53):        <PARAM NAME=HtmlEditIndex  VALUE=2>\n
..\\Parameters\\common_lib.h(53):        <PARAM NAME=AutoClose      VALUE=1>\n
..\\Parameters\\common_lib.h(53):        <PARAM NAME=Label          VALUE="...">\n
..\\Parameters\\common_lib.h(53):     </APPLET>\n
..\\Parameters\\common_lib.h(53):     </td></tr> <tr><td align="left">Arrival City :</td> <td><select name="arrive" >\n
..\\Parameters\\common_lib.h(53):     <option selected="selected" value="Denver">Denver</option>\n
..\\Parameters\\common_lib.h(53):     <option value="Frankfurt">Frankfurt</option>\n
..\\Parameters\\common_lib.h(53):     <option value="London">London</option>\n
..\\Parameters\\common_lib.h(53):     <option value="Los Angeles">Los Angeles</option>\n
..\\Parameters\\common_lib.h(53):     <option value="Paris">Paris</option>\n
..\\Parameters\\common_lib.h(53):     <option value="Portland">Portland</option>\n
..\\Parameters\\common_lib.h(53):     <option value="San Francisco">San Francisco</option>\n
..\\Parameters\\common_lib.h(53):     <option value="Seattle">Seattle</option>\n
..\\Parameters\\common_lib.h(53):     <option value="Sydney">Sydney</option>\n
..\\Parameters\\common_lib.h(53):     <option value="Zurich">Zurich</option>\n
..\\Parameters\\common_lib.h(53):     </select></td> <td align="left">Return Date :</td> <td><input type="text" name="returnDate
..\\Parameters\\common_lib.h(53):     " value="05/13/2023" size="10" maxlength="10" /> \n
..\\Parameters\\common_lib.h(53):     <!-- Return Date Applet -->\n
..\\Parameters\\common_lib.h(53):     <APPLET CODEBASE="/WebTours/classes/" CODE="FormDateUpdate.class" MAYSCRIPT Width=26 Heigh
..\\Parameters\\common_lib.h(53):     t=28 BORDER=0>\n
..\\Parameters\\common_lib.h(53):        <PARAM NAME=CalenderTitle  VALUE="Select Return Date">\n
..\\Parameters\\common_lib.h(53):        <PARAM NAME=HtmlFormIndex  VALUE=0>\n
..\\Parameters\\common_lib.h(53):        <PARAM NAME=HtmlEditIndex  VALUE=4>\n
..\\Parameters\\common_lib.h(53):        <PARAM NAME=AutoClose      VALUE=1>\n
..\\Parameters\\common_lib.h(53):        <PARAM NAME=Label          VALUE="...">\n
..\\Parameters\\common_lib.h(53):     </APPLET>\n
..\\Parameters\\common_lib.h(53):     </td></tr> <tr><td align="left">No. of Passengers : </td> <td><input type="text" name="num
..\\Parameters\\common_lib.h(53):     Passengers" value="1" size="3" maxlength="8" /></td> <td colspan="2"><label><input type="c
..\\Parameters\\common_lib.h(53):     heckbox" name="roundtrip" value="on" />Roundtrip ticket</label></td></tr> <tr><td>Seating 
..\\Parameters\\common_lib.h(53):     Preference</td> <td /> <td>Type of Seat</td></tr> <tr><td><label><input type="radio" name=
..\\Parameters\\common_lib.h(53):     "seatPref" value="Aisle" />Aisle</label><br /> <label><input type="radio" name="seatPref" 
..\\Parameters\\common_lib.h(53):     value="Window" />Window</label><br /> <label><input type="radio" name="seatPref" value="No
..\\Parameters\\common_lib.h(53):     ne" checked="checked" />None</label><br /></td> <td /> <td><label><input type="radio" name
..\\Parameters\\common_lib.h(53):     ="seatType" value="First" />First</label><br /> <label><input type="radio" name="seatType"
..\\Parameters\\common_lib.h(53):      value="Business" />Business</label><br /> <label><input type="radio" name="seatType" valu
..\\Parameters\\common_lib.h(53):     e="Coach" checked="checked" />Coach</label><br /></td></tr> <tr><td height="10" /></tr> <t
..\\Parameters\\common_lib.h(53):     r><td align="center" colspan="4"><input type="image" name="findFlights" src="/WebTours/ima
..\\Parameters\\common_lib.h(53):     ges/bu
..\\Parameters\\common_lib.h(53): t=1909090ms: 5-byte chunked response overhead for "http://localhost:1080/cgi-bin/reservations.pl?page=welcome" (RelFrameId=1.2, Internal ID=2687)
..\\Parameters\\common_lib.h(53):     112\r\n
..\\Parameters\\common_lib.h(53): t=1909090ms: 2-byte chunked response overhead for "http://localhost:1080/cgi-bin/reservations.pl?page=welcome" (RelFrameId=1.2, Internal ID=2687)
..\\Parameters\\common_lib.h(53):     \r\n
..\\Parameters\\common_lib.h(53): t=1909090ms: 274-byte chunked response body for "http://localhost:1080/cgi-bin/reservations.pl?page=welcome" (RelFrameId=1.2, Internal ID=2687)
..\\Parameters\\common_lib.h(53):     tton_next.gif" border="0" /></td></tr></table><div><input type="hidden" name=".cgifields" 
..\\Parameters\\common_lib.h(53):     value="roundtrip"  /><input type="hidden" name=".cgifields" value="seatType"  /><input typ
..\\Parameters\\common_lib.h(53):     e="hidden" name=".cgifields" value="seatPref"  /></div></form>\n
..\\Parameters\\common_lib.h(53):     </blockquote>\n
..\\Parameters\\common_lib.h(53):     \n
..\\Parameters\\common_lib.h(53):     </body>\n
..\\Parameters\\common_lib.h(53):     </html>\n
..\\Parameters\\common_lib.h(53): Found resource "http://localhost:1080/WebTours/images/button_next.gif" in HTML "http://localhost:1080/cgi-bin/reservations.pl?page=welcome"  	[MsgId: MMSG-26659]
..\\Parameters\\common_lib.h(53): t=1909090ms: Already connected [1] to localhost:1080  	[MsgId: MMSG-26000]
..\\Parameters\\common_lib.h(53): t=1909090ms: 742-byte request headers for "http://localhost:1080/WebTours/images/button_next.gif" (RelFrameId=, Internal ID=2690)
..\\Parameters\\common_lib.h(53):     GET /WebTours/images/button_next.gif HTTP/1.1\r\n
..\\Parameters\\common_lib.h(53):     Referer: http://localhost:1080/cgi-bin/reservations.pl?page=welcome\r\n
..\\Parameters\\common_lib.h(53):     Sec-Fetch-Dest: frame\r\n
..\\Parameters\\common_lib.h(53):     Sec-Fetch-Mode: navigate\r\n
..\\Parameters\\common_lib.h(53):     Sec-Fetch-Site: same-origin\r\n
..\\Parameters\\common_lib.h(53):     Upgrade-Insecure-Requests: 1\r\n
..\\Parameters\\common_lib.h(53):     sec-ch-ua: "Chromium";v="112", "Google Chrome";v="112", "Not:A-Brand";v="99"\r\n
..\\Parameters\\common_lib.h(53):     sec-ch-ua-mobile: ?0\r\n
..\\Parameters\\common_lib.h(53):     sec-ch-ua-platform: "Windows"\r\n
..\\Parameters\\common_lib.h(53):     User-Agent: Crashpad/0.8.0 WinHTTP/10.0.19041.2673 Windows_NT/10.0.19041.2788 (x64)\r\n
..\\Parameters\\common_lib.h(53):     Accept-Encoding: gzip, deflate, br\r\n
..\\Parameters\\common_lib.h(53):     Accept-Language: ru-RU,ru;q=0.9,en-US;q=0.8,en;q=0.7\r\n
..\\Parameters\\common_lib.h(53):     Accept: */*\r\n
..\\Parameters\\common_lib.h(53):     Connection: Keep-Alive\r\n
..\\Parameters\\common_lib.h(53):     Host: localhost:1080\r\n
..\\Parameters\\common_lib.h(53):     Cookie: MSO=SID&1683789240; MTUserInfo=firstName&Yura&address2&Yral&username&vivs&hash&51&
..\\Parameters\\common_lib.h(53):     lastName&Kazakov%0A&address1&Lenina&creditCard&&expDate&%0A\r\n
..\\Parameters\\common_lib.h(53):     \r\n
..\\Parameters\\common_lib.h(53): t=1909090ms: 297-byte response headers for "http://localhost:1080/WebTours/images/button_next.gif" (RelFrameId=, Internal ID=2690)
..\\Parameters\\common_lib.h(53):     HTTP/1.1 200 OK\r\n
..\\Parameters\\common_lib.h(53):     Date: Thu, 11 May 2023 07:14:01 GMT\r\n
..\\Parameters\\common_lib.h(53):     Server: Apache/2.2.21 (Win32)\r\n
..\\Parameters\\common_lib.h(53):     Last-Modified: Thu, 12 Jan 2012 13:30:28 GMT\r\n
..\\Parameters\\common_lib.h(53):     ETag: "b0000000994f4-2f6-4b654c0620500"\r\n
..\\Parameters\\common_lib.h(53):     Accept-Ranges: bytes\r\n
..\\Parameters\\common_lib.h(53):     Content-Length: 758\r\n
..\\Parameters\\common_lib.h(53):     Keep-Alive: timeout=5, max=91\r\n
..\\Parameters\\common_lib.h(53):     Connection: Keep-Alive\r\n
..\\Parameters\\common_lib.h(53):     Content-Type: image/gif\r\n
..\\Parameters\\common_lib.h(53):     \r\n
..\\Parameters\\common_lib.h(53): t=1909090ms: 758-byte response body for "http://localhost:1080/WebTours/images/button_next.gif" (RelFrameId=, Internal ID=2690)
..\\Parameters\\common_lib.h(53): t=1909090ms: Request done "http://localhost:1080/WebTours/images/button_next.gif"  	[MsgId: MMSG-26000]
..\\Parameters\\common_lib.h(53): t=1909090ms: 5-byte chunked response overhead for "http://localhost:1080/cgi-bin/reservations.pl?page=welcome" (RelFrameId=1.2, Internal ID=2687)
..\\Parameters\\common_lib.h(53):     0\r\n
..\\Parameters\\common_lib.h(53):     \r\n
..\\Parameters\\common_lib.h(53): t=1909090ms: Request done "http://localhost:1080/cgi-bin/reservations.pl?page=welcome"  	[MsgId: MMSG-26000]
..\\Parameters\\common_lib.h(53): Registered web_reg_find successful for "Text=<b>Find Flight<" (count=1)  	[MsgId: MMSG-26364]
..\\Parameters\\common_lib.h(53): web_url("Search Flights Button") was successful, 8516 body bytes, 1616 header bytes, 43 chunking overhead bytes  	[MsgId: MMSG-26385]
Action.c(66): Notify: Transaction "open_flights" ended with a "Pass" status (Duration: 0,1639).	[MsgId: MMSG-16873]
Action.c(67): Notify: Transaction "find_flight" started.	[MsgId: MMSG-16999]
Action.c(69): web_add_auto_header("Origin") started  	[MsgId: MMSG-26355]
Action.c(69): An unrecognized header ("Origin") is being added  	[MsgId: MMSG-26595]
Action.c(69): "Origin: http://localhost:1080" header registered for adding to requests from all following Action functions  	[MsgId: MMSG-26505]
Action.c(69): web_add_auto_header("Origin") was successful  	[MsgId: MMSG-26392]
Action.c(72): web_add_auto_header("Sec-Fetch-User") started  	[MsgId: MMSG-26355]
Action.c(72): An unrecognized header ("Sec-Fetch-User") is being added  	[MsgId: MMSG-26595]
Action.c(72): "Sec-Fetch-User: ?1" header registered for adding to requests from all following Action functions  	[MsgId: MMSG-26505]
Action.c(72): web_add_auto_header("Sec-Fetch-User") was successful  	[MsgId: MMSG-26392]
Action.c(76): web_reg_find started  	[MsgId: MMSG-26355]
Action.c(76): Notify: Next row for parameter departure_city = 10 [table  = departure_city].	[MsgId: MMSG-13876]
Action.c(76): Notify: Parameter Substitution: parameter "departure_city" =  "Paris"	[MsgId: MMSG-13992]
Action.c(76): Notify: Next row for parameter arrival_city = 10 [table  = arrival_city].	[MsgId: MMSG-13876]
Action.c(76): Notify: Parameter Substitution: parameter "arrival_city" =  "Portland"	[MsgId: MMSG-13992]
Action.c(76): Notify: Next row for parameter departure_date = 10 [table  = departure_date].	[MsgId: MMSG-13876]
Action.c(76): Notify: Parameter Substitution: parameter "departure_date" =  "07/05/2023"	[MsgId: MMSG-13992]
Action.c(76): Registering web_reg_find was successful  	[MsgId: MMSG-26390]
Action.c(78): web_reg_find started  	[MsgId: MMSG-26355]
Action.c(78): Notify: Next row for parameter arrival_city = 10 [table  = arrival_city].	[MsgId: MMSG-13876]
Action.c(78): Notify: Parameter Substitution: parameter "arrival_city" =  "Portland"	[MsgId: MMSG-13992]
Action.c(78): Notify: Next row for parameter departure_city = 10 [table  = departure_city].	[MsgId: MMSG-13876]
Action.c(78): Notify: Parameter Substitution: parameter "departure_city" =  "Paris"	[MsgId: MMSG-13992]
Action.c(78): Notify: Next row for parameter return_date = 10 [table  = return_date].	[MsgId: MMSG-13876]
Action.c(78): Notify: Parameter Substitution: parameter "return_date" =  "08/05/2023"	[MsgId: MMSG-13992]
Action.c(78): Registering web_reg_find was successful  	[MsgId: MMSG-26390]
Action.c(80): web_reg_find started  	[MsgId: MMSG-26355]
Action.c(80): Notify: Next row for parameter type_of_seat = 10 [table  = type_of_seat].	[MsgId: MMSG-13876]
Action.c(80): Notify: Parameter Substitution: parameter "type_of_seat" =  "First"	[MsgId: MMSG-13992]
Action.c(80): Notify: Next row for parameter seating_preference = 10 [table  = seating_preference].	[MsgId: MMSG-13876]
Action.c(80): Notify: Parameter Substitution: parameter "seating_preference" =  "Aisle"	[MsgId: MMSG-13992]
Action.c(80): Registering web_reg_find was successful  	[MsgId: MMSG-26390]
Action.c(83): web_reg_save_param started  	[MsgId: MMSG-26355]
Action.c(83): Registering web_reg_save_param was successful  	[MsgId: MMSG-26390]
Action.c(90): web_reg_save_param started  	[MsgId: MMSG-26355]
Action.c(90): Registering web_reg_save_param was successful  	[MsgId: MMSG-26390]
Action.c(97): web_submit_data("reservations.pl") started  	[MsgId: MMSG-26355]
Action.c(97): Notify: Next row for parameter departure_city = 10 [table  = departure_city].	[MsgId: MMSG-13876]
Action.c(97): Notify: Parameter Substitution: parameter "departure_city" =  "Paris"	[MsgId: MMSG-13992]
Action.c(97): Notify: Next row for parameter departure_date = 10 [table  = departure_date].	[MsgId: MMSG-13876]
Action.c(97): Notify: Parameter Substitution: parameter "departure_date" =  "07/05/2023"	[MsgId: MMSG-13992]
Action.c(97): Notify: Next row for parameter arrival_city = 10 [table  = arrival_city].	[MsgId: MMSG-13876]
Action.c(97): Notify: Parameter Substitution: parameter "arrival_city" =  "Portland"	[MsgId: MMSG-13992]
Action.c(97): Notify: Next row for parameter return_date = 10 [table  = return_date].	[MsgId: MMSG-13876]
Action.c(97): Notify: Parameter Substitution: parameter "return_date" =  "08/05/2023"	[MsgId: MMSG-13992]
Action.c(97): Notify: Parameter Substitution: parameter "countPass" =  "3"	[MsgId: MMSG-13992]
Action.c(97): Notify: Next row for parameter roundtrip = 10 [table  = roundtrip].	[MsgId: MMSG-13876]
Action.c(97): Notify: Parameter Substitution: parameter "roundtrip" =  "on"	[MsgId: MMSG-13992]
Action.c(97): Notify: Next row for parameter seating_preference = 10 [table  = seating_preference].	[MsgId: MMSG-13876]
Action.c(97): Notify: Parameter Substitution: parameter "seating_preference" =  "Aisle"	[MsgId: MMSG-13992]
Action.c(97): Notify: Next row for parameter type_of_seat = 10 [table  = type_of_seat].	[MsgId: MMSG-13876]
Action.c(97): Notify: Parameter Substitution: parameter "type_of_seat" =  "First"	[MsgId: MMSG-13992]
Action.c(97): t=1909090ms: Already connected [0] to localhost:1080  	[MsgId: MMSG-26000]
Action.c(97): t=1909090ms: 856-byte request headers for "http://localhost:1080/cgi-bin/reservations.pl" (RelFrameId=1, Internal ID=2691)
Action.c(97):     POST /cgi-bin/reservations.pl HTTP/1.1\r\n
Action.c(97):     Content-Type: application/x-www-form-urlencoded\r\n
Action.c(97):     Referer: http://localhost:1080/cgi-bin/reservations.pl?page=welcome\r\n
Action.c(97):     Sec-Fetch-Dest: frame\r\n
Action.c(97):     Sec-Fetch-Mode: navigate\r\n
Action.c(97):     Sec-Fetch-Site: same-origin\r\n
Action.c(97):     Upgrade-Insecure-Requests: 1\r\n
Action.c(97):     sec-ch-ua: "Chromium";v="112", "Google Chrome";v="112", "Not:A-Brand";v="99"\r\n
Action.c(97):     sec-ch-ua-mobile: ?0\r\n
Action.c(97):     sec-ch-ua-platform: "Windows"\r\n
Action.c(97):     Origin: http://localhost:1080\r\n
Action.c(97):     Sec-Fetch-User: ?1\r\n
Action.c(97):     User-Agent: Crashpad/0.8.0 WinHTTP/10.0.19041.2673 Windows_NT/10.0.19041.2788 (x64)\r\n
Action.c(97):     Accept-Encoding: gzip, deflate, br\r\n
Action.c(97):     Accept-Language: ru-RU,ru;q=0.9,en-US;q=0.8,en;q=0.7\r\n
Action.c(97):     Accept: */*\r\n
Action.c(97):     Connection: Keep-Alive\r\n
Action.c(97):     Host: localhost:1080\r\n
Action.c(97):     Cookie: MSO=SID&1683789240; MTUserInfo=firstName&Yura&address2&Yral&username&vivs&hash&51&
Action.c(97):     lastName&Kazakov%0A&address1&Lenina&creditCard&&expDate&%0A\r\n
Action.c(97):     Content-Length: 251\r\n
Action.c(97):     \r\n
Action.c(97): t=1909090ms: 251-byte request body for "http://localhost:1080/cgi-bin/reservations.pl" (RelFrameId=1, Internal ID=2691)
Action.c(97):     advanceDiscount=0&depart=Paris&departDate=07%2F05%2F2023&arrive=Portland&returnDate=08%2F0
Action.c(97):     5%2F2023&numPassengers=3&roundtrip=on&seatPref=Aisle&seatType=First&findFlights.x=35&findF
Action.c(97):     lights.y=9&.cgifields=roundtrip&.cgifields=seatType&.cgifields=seatPref
Action.c(97): t=1909200ms: 255-byte response headers for "http://localhost:1080/cgi-bin/reservations.pl" (RelFrameId=1, Internal ID=2691)
Action.c(97):     HTTP/1.1 200 OK\r\n
Action.c(97):     Date: Thu, 11 May 2023 07:14:01 GMT\r\n
Action.c(97):     Server: Apache/2.2.21 (Win32)\r\n
Action.c(97):     Expires: Wed, 10 May 2023 07:14:01 GMT\r\n
Action.c(97):     Keep-Alive: timeout=5, max=93\r\n
Action.c(97):     Connection: Keep-Alive\r\n
Action.c(97):     Transfer-Encoding: chunked\r\n
Action.c(97):     Content-Type: text/html; charset=ISO-8859-1\r\n
Action.c(97):     \r\n
Action.c(97): t=1909200ms: 5-byte chunked response overhead for "http://localhost:1080/cgi-bin/reservations.pl" (RelFrameId=1, Internal ID=2691)
Action.c(97):     e0e\r\n
Action.c(97): t=1909200ms: 2-byte chunked response overhead for "http://localhost:1080/cgi-bin/reservations.pl" (RelFrameId=1, Internal ID=2691)
Action.c(97):     \r\n
Action.c(97): t=1909200ms: 3598-byte chunked response body for "http://localhost:1080/cgi-bin/reservations.pl" (RelFrameId=1, Internal ID=2691)
Action.c(97):     <!DOCTYPE html\n
Action.c(97):     \tPUBLIC "-//W3C//DTD XHTML 1.0 Transitional//EN"\n
Action.c(97):     \t "http://www.w3.org/TR/xhtml1/DTD/xhtml1-transitional.dtd">\n
Action.c(97):     <html xmlns="http://www.w3.org/1999/xhtml" lang="en-US" xml:lang="en-US">\n
Action.c(97):     <head>\n
Action.c(97):     <title>Flight Selections</title>\n
Action.c(97):     <meta http-equiv="Content-Type" content="text/html; charset=iso-8859-1" />\n
Action.c(97):     </head>\n
Action.c(97):     <body bgcolor="#E0E7F1">\n
Action.c(97):     <style>blockquote {font-family: tahoma; font-size : 10pt}H1 {font-family: tahoma; font-siz
Action.c(97):     e : 22pt; color: #993333}small {font-family: tahoma; font-size : 8pt}H3 {font-family: taho
Action.c(97):     ma; font-size : 10pt; color: black}TD {font-family: tahoma; font-size : 10pt; color: black
Action.c(97):     }</style><BR/><BR/><h1><font color="#003366">&nbsp;&nbsp;<b>Find Flight</font></b></h1><bl
Action.c(97):     ockquote>\n
Action.c(97):     <form method="post" action="reservations.pl" enctype="application/x-www-form-urlencoded">\n
Action.c(97):     \n
Action.c(97):     <center>\n
Action.c(97):     <!-- From Paris (4) To Portland (5) -->\n
Action.c(97):     <table cellspacing="2" border="0" width="50%">\n
Action.c(97):     <blockquote>Flight departing from <B>Paris</B> to <B>Portland</B> on <B>07/05/2023</B><BR/
Action.c(97):     ><BR/><tr bgcolor="#5E7884"><td align="center"><font color="white"><B>Flight</B></font>\n
Action.c(97):           \t\t<td align="center"><font color="white"><B>Departure time</B>\n
Action.c(97):           \t\t<td align="center"><font color="white"><B>Cost</B>\n
Action.c(97):     <tr bgcolor="#EFF2F7"><td align="center"><input type="radio" name="outboundFlight" value="
Action.c(97):     450;1165;07/05/2023" checked="checked" >Blue Sky Air 450<td align="center">8am<td align="c
Action.c(97):     enter">$ 1165</TD></TR><tr bgcolor="#EFF2F7"><td align="center"><input type="radio" name="
Action.c(97):     outboundFlight" value="451;1038;07/05/2023">Blue Sky Air 451<td align="center">1pm<td alig
Action.c(97):     n="center">$ 1038</TD></TR><tr bgcolor="#EFF2F7"><td align="center"><input type="radio" na
Action.c(97):     me="outboundFlight" value="452;1101;07/05/2023">Blue Sky Air 452<td align="center">5pm<td 
Action.c(97):     align="center">$ 1101</TD></TR><tr bgcolor="#EFF2F7"><td align="center"><input type="radio
Action.c(97):     " name="outboundFlight" value="453;953;07/05/2023">Blue Sky Air 453<td align="center">11pm
Action.c(97):     <td align="center">$ 953</TD></TR></table>\n
Action.c(97):     \n
Action.c(97):     <P>\n
Action.c(97):     <!-- From Portland (5) To Paris (4) -->\n
Action.c(97):     <table cellspacing="2" border="0" width="50%">\n
Action.c(97):     <blockquote>Flight departing from <B>Portland</B> to <B>Paris</B> on <B>08/05/2023</B><BR/
Action.c(97):     ><BR/><tr bgcolor="#5E7884"><td align="center"><font color="white"><B>Flight</B></font>\n
Action.c(97):           \t\t<td align="center"><font color="white"><B>Departure time</B>\n
Action.c(97):           \t\t<td align="center"><font color="white"><B>Cost</B>\n
Action.c(97):     <tr bgcolor="#EFF2F7"><td align="center"><input type="radio" name="returnFlight" value="54
Action.c(97):     0;1165;08/05/2023" checked="checked" >Blue Sky Air 540<td align="center">8am<td align="cen
Action.c(97):     ter">$ 1165</TD></TR><tr bgcolor="#EFF2F7"><td align="center"><input type="radio" name="re
Action.c(97):     turnFlight" value="541;1038;08/05/2023">Blue Sky Air 541<td align="center">1pm<td align="c
Action.c(97):     enter">$ 1038</TD></TR><tr bgcolor="#EFF2F7"><td align="center"><input type="radio" name="
Action.c(97):     returnFlight" value="542;1101;08/05/2023">Blue Sky Air 542<td align="center">5pm<td align=
Action.c(97):     "center">$ 1101</TD></TR><tr bgcolor="#EFF2F7"><td align="center"><input type="radio" name
Action.c(97):     ="returnFlight" value="543;953;08/05/2023">Blue Sky Air 543<td align="center">11pm<td alig
Action.c(97):     n="center">$ 953</TD></TR></table>\n
Action.c(97):     \n
Action.c(97):     <input type="hidden" name="numPassengers" value="3"  /><input type="hidden" name="advanceD
Action.c(97):     iscount" value="0"  /><input type="hidden" name="seatType" value="First"  /><input type="h
Action.c(97):     idden" name="seatPref" value="Aisle"  />\n
Action.c(97):     <P><center><table width=80% cellspacing=1><tr><td align=center>\n
Action.c(97):     <input type="image" name="reserveFlights" src="/WebTours/images/button_next.gif" border="0
Action.c(97):     " />\n
Action.c(97):     <td>&nbsp;<td align=center></table></center></form></center>\n
Action.c(97):     </blockquote>\n
Action.c(97):     \n
Action.c(97):     </body>\n
Action.c(97):     </html>
Action.c(97): Resource "http://localhost:1080/WebTours/images/button_next.gif" is in the cache already and will not be downloaded again  	[MsgId: MMSG-26655]
Action.c(97): t=1909200ms: 5-byte chunked response overhead for "http://localhost:1080/cgi-bin/reservations.pl" (RelFrameId=1, Internal ID=2691)
Action.c(97):     0\r\n
Action.c(97):     \r\n
Action.c(97): Notify: Saving Parameter "outboundFlight = 452;1101;07/05/2023".	[MsgId: MMSG-13798]
Action.c(97): Notify: Saving Parameter "returnFlight = 542;1101;08/05/2023".	[MsgId: MMSG-13798]
Action.c(97): t=1909200ms: Request done "http://localhost:1080/cgi-bin/reservations.pl"  	[MsgId: MMSG-26000]
Action.c(97): Registered web_reg_find successful for "Text=from <B>Paris</B> to <B>Portland</B> on <B>07/05/2023</B>" (count=1)  	[MsgId: MMSG-26364]
Action.c(97): Registered web_reg_find successful for "Text=from <B>Portland</B> to <B>Paris</B> on <B>08/05/2023</B>" (count=1)  	[MsgId: MMSG-26364]
Action.c(97): Registered web_reg_find successful for "Text=name="seatType" value="First"  /><input type="hidden" name="seatPref" value="Aisle"" (count=1)  	[MsgId: MMSG-26364]
Action.c(97): web_submit_data("reservations.pl") was successful, 3598 body bytes, 255 header bytes, 12 chunking overhead bytes  	[MsgId: MMSG-26385]
Action.c(122): Notify: Transaction "find_flight" ended with a "Pass" status (Duration: 0,1094).	[MsgId: MMSG-16873]
Action.c(123): Notify: Transaction "flight_selection" started.	[MsgId: MMSG-16999]
Action.c(125): web_reg_find started  	[MsgId: MMSG-26355]
Action.c(125): Notify: Next row for parameter first_name = 10 [table  = first_name].	[MsgId: MMSG-13876]
Action.c(125): Notify: Parameter Substitution: parameter "first_name" =  "Yura"	[MsgId: MMSG-13992]
Action.c(125): Notify: Next row for parameter last_name = 10 [table  = last_name].	[MsgId: MMSG-13876]
Action.c(125): Notify: Parameter Substitution: parameter "last_name" =  "Kazakov"	[MsgId: MMSG-13992]
Action.c(125): Registering web_reg_find was successful  	[MsgId: MMSG-26390]
Action.c(128): web_reg_find started  	[MsgId: MMSG-26355]
Action.c(128): Notify: Parameter Substitution: parameter "outboundFlight" =  "452;1101;07/05/2023"	[MsgId: MMSG-13992]
Action.c(128): Registering web_reg_find was successful  	[MsgId: MMSG-26390]
Action.c(131): web_reg_find started  	[MsgId: MMSG-26355]
Action.c(131): Notify: Parameter Substitution: parameter "returnFlight" =  "542;1101;08/05/2023"	[MsgId: MMSG-13992]
Action.c(131): Registering web_reg_find was successful  	[MsgId: MMSG-26390]
Action.c(134): web_submit_data("reservations.pl_2") started  	[MsgId: MMSG-26355]
Action.c(134): Notify: Parameter Substitution: parameter "outboundFlight" =  "452;1101;07/05/2023"	[MsgId: MMSG-13992]
Action.c(134): Notify: Parameter Substitution: parameter "returnFlight" =  "542;1101;08/05/2023"	[MsgId: MMSG-13992]
Action.c(134): Notify: Parameter Substitution: parameter "countPass" =  "3"	[MsgId: MMSG-13992]
Action.c(134): Notify: Next row for parameter type_of_seat = 10 [table  = type_of_seat].	[MsgId: MMSG-13876]
Action.c(134): Notify: Parameter Substitution: parameter "type_of_seat" =  "First"	[MsgId: MMSG-13992]
Action.c(134): Notify: Next row for parameter seating_preference = 10 [table  = seating_preference].	[MsgId: MMSG-13876]
Action.c(134): Notify: Parameter Substitution: parameter "seating_preference" =  "Aisle"	[MsgId: MMSG-13992]
Action.c(134): t=1909200ms: Already connected [0] to localhost:1080  	[MsgId: MMSG-26000]
Action.c(134): t=1909200ms: 843-byte request headers for "http://localhost:1080/cgi-bin/reservations.pl" (RelFrameId=1, Internal ID=2692)
Action.c(134):     POST /cgi-bin/reservations.pl HTTP/1.1\r\n
Action.c(134):     Content-Type: application/x-www-form-urlencoded\r\n
Action.c(134):     Referer: http://localhost:1080/cgi-bin/reservations.pl\r\n
Action.c(134):     Sec-Fetch-Dest: frame\r\n
Action.c(134):     Sec-Fetch-Mode: navigate\r\n
Action.c(134):     Sec-Fetch-Site: same-origin\r\n
Action.c(134):     Upgrade-Insecure-Requests: 1\r\n
Action.c(134):     sec-ch-ua: "Chromium";v="112", "Google Chrome";v="112", "Not:A-Brand";v="99"\r\n
Action.c(134):     sec-ch-ua-mobile: ?0\r\n
Action.c(134):     sec-ch-ua-platform: "Windows"\r\n
Action.c(134):     Origin: http://localhost:1080\r\n
Action.c(134):     Sec-Fetch-User: ?1\r\n
Action.c(134):     User-Agent: Crashpad/0.8.0 WinHTTP/10.0.19041.2673 Windows_NT/10.0.19041.2788 (x64)\r\n
Action.c(134):     Accept-Encoding: gzip, deflate, br\r\n
Action.c(134):     Accept-Language: ru-RU,ru;q=0.9,en-US;q=0.8,en;q=0.7\r\n
Action.c(134):     Accept: */*\r\n
Action.c(134):     Connection: Keep-Alive\r\n
Action.c(134):     Host: localhost:1080\r\n
Action.c(134):     Cookie: MSO=SID&1683789240; MTUserInfo=firstName&Yura&address2&Yral&username&vivs&hash&51&
Action.c(134):     lastName&Kazakov%0A&address1&Lenina&creditCard&&expDate&%0A\r\n
Action.c(134):     Content-Length: 186\r\n
Action.c(134):     \r\n
Action.c(134): t=1909200ms: 186-byte request body for "http://localhost:1080/cgi-bin/reservations.pl" (RelFrameId=1, Internal ID=2692)
Action.c(134):     outboundFlight=452%3B1101%3B07%2F05%2F2023&returnFlight=542%3B1101%3B08%2F05%2F2023&numPas
Action.c(134):     sengers=3&advanceDiscount=0&seatType=First&seatPref=Aisle&reserveFlights.x=51&reserveFligh
Action.c(134):     ts.y=8
Action.c(134): t=1909311ms: 255-byte response headers for "http://localhost:1080/cgi-bin/reservations.pl" (RelFrameId=1, Internal ID=2692)
Action.c(134):     HTTP/1.1 200 OK\r\n
Action.c(134):     Date: Thu, 11 May 2023 07:14:01 GMT\r\n
Action.c(134):     Server: Apache/2.2.21 (Win32)\r\n
Action.c(134):     Expires: Wed, 10 May 2023 07:14:01 GMT\r\n
Action.c(134):     Keep-Alive: timeout=5, max=92\r\n
Action.c(134):     Connection: Keep-Alive\r\n
Action.c(134):     Transfer-Encoding: chunked\r\n
Action.c(134):     Content-Type: text/html; charset=ISO-8859-1\r\n
Action.c(134):     \r\n
Action.c(134): t=1909311ms: 5-byte chunked response overhead for "http://localhost:1080/cgi-bin/reservations.pl" (RelFrameId=1, Internal ID=2692)
Action.c(134):     b4a\r\n
Action.c(134): t=1909311ms: 2-byte chunked response overhead for "http://localhost:1080/cgi-bin/reservations.pl" (RelFrameId=1, Internal ID=2692)
Action.c(134):     \r\n
Action.c(134): t=1909311ms: 2890-byte chunked response body for "http://localhost:1080/cgi-bin/reservations.pl" (RelFrameId=1, Internal ID=2692)
Action.c(134):     <!DOCTYPE html\n
Action.c(134):     \tPUBLIC "-//W3C//DTD XHTML 1.0 Transitional//EN"\n
Action.c(134):     \t "http://www.w3.org/TR/xhtml1/DTD/xhtml1-transitional.dtd">\n
Action.c(134):     <html xmlns="http://www.w3.org/1999/xhtml" lang="en-US" xml:lang="en-US">\n
Action.c(134):     <head>\n
Action.c(134):     <title>Flight Reservation</title>\n
Action.c(134):     <meta http-equiv="Content-Type" content="text/html; charset=iso-8859-1" />\n
Action.c(134):     </head>\n
Action.c(134):     <body bgcolor="#E0E7F1">\n
Action.c(134):     <style>blockquote {font-family: tahoma; font-size : 10pt}H1 {font-family: tahoma; font-siz
Action.c(134):     e : 22pt; color: #993333}small {font-family: tahoma; font-size : 8pt}H3 {font-family: taho
Action.c(134):     ma; font-size : 10pt; color: black}TD {font-family: tahoma; font-size : 10pt; color: black
Action.c(134):     }</style><BR/><BR/><h1><font color="#003366">&nbsp;&nbsp;<b>Payment Details</font></b></h1
Action.c(134):     ><blockquote><form method="post" action="reservations.pl" enctype="application/x-www-form-
Action.c(134):     urlencoded" onsubmit="return true ;">\n
Action.c(134):     <table><tr><td align="right">First Name : <td><input type="text" name="firstName" value="Y
Action.c(134):     ura" size="15" /><tr><td align="right">Last Name : <td><input type="text" name="lastName" 
Action.c(134):     value="Kazakov&#10;" size="15" /><tr><td align="right">Street Address : <td colspan="3"><i
Action.c(134):     nput type="text" name="address1" value="Lenina" size="30" /><tr><td align="right">City/Sta
Action.c(134):     te/Zip : <td colspan="3"><input type="text" name="address2" value="Yral" size="30" /><tr><
Action.c(134):     td align="right">Passenger Names : <td colspan="3"><input type="text" name="pass1" value="
Action.c(134):     Yura Kazakov&#10;" size="30" /><tr><td><td colspan="3"><input type="text" name="pass2"  si
Action.c(134):     ze="30" /><tr><td><td colspan="3"><input type="text" name="pass3"  size="30" /><tr><td hei
Action.c(134):     ght="10"><tr><td height="10" align="center" colspan="4">Total for 3 ticket(s) is = $ 6606<
Action.c(134):     tr><td align="right">Credit Card : <td><input type="text" name="creditCard"  size="20" max
Action.c(134):     length="20" /><td align="right">Exp Date : <td><input type="text" name="expDate" value="&#
Action.c(134):     10;" size="5" maxlength="5" /><tr><TD><td colspan="3" align="left"><label><input type="che
Action.c(134):     ckbox" name="saveCC" value="on" />Save this Credit Card Information</label><input type="hi
Action.c(134):     dden" name="oldCCOption" value=""  /></table><input type="hidden" name="numPassengers" val
Action.c(134):     ue="3"  /><input type="hidden" name="seatType" value="First"  /><input type="hidden" name=
Action.c(134):     "seatPref" value="Aisle"  /><input type="hidden" name="outboundFlight" value="452;1101;07/
Action.c(134):     05/2023"  /><input type="hidden" name="advanceDiscount" value="0"  /><input type="hidden" 
Action.c(134):     name="returnFlight" value="542;1101;08/05/2023"  /><input type="hidden" name="JSFormSubmit
Action.c(134):     " value="off"  /><center><table width=80% cellspacing=1><tr><td align=center>\n
Action.c(134):     <input type="image" name="buyFlights" src="/WebTours/images/button_next.gif" border="0" />
Action.c(134):     <div><input type="hidden" name=".cgifields" value="saveCC"  /></div></form>\n
Action.c(134):     <td>&nbsp;<td align=center><form method="post" action="reservations.pl" enctype="applicati
Action.c(134):     on/x-www-form-urlencoded" onsubmit="void(0);">\n
Action.c(134):     </form></table></center></blockquote>\n
Action.c(134):     </body>\n
Action.c(134):     </html>
Action.c(134): Resource "http://localhost:1080/WebTours/images/button_next.gif" is in the cache already and will not be downloaded again  	[MsgId: MMSG-26655]
Action.c(134): t=1909311ms: 5-byte chunked response overhead for "http://localhost:1080/cgi-bin/reservations.pl" (RelFrameId=1, Internal ID=2692)
Action.c(134):     0\r\n
Action.c(134):     \r\n
Action.c(134): t=1909311ms: Request done "http://localhost:1080/cgi-bin/reservations.pl"  	[MsgId: MMSG-26000]
Action.c(134): Registered web_reg_find successful for "Text=value="Yura Kazakov&" (count=1)  	[MsgId: MMSG-26364]
Action.c(134): Registered web_reg_find successful for "Text="outboundFlight" value="452;1101;07/05/2023"" (count=1)  	[MsgId: MMSG-26364]
Action.c(134): Registered web_reg_find successful for "Text="returnFlight" value="542;1101;08/05/2023"" (count=1)  	[MsgId: MMSG-26364]
Action.c(134): web_submit_data("reservations.pl_2") was successful, 2890 body bytes, 255 header bytes, 12 chunking overhead bytes  	[MsgId: MMSG-26385]
Action.c(153): Notify: Transaction "flight_selection" ended with a "Pass" status (Duration: 0,1116).	[MsgId: MMSG-16873]
Action.c(154): Notify: Transaction "payment_details" started.	[MsgId: MMSG-16999]
Action.c(156): web_reg_find started  	[MsgId: MMSG-26355]
Action.c(156): Notify: Next row for parameter first_name = 10 [table  = first_name].	[MsgId: MMSG-13876]
Action.c(156): Notify: Parameter Substitution: parameter "first_name" =  "Yura"	[MsgId: MMSG-13992]
Action.c(156): Notify: Next row for parameter last_name = 10 [table  = last_name].	[MsgId: MMSG-13876]
Action.c(156): Notify: Parameter Substitution: parameter "last_name" =  "Kazakov"	[MsgId: MMSG-13992]
Action.c(156): Registering web_reg_find was successful  	[MsgId: MMSG-26390]
Action.c(159): web_submit_data("reservations.pl_3") started  	[MsgId: MMSG-26355]
Action.c(159): Notify: Next row for parameter first_name = 10 [table  = first_name].	[MsgId: MMSG-13876]
Action.c(159): Notify: Parameter Substitution: parameter "first_name" =  "Yura"	[MsgId: MMSG-13992]
Action.c(159): Notify: Next row for parameter last_name = 10 [table  = last_name].	[MsgId: MMSG-13876]
Action.c(159): Notify: Parameter Substitution: parameter "last_name" =  "Kazakov"	[MsgId: MMSG-13992]
Action.c(159): Notify: Next row for parameter street_address = 10 [table  = street_address].	[MsgId: MMSG-13876]
Action.c(159): Notify: Parameter Substitution: parameter "street_address" =  "Lenina"	[MsgId: MMSG-13992]
Action.c(159): Notify: Next row for parameter city = 10 [table  = city].	[MsgId: MMSG-13876]
Action.c(159): Notify: Parameter Substitution: parameter "city" =  "Yral"	[MsgId: MMSG-13992]
Action.c(159): Notify: Next row for parameter first_name = 10 [table  = first_name].	[MsgId: MMSG-13876]
Action.c(159): Notify: Parameter Substitution: parameter "first_name" =  "Yura"	[MsgId: MMSG-13992]
Action.c(159): Notify: Next row for parameter last_name = 10 [table  = last_name].	[MsgId: MMSG-13876]
Action.c(159): Notify: Parameter Substitution: parameter "last_name" =  "Kazakov"	[MsgId: MMSG-13992]
Action.c(159): Notify: Parameter Substitution: parameter "first_name2" =  "Petr"	[MsgId: MMSG-13992]
Action.c(159): Notify: Next row for parameter last_name2 = 1 [table  = last_name2].	[MsgId: MMSG-13876]
Action.c(159): Notify: Parameter Substitution: parameter "last_name2" =  "Petrov"	[MsgId: MMSG-13992]
Action.c(159): Notify: Parameter Substitution: parameter "first_name3" =  "Ivan"	[MsgId: MMSG-13992]
Action.c(159): Notify: Next row for parameter last_name3 = 2 [table  = last_name3].	[MsgId: MMSG-13876]
Action.c(159): Notify: Parameter Substitution: parameter "last_name3" =  "Ivanov"	[MsgId: MMSG-13992]
Action.c(159): Notify: Next row for parameter credit_card = 10 [table  = credit_card].	[MsgId: MMSG-13876]
Action.c(159): Notify: Parameter Substitution: parameter "credit_card" =  "100000"	[MsgId: MMSG-13992]
Action.c(159): Notify: Next row for parameter exp_date = 10 [table  = exp_date].	[MsgId: MMSG-13876]
Action.c(159): Notify: Parameter Substitution: parameter "exp_date" =  "05/23"	[MsgId: MMSG-13992]
Action.c(159): Notify: Parameter Substitution: parameter "countPass" =  "3"	[MsgId: MMSG-13992]
Action.c(159): Notify: Next row for parameter type_of_seat = 10 [table  = type_of_seat].	[MsgId: MMSG-13876]
Action.c(159): Notify: Parameter Substitution: parameter "type_of_seat" =  "First"	[MsgId: MMSG-13992]
Action.c(159): Notify: Next row for parameter seating_preference = 10 [table  = seating_preference].	[MsgId: MMSG-13876]
Action.c(159): Notify: Parameter Substitution: parameter "seating_preference" =  "Aisle"	[MsgId: MMSG-13992]
Action.c(159): Notify: Parameter Substitution: parameter "outboundFlight" =  "452;1101;07/05/2023"	[MsgId: MMSG-13992]
Action.c(159): Notify: Parameter Substitution: parameter "returnFlight" =  "542;1101;08/05/2023"	[MsgId: MMSG-13992]
Action.c(159): t=1909311ms: Already connected [0] to localhost:1080  	[MsgId: MMSG-26000]
Action.c(159): t=1909311ms: 843-byte request headers for "http://localhost:1080/cgi-bin/reservations.pl" (RelFrameId=1, Internal ID=2693)
Action.c(159):     POST /cgi-bin/reservations.pl HTTP/1.1\r\n
Action.c(159):     Content-Type: application/x-www-form-urlencoded\r\n
Action.c(159):     Referer: http://localhost:1080/cgi-bin/reservations.pl\r\n
Action.c(159):     Sec-Fetch-Dest: frame\r\n
Action.c(159):     Sec-Fetch-Mode: navigate\r\n
Action.c(159):     Sec-Fetch-Site: same-origin\r\n
Action.c(159):     Upgrade-Insecure-Requests: 1\r\n
Action.c(159):     sec-ch-ua: "Chromium";v="112", "Google Chrome";v="112", "Not:A-Brand";v="99"\r\n
Action.c(159):     sec-ch-ua-mobile: ?0\r\n
Action.c(159):     sec-ch-ua-platform: "Windows"\r\n
Action.c(159):     Origin: http://localhost:1080\r\n
Action.c(159):     Sec-Fetch-User: ?1\r\n
Action.c(159):     User-Agent: Crashpad/0.8.0 WinHTTP/10.0.19041.2673 Windows_NT/10.0.19041.2788 (x64)\r\n
Action.c(159):     Accept-Encoding: gzip, deflate, br\r\n
Action.c(159):     Accept-Language: ru-RU,ru;q=0.9,en-US;q=0.8,en;q=0.7\r\n
Action.c(159):     Accept: */*\r\n
Action.c(159):     Connection: Keep-Alive\r\n
Action.c(159):     Host: localhost:1080\r\n
Action.c(159):     Cookie: MSO=SID&1683789240; MTUserInfo=firstName&Yura&address2&Yral&username&vivs&hash&51&
Action.c(159):     lastName&Kazakov%0A&address1&Lenina&creditCard&&expDate&%0A\r\n
Action.c(159):     Content-Length: 390\r\n
Action.c(159):     \r\n
Action.c(159): t=1909311ms: 390-byte request body for "http://localhost:1080/cgi-bin/reservations.pl" (RelFrameId=1, Internal ID=2693)
Action.c(159):     firstName=Yura&lastName=Kazakov&address1=Lenina&address2=Yral&pass1=Yura+Kazakov&pass2=Pet
Action.c(159):     r+Petrov&pass3=Ivan+Ivanov&creditCard=100000&expDate=05%2F23&saveCC=on&oldCCOption=on&numP
Action.c(159):     assengers=3&seatType=First&seatPref=Aisle&outboundFlight=452%3B1101%3B07%2F05%2F2023&advan
Action.c(159):     ceDiscount=0&returnFlight=542%3B1101%3B08%2F05%2F2023&JSFormSubmit=off&buyFlights.x=44&buy
Action.c(159):     Flights.y=10&.cgifields=saveCC
Action.c(159): t=1909421ms: 408-byte response headers for "http://localhost:1080/cgi-bin/reservations.pl" (RelFrameId=1, Internal ID=2693)
Action.c(159):     HTTP/1.1 200 OK\r\n
Action.c(159):     Date: Thu, 11 May 2023 07:14:01 GMT\r\n
Action.c(159):     Server: Apache/2.2.21 (Win32)\r\n
Action.c(159):     Expires: Wed, 10 May 2023 07:14:01 GMT\r\n
Action.c(159):     Set-Cookie: MTUserInfo=firstName&Yura&username&vivs&address2&Yral&hash&51&expDate&05%2F23&
Action.c(159):     creditCard&100000&address1&Lenina&lastName&Kazakov%0A; path=/\r\n
Action.c(159):     Keep-Alive: timeout=5, max=91\r\n
Action.c(159):     Connection: Keep-Alive\r\n
Action.c(159):     Transfer-Encoding: chunked\r\n
Action.c(159):     Content-Type: text/html; charset=ISO-8859-1\r\n
Action.c(159):     \r\n
Action.c(159): t=1909421ms: 5-byte chunked response overhead for "http://localhost:1080/cgi-bin/reservations.pl" (RelFrameId=1, Internal ID=2693)
Action.c(159):     9ff\r\n
Action.c(159): t=1909421ms: 2-byte chunked response overhead for "http://localhost:1080/cgi-bin/reservations.pl" (RelFrameId=1, Internal ID=2693)
Action.c(159):     \r\n
Action.c(159): t=1909421ms: 2559-byte chunked response body for "http://localhost:1080/cgi-bin/reservations.pl" (RelFrameId=1, Internal ID=2693)
Action.c(159):     <!DOCTYPE html\n
Action.c(159):     \tPUBLIC "-//W3C//DTD XHTML 1.0 Transitional//EN"\n
Action.c(159):     \t "http://www.w3.org/TR/xhtml1/DTD/xhtml1-transitional.dtd">\n
Action.c(159):     <html xmlns="http://www.w3.org/1999/xhtml" lang="en-US" xml:lang="en-US">\n
Action.c(159):     <head>\n
Action.c(159):     <title>Reservation Made!</title>\n
Action.c(159):     <meta http-equiv="Content-Type" content="text/html; charset=iso-8859-1" />\n
Action.c(159):     </head>\n
Action.c(159):     <body bgcolor="#E0E7F1">\n
Action.c(159):     <style>blockquote {font-family: tahoma; font-size : 10pt}H1 {font-family: tahoma; font-siz
Action.c(159):     e : 22pt; color: #993333}small {font-family: tahoma; font-size : 8pt}H3 {font-family: taho
Action.c(159):     ma; font-size : 10pt; color: black}TD {font-family: tahoma; font-size : 10pt; color: black
Action.c(159):     }</style><BR/><BR/><h1><font color="#003366">&nbsp;&nbsp;<b>Invoice</font></b></h1><blockq
Action.c(159):     uote>\n
Action.c(159):     <CENTER>\n
Action.c(159):     <small><B>Thank you for booking through Web Tours.</B></small>\n
Action.c(159):     <BR/>\n
Action.c(159):     <BR/>\n
Action.c(159):     <!-- Customer Name header -->\n
Action.c(159):     <Table width="85%" border="0" cellspacing="0" >\n
Action.c(159):       <TR bgcolor="#5E7884">\n
Action.c(159):          <TD colspan="2" align="center">\n
Action.c(159):             <font color="white"><b>YuraKazakov's Flight Invoice</b></font>\n
Action.c(159):          </TD>\n
Action.c(159):          <TD width="160" align="right">\n
Action.c(159):              <font color="white"><small>Thu May 11 12:14:01 2023\n
Action.c(159):     </small>\n
Action.c(159):          </TD>\n
Action.c(159):       </TR>\n
Action.c(159):     </Table>\n
Action.c(159):     \n
Action.c(159):     <Table width="85%" border="0" cellspacing="1" >\n
Action.c(159):     <!-- Flight Item header -->\n
Action.c(159):       <TR bgcolor="#EFF2F7">\n
Action.c(159):          <TD colspan="2" align="left">\n
Action.c(159):              Flights Reservation Requests:\n
Action.c(159):         </TD>\n
Action.c(159):         <TD align="center">Cost\n
Action.c(159):         </TD>\n
Action.c(159):       </TR>\n
Action.c(159):     \n
Action.c(159):     <!-- Flight reserved -->\n
Action.c(159):     <TR bgcolor="#EFF2F7">\n
Action.c(159):         <TD valign="top">1.</TD>\n
Action.c(159):         <TD align="left">\n
Action.c(159):            <b><u>3 First Class tickets from Paris to Portland.</u></b>\n
Action.c(159):     <br/>\n
Action.c(159):     <center>\n
Action.c(159):            <i>\n
Action.c(159):               07/05/2023 :  5pm : Flight 452 leaves Paris  for Portland.<br>\n
Action.c(159):               08/05/2023 :  5pm : Flight 542 leaves Portland  for Paris.<br><br/>\n
Action.c(159):            <br/>\n
Action.c(159):         </TD>\n
Action.c(159):         <TD valign="top">\n
Action.c(159):              $6606\n
Action.c(159):         </TD>\n
Action.c(159):       </TR>\n
Action.c(159):     <!-- Total Cost -->\n
Action.c(159):       <TR bgcolor="#EFF2F7">\n
Action.c(159):         <TD>*\n
Action.c(159):         </TD>\n
Action.c(159):         <TD > Total Cost\n
Action.c(159):         </TD>\n
Action.c(159):         <TD>\n
Action.c(159):            <b> $6606 </b>\n
Action.c(159):         </TD>\n
Action.c(159):       </TR>\n
Action.c(159):     \n
Action.c(159):       <TR bgcolor="#EFF2F7">\n
Action.c(159):         <TD>-\n
Action.c(159):         </TD>\n
Action.c(159):         <TD >\n
Action.c(159):            Total Charged to Credit Card # 100000\n
Action.c(159):         </TD>\n
Action.c(159):         <TD>\n
Action.c(159):            <b> $6606 </b>\n
Action.c(159):         </TD>\n
Action.c(159):       </TR>\n
Action.c(159):     \n
Action.c(159):       <TR bgcolor="#EFF2F7">\n
Action.c(159):         <TD>*\n
Action.c(159):         </TD>\n
Action.c(159):         <TD >\n
Action.c(159):             Credit Account Balance\n
Action.c(159):         </TD>\n
Action.c(159):         <TD>\n
Action.c(159):            <b> $0.00 </b>\n
Action.c(159):         </TD>\n
Action.c(159):       </TR></Table>\n
Action.c(159):     <BR/>\n
Action.c(159):     <Table width="85%" border="0">\n
Action.c(159):       <tr>\n
Action.c(159):         <td align=right>\n
Action.c(159):     <form method="post" action="" enctype="application/x-www-form-urlencoded">\n
Action.c(159):     <input type="image" name="Book Another" src="/WebTours/images/bookanother.gif" border="0" 
Action.c(159):     /></form>    </td>\n
Action.c(159):       </tr>\n
Action.c(159):     </Table>\n
Action.c(159):     \n
Action.c(159):     </Center>\n
Action.c(159):     \n
Action.c(159):     </body>\n
Action.c(159):     </html>
Action.c(159): Found resource "http://localhost:1080/WebTours/images/bookanother.gif" in HTML "http://localhost:1080/cgi-bin/reservations.pl"  	[MsgId: MMSG-26659]
Action.c(159): t=1909436ms: Already connected [1] to localhost:1080  	[MsgId: MMSG-26000]
Action.c(159): t=1909436ms: 790-byte request headers for "http://localhost:1080/WebTours/images/bookanother.gif" (RelFrameId=, Internal ID=2694)
Action.c(159):     GET /WebTours/images/bookanother.gif HTTP/1.1\r\n
Action.c(159):     Referer: http://localhost:1080/cgi-bin/reservations.pl\r\n
Action.c(159):     Sec-Fetch-Dest: frame\r\n
Action.c(159):     Sec-Fetch-Mode: navigate\r\n
Action.c(159):     Sec-Fetch-Site: same-origin\r\n
Action.c(159):     Upgrade-Insecure-Requests: 1\r\n
Action.c(159):     sec-ch-ua: "Chromium";v="112", "Google Chrome";v="112", "Not:A-Brand";v="99"\r\n
Action.c(159):     sec-ch-ua-mobile: ?0\r\n
Action.c(159):     sec-ch-ua-platform: "Windows"\r\n
Action.c(159):     Origin: http://localhost:1080\r\n
Action.c(159):     Sec-Fetch-User: ?1\r\n
Action.c(159):     User-Agent: Crashpad/0.8.0 WinHTTP/10.0.19041.2673 Windows_NT/10.0.19041.2788 (x64)\r\n
Action.c(159):     Accept-Encoding: gzip, deflate, br\r\n
Action.c(159):     Accept-Language: ru-RU,ru;q=0.9,en-US;q=0.8,en;q=0.7\r\n
Action.c(159):     Accept: */*\r\n
Action.c(159):     Connection: Keep-Alive\r\n
Action.c(159):     Host: localhost:1080\r\n
Action.c(159):     Cookie: MSO=SID&1683789240; MTUserInfo=firstName&Yura&username&vivs&address2&Yral&hash&51&
Action.c(159):     expDate&05%2F23&creditCard&100000&address1&Lenina&lastName&Kazakov%0A\r\n
Action.c(159):     \r\n
Action.c(159): t=1909436ms: 5-byte chunked response overhead for "http://localhost:1080/cgi-bin/reservations.pl" (RelFrameId=1, Internal ID=2693)
Action.c(159):     0\r\n
Action.c(159):     \r\n
Action.c(159): t=1909436ms: Request done "http://localhost:1080/cgi-bin/reservations.pl"  	[MsgId: MMSG-26000]
Action.c(159): t=1909436ms: 297-byte response headers for "http://localhost:1080/WebTours/images/bookanother.gif" (RelFrameId=, Internal ID=2694)
Action.c(159):     HTTP/1.1 200 OK\r\n
Action.c(159):     Date: Thu, 11 May 2023 07:14:01 GMT\r\n
Action.c(159):     Server: Apache/2.2.21 (Win32)\r\n
Action.c(159):     Last-Modified: Thu, 12 Jan 2012 13:30:28 GMT\r\n
Action.c(159):     ETag: "b0000000994f3-326-4b654c0620500"\r\n
Action.c(159):     Accept-Ranges: bytes\r\n
Action.c(159):     Content-Length: 806\r\n
Action.c(159):     Keep-Alive: timeout=5, max=90\r\n
Action.c(159):     Connection: Keep-Alive\r\n
Action.c(159):     Content-Type: image/gif\r\n
Action.c(159):     \r\n
Action.c(159): t=1909436ms: 806-byte response body for "http://localhost:1080/WebTours/images/bookanother.gif" (RelFrameId=, Internal ID=2694)
Action.c(159): t=1909436ms: Request done "http://localhost:1080/WebTours/images/bookanother.gif"  	[MsgId: MMSG-26000]
Action.c(159): Registered web_reg_find successful for "Text=<b>YuraKazakov's Flight Invoice</b>" (count=1)  	[MsgId: MMSG-26364]
Action.c(159): web_submit_data("reservations.pl_3") was successful, 3365 body bytes, 705 header bytes, 12 chunking overhead bytes  	[MsgId: MMSG-26385]
Action.c(191): Notify: Transaction "payment_details" ended with a "Pass" status (Duration: 0,1250).	[MsgId: MMSG-16873]
Action.c(192): Notify: Transaction "Itinerary Button" started.	[MsgId: MMSG-16999]
Action.c(194): web_remove_auto_header("Origin") started  	[MsgId: MMSG-26355]
Action.c(194): Previous automatically added web header for "Origin" removed  	[MsgId: MMSG-26587]
Action.c(194): web_remove/revert_auto_header("Origin") was successful  	[MsgId: MMSG-26392]
Action.c(195): web_url("Itinerary Button") started  	[MsgId: MMSG-26355]
Action.c(195): Warning: The string 'page' with parameter delimiters is not a parameter.	[MsgId: MWAR-13987]
Action.c(195): t=1909436ms: Already connected [0] to localhost:1080  	[MsgId: MMSG-26000]
Action.c(195): t=1909436ms: 770-byte request headers for "http://localhost:1080/cgi-bin/welcome.pl?page={page}" (RelFrameId=1, Internal ID=2695)
Action.c(195):     GET /cgi-bin/welcome.pl?page={page} HTTP/1.1\r\n
Action.c(195):     Referer: http://localhost:1080/cgi-bin/nav.pl?page=menu&in=flights\r\n
Action.c(195):     Sec-Fetch-Dest: frame\r\n
Action.c(195):     Sec-Fetch-Mode: navigate\r\n
Action.c(195):     Sec-Fetch-Site: same-origin\r\n
Action.c(195):     Upgrade-Insecure-Requests: 1\r\n
Action.c(195):     sec-ch-ua: "Chromium";v="112", "Google Chrome";v="112", "Not:A-Brand";v="99"\r\n
Action.c(195):     sec-ch-ua-mobile: ?0\r\n
Action.c(195):     sec-ch-ua-platform: "Windows"\r\n
Action.c(195):     Sec-Fetch-User: ?1\r\n
Action.c(195):     User-Agent: Crashpad/0.8.0 WinHTTP/10.0.19041.2673 Windows_NT/10.0.19041.2788 (x64)\r\n
Action.c(195):     Accept-Encoding: gzip, deflate, br\r\n
Action.c(195):     Accept-Language: ru-RU,ru;q=0.9,en-US;q=0.8,en;q=0.7\r\n
Action.c(195):     Accept: */*\r\n
Action.c(195):     Connection: Keep-Alive\r\n
Action.c(195):     Host: localhost:1080\r\n
Action.c(195):     Cookie: MSO=SID&1683789240; MTUserInfo=firstName&Yura&username&vivs&address2&Yral&hash&51&
Action.c(195):     expDate&05%2F23&creditCard&100000&address1&Lenina&lastName&Kazakov%0A\r\n
Action.c(195):     \r\n
Action.c(195): t=1909514ms: 215-byte response headers for "http://localhost:1080/cgi-bin/welcome.pl?page={page}" (RelFrameId=1, Internal ID=2695)
Action.c(195):     HTTP/1.1 200 OK\r\n
Action.c(195):     Date: Thu, 11 May 2023 07:14:01 GMT\r\n
Action.c(195):     Server: Apache/2.2.21 (Win32)\r\n
Action.c(195):     Keep-Alive: timeout=5, max=90\r\n
Action.c(195):     Connection: Keep-Alive\r\n
Action.c(195):     Transfer-Encoding: chunked\r\n
Action.c(195):     Content-Type: text/html; charset=ISO-8859-1\r\n
Action.c(195):     \r\n
Action.c(195): t=1909514ms: 5-byte chunked response overhead for "http://localhost:1080/cgi-bin/welcome.pl?page={page}" (RelFrameId=1, Internal ID=2695)
Action.c(195):     2ae\r\n
Action.c(195): t=1909514ms: 2-byte chunked response overhead for "http://localhost:1080/cgi-bin/welcome.pl?page={page}" (RelFrameId=1, Internal ID=2695)
Action.c(195):     \r\n
Action.c(195): t=1909514ms: 686-byte chunked response body for "http://localhost:1080/cgi-bin/welcome.pl?page={page}" (RelFrameId=1, Internal ID=2695)
Action.c(195):     <!-- \n
Action.c(195):      A Session ID has been created and loaded into a cookie called MSO.\n
Action.c(195):      Also, the server options have been loaded into the cookie called\n
Action.c(195):      MSO as well.  The server options can be set via the Admin page.\n
Action.c(195):      --->\n
Action.c(195):     \n
Action.c(195):     <html>\n
Action.c(195):     <title>Web Tours</title>\n
Action.c(195):        <!-- Frame Set -->\n
Action.c(195):        <frameset cols="160,*" border="1" frameborder="1">\n
Action.c(195):           <!-- Navigation Frame -->\n
Action.c(195):           <frame src="nav.pl?in=home" name="navbar" marginheight="2" marginwidth="2" \n
Action.c(195):                 noresize="noresize" scrolling="auto"/>\n
Action.c(195):           <!-- Home Frame -->\n
Action.c(195):           <frame src="/WebTours/home.html" name="info" marginheight="2" marginwidth="2" \n
Action.c(195):                 noresize="noresize" scrolling="auto"/>\n
Action.c(195):        </frameset>\n
Action.c(195):     </html>\n
Action.c(195):     \n
Action.c(195):     </body>\n
Action.c(195):     </html>
Action.c(195): Detected non-resource "http://localhost:1080/cgi-bin/nav.pl?in=home" in "http://localhost:1080/cgi-bin/welcome.pl?page={page}"  	[MsgId: MMSG-26574]
Action.c(195): Detected non-resource "http://localhost:1080/WebTours/home.html" in "http://localhost:1080/cgi-bin/welcome.pl?page={page}"  	[MsgId: MMSG-26574]
Action.c(195): Retrieving data from cache for "http://localhost:1080/WebTours/home.html"  	[MsgId: MMSG-26558]
Action.c(195): t=1909514ms: 1361-byte response body retrieved from cache for "http://localhost:1080/WebTours/home.html" (RelFrameId=1.2, Internal ID=2697)
Action.c(195):     <HTML>\n
Action.c(195):     <HEAD>\n
Action.c(195):     \t<title>Web Tours</title>\n
Action.c(195):     </HEAD>\n
Action.c(195):     <style>\n
Action.c(195):     \tblockquote {font-family: tahoma; font-size : 10pt}\n
Action.c(195):     \tH1 {font-family: tahoma; font-size : 22pt; color: #003366}\n
Action.c(195):     \tsmall {font-family: tahoma; font-size : 8pt}\n
Action.c(195):     \tH3{font-family: tahoma; font-size : 10pt; color: black}\n
Action.c(195):     \tA {FONT-WEIGHT: bold; FONT-SIZE: 10pt; COLOR: black; FONT-FAMILY: Tahoma; TEXT-DECORATIO
Action.c(195):     N: none}\n
Action.c(195):     \tA:hover{ FONT-WEIGHT: bold; FONT-SIZE: 10pt; COLOR: #993333; FONT-FAMILY: Tahoma;TEXT-DE
Action.c(195):     CORATION: underline}\n
Action.c(195):     \tTD {font-family: tahoma; font-size : 10pt; color: black}\n
Action.c(195):     </style>\n
Action.c(195):     <body bgcolor="#e0e7f1">\n
Action.c(195):     <BR/>\n
Action.c(195):     <BR/>\n
Action.c(195):     <BR/>\n
Action.c(195):     <br/>\n
Action.c(195):     <table border="0">\n
Action.c(195):     <tr><td></td></tr>\n
Action.c(195):     <TR><TD></TD></TR>\n
Action.c(195):     <TR><TD>\n
Action.c(195):     <blockquote>\n
Action.c(195):     <H1><b>Web Tours</b></H1>\n
Action.c(195):     Welcome to the Web Tours site.\n
Action.c(195):     <br/>\n
Action.c(195):     To make reservations,please enter your account information to the left.\n
Action.c(195):     <br/>\n
Action.c(195):     If you haven't registered yet, <A href="/cgi-bin/login.pl?username=&amp;password=&amp;getI
Action.c(195):     nfo=true" ><B>sign up now</B></A> to get access to all our resources.\n
Action.c(195):     <br/>\n
Action.c(195):     To configure the server options, use <A href="/cgi-bin/admin.pl" target="body" ><b>adminis
Action.c(195):     tration</b></A> link.\n
Action.c(195):     <br/><br/><br/><br/><br/><br/>\n
Action.c(195):     <br/><small>\n
Action.c(195):     This product uses parts of the SMT Kernel, Copyright (c) 1991-99 <A href="http://www.imati
Action.c(195):     x.com" target="new"><B><small>iMatix Corporation</small></B></A> \n
Action.c(195):     </small>\n
Action.c(195):     </blockquote></TD>\n
Action.c(195):     <TD></TD></TR>\n
Action.c(195):     </table>\n
Action.c(195):     </body>\n
Action.c(195):     </HTML>\n
Action.c(195): t=1909514ms: 5-byte chunked response overhead for "http://localhost:1080/cgi-bin/welcome.pl?page={page}" (RelFrameId=1, Internal ID=2695)
Action.c(195):     0\r\n
Action.c(195):     \r\n
Action.c(195): t=1909514ms: Request done "http://localhost:1080/cgi-bin/welcome.pl?page={page}"  	[MsgId: MMSG-26000]
Action.c(195): t=1909514ms: Already connected [1] to localhost:1080  	[MsgId: MMSG-26000]
Action.c(195): t=1909514ms: 757-byte request headers for "http://localhost:1080/cgi-bin/nav.pl?in=home" (RelFrameId=1.1, Internal ID=2696)
Action.c(195):     GET /cgi-bin/nav.pl?in=home HTTP/1.1\r\n
Action.c(195):     Referer: http://localhost:1080/cgi-bin/welcome.pl?page={page}\r\n
Action.c(195):     Sec-Fetch-Dest: frame\r\n
Action.c(195):     Sec-Fetch-Mode: navigate\r\n
Action.c(195):     Sec-Fetch-Site: same-origin\r\n
Action.c(195):     Upgrade-Insecure-Requests: 1\r\n
Action.c(195):     sec-ch-ua: "Chromium";v="112", "Google Chrome";v="112", "Not:A-Brand";v="99"\r\n
Action.c(195):     sec-ch-ua-mobile: ?0\r\n
Action.c(195):     sec-ch-ua-platform: "Windows"\r\n
Action.c(195):     Sec-Fetch-User: ?1\r\n
Action.c(195):     User-Agent: Crashpad/0.8.0 WinHTTP/10.0.19041.2673 Windows_NT/10.0.19041.2788 (x64)\r\n
Action.c(195):     Accept-Encoding: gzip, deflate, br\r\n
Action.c(195):     Accept-Language: ru-RU,ru;q=0.9,en-US;q=0.8,en;q=0.7\r\n
Action.c(195):     Accept: */*\r\n
Action.c(195):     Connection: Keep-Alive\r\n
Action.c(195):     Host: localhost:1080\r\n
Action.c(195):     Cookie: MSO=SID&1683789240; MTUserInfo=firstName&Yura&username&vivs&address2&Yral&hash&51&
Action.c(195):     expDate&05%2F23&creditCard&100000&address1&Lenina&lastName&Kazakov%0A\r\n
Action.c(195):     \r\n
Action.c(195): t=1909561ms: 255-byte response headers for "http://localhost:1080/cgi-bin/nav.pl?in=home" (RelFrameId=1.1, Internal ID=2696)
Action.c(195):     HTTP/1.1 200 OK\r\n
Action.c(195):     Date: Thu, 11 May 2023 07:14:01 GMT\r\n
Action.c(195):     Server: Apache/2.2.21 (Win32)\r\n
Action.c(195):     Expires: Wed, 10 May 2023 07:14:01 GMT\r\n
Action.c(195):     Keep-Alive: timeout=5, max=89\r\n
Action.c(195):     Connection: Keep-Alive\r\n
Action.c(195):     Transfer-Encoding: chunked\r\n
Action.c(195):     Content-Type: text/html; charset=ISO-8859-1\r\n
Action.c(195):     \r\n
Action.c(195): t=1909561ms: 5-byte chunked response overhead for "http://localhost:1080/cgi-bin/nav.pl?in=home" (RelFrameId=1.1, Internal ID=2696)
Action.c(195):     5c8\r\n
Action.c(195): t=1909561ms: 2-byte chunked response overhead for "http://localhost:1080/cgi-bin/nav.pl?in=home" (RelFrameId=1.1, Internal ID=2696)
Action.c(195):     \r\n
Action.c(195): t=1909561ms: 1480-byte chunked response body for "http://localhost:1080/cgi-bin/nav.pl?in=home" (RelFrameId=1.1, Internal ID=2696)
Action.c(195):     <!DOCTYPE html\n
Action.c(195):     \tPUBLIC "-//W3C//DTD XHTML 1.0 Transitional//EN"\n
Action.c(195):     \t "http://www.w3.org/TR/xhtml1/DTD/xhtml1-transitional.dtd">\n
Action.c(195):     <html xmlns="http://www.w3.org/1999/xhtml" lang="en-US" xml:lang="en-US">\n
Action.c(195):     <head>\n
Action.c(195):     <title>Web Tours Navigation Bar</title>\n
Action.c(195):     <meta http-equiv="Content-Type" content="text/html; charset=iso-8859-1" />\n
Action.c(195):     </head>\n
Action.c(195):     <body bgcolor="#E0E7F1">\n
Action.c(195):     <style>\n
Action.c(195):     blockquote {font-family: tahoma; font-size : 10pt}\n
Action.c(195):     H1 {font-family: tahoma; font-size : 22pt; color: #993333}\n
Action.c(195):     H3 {font-family: tahoma; font-size : 10pt; color: black}\n
Action.c(195):     small {font-family: tahoma; font-size : 8pt}\n
Action.c(195):     </style>\n
Action.c(195):     <form method="post" action="/cgi-bin/login.pl" target="body">\n
Action.c(195):     <input type="hidden" name="userSession" value="136394.430133657HAVfHiipftcAQtpHDV"/>\n
Action.c(195):     <table border="0"><tr><td>&nbsp;</td>\n
Action.c(195):     <td>&nbsp;</td></tr>\n
Action.c(195):     <tr><td>&nbsp;</td>\n
Action.c(195):     <td>&nbsp;</td></tr>\n
Action.c(195):     <tr><td>&nbsp;</td>\n
Action.c(195):     <td><small>&nbsp;Username</small></td></tr>\n
Action.c(195):     <tr><td>&nbsp;</td>\n
Action.c(195):     <td><input type="text" name="username" value="" size="14" maxlength="14"/></td></tr>\n
Action.c(195):     <tr><td>&nbsp;</td>\n
Action.c(195):     <td><small>&nbsp;Password</small></td>\n
Action.c(195):     <tr><td>&nbsp;</td>\n
Action.c(195):     <td><input type="password" name="password" value="" size="14" maxlength="14"/></td></tr>\n
Action.c(195):     <tr><td>&nbsp;</td>\n
Action.c(195):     <td>&nbsp;</td></tr>\n
Action.c(195):     <tr><td>&nbsp;</td>\n
Action.c(195):     <td><input type="image" name="login" value="Login" alt="Login" border="1" \n
Action.c(195):     src="/WebTours/images/mer_login.gif"/></td></tr>\n
Action.c(195):     <tr><td>&nbsp;</td><td>&nbsp;</td></tr>\n
Action.c(195):     </table><input type="hidden" name="JSFormSubmit" value="off"/>\n
Action.c(195):     </form>\n
Action.c(195):     \n
Action.c(195):     </body>\n
Action.c(195):     </html>\n
Action.c(195): Resource "http://localhost:1080/WebTours/images/mer_login.gif" is in the cache already and will not be downloaded again  	[MsgId: MMSG-26655]
Action.c(195): t=1909577ms: 5-byte chunked response overhead for "http://localhost:1080/cgi-bin/nav.pl?in=home" (RelFrameId=1.1, Internal ID=2696)
Action.c(195):     0\r\n
Action.c(195):     \r\n
Action.c(195): t=1909577ms: Request done "http://localhost:1080/cgi-bin/nav.pl?in=home"  	[MsgId: MMSG-26000]
Action.c(195): web_url("Itinerary Button") was successful, 2166 body bytes, 470 header bytes, 24 chunking overhead bytes  	[MsgId: MMSG-26385]
Action.c(205): Notify: Transaction "Itinerary Button" ended with a "Pass" status (Duration: 0,1406).	[MsgId: MMSG-16873]
Action.c(206): Notify: Transaction "log_out" started.	[MsgId: MMSG-16999]
..\\Parameters\\common_lib.h(32): web_remove_auto_header("Origin") started  	[MsgId: MMSG-26355]
..\\Parameters\\common_lib.h(32): Warning -26590: web_remove/revert_auto_header for "Origin" had no effect  	[MsgId: MWAR-26590]
..\\Parameters\\common_lib.h(32): web_remove/revert_auto_header("Origin") highest severity level was "warning"  	[MsgId: MMSG-26391]
..\\Parameters\\common_lib.h(34): web_reg_find started  	[MsgId: MMSG-26355]
..\\Parameters\\common_lib.h(34): Registering web_reg_find was successful  	[MsgId: MMSG-26390]
..\\Parameters\\common_lib.h(37): web_url("SignOff Button") started  	[MsgId: MMSG-26355]
..\\Parameters\\common_lib.h(37): t=1909577ms: Already connected [0] to localhost:1080  	[MsgId: MMSG-26000]
..\\Parameters\\common_lib.h(37): t=1909577ms: 768-byte request headers for "http://localhost:1080/cgi-bin/welcome.pl?signOff=1" (RelFrameId=1, Internal ID=2698)
..\\Parameters\\common_lib.h(37):     GET /cgi-bin/welcome.pl?signOff=1 HTTP/1.1\r\n
..\\Parameters\\common_lib.h(37):     Referer: http://localhost:1080/cgi-bin/nav.pl?page=menu&in=flights\r\n
..\\Parameters\\common_lib.h(37):     Sec-Fetch-Dest: frame\r\n
..\\Parameters\\common_lib.h(37):     Sec-Fetch-Mode: navigate\r\n
..\\Parameters\\common_lib.h(37):     Sec-Fetch-Site: same-origin\r\n
..\\Parameters\\common_lib.h(37):     Upgrade-Insecure-Requests: 1\r\n
..\\Parameters\\common_lib.h(37):     sec-ch-ua: "Chromium";v="112", "Google Chrome";v="112", "Not:A-Brand";v="99"\r\n
..\\Parameters\\common_lib.h(37):     sec-ch-ua-mobile: ?0\r\n
..\\Parameters\\common_lib.h(37):     sec-ch-ua-platform: "Windows"\r\n
..\\Parameters\\common_lib.h(37):     Sec-Fetch-User: ?1\r\n
..\\Parameters\\common_lib.h(37):     User-Agent: Crashpad/0.8.0 WinHTTP/10.0.19041.2673 Windows_NT/10.0.19041.2788 (x64)\r\n
..\\Parameters\\common_lib.h(37):     Accept-Encoding: gzip, deflate, br\r\n
..\\Parameters\\common_lib.h(37):     Accept-Language: ru-RU,ru;q=0.9,en-US;q=0.8,en;q=0.7\r\n
..\\Parameters\\common_lib.h(37):     Accept: */*\r\n
..\\Parameters\\common_lib.h(37):     Connection: Keep-Alive\r\n
..\\Parameters\\common_lib.h(37):     Host: localhost:1080\r\n
..\\Parameters\\common_lib.h(37):     Cookie: MSO=SID&1683789240; MTUserInfo=firstName&Yura&username&vivs&address2&Yral&hash&51&
..\\Parameters\\common_lib.h(37):     expDate&05%2F23&creditCard&100000&address1&Lenina&lastName&Kazakov%0A\r\n
..\\Parameters\\common_lib.h(37):     \r\n
..\\Parameters\\common_lib.h(37): t=1909608ms: 327-byte response headers for "http://localhost:1080/cgi-bin/welcome.pl?signOff=1" (RelFrameId=1, Internal ID=2698)
..\\Parameters\\common_lib.h(37):     HTTP/1.1 200 OK\r\n
..\\Parameters\\common_lib.h(37):     Date: Thu, 11 May 2023 07:14:01 GMT\r\n
..\\Parameters\\common_lib.h(37):     Server: Apache/2.2.21 (Win32)\r\n
..\\Parameters\\common_lib.h(37):     Set-Cookie: MSO=SID&1683789241; path=/\r\n
..\\Parameters\\common_lib.h(37):     Set-Cookie: MTUserInfo=; path=/; expires=Wed, 10-May-2023 07:14:01 GMT\r\n
..\\Parameters\\common_lib.h(37):     Keep-Alive: timeout=5, max=89\r\n
..\\Parameters\\common_lib.h(37):     Connection: Keep-Alive\r\n
..\\Parameters\\common_lib.h(37):     Transfer-Encoding: chunked\r\n
..\\Parameters\\common_lib.h(37):     Content-Type: text/html; charset=ISO-8859-1\r\n
..\\Parameters\\common_lib.h(37):     \r\n
..\\Parameters\\common_lib.h(37): t=1909608ms: 5-byte chunked response overhead for "http://localhost:1080/cgi-bin/welcome.pl?signOff=1" (RelFrameId=1, Internal ID=2698)
..\\Parameters\\common_lib.h(37):     2ae\r\n
..\\Parameters\\common_lib.h(37): t=1909608ms: 2-byte chunked response overhead for "http://localhost:1080/cgi-bin/welcome.pl?signOff=1" (RelFrameId=1, Internal ID=2698)
..\\Parameters\\common_lib.h(37):     \r\n
..\\Parameters\\common_lib.h(37): t=1909608ms: 686-byte chunked response body for "http://localhost:1080/cgi-bin/welcome.pl?signOff=1" (RelFrameId=1, Internal ID=2698)
..\\Parameters\\common_lib.h(37):     <!-- \n
..\\Parameters\\common_lib.h(37):      A Session ID has been created and loaded into a cookie called MSO.\n
..\\Parameters\\common_lib.h(37):      Also, the server options have been loaded into the cookie called\n
..\\Parameters\\common_lib.h(37):      MSO as well.  The server options can be set via the Admin page.\n
..\\Parameters\\common_lib.h(37):      --->\n
..\\Parameters\\common_lib.h(37):     \n
..\\Parameters\\common_lib.h(37):     <html>\n
..\\Parameters\\common_lib.h(37):     <title>Web Tours</title>\n
..\\Parameters\\common_lib.h(37):        <!-- Frame Set -->\n
..\\Parameters\\common_lib.h(37):        <frameset cols="160,*" border="1" frameborder="1">\n
..\\Parameters\\common_lib.h(37):           <!-- Navigation Frame -->\n
..\\Parameters\\common_lib.h(37):           <frame src="nav.pl?in=home" name="navbar" marginheight="2" marginwidth="2" \n
..\\Parameters\\common_lib.h(37):                 noresize="noresize" scrolling="auto"/>\n
..\\Parameters\\common_lib.h(37):           <!-- Home Frame -->\n
..\\Parameters\\common_lib.h(37):           <frame src="/WebTours/home.html" name="info" marginheight="2" marginwidth="2" \n
..\\Parameters\\common_lib.h(37):                 noresize="noresize" scrolling="auto"/>\n
..\\Parameters\\common_lib.h(37):        </frameset>\n
..\\Parameters\\common_lib.h(37):     </html>\n
..\\Parameters\\common_lib.h(37):     \n
..\\Parameters\\common_lib.h(37):     </body>\n
..\\Parameters\\common_lib.h(37):     </html>
..\\Parameters\\common_lib.h(37): Detected non-resource "http://localhost:1080/cgi-bin/nav.pl?in=home" in "http://localhost:1080/cgi-bin/welcome.pl?signOff=1"  	[MsgId: MMSG-26574]
..\\Parameters\\common_lib.h(37): Detected non-resource "http://localhost:1080/WebTours/home.html" in "http://localhost:1080/cgi-bin/welcome.pl?signOff=1"  	[MsgId: MMSG-26574]
..\\Parameters\\common_lib.h(37): Retrieving data from cache for "http://localhost:1080/WebTours/home.html"  	[MsgId: MMSG-26558]
..\\Parameters\\common_lib.h(37): t=1909624ms: 1361-byte response body retrieved from cache for "http://localhost:1080/WebTours/home.html" (RelFrameId=1.2, Internal ID=2700)
..\\Parameters\\common_lib.h(37):     <HTML>\n
..\\Parameters\\common_lib.h(37):     <HEAD>\n
..\\Parameters\\common_lib.h(37):     \t<title>Web Tours</title>\n
..\\Parameters\\common_lib.h(37):     </HEAD>\n
..\\Parameters\\common_lib.h(37):     <style>\n
..\\Parameters\\common_lib.h(37):     \tblockquote {font-family: tahoma; font-size : 10pt}\n
..\\Parameters\\common_lib.h(37):     \tH1 {font-family: tahoma; font-size : 22pt; color: #003366}\n
..\\Parameters\\common_lib.h(37):     \tsmall {font-family: tahoma; font-size : 8pt}\n
..\\Parameters\\common_lib.h(37):     \tH3{font-family: tahoma; font-size : 10pt; color: black}\n
..\\Parameters\\common_lib.h(37):     \tA {FONT-WEIGHT: bold; FONT-SIZE: 10pt; COLOR: black; FONT-FAMILY: Tahoma; TEXT-DECORATIO
..\\Parameters\\common_lib.h(37):     N: none}\n
..\\Parameters\\common_lib.h(37):     \tA:hover{ FONT-WEIGHT: bold; FONT-SIZE: 10pt; COLOR: #993333; FONT-FAMILY: Tahoma;TEXT-DE
..\\Parameters\\common_lib.h(37):     CORATION: underline}\n
..\\Parameters\\common_lib.h(37):     \tTD {font-family: tahoma; font-size : 10pt; color: black}\n
..\\Parameters\\common_lib.h(37):     </style>\n
..\\Parameters\\common_lib.h(37):     <body bgcolor="#e0e7f1">\n
..\\Parameters\\common_lib.h(37):     <BR/>\n
..\\Parameters\\common_lib.h(37):     <BR/>\n
..\\Parameters\\common_lib.h(37):     <BR/>\n
..\\Parameters\\common_lib.h(37):     <br/>\n
..\\Parameters\\common_lib.h(37):     <table border="0">\n
..\\Parameters\\common_lib.h(37):     <tr><td></td></tr>\n
..\\Parameters\\common_lib.h(37):     <TR><TD></TD></TR>\n
..\\Parameters\\common_lib.h(37):     <TR><TD>\n
..\\Parameters\\common_lib.h(37):     <blockquote>\n
..\\Parameters\\common_lib.h(37):     <H1><b>Web Tours</b></H1>\n
..\\Parameters\\common_lib.h(37):     Welcome to the Web Tours site.\n
..\\Parameters\\common_lib.h(37):     <br/>\n
..\\Parameters\\common_lib.h(37):     To make reservations,please enter your account information to the left.\n
..\\Parameters\\common_lib.h(37):     <br/>\n
..\\Parameters\\common_lib.h(37):     If you haven't registered yet, <A href="/cgi-bin/login.pl?username=&amp;password=&amp;getI
..\\Parameters\\common_lib.h(37):     nfo=true" ><B>sign up now</B></A> to get access to all our resources.\n
..\\Parameters\\common_lib.h(37):     <br/>\n
..\\Parameters\\common_lib.h(37):     To configure the server options, use <A href="/cgi-bin/admin.pl" target="body" ><b>adminis
..\\Parameters\\common_lib.h(37):     tration</b></A> link.\n
..\\Parameters\\common_lib.h(37):     <br/><br/><br/><br/><br/><br/>\n
..\\Parameters\\common_lib.h(37):     <br/><small>\n
..\\Parameters\\common_lib.h(37):     This product uses parts of the SMT Kernel, Copyright (c) 1991-99 <A href="http://www.imati
..\\Parameters\\common_lib.h(37):     x.com" target="new"><B><small>iMatix Corporation</small></B></A> \n
..\\Parameters\\common_lib.h(37):     </small>\n
..\\Parameters\\common_lib.h(37):     </blockquote></TD>\n
..\\Parameters\\common_lib.h(37):     <TD></TD></TR>\n
..\\Parameters\\common_lib.h(37):     </table>\n
..\\Parameters\\common_lib.h(37):     </body>\n
..\\Parameters\\common_lib.h(37):     </HTML>\n
..\\Parameters\\common_lib.h(37): t=1909624ms: Already connected [1] to localhost:1080  	[MsgId: MMSG-26000]
..\\Parameters\\common_lib.h(37): t=1909624ms: 622-byte request headers for "http://localhost:1080/cgi-bin/nav.pl?in=home" (RelFrameId=1.1, Internal ID=2699)
..\\Parameters\\common_lib.h(37):     GET /cgi-bin/nav.pl?in=home HTTP/1.1\r\n
..\\Parameters\\common_lib.h(37):     Referer: http://localhost:1080/cgi-bin/welcome.pl?signOff=1\r\n
..\\Parameters\\common_lib.h(37):     Sec-Fetch-Dest: frame\r\n
..\\Parameters\\common_lib.h(37):     Sec-Fetch-Mode: navigate\r\n
..\\Parameters\\common_lib.h(37):     Sec-Fetch-Site: same-origin\r\n
..\\Parameters\\common_lib.h(37):     Upgrade-Insecure-Requests: 1\r\n
..\\Parameters\\common_lib.h(37):     sec-ch-ua: "Chromium";v="112", "Google Chrome";v="112", "Not:A-Brand";v="99"\r\n
..\\Parameters\\common_lib.h(37):     sec-ch-ua-mobile: ?0\r\n
..\\Parameters\\common_lib.h(37):     sec-ch-ua-platform: "Windows"\r\n
..\\Parameters\\common_lib.h(37):     Sec-Fetch-User: ?1\r\n
..\\Parameters\\common_lib.h(37):     User-Agent: Crashpad/0.8.0 WinHTTP/10.0.19041.2673 Windows_NT/10.0.19041.2788 (x64)\r\n
..\\Parameters\\common_lib.h(37):     Accept-Encoding: gzip, deflate, br\r\n
..\\Parameters\\common_lib.h(37):     Accept-Language: ru-RU,ru;q=0.9,en-US;q=0.8,en;q=0.7\r\n
..\\Parameters\\common_lib.h(37):     Accept: */*\r\n
..\\Parameters\\common_lib.h(37):     Connection: Keep-Alive\r\n
..\\Parameters\\common_lib.h(37):     Host: localhost:1080\r\n
..\\Parameters\\common_lib.h(37):     Cookie: MSO=SID&1683789241\r\n
..\\Parameters\\common_lib.h(37):     \r\n
..\\Parameters\\common_lib.h(37): t=1909624ms: 5-byte chunked response overhead for "http://localhost:1080/cgi-bin/welcome.pl?signOff=1" (RelFrameId=1, Internal ID=2698)
..\\Parameters\\common_lib.h(37):     0\r\n
..\\Parameters\\common_lib.h(37):     \r\n
..\\Parameters\\common_lib.h(37): t=1909624ms: Request done "http://localhost:1080/cgi-bin/welcome.pl?signOff=1"  	[MsgId: MMSG-26000]
..\\Parameters\\common_lib.h(37): t=1909671ms: 255-byte response headers for "http://localhost:1080/cgi-bin/nav.pl?in=home" (RelFrameId=1.1, Internal ID=2699)
..\\Parameters\\common_lib.h(37):     HTTP/1.1 200 OK\r\n
..\\Parameters\\common_lib.h(37):     Date: Thu, 11 May 2023 07:14:01 GMT\r\n
..\\Parameters\\common_lib.h(37):     Server: Apache/2.2.21 (Win32)\r\n
..\\Parameters\\common_lib.h(37):     Expires: Wed, 10 May 2023 07:14:01 GMT\r\n
..\\Parameters\\common_lib.h(37):     Keep-Alive: timeout=5, max=88\r\n
..\\Parameters\\common_lib.h(37):     Connection: Keep-Alive\r\n
..\\Parameters\\common_lib.h(37):     Transfer-Encoding: chunked\r\n
..\\Parameters\\common_lib.h(37):     Content-Type: text/html; charset=ISO-8859-1\r\n
..\\Parameters\\common_lib.h(37):     \r\n
..\\Parameters\\common_lib.h(37): t=1909671ms: 5-byte chunked response overhead for "http://localhost:1080/cgi-bin/nav.pl?in=home" (RelFrameId=1.1, Internal ID=2699)
..\\Parameters\\common_lib.h(37):     5d2\r\n
..\\Parameters\\common_lib.h(37): t=1909671ms: 2-byte chunked response overhead for "http://localhost:1080/cgi-bin/nav.pl?in=home" (RelFrameId=1.1, Internal ID=2699)
..\\Parameters\\common_lib.h(37):     \r\n
..\\Parameters\\common_lib.h(37): t=1909671ms: 1490-byte chunked response body for "http://localhost:1080/cgi-bin/nav.pl?in=home" (RelFrameId=1.1, Internal ID=2699)
..\\Parameters\\common_lib.h(37):     <!DOCTYPE html\n
..\\Parameters\\common_lib.h(37):     \tPUBLIC "-//W3C//DTD XHTML 1.0 Transitional//EN"\n
..\\Parameters\\common_lib.h(37):     \t "http://www.w3.org/TR/xhtml1/DTD/xhtml1-transitional.dtd">\n
..\\Parameters\\common_lib.h(37):     <html xmlns="http://www.w3.org/1999/xhtml" lang="en-US" xml:lang="en-US">\n
..\\Parameters\\common_lib.h(37):     <head>\n
..\\Parameters\\common_lib.h(37):     <title>Web Tours Navigation Bar</title>\n
..\\Parameters\\common_lib.h(37):     <meta http-equiv="Content-Type" content="text/html; charset=iso-8859-1" />\n
..\\Parameters\\common_lib.h(37):     </head>\n
..\\Parameters\\common_lib.h(37):     <body bgcolor="#E0E7F1">\n
..\\Parameters\\common_lib.h(37):     <style>\n
..\\Parameters\\common_lib.h(37):     blockquote {font-family: tahoma; font-size : 10pt}\n
..\\Parameters\\common_lib.h(37):     H1 {font-family: tahoma; font-size : 22pt; color: #993333}\n
..\\Parameters\\common_lib.h(37):     H3 {font-family: tahoma; font-size : 10pt; color: black}\n
..\\Parameters\\common_lib.h(37):     small {font-family: tahoma; font-size : 8pt}\n
..\\Parameters\\common_lib.h(37):     </style>\n
..\\Parameters\\common_lib.h(37):     <form method="post" action="/cgi-bin/login.pl" target="body">\n
..\\Parameters\\common_lib.h(37):     <input type="hidden" name="userSession" value="136394.430214662HAVfHiipfAtVzzzHtcAQtpHDVAc
..\\Parameters\\common_lib.h(37):     f"/>\n
..\\Parameters\\common_lib.h(37):     <table border="0"><tr><td>&nbsp;</td>\n
..\\Parameters\\common_lib.h(37):     <td>&nbsp;</td></tr>\n
..\\Parameters\\common_lib.h(37):     <tr><td>&nbsp;</td>\n
..\\Parameters\\common_lib.h(37):     <td>&nbsp;</td></tr>\n
..\\Parameters\\common_lib.h(37):     <tr><td>&nbsp;</td>\n
..\\Parameters\\common_lib.h(37):     <td><small>&nbsp;Username</small></td></tr>\n
..\\Parameters\\common_lib.h(37):     <tr><td>&nbsp;</td>\n
..\\Parameters\\common_lib.h(37):     <td><input type="text" name="username" value="" size="14" maxlength="14"/></td></tr>\n
..\\Parameters\\common_lib.h(37):     <tr><td>&nbsp;</td>\n
..\\Parameters\\common_lib.h(37):     <td><small>&nbsp;Password</small></td>\n
..\\Parameters\\common_lib.h(37):     <tr><td>&nbsp;</td>\n
..\\Parameters\\common_lib.h(37):     <td><input type="password" name="password" value="" size="14" maxlength="14"/></td></tr>\n
..\\Parameters\\common_lib.h(37):     <tr><td>&nbsp;</td>\n
..\\Parameters\\common_lib.h(37):     <td>&nbsp;</td></tr>\n
..\\Parameters\\common_lib.h(37):     <tr><td>&nbsp;</td>\n
..\\Parameters\\common_lib.h(37):     <td><input type="image" name="login" value="Login" alt="Login" border="1" \n
..\\Parameters\\common_lib.h(37):     src="/WebTours/images/mer_login.gif"/></td></tr>\n
..\\Parameters\\common_lib.h(37):     <tr><td>&nbsp;</td><td>&nbsp;</td></tr>\n
..\\Parameters\\common_lib.h(37):     </table><input type="hidden" name="JSFormSubmit" value="off"/>\n
..\\Parameters\\common_lib.h(37):     </form>\n
..\\Parameters\\common_lib.h(37):     \n
..\\Parameters\\common_lib.h(37):     </body>\n
..\\Parameters\\common_lib.h(37):     </html>\n
..\\Parameters\\common_lib.h(37): Resource "http://localhost:1080/WebTours/images/mer_login.gif" is in the cache already and will not be downloaded again  	[MsgId: MMSG-26655]
..\\Parameters\\common_lib.h(37): t=1909671ms: 5-byte chunked response overhead for "http://localhost:1080/cgi-bin/nav.pl?in=home" (RelFrameId=1.1, Internal ID=2699)
..\\Parameters\\common_lib.h(37):     0\r\n
..\\Parameters\\common_lib.h(37):     \r\n
..\\Parameters\\common_lib.h(37): t=1909671ms: Request done "http://localhost:1080/cgi-bin/nav.pl?in=home"  	[MsgId: MMSG-26000]
..\\Parameters\\common_lib.h(37): Registered web_reg_find successful for "Text=A Session ID has been created" (count=1)  	[MsgId: MMSG-26364]
..\\Parameters\\common_lib.h(37): web_url("SignOff Button") was successful, 2176 body bytes, 582 header bytes, 24 chunking overhead bytes  	[MsgId: MMSG-26385]
Action.c(210): Notify: Transaction "log_out" ended with a "Pass" status (Duration: 0,0937).	[MsgId: MMSG-16873]
Action.c(211): Notify: Transaction "02_booking_a_ticket" ended with a "Pass" status (Duration: 1,1349).	[MsgId: MMSG-16873]
Ending action Action.	[MsgId: MMSG-15918]
Action was aborted.	[MsgId: MMSG-10694]
Ending Vuser...	[MsgId: MMSG-15966]
Starting action vuser_end.	[MsgId: MMSG-15919]
Ending action vuser_end.	[MsgId: MMSG-15918]
Vuser Terminated.	[MsgId: MMSG-15963]
t=1909671ms: Closed connection [0] to localhost:1080 after completing 12 request(s)  	[MsgId: MMSG-26000]
t=1909671ms: Closed connection [1] to localhost:1080 after completing 13 request(s)  	[MsgId: MMSG-26000]
HTML-Mode memory management statistics: Reusable=7, NonReusable=0, CsMemBlockSize=4096, checks disabled  	[MsgId: MMSG-26000]
Vuser 9 (thread 11496), ended OK."	[MsgId: MMSG-10695]
