..\\Parameters\\common_lib.h(196): Notify: Transaction "flight_selection" ended with a "Pass" status (Duration: 0,0559 Wasted Time: 0,0000).	[MsgId: MMSG-16871]
Action.c(71): Notify: Transaction "04_Ticket search" ended with a "Pass" status (Duration: 20,6268 Think Time: 20,0256 Wasted Time: 0,0014).	[MsgId: MMSG-16870]
Ending action Action.	[MsgId: MMSG-15918]
Action was aborted.	[MsgId: MMSG-10694]
Ending Vuser...	[MsgId: MMSG-15966]
Starting action vuser_end.	[MsgId: MMSG-15919]
Ending action vuser_end.	[MsgId: MMSG-15918]
Vuser Terminated.	[MsgId: MMSG-15963]
t=7057592ms: Closed connection [0] to localhost:1080 after completing 4 request(s)  	[MsgId: MMSG-26000]
HTML-Mode memory management statistics: Reusable=7, NonReusable=0, CsMemBlockSize=4096, checks disabled  	[MsgId: MMSG-26000]
Vuser 4 (thread 4520), ended OK."	[MsgId: MMSG-10695]
..\\Parameters\\common_lib.h(166): Notify: Transaction "flight_selection" started.	[MsgId: MMSG-16999]
..\\Parameters\\common_lib.h(168): web_reg_find started  	[MsgId: MMSG-26355]
..\\Parameters\\common_lib.h(168): Notify: Next row for parameter first_name = 2 [table  = first_name].	[MsgId: MMSG-13876]
..\\Parameters\\common_lib.h(168): Notify: Parameter Substitution: parameter "first_name" =  "Ivan"	[MsgId: MMSG-13992]
..\\Parameters\\common_lib.h(168): Notify: Next row for parameter last_name = 2 [table  = last_name].	[MsgId: MMSG-13876]
..\\Parameters\\common_lib.h(168): Notify: Parameter Substitution: parameter "last_name" =  "Ivanov"	[MsgId: MMSG-13992]
..\\Parameters\\common_lib.h(168): Registering web_reg_find was successful  	[MsgId: MMSG-26390]
..\\Parameters\\common_lib.h(171): web_reg_find started  	[MsgId: MMSG-26355]
..\\Parameters\\common_lib.h(171): Notify: Parameter Substitution: parameter "outboundFlight" =  "090;610;03/05/2023"	[MsgId: MMSG-13992]
..\\Parameters\\common_lib.h(171): Registering web_reg_find was successful  	[MsgId: MMSG-26390]
..\\Parameters\\common_lib.h(174): web_reg_find started  	[MsgId: MMSG-26355]
..\\Parameters\\common_lib.h(174): Notify: Parameter Substitution: parameter "returnFlight" =  "900;610;04/05/2023"	[MsgId: MMSG-13992]
..\\Parameters\\common_lib.h(174): Registering web_reg_find was successful  	[MsgId: MMSG-26390]
..\\Parameters\\common_lib.h(177): web_submit_data("reservations.pl_2") started  	[MsgId: MMSG-26355]
..\\Parameters\\common_lib.h(177): Notify: Parameter Substitution: parameter "outboundFlight" =  "090;610;03/05/2023"	[MsgId: MMSG-13992]
..\\Parameters\\common_lib.h(177): Notify: Parameter Substitution: parameter "returnFlight" =  "900;610;04/05/2023"	[MsgId: MMSG-13992]
..\\Parameters\\common_lib.h(177): Warning: The string 'countPass' with parameter delimiters is not a parameter.	[MsgId: MWAR-13987]
..\\Parameters\\common_lib.h(177): Notify: Next row for parameter type_of_seat = 2 [table  = type_of_seat].	[MsgId: MMSG-13876]
..\\Parameters\\common_lib.h(177): Notify: Parameter Substitution: parameter "type_of_seat" =  "Business"	[MsgId: MMSG-13992]
..\\Parameters\\common_lib.h(177): Notify: Next row for parameter seating_preference = 2 [table  = seating_preference].	[MsgId: MMSG-13876]
..\\Parameters\\common_lib.h(177): Notify: Parameter Substitution: parameter "seating_preference" =  "Window"	[MsgId: MMSG-13992]
..\\Parameters\\common_lib.h(177): t=7059725ms: Already connected [0] to localhost:1080  	[MsgId: MMSG-26000]
..\\Parameters\\common_lib.h(177): t=7059725ms: 841-byte request headers for "http://localhost:1080/cgi-bin/reservations.pl" (RelFrameId=1, Internal ID=1178)
..\\Parameters\\common_lib.h(177):     POST /cgi-bin/reservations.pl HTTP/1.1\r\n
..\\Parameters\\common_lib.h(177):     Content-Type: application/x-www-form-urlencoded\r\n
..\\Parameters\\common_lib.h(177):     Referer: http://localhost:1080/cgi-bin/reservations.pl\r\n
..\\Parameters\\common_lib.h(177):     Sec-Fetch-Dest: frame\r\n
..\\Parameters\\common_lib.h(177):     Sec-Fetch-Mode: navigate\r\n
..\\Parameters\\common_lib.h(177):     Sec-Fetch-Site: same-origin\r\n
..\\Parameters\\common_lib.h(177):     Upgrade-Insecure-Requests: 1\r\n
..\\Parameters\\common_lib.h(177):     sec-ch-ua: "Chromium";v="112", "Google Chrome";v="112", "Not:A-Brand";v="99"\r\n
..\\Parameters\\common_lib.h(177):     sec-ch-ua-mobile: ?0\r\n
..\\Parameters\\common_lib.h(177):     sec-ch-ua-platform: "Windows"\r\n
..\\Parameters\\common_lib.h(177):     Origin: http://localhost:1080\r\n
..\\Parameters\\common_lib.h(177):     Sec-Fetch-User: ?1\r\n
..\\Parameters\\common_lib.h(177):     User-Agent: Crashpad/0.8.0 WinHTTP/10.0.19041.2673 Windows_NT/10.0.19041.2788 (x64)\r\n
..\\Parameters\\common_lib.h(177):     Accept-Encoding: gzip, deflate, br\r\n
..\\Parameters\\common_lib.h(177):     Accept-Language: ru-RU,ru;q=0.9,en-US;q=0.8,en;q=0.7\r\n
..\\Parameters\\common_lib.h(177):     Accept: */*\r\n
..\\Parameters\\common_lib.h(177):     Connection: Keep-Alive\r\n
..\\Parameters\\common_lib.h(177):     Host: localhost:1080\r\n
..\\Parameters\\common_lib.h(177):     Cookie: MSO=SID&1684435629; MTUserInfo=firstName&Ivan&address2&Ufa&username&koks&hash&19&l
..\\Parameters\\common_lib.h(177):     astName&Ivanov%0A&address1&Lenina&creditCard&&expDate&%0A\r\n
..\\Parameters\\common_lib.h(177):     Content-Length: 202\r\n
..\\Parameters\\common_lib.h(177):     \r\n
..\\Parameters\\common_lib.h(177): t=7059726ms: 202-byte request body for "http://localhost:1080/cgi-bin/reservations.pl" (RelFrameId=1, Internal ID=1178)
..\\Parameters\\common_lib.h(177):     outboundFlight=090%3B610%3B03%2F05%2F2023&returnFlight=900%3B610%3B04%2F05%2F2023&numPasse
..\\Parameters\\common_lib.h(177):     ngers=%7BcountPass%7D&advanceDiscount=0&seatType=Business&seatPref=Window&reserveFlights.x
..\\Parameters\\common_lib.h(177):     =51&reserveFlights.y=8
..\\Parameters\\common_lib.h(177): t=7059776ms: 255-byte response headers for "http://localhost:1080/cgi-bin/reservations.pl" (RelFrameId=1, Internal ID=1178)
..\\Parameters\\common_lib.h(177):     HTTP/1.1 200 OK\r\n
..\\Parameters\\common_lib.h(177):     Date: Thu, 18 May 2023 18:47:30 GMT\r\n
..\\Parameters\\common_lib.h(177):     Server: Apache/2.2.21 (Win32)\r\n
..\\Parameters\\common_lib.h(177):     Expires: Wed, 17 May 2023 18:47:30 GMT\r\n
..\\Parameters\\common_lib.h(177):     Keep-Alive: timeout=5, max=97\r\n
..\\Parameters\\common_lib.h(177):     Connection: Keep-Alive\r\n
..\\Parameters\\common_lib.h(177):     Transfer-Encoding: chunked\r\n
..\\Parameters\\common_lib.h(177):     Content-Type: text/html; charset=ISO-8859-1\r\n
..\\Parameters\\common_lib.h(177):     \r\n
..\\Parameters\\common_lib.h(177): t=7059777ms: 5-byte chunked response overhead for "http://localhost:1080/cgi-bin/reservations.pl" (RelFrameId=1, Internal ID=1178)
..\\Parameters\\common_lib.h(177):     ad0\r\n
..\\Parameters\\common_lib.h(177): t=7059777ms: 2-byte chunked response overhead for "http://localhost:1080/cgi-bin/reservations.pl" (RelFrameId=1, Internal ID=1178)
..\\Parameters\\common_lib.h(177):     \r\n
..\\Parameters\\common_lib.h(177): t=7059777ms: 2768-byte chunked response body for "http://localhost:1080/cgi-bin/reservations.pl" (RelFrameId=1, Internal ID=1178)
..\\Parameters\\common_lib.h(177):     <!DOCTYPE html\n
..\\Parameters\\common_lib.h(177):     \tPUBLIC "-//W3C//DTD XHTML 1.0 Transitional//EN"\n
..\\Parameters\\common_lib.h(177):     \t "http://www.w3.org/TR/xhtml1/DTD/xhtml1-transitional.dtd">\n
..\\Parameters\\common_lib.h(177):     <html xmlns="http://www.w3.org/1999/xhtml" lang="en-US" xml:lang="en-US">\n
..\\Parameters\\common_lib.h(177):     <head>\n
..\\Parameters\\common_lib.h(177):     <title>Flight Reservation</title>\n
..\\Parameters\\common_lib.h(177):     <meta http-equiv="Content-Type" content="text/html; charset=iso-8859-1" />\n
..\\Parameters\\common_lib.h(177):     </head>\n
..\\Parameters\\common_lib.h(177):     <body bgcolor="#E0E7F1">\n
..\\Parameters\\common_lib.h(177):     <style>blockquote {font-family: tahoma; font-size : 10pt}H1 {font-family: tahoma; font-siz
..\\Parameters\\common_lib.h(177):     e : 22pt; color: #993333}small {font-family: tahoma; font-size : 8pt}H3 {font-family: taho
..\\Parameters\\common_lib.h(177):     ma; font-size : 10pt; color: black}TD {font-family: tahoma; font-size : 10pt; color: black
..\\Parameters\\common_lib.h(177):     }</style><BR/><BR/><h1><font color="#003366">&nbsp;&nbsp;<b>Payment Details</font></b></h1
..\\Parameters\\common_lib.h(177):     ><blockquote><form method="post" action="reservations.pl" enctype="application/x-www-form-
..\\Parameters\\common_lib.h(177):     urlencoded" onsubmit="return true ;">\n
..\\Parameters\\common_lib.h(177):     <table><tr><td align="right">First Name : <td><input type="text" name="firstName" value="I
..\\Parameters\\common_lib.h(177):     van" size="15" /><tr><td align="right">Last Name : <td><input type="text" name="lastName" 
..\\Parameters\\common_lib.h(177):     value="Ivanov&#10;" size="15" /><tr><td align="right">Street Address : <td colspan="3"><in
..\\Parameters\\common_lib.h(177):     put type="text" name="address1" value="Lenina" size="30" /><tr><td align="right">City/Stat
..\\Parameters\\common_lib.h(177):     e/Zip : <td colspan="3"><input type="text" name="address2" value="Ufa" size="30" /><tr><td
..\\Parameters\\common_lib.h(177):      align="right">Passenger Names : <td colspan="3"><input type="text" name="pass1" value="Iv
..\\Parameters\\common_lib.h(177):     an Ivanov&#10;" size="30" /><tr><td height="10"><tr><td height="10" align="center" colspan
..\\Parameters\\common_lib.h(177):     ="4">Total for {countPass} ticket(s) is = $ 0<tr><td align="right">Credit Card : <td><inpu
..\\Parameters\\common_lib.h(177):     t type="text" name="creditCard"  size="20" maxlength="20" /><td align="right">Exp Date : <
..\\Parameters\\common_lib.h(177):     td><input type="text" name="expDate" value="&#10;" size="5" maxlength="5" /><tr><TD><td co
..\\Parameters\\common_lib.h(177):     lspan="3" align="left"><label><input type="checkbox" name="saveCC" value="on" />Save this 
..\\Parameters\\common_lib.h(177):     Credit Card Information</label><input type="hidden" name="oldCCOption" value=""  /></table
..\\Parameters\\common_lib.h(177):     ><input type="hidden" name="numPassengers" value="{countPass}"  /><input type="hidden" nam
..\\Parameters\\common_lib.h(177):     e="seatType" value="Business"  /><input type="hidden" name="seatPref" value="Window"  /><i
..\\Parameters\\common_lib.h(177):     nput type="hidden" name="outboundFlight" value="090;610;03/05/2023"  /><input type="hidden
..\\Parameters\\common_lib.h(177):     " name="advanceDiscount" value="0"  /><input type="hidden" name="returnFlight" value="900;
..\\Parameters\\common_lib.h(177):     610;04/05/2023"  /><input type="hidden" name="JSFormSubmit" value="off"  /><center><table 
..\\Parameters\\common_lib.h(177):     width=80% cellspacing=1><tr><td align=center>\n
..\\Parameters\\common_lib.h(177):     <input type="image" name="buyFlights" src="/WebTours/images/button_next.gif" border="0" />
..\\Parameters\\common_lib.h(177):     <div><input type="hidden" name=".cgifields" value="saveCC"  /></div></form>\n
..\\Parameters\\common_lib.h(177):     <td>&nbsp;<td align=center><form method="post" action="reservations.pl" enctype="applicati
..\\Parameters\\common_lib.h(177):     on/x-www-form-urlencoded" onsubmit="void(0);">\n
..\\Parameters\\common_lib.h(177):     </form></table></center></blockquote>\n
..\\Parameters\\common_lib.h(177):     </body>\n
..\\Parameters\\common_lib.h(177):     </html>
..\\Parameters\\common_lib.h(177): Resource "http://localhost:1080/WebTours/images/button_next.gif" is in the cache already and will not be downloaded again  	[MsgId: MMSG-26655]
..\\Parameters\\common_lib.h(177): t=7059779ms: 5-byte chunked response overhead for "http://localhost:1080/cgi-bin/reservations.pl" (RelFrameId=1, Internal ID=1178)
..\\Parameters\\common_lib.h(177):     0\r\n
..\\Parameters\\common_lib.h(177):     \r\n
..\\Parameters\\common_lib.h(177): t=7059779ms: Request done "http://localhost:1080/cgi-bin/reservations.pl"  	[MsgId: MMSG-26000]
..\\Parameters\\common_lib.h(177): Registered web_reg_find successful for "Text=value="Ivan Ivanov&" (count=1)  	[MsgId: MMSG-26364]
..\\Parameters\\common_lib.h(177): Registered web_reg_find successful for "Text="outboundFlight" value="090;610;03/05/2023"" (count=1)  	[MsgId: MMSG-26364]
..\\Parameters\\common_lib.h(177): Registered web_reg_find successful for "Text="returnFlight" value="900;610;04/05/2023"" (count=1)  	[MsgId: MMSG-26364]
..\\Parameters\\common_lib.h(177): web_submit_data("reservations.pl_2") was successful, 2768 body bytes, 255 header bytes, 12 chunking overhead bytes  	[MsgId: MMSG-26385]
..\\Parameters\\common_lib.h(196): Notify: Transaction "flight_selection" ended with a "Pass" status (Duration: 0,0547 Wasted Time: 0,0000).	[MsgId: MMSG-16871]
Action.c(71): Notify: Transaction "04_Ticket search" ended with a "Pass" status (Duration: 20,6108 Think Time: 20,0190 Wasted Time: 0,0014).	[MsgId: MMSG-16870]
Ending action Action.	[MsgId: MMSG-15918]
Action was aborted.	[MsgId: MMSG-10694]
Ending Vuser...	[MsgId: MMSG-15966]
Starting action vuser_end.	[MsgId: MMSG-15919]
Ending action vuser_end.	[MsgId: MMSG-15918]
Vuser Terminated.	[MsgId: MMSG-15963]
t=7059779ms: Closed connection [0] to localhost:1080 after completing 4 request(s)  	[MsgId: MMSG-26000]
HTML-Mode memory management statistics: Reusable=7, NonReusable=0, CsMemBlockSize=4096, checks disabled  	[MsgId: MMSG-26000]
Vuser 5 (thread 7012), ended OK."	[MsgId: MMSG-10695]
