..\\Parameters\\common_lib.h(208):     ue="85"  /><input type="hidden" name=".cgifields" value="332"  /><input type="hidden" name
..\\Parameters\\common_lib.h(208):     =".cgifields" value="9"  /><input type="hidden" name=".cgifields" value="425"  /><input ty
..\\Parameters\\common_lib.h(208):     pe="hidden" name=".cgifields" value="34"  /><input type="hidden" name=".cgifields" value="
..\\Parameters\\common_lib.h(208):     539"  /><input type="hidden" name=".cgifields" value="90"  /><input type="hidden" name=".c
..\\Parameters\\common_lib.h(208):     gifields" value="276"  /><input type="hidden" name=".cgifields" value="565"  /><input type
..\\Parameters\\common_lib.h(208):     ="hidden" name=".cgifields" value="102"  /><input type="hidden" name=".cgifields" value="5
..\\Parameters\\common_lib.h(208):     20"  /><input type="hidden" name=".cgifields" value="532"  /><input type="hidden" name=".c
..\\Parameters\\common_lib.h(208):     gifields" value="16"  /><input type="hidden" name=".cgifields" value="55"  /><input type="
..\\Parameters\\common_lib.h(208):     hidden" name=".cgifields" value="233"  /><input type="hidden" name=".cgifields" value="57"
..\\Parameters\\common_lib.h(208):       /><input type="hidden" name=".cgifields" value="259"  /><input type="hidden" name=".cgif
..\\Parameters\\common_lib.h(208):     ields" value="368"  /><input type="hidden" name=".cgifields" value="424"  /><input type="h
..\\Parameters\\common_lib.h(208):     idden" name=".cgifields" value="316"  /><input type="hidden" name=".cgifields" value="163"
..\\Parameters\\common_lib.h(208):       /><input type="hidden" name=".cgifields" value="395"  /><input type="hidden" name=".cgif
..\\Parameters\\common_lib.h(208):     ields" value="89"  /><input type="hidden" name=".cgifields" value="175"  /><input type="hi
..\\Parameters\\common_lib.h(208):     dden" name=".cgifields" value="35"  /><input type="hidden" name=".cgifields" value="11"  /
..\\Parameters\\common_lib.h(208):     ><input type="hidden" name=".cgifields" value="492"  /><input type="hidden" name=".cgifiel
..\\Parameters\\common_lib.h(208):     ds" value="208"  /><input type="hidden" name=".cgifields" value="347"  /><input type="hidd
..\\Parameters\\common_lib.h(208):     en" name=".cgifields" value="511"  /><input type="hidden" name=".cgifields" value="434"  /
..\\Parameters\\common_lib.h(208):     ><input type="hidden" name=".cgifields" value="93"  /><input type="hidden" name=".cgifield
..\\Parameters\\common_lib.h(208):     s" value="292"  /><input type="hidden" name=".cgifields" value="291"  /><input type="hidde
..\\Parameters\\common_lib.h(208):     n" name=".cgifields" value="374"  /><input type="hidden" name=".cgifields" value="114"  />
..\\Parameters\\common_lib.h(208):     <input type="hidden" name=".cgifields" value="199"  /><input type="hidden" name=".cgifield
..\\Parameters\\common_lib.h(208):     s" value="442"  /><input type="hidden" name=".cgifields" value="429"  /><input type="hidde
..\\Parameters\\common_lib.h(208):     n" name=".cgifields" value="73"  /><input type="hidden" name=".cgifields" value="409"  /><
..\\Parameters\\common_lib.h(208):     input type="hidden" name=".cgifields" value="67"  /><input type="hidden" name=".cgifields"
..\\Parameters\\common_lib.h(208):      value="241"  /><input type="hidden" name=".cgifields" value="198"  /><input type="hidden"
..\\Parameters\\common_lib.h(208):      name=".cgifields" value="489"  /><input type="hidden" name=".cgifields" value="327"  /><i
..\\Parameters\\common_lib.h(208):     nput type="hidden" name=".cgifields" value="320"  /><input type="hidden" name=".cgifields"
..\\Parameters\\common_lib.h(208):      value="280"  /><input type="hidden" name=".cgifields" value="273"  /><input type="hidden"
..\\Parameters\\common_lib.h(208):      name=".cgifields" value="471"  /><input type="hidden" name=".cgifields" value="202"  /><i
..\\Parameters\\common_lib.h(208):     nput type="hidden" name=".cgifields" value="249"  /><input type="hidden" name=".cgifields"
..\\Parameters\\common_lib.h(208):      value="361"  /><input type="hidden" name=".cgifields" value="465"  /><input type="hidden"
..\\Parameters\\common_lib.h(208):      name=".cgifields" value="184"  /><input type="hidden" name=".cgifields" value="24"  /><in
..\\Parameters\\common_lib.h(208):     put type="hidden" name=".cgifields" value="140"  /><input type="hidden" name=".cgifields" 
..\\Parameters\\common_lib.h(208):     value="104"  /><input type="hidden" name=".cgifields" value="131"  /><input type="hidden" 
..\\Parameters\\common_lib.h(208):     name=".cgifields" value="181"  /><input type="hidden" name=".cgifields" value="412"  /><in
..\\Parameters\\common_lib.h(208):     put type="hidden" name=".cgifields" value="385"  /><input type="hidden" name=".cgifields" 
..\\Parameters\\common_lib.h(208):     value="502"  /><input type="hidden" name=".cgifields" value="307"  /><input type="hidden" 
..\\Parameters\\common_lib.h(208):     name=".cgifields" value="314"  /><input type="hidden" name=".cgifields" value="154"  /><in
..\\Parameters\\common_lib.h(208):     put type="hidden" name=".cgifields" value="355"  /><input type="hidden" name=".cgifields" 
..\\Parameters\\common_lib.h(208):     value="553"  /><input type="hidden" name=".cgifields" value="159"  /><input type="hidden" 
..\\Parameters\\common_lib.h(208):     name=".cgifields" value="479"  /><input type="h
..\\Parameters\\common_lib.h(208): t=1380812ms: 7-byte chunked response overhead for "http://localhost:1080/cgi-bin/itinerary.pl" (RelFrameId=1.2, Internal ID=1059)
..\\Parameters\\common_lib.h(208):     \r\n
..\\Parameters\\common_lib.h(208):     885\r\n
..\\Parameters\\common_lib.h(208): t=1380812ms: 7-byte chunked response overhead for "http://localhost:1080/cgi-bin/itinerary.pl" (RelFrameId=1.2, Internal ID=1059)
..\\Parameters\\common_lib.h(208):     \r\n
..\\Parameters\\common_lib.h(208):     0\r\n
..\\Parameters\\common_lib.h(208):     \r\n
..\\Parameters\\common_lib.h(208): t=1380812ms: 11756-byte chunked response body for "http://localhost:1080/cgi-bin/itinerary.pl" (RelFrameId=1.2, Internal ID=1059)
..\\Parameters\\common_lib.h(208):     idden" name=".cgifields" value="326"  /><input type="hidden" name=".cgifields" value="555"
..\\Parameters\\common_lib.h(208):       /><input type="hidden" name=".cgifields" value="47"  /><input type="hidden" name=".cgifi
..\\Parameters\\common_lib.h(208):     elds" value="37"  /><input type="hidden" name=".cgifields" value="335"  /><input type="hid
..\\Parameters\\common_lib.h(208):     den" name=".cgifields" value="270"  /><input type="hidden" name=".cgifields" value="5"  />
..\\Parameters\\common_lib.h(208):     <input type="hidden" name=".cgifields" value="195"  /><input type="hidden" name=".cgifield
..\\Parameters\\common_lib.h(208):     s" value="538"  /><input type="hidden" name=".cgifields" value="524"  /><input type="hidde
..\\Parameters\\common_lib.h(208):     n" name=".cgifields" value="554"  /><input type="hidden" name=".cgifields" value="552"  />
..\\Parameters\\common_lib.h(208):     <input type="hidden" name=".cgifields" value="521"  /><input type="hidden" name=".cgifield
..\\Parameters\\common_lib.h(208):     s" value="162"  /><input type="hidden" name=".cgifields" value="433"  /><input type="hidde
..\\Parameters\\common_lib.h(208):     n" name=".cgifields" value="74"  /><input type="hidden" name=".cgifields" value="240"  /><
..\\Parameters\\common_lib.h(208):     input type="hidden" name=".cgifields" value="334"  /><input type="hidden" name=".cgifields
..\\Parameters\\common_lib.h(208):     " value="440"  /><input type="hidden" name=".cgifields" value="230"  /><input type="hidden
..\\Parameters\\common_lib.h(208):     " name=".cgifields" value="115"  /><input type="hidden" name=".cgifields" value="299"  /><
..\\Parameters\\common_lib.h(208):     input type="hidden" name=".cgifields" value="377"  /><input type="hidden" name=".cgifields
..\\Parameters\\common_lib.h(208):     " value="103"  /><input type="hidden" name=".cgifields" value="201"  /><input type="hidden
..\\Parameters\\common_lib.h(208):     " name=".cgifields" value="423"  /><input type="hidden" name=".cgifields" value="91"  /><i
..\\Parameters\\common_lib.h(208):     nput type="hidden" name=".cgifields" value="266"  /><input type="hidden" name=".cgifields"
..\\Parameters\\common_lib.h(208):      value="467"  /><input type="hidden" name=".cgifields" value="174"  /><input type="hidden"
..\\Parameters\\common_lib.h(208):      name=".cgifields" value="474"  /><input type="hidden" name=".cgifields" value="481"  /><i
..\\Parameters\\common_lib.h(208):     nput type="hidden" name=".cgifields" value="214"  /><input type="hidden" name=".cgifields"
..\\Parameters\\common_lib.h(208):      value="422"  /><input type="hidden" name=".cgifields" value="564"  /><input type="hidden"
..\\Parameters\\common_lib.h(208):      name=".cgifields" value="563"  /><input type="hidden" name=".cgifields" value="97"  /><in
..\\Parameters\\common_lib.h(208):     put type="hidden" name=".cgifields" value="41"  /><input type="hidden" name=".cgifields" v
..\\Parameters\\common_lib.h(208):     alue="52"  /><input type="hidden" name=".cgifields" value="302"  /><input type="hidden" na
..\\Parameters\\common_lib.h(208):     me=".cgifields" value="229"  /><input type="hidden" name=".cgifields" value="503"  /><inpu
..\\Parameters\\common_lib.h(208):     t type="hidden" name=".cgifields" value="68"  /><input type="hidden" name=".cgifields" val
..\\Parameters\\common_lib.h(208):     ue="188"  /><input type="hidden" name=".cgifields" value="315"  /><input type="hidden" nam
..\\Parameters\\common_lib.h(208):     e=".cgifields" value="402"  /><input type="hidden" name=".cgifields" value="338"  /><input
..\\Parameters\\common_lib.h(208):      type="hidden" name=".cgifields" value="576"  /><input type="hidden" name=".cgifields" val
..\\Parameters\\common_lib.h(208):     ue="222"  /><input type="hidden" name=".cgifields" value="25"  /><input type="hidden" name
..\\Parameters\\common_lib.h(208):     =".cgifields" value="83"  /><input type="hidden" name=".cgifields" value="484"  /><input t
..\\Parameters\\common_lib.h(208):     ype="hidden" name=".cgifields" value="305"  /><input type="hidden" name=".cgifields" value
..\\Parameters\\common_lib.h(208):     ="544"  /><input type="hidden" name=".cgifields" value="217"  /><input type="hidden" name=
..\\Parameters\\common_lib.h(208):     ".cgifields" value="328"  /><input type="hidden" name=".cgifields" value="239"  /><input t
..\\Parameters\\common_lib.h(208):     ype="hidden" name=".cgifields" value="122"  /><input type="hidden" name=".cgifields" value
..\\Parameters\\common_lib.h(208):     ="143"  /><input type="hidden" name=".cgifields" value="158"  /><input type="hidden" name=
..\\Parameters\\common_lib.h(208):     ".cgifields" value="269"  /><input type="hidden" name=".cgifields" value="281"  /><input t
..\\Parameters\\common_lib.h(208):     ype="hidden" name=".cgifields" value="464"  /><input type="hidden" name=".cgifields" value
..\\Parameters\\common_lib.h(208):     ="363"  /><input type="hidden" name=".cgifields" value="46"  /><input type="hidden" name="
..\\Parameters\\common_lib.h(208):     .cgifields" value="6"  /><input type="hidden" name=".cgifields" value="562"  /><input type
..\\Parameters\\common_lib.h(208):     ="hidden" name=".cgifields" value="36"  /><input type="hidden" name=".cgifields" value="51
..\\Parameters\\common_lib.h(208):     8"  /><input type="hidden" name=".cgifields" value="183"  /><input type="hidden" name=".cg
..\\Parameters\\common_lib.h(208):     ifields" value="497"  /><input type="hidden" name=".cgifields" value="472"  /><input type=
..\\Parameters\\common_lib.h(208):     "hidden" name=".cgifields" value="362"  /><input type="hidden" name=".cgifields" value="43
..\\Parameters\\common_lib.h(208):     9"  /><input type="hidden" name=".cgifields" value="317"  /><input type="hidden" name=".cg
..\\Parameters\\common_lib.h(208):     ifields" value="132"  /><input type="hidden" name=".cgifields" value="169"  /><input type=
..\\Parameters\\common_lib.h(208):     "hidden" name=".cgifields" value="411"  /><input type="hidden" name=".cgifields" value="47
..\\Parameters\\common_lib.h(208):     8"  /><input type="hidden" name=".cgifields" value="384"  /><input type="hidden" name=".cg
..\\Parameters\\common_lib.h(208):     ifields" value="398"  /><input type="hidden" name=".cgifields" value="546"  /><input type=
..\\Parameters\\common_lib.h(208):     "hidden" name=".cgifields" value="537"  /><input type="hidden" name=".cgifields" value="40
..\\Parameters\\common_lib.h(208):     7"  /><input type="hidden" name=".cgifields" value="18"  /><input type="hidden" name=".cgi
..\\Parameters\\common_lib.h(208):     fields" value="376"  /><input type="hidden" name=".cgifields" value="522"  /><input type="
..\\Parameters\\common_lib.h(208):     hidden" name=".cgifields" value="125"  /><input type="hidden" name=".cgifields" value="44"
..\\Parameters\\common_lib.h(208):       /><input type="hidden" name=".cgifields" value="190"  /><input type="hidden" name=".cgif
..\\Parameters\\common_lib.h(208):     ields" value="95"  /><input type="hidden" name=".cgifields" value="298"  /><input type="hi
..\\Parameters\\common_lib.h(208):     dden" name=".cgifields" value="313"  /><input type="hidden" name=".cgifields" value="243" 
..\\Parameters\\common_lib.h(208):      /><input type="hidden" name=".cgifields" value="231"  /><input type="hidden" name=".cgifi
..\\Parameters\\common_lib.h(208):     elds" value="551"  /><input type="hidden" name=".cgifields" value="529"  /><input type="hi
..\\Parameters\\common_lib.h(208):     dden" name=".cgifields" value="148"  /><input type="hidden" name=".cgifields" value="343" 
..\\Parameters\\common_lib.h(208):      /><input type="hidden" name=".cgifields" value="504"  /><input type="hidden" name=".cgifi
..\\Parameters\\common_lib.h(208):     elds" value="397"  /><input type="hidden" name=".cgifields" value="106"  /><input type="hi
..\\Parameters\\common_lib.h(208):     dden" name=".cgifields" value="157"  /><input type="hidden" name=".cgifields" value="65"  
..\\Parameters\\common_lib.h(208):     /><input type="hidden" name=".cgifields" value="203"  /><input type="hidden" name=".cgifie
..\\Parameters\\common_lib.h(208):     lds" value="261"  /><input type="hidden" name=".cgifields" value="81"  /><input type="hidd
..\\Parameters\\common_lib.h(208):     en" name=".cgifields" value="321"  /><input type="hidden" name=".cgifields" value="459"  /
..\\Parameters\\common_lib.h(208):     ><input type="hidden" name=".cgifields" value="86"  /><input type="hidden" name=".cgifield
..\\Parameters\\common_lib.h(208):     s" value="284"  /><input type="hidden" name=".cgifields" value="247"  /><input type="hidde
..\\Parameters\\common_lib.h(208):     n" name=".cgifields" value="371"  /><input type="hidden" name=".cgifields" value="204"  />
..\\Parameters\\common_lib.h(208):     <input type="hidden" name=".cgifields" value="165"  /><input type="hidden" name=".cgifield
..\\Parameters\\common_lib.h(208):     s" value="289"  /><input type="hidden" name=".cgifields" value="2"  /><input type="hidden"
..\\Parameters\\common_lib.h(208):      name=".cgifields" value="435"  /><input type="hidden" name=".cgifields" value="401"  /><i
..\\Parameters\\common_lib.h(208):     nput type="hidden" name=".cgifields" value="186"  /><input type="hidden" name=".cgifields"
..\\Parameters\\common_lib.h(208):      value="147"  /><input type="hidden" name=".cgifields" value="339"  /><input type="hidden"
..\\Parameters\\common_lib.h(208):      name=".cgifields" value="228"  /><input type="hidden" name=".cgifields" value="531"  /><i
..\\Parameters\\common_lib.h(208):     nput type="hidden" name=".cgifields" value="268"  /><input type="hidden" name=".cgifields"
..\\Parameters\\common_lib.h(208):      value="345"  /><input type="hidden" name=".cgifields" value="172"  /><input type="hidden"
..\\Parameters\\common_lib.h(208):      name=".cgifields" value="319"  /><input type="hidden" name=".cgifields" value="223"  /><i
..\\Parameters\\common_lib.h(208):     nput type="hidden" name=".cgifields" value="404"  /><input type="hidden" name=".cgifields"
..\\Parameters\\common_lib.h(208):      value="516"  /><input type="hidden" name=".cgifields" value="282"  /><input type="hidden"
..\\Parameters\\common_lib.h(208):      name=".cgifields" value="420"  /><input type="hidden" name=".cgifields" value="121"  /><i
..\\Parameters\\common_lib.h(208):     nput type="hidden" name=".cgifields" value="344"  /><input type="hidden" name=".cgifields"
..\\Parameters\\common_lib.h(208):      value="487"  /><input type="hidden" name=".cgifields" value="494"  /><input type="hidden"
..\\Parameters\\common_lib.h(208):      name=".cgifields" value="238"  /><input type="hidden" name=".cgifields" value="577"  /><i
..\\Parameters\\common_lib.h(208):     nput type="hidden" name=".cgifields" value="253"  /><input type="hidden" name=".cgifields"
..\\Parameters\\common_lib.h(208):      value="561"  /><input type="hidden" name=".cgifields" value="448"  /><input type="hidden"
..\\Parameters\\common_lib.h(208):      name=".cgifields" value="209"  /><input type="hidden" name=".cgifields" value="216"  /><i
..\\Parameters\\common_lib.h(208):     nput type="hidden" name=".cgifields" value="357"  /><input type="hidden" name=".cgifields"
..\\Parameters\\common_lib.h(208):      value="117"  /><input type="hidden" name=".cgifields" value="63"  /><input type="hidden" 
..\\Parameters\\common_lib.h(208):     name=".cgifields" value="455"  /><input type="hidden" name=".cgifields" value="80"  /><inp
..\\Parameters\\common_lib.h(208):     ut type="hidden" name=".cgifields" value="336"  /><input type="hidden" name=".cgifields" v
..\\Parameters\\common_lib.h(208):     alue="457"  /><input type="hidden" name=".cgifields" value="179"  /><input type="hidden" n
..\\Parameters\\common_lib.h(208):     ame=".cgifields" value="383"  /><input type="hidden" name=".cgifields" value="297"  /><inp
..\\Parameters\\common_lib.h(208):     ut type="hidden" name=".cgifields" value="277"  /><input type="hidden" name=".cgifields" v
..\\Parameters\\common_lib.h(208):     alue="92"  /><input type="hidden" name=".cgifields" value="10"  /><input type="hidden" nam
..\\Parameters\\common_lib.h(208):     e=".cgifields" value="550"  /><input type="hidden" name=".cgifields" value="505"  /><input
..\\Parameters\\common_lib.h(208):      type="hidden" name=".cgifields" value="419"  /><input type="hidden" name=".cgifields" val
..\\Parameters\\common_lib.h(208):     ue="133"  /><input type="hidden" name=".cgifields" value="290"  /><input type="hidden" nam
..\\Parameters\\common_lib.h(208):     e=".cgifields" value="149"  /><input type="hidden" name=".cgifields" value="123"  /><input
..\\Parameters\\common_lib.h(208):      type="hidden" name=".cgifields" value="304"  /><input type="hidden" name=".cgifields" val
..\\Parameters\\common_lib.h(208):     ue="547"  /><input type="hidden" name=".cgifields" value="210"  /><input type="hidden" nam
..\\Parameters\\common_lib.h(208):     e=".cgifields" value="406"  /><input type="hidden" name=".cgifields" value="258"  /><input
..\\Parameters\\common_lib.h(208):      type="hidden" name=".cgifields" value="396"  /><input type="hidden" name=".cgifields" val
..\\Parameters\\common_lib.h(208):     ue="482"  /><input type="hidden" name=".cgifields" value="173"  /><input type="hidden" nam
..\\Parameters\\common_lib.h(208):     e=".cgifields" value="530"  /><input type="hidden" name=".cgifields" value="56"  /><input 
..\\Parameters\\common_lib.h(208):     type="hidden" name=".cgifields" value="499"  /><input type="hidden" name=".cgifields" valu
..\\Parameters\\common_lib.h(208):     e="66"  /><input type="hidden" name=".cgifields" value="19"  /><input type="hidden" name="
..\\Parameters\\common_lib.h(208):     .cgifields" value="54"  /><input type="hidden" name=".cgifields" value="365"  /><input typ
..\\Parameters\\common_lib.h(208):     e="hidden" name=".cgifields" value="306"  /><input type="hidden" name=".cgifields" value="
..\\Parameters\\common_lib.h(208):     70"  /><input type="hidden" name=".cgifields" value="470"  /><input type="hidden" name=".c
..\\Parameters\\common_lib.h(208):     gifields" value="166"  /><input type="hidden" name=".cgifields" value="88"  /><input type=
..\\Parameters\\common_lib.h(208):     "hidden" name=".cgifields" value="141"  /><input type="hidden" name=".cgifields" value="30
..\\Parameters\\common_lib.h(208):     "  /><input type="hidden" name=".cgifields" value="570"  /><input type="hidden" name=".cgi
..\\Parameters\\common_lib.h(208):     fields" value="403"  /><input type="hidden" name=".cgifields" value="252"  /><input type="
..\\Parameters\\common_lib.h(208):     hidden" name=".cgifields" value="466"  /><input type="hidden" name=".cgifields" value="156
..\\Parameters\\common_lib.h(208):     "  /><input type="hidden" name=".cgifields" value="134"  /><input type="hidden" name=".cgi
..\\Parameters\\common_lib.h(208):     fields" value="75"  /><input type="hidden" name=".cgifields" value="283"  /><input type="h
..\\Parameters\\common_lib.h(208):     idden" name=".cgifields" value="59"  /><input type="hidden" name=".cgifields" value="421" 
..\\Parameters\\common_lib.h(208):      /><input type="hidden" name=".cgifields" value="450"  /><input type="hidden" name=".cgifi
..\\Parameters\\common_lib.h(208):     elds" value="271"  /><input type="hidden" name=".cgifields" value="491"  /><input type="hi
..\\Parameters\\common_lib.h(208):     dden" name=".cgifields" value="219"  /><input type="hidden" name=".cgifields" value="318" 
..\\Parameters\\common_lib.h(208):      /><input type="hidden" name=".cgifields" value="13"  /><input type="hidden" name=".cgifie
..\\Parameters\\common_lib.h(208):     lds" value="105"  /><input type="hidden" name=".cgifields" value="473"  /><input type="hid
..\\Parameters\\common_lib.h(208):     den" name=".cgifields" value="185"  /><input type="hidden" name=".cgifields" value="3"  />
..\\Parameters\\common_lib.h(208):     <input type="hidden" name=".cgifields" value="248"  /><input type="hidden" name=".cgifield
..\\Parameters\\common_lib.h(208):     s" value="390"  /><input type="hidden" name=".cgifields" value="146"  /><input type="hidde
..\\Parameters\\common_lib.h(208):     n" name=".cgifields" value="111"  /><input type="hidden" name=".cgifields" value="38"  /><
..\\Parameters\\common_lib.h(208):     input type="hidden" name=".cgifields" value="356"  /><input type="hidden" name=".cgifields
..\\Parameters\\common_lib.h(208):     " value="408"  /><input type="hidden" name=".cgifields" value="4"  /><input type="hidden" 
..\\Parameters\\common_lib.h(208):     name=".cgifields" value="528"  /><input type="hidden" name=".cgifields" value="164"  /><in
..\\Parameters\\common_lib.h(208):     put type="hidden" name=".cgifields" value="196"  /><input type="hidden" name=".cgifields" 
..\\Parameters\\common_lib.h(208):     value="242"  /></div></form>\n
..\\Parameters\\common_lib.h(208):     \n
..\\Parameters\\common_lib.h(208):     </center>\n
..\\Parameters\\common_lib.h(208):     \n
..\\Parameters\\common_lib.h(208):     </body>\n
..\\Parameters\\common_lib.h(208):     </html>
..\\Parameters\\common_lib.h(208): t=1380814ms: Request done "http://localhost:1080/cgi-bin/itinerary.pl"  	[MsgId: MMSG-26000]
..\\Parameters\\common_lib.h(208): t=1380815ms: Already connected [0] to localhost:1080  	[MsgId: MMSG-26000]
..\\Parameters\\common_lib.h(208): t=1380815ms: 735-byte request headers for "http://localhost:1080/WebTours/images/cancelreservation.gif" (RelFrameId=, Internal ID=1062)
..\\Parameters\\common_lib.h(208):     GET /WebTours/images/cancelreservation.gif HTTP/1.1\r\n
..\\Parameters\\common_lib.h(208):     Referer: http://localhost:1080/cgi-bin/itinerary.pl\r\n
..\\Parameters\\common_lib.h(208):     Sec-Fetch-Dest: frame\r\n
..\\Parameters\\common_lib.h(208):     Sec-Fetch-Mode: navigate\r\n
..\\Parameters\\common_lib.h(208):     Sec-Fetch-Site: same-origin\r\n
..\\Parameters\\common_lib.h(208):     Upgrade-Insecure-Requests: 1\r\n
..\\Parameters\\common_lib.h(208):     sec-ch-ua: "Chromium";v="112", "Google Chrome";v="112", "Not:A-Brand";v="99"\r\n
..\\Parameters\\common_lib.h(208):     sec-ch-ua-mobile: ?0\r\n
..\\Parameters\\common_lib.h(208):     sec-ch-ua-platform: "Windows"\r\n
..\\Parameters\\common_lib.h(208):     User-Agent: Crashpad/0.8.0 WinHTTP/10.0.19041.2673 Windows_NT/10.0.19041.2788 (x64)\r\n
..\\Parameters\\common_lib.h(208):     Accept-Encoding: gzip, deflate, br\r\n
..\\Parameters\\common_lib.h(208):     Accept-Language: ru-RU,ru;q=0.9,en-US;q=0.8,en;q=0.7\r\n
..\\Parameters\\common_lib.h(208):     Accept: */*\r\n
..\\Parameters\\common_lib.h(208):     Connection: Keep-Alive\r\n
..\\Parameters\\common_lib.h(208):     Host: localhost:1080\r\n
..\\Parameters\\common_lib.h(208):     Cookie: MSO=SID&1684601845; MTUserInfo=firstName&Kolia&address2&Moskow&username&duds&hash&
..\\Parameters\\common_lib.h(208):     115&lastName&Sidorov%0A&address1&Kreml&creditCard&&expDate&%0A\r\n
..\\Parameters\\common_lib.h(208):     \r\n
..\\Parameters\\common_lib.h(208): t=1380815ms: 291-byte response headers for "http://localhost:1080/WebTours/images/in_itinerary.gif" (RelFrameId=, Internal ID=1060)
..\\Parameters\\common_lib.h(208):     HTTP/1.1 200 OK\r\n
..\\Parameters\\common_lib.h(208):     Date: Sat, 20 May 2023 16:57:29 GMT\r\n
..\\Parameters\\common_lib.h(208):     Server: Apache/2.2.21 (Win32)\r\n
..\\Parameters\\common_lib.h(208):     Last-Modified: Thu, 12 Jan 2012 13:30:28 GMT\r\n
..\\Parameters\\common_lib.h(208):     ETag: "38a7420-2dd-4b654c0620500"\r\n
..\\Parameters\\common_lib.h(208):     Accept-Ranges: bytes\r\n
..\\Parameters\\common_lib.h(208):     Content-Length: 733\r\n
..\\Parameters\\common_lib.h(208):     Keep-Alive: timeout=5, max=93\r\n
..\\Parameters\\common_lib.h(208):     Connection: Keep-Alive\r\n
..\\Parameters\\common_lib.h(208):     Content-Type: image/gif\r\n
..\\Parameters\\common_lib.h(208):     \r\n
..\\Parameters\\common_lib.h(208): t=1380816ms: 733-byte response body for "http://localhost:1080/WebTours/images/in_itinerary.gif" (RelFrameId=, Internal ID=1060)
..\\Parameters\\common_lib.h(208): t=1380816ms: Request done "http://localhost:1080/WebTours/images/in_itinerary.gif"  	[MsgId: MMSG-26000]
..\\Parameters\\common_lib.h(208): t=1380816ms: Already connected [1] to localhost:1080  	[MsgId: MMSG-26000]
..\\Parameters\\common_lib.h(208): t=1380816ms: 739-byte request headers for "http://localhost:1080/WebTours/images/cancelallreservations.gif" (RelFrameId=, Internal ID=1063)
..\\Parameters\\common_lib.h(208):     GET /WebTours/images/cancelallreservations.gif HTTP/1.1\r\n
..\\Parameters\\common_lib.h(208):     Referer: http://localhost:1080/cgi-bin/itinerary.pl\r\n
..\\Parameters\\common_lib.h(208):     Sec-Fetch-Dest: frame\r\n
..\\Parameters\\common_lib.h(208):     Sec-Fetch-Mode: navigate\r\n
..\\Parameters\\common_lib.h(208):     Sec-Fetch-Site: same-origin\r\n
..\\Parameters\\common_lib.h(208):     Upgrade-Insecure-Requests: 1\r\n
..\\Parameters\\common_lib.h(208):     sec-ch-ua: "Chromium";v="112", "Google Chrome";v="112", "Not:A-Brand";v="99"\r\n
..\\Parameters\\common_lib.h(208):     sec-ch-ua-mobile: ?0\r\n
..\\Parameters\\common_lib.h(208):     sec-ch-ua-platform: "Windows"\r\n
..\\Parameters\\common_lib.h(208):     User-Agent: Crashpad/0.8.0 WinHTTP/10.0.19041.2673 Windows_NT/10.0.19041.2788 (x64)\r\n
..\\Parameters\\common_lib.h(208):     Accept-Encoding: gzip, deflate, br\r\n
..\\Parameters\\common_lib.h(208):     Accept-Language: ru-RU,ru;q=0.9,en-US;q=0.8,en;q=0.7\r\n
..\\Parameters\\common_lib.h(208):     Accept: */*\r\n
..\\Parameters\\common_lib.h(208):     Connection: Keep-Alive\r\n
..\\Parameters\\common_lib.h(208):     Host: localhost:1080\r\n
..\\Parameters\\common_lib.h(208):     Cookie: MSO=SID&1684601845; MTUserInfo=firstName&Kolia&address2&Moskow&username&duds&hash&
..\\Parameters\\common_lib.h(208):     115&lastName&Sidorov%0A&address1&Kreml&creditCard&&expDate&%0A\r\n
..\\Parameters\\common_lib.h(208):     \r\n
..\\Parameters\\common_lib.h(208): t=1380816ms: 291-byte response headers for "http://localhost:1080/WebTours/images/cancelreservation.gif" (RelFrameId=, Internal ID=1062)
..\\Parameters\\common_lib.h(208):     HTTP/1.1 200 OK\r\n
..\\Parameters\\common_lib.h(208):     Date: Sat, 20 May 2023 16:57:30 GMT\r\n
..\\Parameters\\common_lib.h(208):     Server: Apache/2.2.21 (Win32)\r\n
..\\Parameters\\common_lib.h(208):     Last-Modified: Thu, 12 Jan 2012 13:30:28 GMT\r\n
..\\Parameters\\common_lib.h(208):     ETag: "38a71c0-33f-4b654c0620500"\r\n
..\\Parameters\\common_lib.h(208):     Accept-Ranges: bytes\r\n
..\\Parameters\\common_lib.h(208):     Content-Length: 831\r\n
..\\Parameters\\common_lib.h(208):     Keep-Alive: timeout=5, max=93\r\n
..\\Parameters\\common_lib.h(208):     Connection: Keep-Alive\r\n
..\\Parameters\\common_lib.h(208):     Content-Type: image/gif\r\n
..\\Parameters\\common_lib.h(208):     \r\n
..\\Parameters\\common_lib.h(208): t=1380816ms: 831-byte response body for "http://localhost:1080/WebTours/images/cancelreservation.gif" (RelFrameId=, Internal ID=1062)
..\\Parameters\\common_lib.h(208): t=1380817ms: Request done "http://localhost:1080/WebTours/images/cancelreservation.gif"  	[MsgId: MMSG-26000]
..\\Parameters\\common_lib.h(208): t=1380817ms: Already connected [0] to localhost:1080  	[MsgId: MMSG-26000]
..\\Parameters\\common_lib.h(208): t=1380817ms: 739-byte request headers for "http://localhost:1080/WebTours/images/home.gif" (RelFrameId=, Internal ID=1061)
..\\Parameters\\common_lib.h(208):     GET /WebTours/images/home.gif HTTP/1.1\r\n
..\\Parameters\\common_lib.h(208):     Referer: http://localhost:1080/cgi-bin/nav.pl?page=menu&in=itinerary\r\n
..\\Parameters\\common_lib.h(208):     Sec-Fetch-Dest: frame\r\n
..\\Parameters\\common_lib.h(208):     Sec-Fetch-Mode: navigate\r\n
..\\Parameters\\common_lib.h(208):     Sec-Fetch-Site: same-origin\r\n
..\\Parameters\\common_lib.h(208):     Upgrade-Insecure-Requests: 1\r\n
..\\Parameters\\common_lib.h(208):     sec-ch-ua: "Chromium";v="112", "Google Chrome";v="112", "Not:A-Brand";v="99"\r\n
..\\Parameters\\common_lib.h(208):     sec-ch-ua-mobile: ?0\r\n
..\\Parameters\\common_lib.h(208):     sec-ch-ua-platform: "Windows"\r\n
..\\Parameters\\common_lib.h(208):     User-Agent: Crashpad/0.8.0 WinHTTP/10.0.19041.2673 Windows_NT/10.0.19041.2788 (x64)\r\n
..\\Parameters\\common_lib.h(208):     Accept-Encoding: gzip, deflate, br\r\n
..\\Parameters\\common_lib.h(208):     Accept-Language: ru-RU,ru;q=0.9,en-US;q=0.8,en;q=0.7\r\n
..\\Parameters\\common_lib.h(208):     Accept: */*\r\n
..\\Parameters\\common_lib.h(208):     Connection: Keep-Alive\r\n
..\\Parameters\\common_lib.h(208):     Host: localhost:1080\r\n
..\\Parameters\\common_lib.h(208):     Cookie: MSO=SID&1684601845; MTUserInfo=firstName&Kolia&address2&Moskow&username&duds&hash&
..\\Parameters\\common_lib.h(208):     115&lastName&Sidorov%0A&address1&Kreml&creditCard&&expDate&%0A\r\n
..\\Parameters\\common_lib.h(208):     \r\n
..\\Parameters\\common_lib.h(208): t=1380817ms: 291-byte response headers for "http://localhost:1080/WebTours/images/cancelallreservations.gif" (RelFrameId=, Internal ID=1063)
..\\Parameters\\common_lib.h(208):     HTTP/1.1 200 OK\r\n
..\\Parameters\\common_lib.h(208):     Date: Sat, 20 May 2023 16:57:30 GMT\r\n
..\\Parameters\\common_lib.h(208):     Server: Apache/2.2.21 (Win32)\r\n
..\\Parameters\\common_lib.h(208):     Last-Modified: Thu, 12 Jan 2012 13:30:28 GMT\r\n
..\\Parameters\\common_lib.h(208):     ETag: "38a7160-2e6-4b654c0620500"\r\n
..\\Parameters\\common_lib.h(208):     Accept-Ranges: bytes\r\n
..\\Parameters\\common_lib.h(208):     Content-Length: 742\r\n
..\\Parameters\\common_lib.h(208):     Keep-Alive: timeout=5, max=92\r\n
..\\Parameters\\common_lib.h(208):     Connection: Keep-Alive\r\n
..\\Parameters\\common_lib.h(208):     Content-Type: image/gif\r\n
..\\Parameters\\common_lib.h(208):     \r\n
..\\Parameters\\common_lib.h(208): t=1380817ms: 742-byte response body for "http://localhost:1080/WebTours/images/cancelallreservations.gif" (RelFrameId=, Internal ID=1063)
..\\Parameters\\common_lib.h(208): t=1380817ms: Request done "http://localhost:1080/WebTours/images/cancelallreservations.gif"  	[MsgId: MMSG-26000]
..\\Parameters\\common_lib.h(208): t=1380818ms: 291-byte response headers for "http://localhost:1080/WebTours/images/home.gif" (RelFrameId=, Internal ID=1061)
..\\Parameters\\common_lib.h(208):     HTTP/1.1 200 OK\r\n
..\\Parameters\\common_lib.h(208):     Date: Sat, 20 May 2023 16:57:30 GMT\r\n
..\\Parameters\\common_lib.h(208):     Server: Apache/2.2.21 (Win32)\r\n
..\\Parameters\\common_lib.h(208):     Last-Modified: Thu, 12 Jan 2012 13:30:28 GMT\r\n
..\\Parameters\\common_lib.h(208):     ETag: "38a7320-2b0-4b654c0620500"\r\n
..\\Parameters\\common_lib.h(208):     Accept-Ranges: bytes\r\n
..\\Parameters\\common_lib.h(208):     Content-Length: 688\r\n
..\\Parameters\\common_lib.h(208):     Keep-Alive: timeout=5, max=92\r\n
..\\Parameters\\common_lib.h(208):     Connection: Keep-Alive\r\n
..\\Parameters\\common_lib.h(208):     Content-Type: image/gif\r\n
..\\Parameters\\common_lib.h(208):     \r\n
..\\Parameters\\common_lib.h(208): t=1380818ms: 688-byte response body for "http://localhost:1080/WebTours/images/home.gif" (RelFrameId=, Internal ID=1061)
..\\Parameters\\common_lib.h(208): t=1380818ms: Request done "http://localhost:1080/WebTours/images/home.gif"  	[MsgId: MMSG-26000]
..\\Parameters\\common_lib.h(208): web_url("Itinerary Button") was successful, 719828 body bytes, 1889 header bytes, 1371 chunking overhead bytes  	[MsgId: MMSG-26385]
..\\Parameters\\common_lib.h(218): Notify: Transaction "Itinerary_Button" ended with a "Pass" status (Duration: 0,6121).	[MsgId: MMSG-16873]
Action.c(28): lr_think_time: 2,00 seconds.	[MsgId: MMSG-15948]
Action.c(28): Notify: Transaction "06_Cancellation_of_booking" ended with a "Stop" status (Duration: 6,0796 Think Time: 4,0145 Wasted Time: 0,0004).	[MsgId: MMSG-16870]
Abort was called from an action.	[MsgId: MMSG-10447]
Ending Vuser...	[MsgId: MMSG-15966]
Starting action vuser_end.	[MsgId: MMSG-15919]
Ending action vuser_end.	[MsgId: MMSG-15918]
Vuser Terminated.	[MsgId: MMSG-15963]
Action.c(28): t=1381614ms: Closed connection [0] to localhost:1080 after completing 9 request(s)  	[MsgId: MMSG-26000]
Action.c(28): t=1381615ms: Closed connection [1] to localhost:1080 after completing 9 request(s)  	[MsgId: MMSG-26000]
HTML-Mode memory management statistics: Reusable=105, NonReusable=0, CsMemBlockSize=4096, checks disabled  	[MsgId: MMSG-26000]
Vuser 0 (thread 3868), ended OK."	[MsgId: MMSG-10695]
